[ 2017-12-19T08:32:57+08:00 ] ::1 /stell/
INFO: [ app_init ] --START--
INFO: Run Behavior\BuildLiteBehavior [ RunTime:0.000017s ]
INFO: [ app_init ] --END-- [ RunTime:0.001274s ]
INFO: [ app_begin ] --START--
INFO: Run Behavior\ReadHtmlCacheBehavior [ RunTime:0.001249s ]
INFO: [ app_begin ] --END-- [ RunTime:0.001328s ]
ERR: SQLSTATE[42000] [1049] Unknown database 'goods'

[ 2017-12-19T08:39:56+08:00 ] ::1 /stell/
INFO: [ app_init ] --START--
INFO: Run Behavior\BuildLiteBehavior [ RunTime:0.000018s ]
INFO: [ app_init ] --END-- [ RunTime:0.001713s ]
INFO: [ app_begin ] --START--
INFO: Run Behavior\ReadHtmlCacheBehavior [ RunTime:0.001318s ]
INFO: [ app_begin ] --END-- [ RunTime:0.001415s ]
ERR: SQLSTATE[42000] [1049] Unknown database 'goods'

[ 2017-12-19T08:41:35+08:00 ] ::1 /stell/
INFO: [ app_init ] --START--
INFO: Run Behavior\BuildLiteBehavior [ RunTime:0.000019s ]
INFO: [ app_init ] --END-- [ RunTime:0.000105s ]
INFO: [ app_begin ] --START--
INFO: Run Behavior\ReadHtmlCacheBehavior [ RunTime:0.000673s ]
INFO: [ app_begin ] --END-- [ RunTime:0.000733s ]
SQL: SHOW COLUMNS FROM `goods` [ RunTime:0.0137s ]
SQL: SHOW COLUMNS FROM `goods` [ RunTime:0.0140s ]
SQL: SELECT * FROM `goods`  [ RunTime:0.0010s ]
SQL: SHOW COLUMNS FROM `contact` [ RunTime:0.0749s ]
SQL: SELECT * FROM `contact` WHERE ( Id ) LIMIT 1   [ RunTime:0.0008s ]
SQL: SELECT `material` FROM `goods`  [ RunTime:0.0003s ]
SQL: SELECT `material` FROM `goods`  [ RunTime:0.0002s ]
INFO: [ view_parse ] --START--
INFO: [ template_filter ] --START--
INFO: Run Behavior\ContentReplaceBehavior [ RunTime:0.000078s ]
INFO: [ template_filter ] --END-- [ RunTime:0.000140s ]
INFO: Run Behavior\ParseTemplateBehavior [ RunTime:0.022387s ]
INFO: [ view_parse ] --END-- [ RunTime:0.022466s ]
INFO: [ view_filter ] --START--
INFO: Run Behavior\WriteHtmlCacheBehavior [ RunTime:0.001056s ]
INFO: [ view_filter ] --END-- [ RunTime:0.001105s ]
INFO: [ app_end ] --START--
INFO: Run Behavior\ShowPageTraceBehavior [ RunTime:0.001239s ]
INFO: [ app_end ] --END-- [ RunTime:0.001309s ]

[ 2017-12-19T10:54:16+08:00 ] ::1 /stell/index.php/
INFO: [ app_init ] --START--
INFO: Run Behavior\BuildLiteBehavior [ RunTime:0.000075s ]
INFO: [ app_init ] --END-- [ RunTime:0.000544s ]
INFO: [ app_begin ] --START--
INFO: Run Behavior\ReadHtmlCacheBehavior [ RunTime:0.001327s ]
INFO: [ app_begin ] --END-- [ RunTime:0.001438s ]
SQL: SHOW COLUMNS FROM `goods` [ RunTime:0.0100s ]
SQL: SHOW COLUMNS FROM `goods` [ RunTime:0.0052s ]
SQL: SELECT * FROM `goods`  [ RunTime:0.0009s ]
SQL: SHOW COLUMNS FROM `contact` [ RunTime:0.0058s ]
SQL: SELECT * FROM `contact` WHERE ( Id ) LIMIT 1   [ RunTime:0.0042s ]
SQL: SELECT `material` FROM `goods`  [ RunTime:0.0003s ]
SQL: SELECT `material` FROM `goods`  [ RunTime:0.0003s ]
INFO: [ view_parse ] --START--
INFO: [ template_filter ] --START--
INFO: Run Behavior\ContentReplaceBehavior [ RunTime:0.000085s ]
INFO: [ template_filter ] --END-- [ RunTime:0.000159s ]
INFO: Run Behavior\ParseTemplateBehavior [ RunTime:0.017913s ]
INFO: [ view_parse ] --END-- [ RunTime:0.017998s ]
INFO: [ view_filter ] --START--
INFO: Run Behavior\WriteHtmlCacheBehavior [ RunTime:0.000897s ]
INFO: [ view_filter ] --END-- [ RunTime:0.000940s ]
INFO: [ app_end ] --START--
INFO: Run Behavior\ShowPageTraceBehavior [ RunTime:0.001532s ]
INFO: [ app_end ] --END-- [ RunTime:0.001604s ]

[ 2017-12-19T10:54:20+08:00 ] ::1 /stell/index.php/Home/Product/index.html
INFO: [ app_init ] --START--
INFO: Run Behavior\BuildLiteBehavior [ RunTime:0.000027s ]
INFO: [ app_init ] --END-- [ RunTime:0.000147s ]
INFO: [ app_begin ] --START--
INFO: Run Behavior\ReadHtmlCacheBehavior [ RunTime:0.000604s ]
INFO: [ app_begin ] --END-- [ RunTime:0.000664s ]
SQL: SHOW COLUMNS FROM `product` [ RunTime:0.0056s ]
NOTIC: [8] Undefined index: p C:\phpstudy\WWW\stell\application\Home\Controller\ProductController.class.php 第 15 行.
SQL: SELECT * FROM `product` ORDER BY id LIMIT 0,15   [ RunTime:0.0013s ]
SQL: SELECT COUNT(*) AS tp_count FROM `product` LIMIT 1   [ RunTime:0.0035s ]
INFO: [ view_parse ] --START--
INFO: [ template_filter ] --START--
INFO: Run Behavior\ContentReplaceBehavior [ RunTime:0.000069s ]
INFO: [ template_filter ] --END-- [ RunTime:0.000146s ]
INFO: Run Behavior\ParseTemplateBehavior [ RunTime:0.013974s ]
INFO: [ view_parse ] --END-- [ RunTime:0.014109s ]
INFO: [ view_filter ] --START--
INFO: Run Behavior\WriteHtmlCacheBehavior [ RunTime:0.001112s ]
INFO: [ view_filter ] --END-- [ RunTime:0.001318s ]
INFO: [ app_end ] --START--
INFO: Run Behavior\ShowPageTraceBehavior [ RunTime:0.001208s ]
INFO: [ app_end ] --END-- [ RunTime:0.001322s ]

[ 2017-12-19T10:54:24+08:00 ] ::1 /stell/index.php/Home/Product/index/p/2.html
INFO: [ app_init ] --START--
INFO: Run Behavior\BuildLiteBehavior [ RunTime:0.000012s ]
INFO: [ app_init ] --END-- [ RunTime:0.000060s ]
INFO: [ app_begin ] --START--
INFO: Run Behavior\ReadHtmlCacheBehavior [ RunTime:0.000569s ]
INFO: [ app_begin ] --END-- [ RunTime:0.000621s ]
SQL: SHOW COLUMNS FROM `product` [ RunTime:0.0038s ]
SQL: SELECT * FROM `product` ORDER BY id LIMIT 15,15   [ RunTime:0.0004s ]
SQL: SELECT COUNT(*) AS tp_count FROM `product` LIMIT 1   [ RunTime:0.0002s ]
INFO: [ view_parse ] --START--
INFO: [ template_filter ] --START--
INFO: Run Behavior\ContentReplaceBehavior [ RunTime:0.000053s ]
INFO: [ template_filter ] --END-- [ RunTime:0.000106s ]
INFO: Run Behavior\ParseTemplateBehavior [ RunTime:0.008131s ]
INFO: [ view_parse ] --END-- [ RunTime:0.008229s ]
INFO: [ view_filter ] --START--
INFO: Run Behavior\WriteHtmlCacheBehavior [ RunTime:0.000600s ]
INFO: [ view_filter ] --END-- [ RunTime:0.000670s ]
INFO: [ app_end ] --START--
INFO: Run Behavior\ShowPageTraceBehavior [ RunTime:0.000630s ]
INFO: [ app_end ] --END-- [ RunTime:0.000679s ]

[ 2017-12-19T10:54:27+08:00 ] ::1 /stell/index.php/Home/product/pro/id/20.html
INFO: [ app_init ] --START--
INFO: Run Behavior\BuildLiteBehavior [ RunTime:0.000026s ]
INFO: [ app_init ] --END-- [ RunTime:0.000262s ]
INFO: [ app_begin ] --START--
INFO: Run Behavior\ReadHtmlCacheBehavior [ RunTime:0.000714s ]
INFO: [ app_begin ] --END-- [ RunTime:0.000789s ]
SQL: SHOW COLUMNS FROM `product` [ RunTime:0.0049s ]
SQL: SHOW COLUMNS FROM `product` [ RunTime:0.0029s ]
SQL: SELECT * FROM `product` WHERE ( Id=20 ) LIMIT 1   [ RunTime:0.0025s ]
NOTIC: [8] Use of undefined constant title - assumed 'title' C:\phpstudy\WWW\stell\application\Home\Controller\ProductController.class.php 第 39 行.
SQL: SHOW COLUMNS FROM `contact` [ RunTime:0.0032s ]
SQL: SELECT * FROM `contact` WHERE ( Id ) LIMIT 1   [ RunTime:0.0003s ]
SQL: SELECT * FROM `product` ORDER BY id LIMIT 0,5   [ RunTime:0.0002s ]
SQL: SELECT COUNT(*) AS tp_count FROM `product` LIMIT 1   [ RunTime:0.0001s ]
INFO: [ view_parse ] --START--
INFO: [ template_filter ] --START--
INFO: Run Behavior\ContentReplaceBehavior [ RunTime:0.000064s ]
INFO: [ template_filter ] --END-- [ RunTime:0.000121s ]
INFO: Run Behavior\ParseTemplateBehavior [ RunTime:0.010087s ]
INFO: [ view_parse ] --END-- [ RunTime:0.010152s ]
INFO: [ view_filter ] --START--
INFO: Run Behavior\WriteHtmlCacheBehavior [ RunTime:0.000331s ]
INFO: [ view_filter ] --END-- [ RunTime:0.000373s ]
INFO: [ app_end ] --START--
INFO: Run Behavior\ShowPageTraceBehavior [ RunTime:0.000629s ]
INFO: [ app_end ] --END-- [ RunTime:0.000684s ]

[ 2017-12-19T10:54:29+08:00 ] ::1 /stell/index.php/Home/product/pro/id/js/bootstrap.min.js
INFO: [ app_init ] --START--
INFO: Run Behavior\BuildLiteBehavior [ RunTime:0.000023s ]
INFO: [ app_init ] --END-- [ RunTime:0.000118s ]
INFO: [ app_begin ] --START--
INFO: Run Behavior\ReadHtmlCacheBehavior [ RunTime:0.000913s ]
INFO: [ app_begin ] --END-- [ RunTime:0.001237s ]
SQL: SHOW COLUMNS FROM `product` [ RunTime:0.0035s ]
SQL: SHOW COLUMNS FROM `product` [ RunTime:0.0033s ]
ERR: 1054:Unknown column 'js' in 'where clause'
 [ SQL语句 ] : SELECT * FROM `product` WHERE ( Id=js ) LIMIT 1  
ERR: 1054:Unknown column 'js' in 'where clause'
 [ SQL语句 ] : SELECT * FROM `product` WHERE ( Id=js ) LIMIT 1  

[ 2017-12-19T10:54:30+08:00 ] ::1 /stell/index.php/Home/product/pro/id/js/jquery.ias.js
INFO: [ app_init ] --START--
INFO: Run Behavior\BuildLiteBehavior [ RunTime:0.000022s ]
INFO: [ app_init ] --END-- [ RunTime:0.000111s ]
INFO: [ app_begin ] --START--
INFO: Run Behavior\ReadHtmlCacheBehavior [ RunTime:0.001096s ]
INFO: [ app_begin ] --END-- [ RunTime:0.001244s ]
SQL: SHOW COLUMNS FROM `product` [ RunTime:0.0034s ]
SQL: SHOW COLUMNS FROM `product` [ RunTime:0.0042s ]
ERR: 1054:Unknown column 'js' in 'where clause'
 [ SQL语句 ] : SELECT * FROM `product` WHERE ( Id=js ) LIMIT 1  
ERR: 1054:Unknown column 'js' in 'where clause'
 [ SQL语句 ] : SELECT * FROM `product` WHERE ( Id=js ) LIMIT 1  

[ 2017-12-19T10:54:31+08:00 ] ::1 /stell/index.php/Home/product/pro/id/js/scripts.js
INFO: [ app_init ] --START--
INFO: Run Behavior\BuildLiteBehavior [ RunTime:0.000020s ]
INFO: [ app_init ] --END-- [ RunTime:0.000108s ]
INFO: [ app_begin ] --START--
INFO: Run Behavior\ReadHtmlCacheBehavior [ RunTime:0.003772s ]
INFO: [ app_begin ] --END-- [ RunTime:0.003893s ]
SQL: SHOW COLUMNS FROM `product` [ RunTime:0.0062s ]
SQL: SHOW COLUMNS FROM `product` [ RunTime:0.0035s ]
ERR: 1054:Unknown column 'js' in 'where clause'
 [ SQL语句 ] : SELECT * FROM `product` WHERE ( Id=js ) LIMIT 1  
ERR: 1054:Unknown column 'js' in 'where clause'
 [ SQL语句 ] : SELECT * FROM `product` WHERE ( Id=js ) LIMIT 1  

[ 2017-12-19T11:08:19+08:00 ] ::1 /stell/
INFO: [ app_init ] --START--
INFO: Run Behavior\BuildLiteBehavior [ RunTime:0.000015s ]
INFO: [ app_init ] --END-- [ RunTime:0.000082s ]
INFO: [ app_begin ] --START--
INFO: Run Behavior\ReadHtmlCacheBehavior [ RunTime:0.001086s ]
INFO: [ app_begin ] --END-- [ RunTime:0.001152s ]
SQL: SHOW COLUMNS FROM `goods` [ RunTime:0.0170s ]
SQL: SHOW COLUMNS FROM `goods` [ RunTime:0.0158s ]
SQL: SELECT * FROM `goods`  [ RunTime:0.0022s ]
SQL: SHOW COLUMNS FROM `contact` [ RunTime:0.0116s ]
SQL: SELECT * FROM `contact` WHERE ( Id ) LIMIT 1   [ RunTime:0.0011s ]
SQL: SELECT `material` FROM `goods`  [ RunTime:0.0008s ]
SQL: SELECT `material` FROM `goods`  [ RunTime:0.0006s ]
INFO: [ view_parse ] --START--
INFO: [ template_filter ] --START--
INFO: Run Behavior\ContentReplaceBehavior [ RunTime:0.000111s ]
INFO: [ template_filter ] --END-- [ RunTime:0.000190s ]
INFO: Run Behavior\ParseTemplateBehavior [ RunTime:0.027755s ]
INFO: [ view_parse ] --END-- [ RunTime:0.027909s ]
INFO: [ view_filter ] --START--
INFO: Run Behavior\WriteHtmlCacheBehavior [ RunTime:0.001745s ]
INFO: [ view_filter ] --END-- [ RunTime:0.001854s ]
INFO: [ app_end ] --START--
INFO: Run Behavior\ShowPageTraceBehavior [ RunTime:0.002044s ]
INFO: [ app_end ] --END-- [ RunTime:0.002179s ]

[ 2017-12-19T11:10:41+08:00 ] ::1 /stell/index.php/Home/Stock/index.html
INFO: [ app_init ] --START--
INFO: Run Behavior\BuildLiteBehavior [ RunTime:0.000014s ]
INFO: [ app_init ] --END-- [ RunTime:0.000073s ]
INFO: [ app_begin ] --START--
INFO: Run Behavior\ReadHtmlCacheBehavior [ RunTime:0.000834s ]
INFO: [ app_begin ] --END-- [ RunTime:0.000900s ]
SQL: SHOW COLUMNS FROM `goods` [ RunTime:0.0137s ]
SQL: SHOW COLUMNS FROM `goods` [ RunTime:0.0109s ]
SQL: SELECT `material` FROM `goods`  [ RunTime:0.0011s ]
SQL: SELECT * FROM `goods`  [ RunTime:0.0019s ]
NOTIC: [8] Undefined index: p C:\phpstudy\WWW\stell\application\Home\Controller\StockController.class.php 第 19 行.
SQL: SELECT * FROM `goods` ORDER BY id LIMIT 0,20   [ RunTime:0.0007s ]
SQL: SELECT COUNT(*) AS tp_count FROM `goods` LIMIT 1   [ RunTime:0.0002s ]
INFO: [ view_parse ] --START--
INFO: [ template_filter ] --START--
INFO: Run Behavior\ContentReplaceBehavior [ RunTime:0.000063s ]
INFO: [ template_filter ] --END-- [ RunTime:0.000144s ]
INFO: Run Behavior\ParseTemplateBehavior [ RunTime:0.014018s ]
INFO: [ view_parse ] --END-- [ RunTime:0.014108s ]
INFO: [ view_filter ] --START--
INFO: Run Behavior\WriteHtmlCacheBehavior [ RunTime:0.000535s ]
INFO: [ view_filter ] --END-- [ RunTime:0.000582s ]
INFO: [ app_end ] --START--
INFO: Run Behavior\ShowPageTraceBehavior [ RunTime:0.000752s ]
INFO: [ app_end ] --END-- [ RunTime:0.000810s ]

[ 2017-12-19T11:19:20+08:00 ] ::1 /stell/index.php/Home/product/pro/id/20.html
INFO: [ app_init ] --START--
INFO: Run Behavior\BuildLiteBehavior [ RunTime:0.000014s ]
INFO: [ app_init ] --END-- [ RunTime:0.000068s ]
INFO: [ app_begin ] --START--
INFO: Run Behavior\ReadHtmlCacheBehavior [ RunTime:0.000651s ]
INFO: [ app_begin ] --END-- [ RunTime:0.000706s ]
SQL: SHOW COLUMNS FROM `product` [ RunTime:0.0052s ]
SQL: SHOW COLUMNS FROM `product` [ RunTime:0.0038s ]
SQL: SELECT * FROM `product` WHERE ( Id=20 ) LIMIT 1   [ RunTime:0.0004s ]
NOTIC: [8] Use of undefined constant title - assumed 'title' C:\phpstudy\WWW\stell\application\Home\Controller\ProductController.class.php 第 39 行.
SQL: SHOW COLUMNS FROM `contact` [ RunTime:0.0046s ]
SQL: SELECT * FROM `contact` WHERE ( Id ) LIMIT 1   [ RunTime:0.0005s ]
SQL: SELECT * FROM `product` ORDER BY id LIMIT 0,5   [ RunTime:0.0004s ]
SQL: SELECT COUNT(*) AS tp_count FROM `product` LIMIT 1   [ RunTime:0.0002s ]
INFO: [ view_parse ] --START--
INFO: [ template_filter ] --START--
INFO: Run Behavior\ContentReplaceBehavior [ RunTime:0.000064s ]
INFO: [ template_filter ] --END-- [ RunTime:0.000123s ]
INFO: Run Behavior\ParseTemplateBehavior [ RunTime:0.010811s ]
INFO: [ view_parse ] --END-- [ RunTime:0.010877s ]
INFO: [ view_filter ] --START--
INFO: Run Behavior\WriteHtmlCacheBehavior [ RunTime:0.000568s ]
INFO: [ view_filter ] --END-- [ RunTime:0.000621s ]
INFO: [ app_end ] --START--
INFO: Run Behavior\ShowPageTraceBehavior [ RunTime:0.001027s ]
INFO: [ app_end ] --END-- [ RunTime:0.001109s ]

[ 2017-12-19T11:19:21+08:00 ] ::1 /stell/index.php/Home/product/pro/id/js/jquery.ias.js
INFO: [ app_init ] --START--
INFO: Run Behavior\BuildLiteBehavior [ RunTime:0.000024s ]
INFO: [ app_init ] --END-- [ RunTime:0.000134s ]
INFO: [ app_begin ] --START--
INFO: Run Behavior\ReadHtmlCacheBehavior [ RunTime:0.001172s ]
INFO: [ app_begin ] --END-- [ RunTime:0.001288s ]
SQL: SHOW COLUMNS FROM `product` [ RunTime:0.0074s ]
SQL: SHOW COLUMNS FROM `product` [ RunTime:0.0102s ]
ERR: 1054:Unknown column 'js' in 'where clause'
 [ SQL语句 ] : SELECT * FROM `product` WHERE ( Id=js ) LIMIT 1  
ERR: 1054:Unknown column 'js' in 'where clause'
 [ SQL语句 ] : SELECT * FROM `product` WHERE ( Id=js ) LIMIT 1  

[ 2017-12-19T11:19:22+08:00 ] ::1 /stell/index.php/Home/product/pro/id/js/bootstrap.min.js
INFO: [ app_init ] --START--
INFO: Run Behavior\BuildLiteBehavior [ RunTime:0.000020s ]
INFO: [ app_init ] --END-- [ RunTime:0.000111s ]
INFO: [ app_begin ] --START--
INFO: Run Behavior\ReadHtmlCacheBehavior [ RunTime:0.001054s ]
INFO: [ app_begin ] --END-- [ RunTime:0.001169s ]
SQL: SHOW COLUMNS FROM `product` [ RunTime:0.0121s ]
SQL: SHOW COLUMNS FROM `product` [ RunTime:0.0157s ]
ERR: 1054:Unknown column 'js' in 'where clause'
 [ SQL语句 ] : SELECT * FROM `product` WHERE ( Id=js ) LIMIT 1  
ERR: 1054:Unknown column 'js' in 'where clause'
 [ SQL语句 ] : SELECT * FROM `product` WHERE ( Id=js ) LIMIT 1  

[ 2017-12-19T11:19:24+08:00 ] ::1 /stell/index.php/Home/product/pro/id/js/scripts.js
INFO: [ app_init ] --START--
INFO: Run Behavior\BuildLiteBehavior [ RunTime:0.000019s ]
INFO: [ app_init ] --END-- [ RunTime:0.000098s ]
INFO: [ app_begin ] --START--
INFO: Run Behavior\ReadHtmlCacheBehavior [ RunTime:0.001128s ]
INFO: [ app_begin ] --END-- [ RunTime:0.001256s ]
SQL: SHOW COLUMNS FROM `product` [ RunTime:0.0106s ]
SQL: SHOW COLUMNS FROM `product` [ RunTime:0.0120s ]
ERR: 1054:Unknown column 'js' in 'where clause'
 [ SQL语句 ] : SELECT * FROM `product` WHERE ( Id=js ) LIMIT 1  
ERR: 1054:Unknown column 'js' in 'where clause'
 [ SQL语句 ] : SELECT * FROM `product` WHERE ( Id=js ) LIMIT 1  

[ 2017-12-19T11:19:25+08:00 ] ::1 /stell/index.php/Home/product/pro/id/js/jquery.ias.js
INFO: [ app_init ] --START--
INFO: Run Behavior\BuildLiteBehavior [ RunTime:0.000013s ]
INFO: [ app_init ] --END-- [ RunTime:0.000066s ]
INFO: [ app_begin ] --START--
INFO: Run Behavior\ReadHtmlCacheBehavior [ RunTime:0.000678s ]
INFO: [ app_begin ] --END-- [ RunTime:0.000740s ]
SQL: SHOW COLUMNS FROM `product` [ RunTime:0.0130s ]
SQL: SHOW COLUMNS FROM `product` [ RunTime:0.0110s ]
ERR: 1054:Unknown column 'js' in 'where clause'
 [ SQL语句 ] : SELECT * FROM `product` WHERE ( Id=js ) LIMIT 1  
ERR: 1054:Unknown column 'js' in 'where clause'
 [ SQL语句 ] : SELECT * FROM `product` WHERE ( Id=js ) LIMIT 1  

[ 2017-12-19T11:19:26+08:00 ] ::1 /stell/index.php/Home/product/pro/id/js/scripts.js
INFO: [ app_init ] --START--
INFO: Run Behavior\BuildLiteBehavior [ RunTime:0.000012s ]
INFO: [ app_init ] --END-- [ RunTime:0.000061s ]
INFO: [ app_begin ] --START--
INFO: Run Behavior\ReadHtmlCacheBehavior [ RunTime:0.000651s ]
INFO: [ app_begin ] --END-- [ RunTime:0.000705s ]
SQL: SHOW COLUMNS FROM `product` [ RunTime:0.0065s ]
SQL: SHOW COLUMNS FROM `product` [ RunTime:0.0061s ]
ERR: 1054:Unknown column 'js' in 'where clause'
 [ SQL语句 ] : SELECT * FROM `product` WHERE ( Id=js ) LIMIT 1  
ERR: 1054:Unknown column 'js' in 'where clause'
 [ SQL语句 ] : SELECT * FROM `product` WHERE ( Id=js ) LIMIT 1  

[ 2017-12-19T13:30:30+08:00 ] ::1 /stell/
INFO: [ app_init ] --START--
INFO: Run Behavior\BuildLiteBehavior [ RunTime:0.000014s ]
INFO: [ app_init ] --END-- [ RunTime:0.000076s ]
INFO: [ app_begin ] --START--
INFO: Run Behavior\ReadHtmlCacheBehavior [ RunTime:0.001007s ]
INFO: [ app_begin ] --END-- [ RunTime:0.001106s ]
SQL: SHOW COLUMNS FROM `goods` [ RunTime:0.0253s ]
SQL: SHOW COLUMNS FROM `goods` [ RunTime:0.0080s ]
SQL: SELECT * FROM `goods`  [ RunTime:0.0010s ]
SQL: SHOW COLUMNS FROM `contact` [ RunTime:0.0092s ]
SQL: SELECT * FROM `contact` WHERE ( Id ) LIMIT 1   [ RunTime:0.0009s ]
SQL: SELECT `material` FROM `goods`  [ RunTime:0.0006s ]
SQL: SELECT `material` FROM `goods`  [ RunTime:0.0005s ]
INFO: [ view_parse ] --START--
INFO: [ template_filter ] --START--
INFO: Run Behavior\ContentReplaceBehavior [ RunTime:0.000143s ]
INFO: [ template_filter ] --END-- [ RunTime:0.000245s ]
INFO: Run Behavior\ParseTemplateBehavior [ RunTime:0.021144s ]
INFO: [ view_parse ] --END-- [ RunTime:0.021242s ]
INFO: [ view_filter ] --START--
INFO: Run Behavior\WriteHtmlCacheBehavior [ RunTime:0.000620s ]
INFO: [ view_filter ] --END-- [ RunTime:0.000682s ]
INFO: [ app_end ] --START--
INFO: Run Behavior\ShowPageTraceBehavior [ RunTime:0.001108s ]
INFO: [ app_end ] --END-- [ RunTime:0.001200s ]

[ 2017-12-19T13:30:37+08:00 ] ::1 /stell/index.php/Home/Stock/index.html
INFO: [ app_init ] --START--
INFO: Run Behavior\BuildLiteBehavior [ RunTime:0.000014s ]
INFO: [ app_init ] --END-- [ RunTime:0.000067s ]
INFO: [ app_begin ] --START--
INFO: Run Behavior\ReadHtmlCacheBehavior [ RunTime:0.000664s ]
INFO: [ app_begin ] --END-- [ RunTime:0.000717s ]
SQL: SHOW COLUMNS FROM `goods` [ RunTime:0.0112s ]
SQL: SHOW COLUMNS FROM `goods` [ RunTime:0.0099s ]
SQL: SELECT `material` FROM `goods`  [ RunTime:0.0006s ]
SQL: SELECT * FROM `goods`  [ RunTime:0.0005s ]
NOTIC: [8] Undefined index: p C:\phpstudy\WWW\stell\application\Home\Controller\StockController.class.php 第 19 行.
SQL: SELECT * FROM `goods` ORDER BY id LIMIT 0,20   [ RunTime:0.0008s ]
SQL: SELECT COUNT(*) AS tp_count FROM `goods` LIMIT 1   [ RunTime:0.0004s ]
INFO: [ view_parse ] --START--
INFO: [ template_filter ] --START--
INFO: Run Behavior\ContentReplaceBehavior [ RunTime:0.000202s ]
INFO: [ template_filter ] --END-- [ RunTime:0.000379s ]
INFO: Run Behavior\ParseTemplateBehavior [ RunTime:0.018433s ]
INFO: [ view_parse ] --END-- [ RunTime:0.018537s ]
INFO: [ view_filter ] --START--
INFO: Run Behavior\WriteHtmlCacheBehavior [ RunTime:0.000536s ]
INFO: [ view_filter ] --END-- [ RunTime:0.000583s ]
INFO: [ app_end ] --START--
INFO: Run Behavior\ShowPageTraceBehavior [ RunTime:0.001078s ]
INFO: [ app_end ] --END-- [ RunTime:0.001393s ]

[ 2017-12-19T14:19:17+08:00 ] ::1 /stell/index.php
INFO: [ app_init ] --START--
INFO: Run Behavior\BuildLiteBehavior [ RunTime:0.000011s ]
INFO: [ app_init ] --END-- [ RunTime:0.000058s ]
INFO: [ app_begin ] --START--
INFO: Run Behavior\ReadHtmlCacheBehavior [ RunTime:0.000549s ]
INFO: [ app_begin ] --END-- [ RunTime:0.000602s ]
SQL: SHOW COLUMNS FROM `goods` [ RunTime:0.0060s ]
SQL: SHOW COLUMNS FROM `goods` [ RunTime:0.0055s ]
SQL: SELECT * FROM `goods`  [ RunTime:0.0006s ]
SQL: SHOW COLUMNS FROM `contact` [ RunTime:0.0078s ]
SQL: SELECT * FROM `contact` WHERE ( Id ) LIMIT 1   [ RunTime:0.0005s ]
SQL: SELECT `material` FROM `goods`  [ RunTime:0.0004s ]
SQL: SELECT `material` FROM `goods`  [ RunTime:0.0004s ]
INFO: [ view_parse ] --START--
INFO: [ template_filter ] --START--
INFO: Run Behavior\ContentReplaceBehavior [ RunTime:0.000121s ]
INFO: [ template_filter ] --END-- [ RunTime:0.000203s ]
INFO: Run Behavior\ParseTemplateBehavior [ RunTime:0.015647s ]
INFO: [ view_parse ] --END-- [ RunTime:0.015740s ]
INFO: [ view_filter ] --START--
INFO: Run Behavior\WriteHtmlCacheBehavior [ RunTime:0.000654s ]
INFO: [ view_filter ] --END-- [ RunTime:0.000722s ]
INFO: [ app_end ] --START--
INFO: Run Behavior\ShowPageTraceBehavior [ RunTime:0.000828s ]
INFO: [ app_end ] --END-- [ RunTime:0.000910s ]

[ 2017-12-19T14:19:22+08:00 ] ::1 /stell/index.php/Home/Information/index.html
INFO: [ app_init ] --START--
INFO: Run Behavior\BuildLiteBehavior [ RunTime:0.000020s ]
INFO: [ app_init ] --END-- [ RunTime:0.000104s ]
INFO: [ app_begin ] --START--
INFO: Run Behavior\ReadHtmlCacheBehavior [ RunTime:0.000572s ]
INFO: [ app_begin ] --END-- [ RunTime:0.000628s ]
SQL: SHOW COLUMNS FROM `artide` [ RunTime:0.0080s ]
NOTIC: [8] Undefined index: p C:\phpstudy\WWW\stell\application\Home\Controller\InformationController.class.php 第 11 行.
SQL: SELECT * FROM `artide` WHERE ( kind=1 ) ORDER BY id LIMIT 0,10   [ RunTime:0.0011s ]
SQL: SELECT COUNT(*) AS tp_count FROM `artide` LIMIT 1   [ RunTime:0.0002s ]
INFO: [ view_parse ] --START--
INFO: [ template_filter ] --START--
INFO: Run Behavior\ContentReplaceBehavior [ RunTime:0.000100s ]
INFO: [ template_filter ] --END-- [ RunTime:0.000187s ]
INFO: Run Behavior\ParseTemplateBehavior [ RunTime:0.019959s ]
INFO: [ view_parse ] --END-- [ RunTime:0.020067s ]
INFO: [ view_filter ] --START--
INFO: Run Behavior\WriteHtmlCacheBehavior [ RunTime:0.000685s ]
INFO: [ view_filter ] --END-- [ RunTime:0.000761s ]
INFO: [ app_end ] --START--
INFO: Run Behavior\ShowPageTraceBehavior [ RunTime:0.001281s ]
INFO: [ app_end ] --END-- [ RunTime:0.001409s ]

[ 2017-12-19T14:19:26+08:00 ] ::1 /stell/index.php/Home/information/pro/id/1.html
INFO: [ app_init ] --START--
INFO: Run Behavior\BuildLiteBehavior [ RunTime:0.000013s ]
INFO: [ app_init ] --END-- [ RunTime:0.000061s ]
INFO: [ app_begin ] --START--
INFO: Run Behavior\ReadHtmlCacheBehavior [ RunTime:0.000565s ]
INFO: [ app_begin ] --END-- [ RunTime:0.000616s ]
SQL: SHOW COLUMNS FROM `artide` [ RunTime:0.0121s ]
SQL: SHOW COLUMNS FROM `artide` [ RunTime:0.0125s ]
SQL: SELECT * FROM `artide` WHERE ( Id=1 ) LIMIT 1   [ RunTime:0.0009s ]
NOTIC: [8] Use of undefined constant title - assumed 'title' C:\phpstudy\WWW\stell\application\Home\Controller\InformationController.class.php 第 31 行.
SQL: SHOW COLUMNS FROM `contact` [ RunTime:0.0083s ]
SQL: SELECT * FROM `contact` WHERE ( Id ) LIMIT 1   [ RunTime:0.0004s ]
SQL: SELECT * FROM `artide` WHERE ( kind=1 ) ORDER BY id LIMIT 0,5   [ RunTime:0.0005s ]
SQL: SELECT COUNT(*) AS tp_count FROM `artide` LIMIT 1   [ RunTime:0.0003s ]
INFO: [ view_parse ] --START--
INFO: [ template_filter ] --START--
INFO: Run Behavior\ContentReplaceBehavior [ RunTime:0.000122s ]
INFO: [ template_filter ] --END-- [ RunTime:0.000220s ]
NOTIC: [8] Undefined index: lianxiren C:\phpstudy\WWW\stell\application\Runtime\Cache\Home\87f7e66673ed7a4438aa9b24dd33d168.php 第 74 行.
INFO: Run Behavior\ParseTemplateBehavior [ RunTime:0.019266s ]
INFO: [ view_parse ] --END-- [ RunTime:0.019358s ]
INFO: [ view_filter ] --START--
INFO: Run Behavior\WriteHtmlCacheBehavior [ RunTime:0.000618s ]
INFO: [ view_filter ] --END-- [ RunTime:0.000681s ]
INFO: [ app_end ] --START--
INFO: Run Behavior\ShowPageTraceBehavior [ RunTime:0.001168s ]
INFO: [ app_end ] --END-- [ RunTime:0.001282s ]

[ 2017-12-19T14:19:28+08:00 ] ::1 /stell/index.php/Home/information/pro/id/js/bootstrap.min.js
INFO: [ app_init ] --START--
INFO: Run Behavior\BuildLiteBehavior [ RunTime:0.000019s ]
INFO: [ app_init ] --END-- [ RunTime:0.000103s ]
INFO: [ app_begin ] --START--
INFO: Run Behavior\ReadHtmlCacheBehavior [ RunTime:0.000782s ]
INFO: [ app_begin ] --END-- [ RunTime:0.000874s ]
SQL: SHOW COLUMNS FROM `artide` [ RunTime:0.0109s ]
SQL: SHOW COLUMNS FROM `artide` [ RunTime:0.0125s ]
ERR: 1054:Unknown column 'js' in 'where clause'
 [ SQL语句 ] : SELECT * FROM `artide` WHERE ( Id=js ) LIMIT 1  
ERR: 1054:Unknown column 'js' in 'where clause'
 [ SQL语句 ] : SELECT * FROM `artide` WHERE ( Id=js ) LIMIT 1  

[ 2017-12-19T14:19:29+08:00 ] ::1 /stell/index.php/Home/information/pro/id/js/jquery.ias.js
INFO: [ app_init ] --START--
INFO: Run Behavior\BuildLiteBehavior [ RunTime:0.000018s ]
INFO: [ app_init ] --END-- [ RunTime:0.000094s ]
INFO: [ app_begin ] --START--
INFO: Run Behavior\ReadHtmlCacheBehavior [ RunTime:0.000889s ]
INFO: [ app_begin ] --END-- [ RunTime:0.000980s ]
SQL: SHOW COLUMNS FROM `artide` [ RunTime:0.0055s ]
SQL: SHOW COLUMNS FROM `artide` [ RunTime:0.0071s ]
ERR: 1054:Unknown column 'js' in 'where clause'
 [ SQL语句 ] : SELECT * FROM `artide` WHERE ( Id=js ) LIMIT 1  
ERR: 1054:Unknown column 'js' in 'where clause'
 [ SQL语句 ] : SELECT * FROM `artide` WHERE ( Id=js ) LIMIT 1  

[ 2017-12-19T14:19:30+08:00 ] ::1 /stell/index.php/Home/information/pro/id/js/scripts.js
INFO: [ app_init ] --START--
INFO: Run Behavior\BuildLiteBehavior [ RunTime:0.000022s ]
INFO: [ app_init ] --END-- [ RunTime:0.000097s ]
INFO: [ app_begin ] --START--
INFO: Run Behavior\ReadHtmlCacheBehavior [ RunTime:0.001056s ]
INFO: [ app_begin ] --END-- [ RunTime:0.001135s ]
SQL: SHOW COLUMNS FROM `artide` [ RunTime:0.0141s ]
SQL: SHOW COLUMNS FROM `artide` [ RunTime:0.0152s ]
ERR: 1054:Unknown column 'js' in 'where clause'
 [ SQL语句 ] : SELECT * FROM `artide` WHERE ( Id=js ) LIMIT 1  
ERR: 1054:Unknown column 'js' in 'where clause'
 [ SQL语句 ] : SELECT * FROM `artide` WHERE ( Id=js ) LIMIT 1  

[ 2017-12-19T16:47:33+08:00 ] ::1 /stell/index.php
INFO: [ app_init ] --START--
INFO: Run Behavior\BuildLiteBehavior [ RunTime:0.000025s ]
INFO: [ app_init ] --END-- [ RunTime:0.002166s ]
INFO: [ app_begin ] --START--
INFO: Run Behavior\ReadHtmlCacheBehavior [ RunTime:0.001837s ]
INFO: [ app_begin ] --END-- [ RunTime:0.001972s ]
SQL: SHOW COLUMNS FROM `goods` [ RunTime:0.0461s ]
SQL: SHOW COLUMNS FROM `goods` [ RunTime:0.0189s ]
SQL: SELECT * FROM `goods`  [ RunTime:0.0016s ]
SQL: SHOW COLUMNS FROM `contact` [ RunTime:0.0147s ]
SQL: SELECT * FROM `contact` WHERE ( Id ) LIMIT 1   [ RunTime:0.0012s ]
SQL: SELECT `material` FROM `goods`  [ RunTime:0.0004s ]
SQL: SELECT `material` FROM `goods`  [ RunTime:0.0002s ]
INFO: [ view_parse ] --START--
INFO: [ template_filter ] --START--
INFO: Run Behavior\ContentReplaceBehavior [ RunTime:0.000126s ]
INFO: [ template_filter ] --END-- [ RunTime:0.000238s ]
INFO: Run Behavior\ParseTemplateBehavior [ RunTime:0.049961s ]
INFO: [ view_parse ] --END-- [ RunTime:0.050072s ]
INFO: [ view_filter ] --START--
INFO: Run Behavior\WriteHtmlCacheBehavior [ RunTime:0.001730s ]
INFO: [ view_filter ] --END-- [ RunTime:0.001848s ]
INFO: [ app_end ] --START--
INFO: Run Behavior\ShowPageTraceBehavior [ RunTime:0.004542s ]
INFO: [ app_end ] --END-- [ RunTime:0.004780s ]

[ 2017-12-19T16:47:41+08:00 ] ::1 /stell/
INFO: [ app_init ] --START--
INFO: Run Behavior\BuildLiteBehavior [ RunTime:0.000013s ]
INFO: [ app_init ] --END-- [ RunTime:0.000068s ]
INFO: [ app_begin ] --START--
INFO: Run Behavior\ReadHtmlCacheBehavior [ RunTime:0.000739s ]
INFO: [ app_begin ] --END-- [ RunTime:0.000794s ]
SQL: SHOW COLUMNS FROM `goods` [ RunTime:0.0085s ]
SQL: SHOW COLUMNS FROM `goods` [ RunTime:0.0073s ]
SQL: SELECT * FROM `goods`  [ RunTime:0.0007s ]
SQL: SHOW COLUMNS FROM `contact` [ RunTime:0.0078s ]
SQL: SELECT * FROM `contact` WHERE ( Id ) LIMIT 1   [ RunTime:0.0005s ]
SQL: SELECT `material` FROM `goods`  [ RunTime:0.0005s ]
SQL: SELECT `material` FROM `goods`  [ RunTime:0.0004s ]
INFO: [ view_parse ] --START--
INFO: [ template_filter ] --START--
INFO: Run Behavior\ContentReplaceBehavior [ RunTime:0.000148s ]
INFO: [ template_filter ] --END-- [ RunTime:0.000247s ]
INFO: Run Behavior\ParseTemplateBehavior [ RunTime:0.023248s ]
INFO: [ view_parse ] --END-- [ RunTime:0.023380s ]
INFO: [ view_filter ] --START--
INFO: Run Behavior\WriteHtmlCacheBehavior [ RunTime:0.000930s ]
INFO: [ view_filter ] --END-- [ RunTime:0.001040s ]
INFO: [ app_end ] --START--
INFO: Run Behavior\ShowPageTraceBehavior [ RunTime:0.002157s ]
INFO: [ app_end ] --END-- [ RunTime:0.002355s ]

[ 2017-12-19T16:47:50+08:00 ] ::1 /stell/index.php/Home/Stock/index.html
INFO: [ app_init ] --START--
INFO: Run Behavior\BuildLiteBehavior [ RunTime:0.000012s ]
INFO: [ app_init ] --END-- [ RunTime:0.000059s ]
INFO: [ app_begin ] --START--
INFO: Run Behavior\ReadHtmlCacheBehavior [ RunTime:0.000563s ]
INFO: [ app_begin ] --END-- [ RunTime:0.000626s ]
SQL: SHOW COLUMNS FROM `goods` [ RunTime:0.0157s ]
SQL: SHOW COLUMNS FROM `goods` [ RunTime:0.0082s ]
SQL: SELECT `material` FROM `goods`  [ RunTime:0.0012s ]
SQL: SELECT * FROM `goods`  [ RunTime:0.0019s ]
NOTIC: [8] Undefined index: p C:\phpstudy\WWW\stell\application\Home\Controller\StockController.class.php 第 19 行.
SQL: SELECT * FROM `goods` ORDER BY id LIMIT 0,20   [ RunTime:0.0039s ]
SQL: SELECT COUNT(*) AS tp_count FROM `goods` LIMIT 1   [ RunTime:0.0022s ]
INFO: [ view_parse ] --START--
INFO: [ template_filter ] --START--
INFO: Run Behavior\ContentReplaceBehavior [ RunTime:0.000064s ]
INFO: [ template_filter ] --END-- [ RunTime:0.000133s ]
INFO: Run Behavior\ParseTemplateBehavior [ RunTime:0.011276s ]
INFO: [ view_parse ] --END-- [ RunTime:0.011380s ]
INFO: [ view_filter ] --START--
INFO: Run Behavior\WriteHtmlCacheBehavior [ RunTime:0.000370s ]
INFO: [ view_filter ] --END-- [ RunTime:0.000420s ]
INFO: [ app_end ] --START--
INFO: Run Behavior\ShowPageTraceBehavior [ RunTime:0.000702s ]
INFO: [ app_end ] --END-- [ RunTime:0.000778s ]

[ 2017-12-19T19:57:09+08:00 ] ::1 /stell/
INFO: [ app_init ] --START--
INFO: Run Behavior\BuildLiteBehavior [ RunTime:0.000012s ]
INFO: [ app_init ] --END-- [ RunTime:0.000057s ]
INFO: [ app_begin ] --START--
INFO: Run Behavior\ReadHtmlCacheBehavior [ RunTime:0.000515s ]
INFO: [ app_begin ] --END-- [ RunTime:0.000578s ]
SQL: SHOW COLUMNS FROM `goods` [ RunTime:0.0049s ]
SQL: SHOW COLUMNS FROM `goods` [ RunTime:0.0051s ]
SQL: SELECT * FROM `goods`  [ RunTime:0.0005s ]
SQL: SHOW COLUMNS FROM `contact` [ RunTime:0.0067s ]
SQL: SELECT * FROM `contact` WHERE ( Id ) LIMIT 1   [ RunTime:0.0008s ]
SQL: SELECT `material` FROM `goods`  [ RunTime:0.0003s ]
SQL: SELECT `material` FROM `goods`  [ RunTime:0.0003s ]
INFO: [ view_parse ] --START--
INFO: [ template_filter ] --START--
INFO: Run Behavior\ContentReplaceBehavior [ RunTime:0.000079s ]
INFO: [ template_filter ] --END-- [ RunTime:0.000136s ]
INFO: Run Behavior\ParseTemplateBehavior [ RunTime:0.014170s ]
INFO: [ view_parse ] --END-- [ RunTime:0.014245s ]
INFO: [ view_filter ] --START--
INFO: Run Behavior\WriteHtmlCacheBehavior [ RunTime:0.000514s ]
INFO: [ view_filter ] --END-- [ RunTime:0.000568s ]
INFO: [ app_end ] --START--
INFO: Run Behavior\ShowPageTraceBehavior [ RunTime:0.000665s ]
INFO: [ app_end ] --END-- [ RunTime:0.000729s ]

[ 2017-12-19T19:57:13+08:00 ] ::1 /stell/index.php/Home/Information/index.html
INFO: [ app_init ] --START--
INFO: Run Behavior\BuildLiteBehavior [ RunTime:0.000012s ]
INFO: [ app_init ] --END-- [ RunTime:0.000060s ]
INFO: [ app_begin ] --START--
INFO: Run Behavior\ReadHtmlCacheBehavior [ RunTime:0.000559s ]
INFO: [ app_begin ] --END-- [ RunTime:0.000613s ]
SQL: SHOW COLUMNS FROM `artide` [ RunTime:0.0050s ]
NOTIC: [8] Undefined index: p C:\phpstudy\WWW\stell\application\Home\Controller\InformationController.class.php 第 11 行.
SQL: SELECT * FROM `artide` WHERE ( kind=1 ) ORDER BY id LIMIT 0,10   [ RunTime:0.0006s ]
SQL: SELECT COUNT(*) AS tp_count FROM `artide` LIMIT 1   [ RunTime:0.0002s ]
INFO: [ view_parse ] --START--
INFO: [ template_filter ] --START--
INFO: Run Behavior\ContentReplaceBehavior [ RunTime:0.000133s ]
INFO: [ template_filter ] --END-- [ RunTime:0.000251s ]
INFO: Run Behavior\ParseTemplateBehavior [ RunTime:0.018704s ]
INFO: [ view_parse ] --END-- [ RunTime:0.018812s ]
INFO: [ view_filter ] --START--
INFO: Run Behavior\WriteHtmlCacheBehavior [ RunTime:0.000474s ]
INFO: [ view_filter ] --END-- [ RunTime:0.000521s ]
INFO: [ app_end ] --START--
INFO: Run Behavior\ShowPageTraceBehavior [ RunTime:0.000747s ]
INFO: [ app_end ] --END-- [ RunTime:0.000843s ]

[ 2017-12-19T19:57:16+08:00 ] ::1 /stell/index.php/Home/information/pro/id/1.html
INFO: [ app_init ] --START--
INFO: Run Behavior\BuildLiteBehavior [ RunTime:0.000013s ]
INFO: [ app_init ] --END-- [ RunTime:0.000063s ]
INFO: [ app_begin ] --START--
INFO: Run Behavior\ReadHtmlCacheBehavior [ RunTime:0.000709s ]
INFO: [ app_begin ] --END-- [ RunTime:0.000793s ]
SQL: SHOW COLUMNS FROM `artide` [ RunTime:0.0085s ]
SQL: SHOW COLUMNS FROM `artide` [ RunTime:0.0038s ]
SQL: SELECT * FROM `artide` WHERE ( Id=1 ) LIMIT 1   [ RunTime:0.0003s ]
NOTIC: [8] Use of undefined constant title - assumed 'title' C:\phpstudy\WWW\stell\application\Home\Controller\InformationController.class.php 第 31 行.
SQL: SHOW COLUMNS FROM `contact` [ RunTime:0.0053s ]
SQL: SELECT * FROM `contact` WHERE ( Id ) LIMIT 1   [ RunTime:0.0003s ]
SQL: SELECT * FROM `artide` WHERE ( kind=1 ) ORDER BY id LIMIT 0,5   [ RunTime:0.0004s ]
SQL: SELECT COUNT(*) AS tp_count FROM `artide` LIMIT 1   [ RunTime:0.0002s ]
INFO: [ view_parse ] --START--
INFO: [ template_filter ] --START--
INFO: Run Behavior\ContentReplaceBehavior [ RunTime:0.000064s ]
INFO: [ template_filter ] --END-- [ RunTime:0.000118s ]
NOTIC: [8] Undefined index: lianxiren C:\phpstudy\WWW\stell\application\Runtime\Cache\Home\87f7e66673ed7a4438aa9b24dd33d168.php 第 74 行.
INFO: Run Behavior\ParseTemplateBehavior [ RunTime:0.010148s ]
INFO: [ view_parse ] --END-- [ RunTime:0.010210s ]
INFO: [ view_filter ] --START--
INFO: Run Behavior\WriteHtmlCacheBehavior [ RunTime:0.000554s ]
INFO: [ view_filter ] --END-- [ RunTime:0.000608s ]
INFO: [ app_end ] --START--
INFO: Run Behavior\ShowPageTraceBehavior [ RunTime:0.000627s ]
INFO: [ app_end ] --END-- [ RunTime:0.000686s ]

[ 2017-12-19T19:57:17+08:00 ] ::1 /stell/index.php/Home/information/pro/id/js/bootstrap.min.js
INFO: [ app_init ] --START--
INFO: Run Behavior\BuildLiteBehavior [ RunTime:0.000020s ]
INFO: [ app_init ] --END-- [ RunTime:0.000099s ]
INFO: [ app_begin ] --START--
INFO: Run Behavior\ReadHtmlCacheBehavior [ RunTime:0.000781s ]
INFO: [ app_begin ] --END-- [ RunTime:0.000883s ]
SQL: SHOW COLUMNS FROM `artide` [ RunTime:0.0092s ]
SQL: SHOW COLUMNS FROM `artide` [ RunTime:0.0082s ]
ERR: 1054:Unknown column 'js' in 'where clause'
 [ SQL语句 ] : SELECT * FROM `artide` WHERE ( Id=js ) LIMIT 1  
ERR: 1054:Unknown column 'js' in 'where clause'
 [ SQL语句 ] : SELECT * FROM `artide` WHERE ( Id=js ) LIMIT 1  

[ 2017-12-19T19:57:18+08:00 ] ::1 /stell/index.php/Home/information/pro/id/js/scripts.js
INFO: [ app_init ] --START--
INFO: Run Behavior\BuildLiteBehavior [ RunTime:0.000020s ]
INFO: [ app_init ] --END-- [ RunTime:0.000114s ]
INFO: [ app_begin ] --START--
INFO: Run Behavior\ReadHtmlCacheBehavior [ RunTime:0.001458s ]
INFO: [ app_begin ] --END-- [ RunTime:0.001586s ]
SQL: SHOW COLUMNS FROM `artide` [ RunTime:0.0065s ]
SQL: SHOW COLUMNS FROM `artide` [ RunTime:0.0056s ]
ERR: 1054:Unknown column 'js' in 'where clause'
 [ SQL语句 ] : SELECT * FROM `artide` WHERE ( Id=js ) LIMIT 1  
ERR: 1054:Unknown column 'js' in 'where clause'
 [ SQL语句 ] : SELECT * FROM `artide` WHERE ( Id=js ) LIMIT 1  

[ 2017-12-19T19:57:19+08:00 ] ::1 /stell/index.php/Home/information/pro/id/js/jquery.ias.js
INFO: [ app_init ] --START--
INFO: Run Behavior\BuildLiteBehavior [ RunTime:0.000022s ]
INFO: [ app_init ] --END-- [ RunTime:0.000107s ]
INFO: [ app_begin ] --START--
INFO: Run Behavior\ReadHtmlCacheBehavior [ RunTime:0.000633s ]
INFO: [ app_begin ] --END-- [ RunTime:0.000700s ]
SQL: SHOW COLUMNS FROM `artide` [ RunTime:0.0105s ]
SQL: SHOW COLUMNS FROM `artide` [ RunTime:0.0118s ]
ERR: 1054:Unknown column 'js' in 'where clause'
 [ SQL语句 ] : SELECT * FROM `artide` WHERE ( Id=js ) LIMIT 1  
ERR: 1054:Unknown column 'js' in 'where clause'
 [ SQL语句 ] : SELECT * FROM `artide` WHERE ( Id=js ) LIMIT 1  

[ 2017-12-19T19:57:20+08:00 ] ::1 /stell/index.php/Home/Information/index.html
INFO: [ app_init ] --START--
INFO: Run Behavior\BuildLiteBehavior [ RunTime:0.000014s ]
INFO: [ app_init ] --END-- [ RunTime:0.000072s ]
INFO: [ app_begin ] --START--
INFO: Run Behavior\ReadHtmlCacheBehavior [ RunTime:0.000665s ]
INFO: [ app_begin ] --END-- [ RunTime:0.000750s ]
SQL: SHOW COLUMNS FROM `artide` [ RunTime:0.0114s ]
NOTIC: [8] Undefined index: p C:\phpstudy\WWW\stell\application\Home\Controller\InformationController.class.php 第 11 行.
SQL: SELECT * FROM `artide` WHERE ( kind=1 ) ORDER BY id LIMIT 0,10   [ RunTime:0.0017s ]
SQL: SELECT COUNT(*) AS tp_count FROM `artide` LIMIT 1   [ RunTime:0.0007s ]
INFO: [ view_parse ] --START--
INFO: [ template_filter ] --START--
INFO: Run Behavior\ContentReplaceBehavior [ RunTime:0.000141s ]
INFO: [ template_filter ] --END-- [ RunTime:0.000281s ]
INFO: Run Behavior\ParseTemplateBehavior [ RunTime:0.023643s ]
INFO: [ view_parse ] --END-- [ RunTime:0.023779s ]
INFO: [ view_filter ] --START--
INFO: Run Behavior\WriteHtmlCacheBehavior [ RunTime:0.000667s ]
INFO: [ view_filter ] --END-- [ RunTime:0.000739s ]
INFO: [ app_end ] --START--
INFO: Run Behavior\ShowPageTraceBehavior [ RunTime:0.001277s ]
INFO: [ app_end ] --END-- [ RunTime:0.001402s ]

[ 2017-12-19T19:57:21+08:00 ] ::1 /stell/index.php/Home/information/pro/id/js/scripts.js
INFO: [ app_init ] --START--
INFO: Run Behavior\BuildLiteBehavior [ RunTime:0.000012s ]
INFO: [ app_init ] --END-- [ RunTime:0.000067s ]
INFO: [ app_begin ] --START--
INFO: Run Behavior\ReadHtmlCacheBehavior [ RunTime:0.002038s ]
INFO: [ app_begin ] --END-- [ RunTime:0.002232s ]
SQL: SHOW COLUMNS FROM `artide` [ RunTime:0.0049s ]
SQL: SHOW COLUMNS FROM `artide` [ RunTime:0.0041s ]
ERR: 1054:Unknown column 'js' in 'where clause'
 [ SQL语句 ] : SELECT * FROM `artide` WHERE ( Id=js ) LIMIT 1  
ERR: 1054:Unknown column 'js' in 'where clause'
 [ SQL语句 ] : SELECT * FROM `artide` WHERE ( Id=js ) LIMIT 1  

[ 2017-12-19T19:57:24+08:00 ] ::1 /stell/index.php/Home/Information/index/p/2.html
INFO: [ app_init ] --START--
INFO: Run Behavior\BuildLiteBehavior [ RunTime:0.000012s ]
INFO: [ app_init ] --END-- [ RunTime:0.000060s ]
INFO: [ app_begin ] --START--
INFO: Run Behavior\ReadHtmlCacheBehavior [ RunTime:0.000594s ]
INFO: [ app_begin ] --END-- [ RunTime:0.000646s ]
SQL: SHOW COLUMNS FROM `artide` [ RunTime:0.0047s ]
SQL: SELECT * FROM `artide` WHERE ( kind=1 ) ORDER BY id LIMIT 10,10   [ RunTime:0.0005s ]
SQL: SELECT COUNT(*) AS tp_count FROM `artide` LIMIT 1   [ RunTime:0.0004s ]
INFO: [ view_parse ] --START--
INFO: [ template_filter ] --START--
INFO: Run Behavior\ContentReplaceBehavior [ RunTime:0.000072s ]
INFO: [ template_filter ] --END-- [ RunTime:0.000143s ]
INFO: Run Behavior\ParseTemplateBehavior [ RunTime:0.010272s ]
INFO: [ view_parse ] --END-- [ RunTime:0.010351s ]
INFO: [ view_filter ] --START--
INFO: Run Behavior\WriteHtmlCacheBehavior [ RunTime:0.000457s ]
INFO: [ view_filter ] --END-- [ RunTime:0.000503s ]
INFO: [ app_end ] --START--
INFO: Run Behavior\ShowPageTraceBehavior [ RunTime:0.000626s ]
INFO: [ app_end ] --END-- [ RunTime:0.000681s ]

[ 2017-12-19T19:57:27+08:00 ] ::1 /stell/index.php/Home/information/pro/id/12.html
INFO: [ app_init ] --START--
INFO: Run Behavior\BuildLiteBehavior [ RunTime:0.000014s ]
INFO: [ app_init ] --END-- [ RunTime:0.000063s ]
INFO: [ app_begin ] --START--
INFO: Run Behavior\ReadHtmlCacheBehavior [ RunTime:0.000539s ]
INFO: [ app_begin ] --END-- [ RunTime:0.000599s ]
SQL: SHOW COLUMNS FROM `artide` [ RunTime:0.0047s ]
SQL: SHOW COLUMNS FROM `artide` [ RunTime:0.0052s ]
SQL: SELECT * FROM `artide` WHERE ( Id=12 ) LIMIT 1   [ RunTime:0.0004s ]
NOTIC: [8] Use of undefined constant title - assumed 'title' C:\phpstudy\WWW\stell\application\Home\Controller\InformationController.class.php 第 31 行.
SQL: SHOW COLUMNS FROM `contact` [ RunTime:0.0044s ]
SQL: SELECT * FROM `contact` WHERE ( Id ) LIMIT 1   [ RunTime:0.0004s ]
SQL: SELECT * FROM `artide` WHERE ( kind=1 ) ORDER BY id LIMIT 0,5   [ RunTime:0.0003s ]
SQL: SELECT COUNT(*) AS tp_count FROM `artide` LIMIT 1   [ RunTime:0.0002s ]
INFO: [ view_parse ] --START--
INFO: [ template_filter ] --START--
INFO: Run Behavior\ContentReplaceBehavior [ RunTime:0.000064s ]
INFO: [ template_filter ] --END-- [ RunTime:0.000119s ]
NOTIC: [8] Undefined index: lianxiren C:\phpstudy\WWW\stell\application\Runtime\Cache\Home\87f7e66673ed7a4438aa9b24dd33d168.php 第 74 行.
INFO: Run Behavior\ParseTemplateBehavior [ RunTime:0.010607s ]
INFO: [ view_parse ] --END-- [ RunTime:0.010696s ]
INFO: [ view_filter ] --START--
INFO: Run Behavior\WriteHtmlCacheBehavior [ RunTime:0.000577s ]
INFO: [ view_filter ] --END-- [ RunTime:0.000625s ]
INFO: [ app_end ] --START--
INFO: Run Behavior\ShowPageTraceBehavior [ RunTime:0.000620s ]
INFO: [ app_end ] --END-- [ RunTime:0.000675s ]

[ 2017-12-19T19:57:28+08:00 ] ::1 /stell/index.php/Home/information/pro/id/js/bootstrap.min.js
INFO: [ app_init ] --START--
INFO: Run Behavior\BuildLiteBehavior [ RunTime:0.000021s ]
INFO: [ app_init ] --END-- [ RunTime:0.000111s ]
INFO: [ app_begin ] --START--
INFO: Run Behavior\ReadHtmlCacheBehavior [ RunTime:0.001918s ]
INFO: [ app_begin ] --END-- [ RunTime:0.002043s ]
SQL: SHOW COLUMNS FROM `artide` [ RunTime:0.0048s ]
SQL: SHOW COLUMNS FROM `artide` [ RunTime:0.0110s ]
ERR: 1054:Unknown column 'js' in 'where clause'
 [ SQL语句 ] : SELECT * FROM `artide` WHERE ( Id=js ) LIMIT 1  
ERR: 1054:Unknown column 'js' in 'where clause'
 [ SQL语句 ] : SELECT * FROM `artide` WHERE ( Id=js ) LIMIT 1  

[ 2017-12-19T19:57:29+08:00 ] ::1 /stell/index.php/Home/information/pro/id/js/scripts.js
INFO: [ app_init ] --START--
INFO: Run Behavior\BuildLiteBehavior [ RunTime:0.000020s ]
INFO: [ app_init ] --END-- [ RunTime:0.000109s ]
INFO: [ app_begin ] --START--
INFO: Run Behavior\ReadHtmlCacheBehavior [ RunTime:0.001104s ]
INFO: [ app_begin ] --END-- [ RunTime:0.001237s ]
SQL: SHOW COLUMNS FROM `artide` [ RunTime:0.0096s ]
SQL: SHOW COLUMNS FROM `artide` [ RunTime:0.0044s ]
ERR: 1054:Unknown column 'js' in 'where clause'
 [ SQL语句 ] : SELECT * FROM `artide` WHERE ( Id=js ) LIMIT 1  
ERR: 1054:Unknown column 'js' in 'where clause'
 [ SQL语句 ] : SELECT * FROM `artide` WHERE ( Id=js ) LIMIT 1  

[ 2017-12-19T19:57:30+08:00 ] ::1 /stell/index.php/Home/information/pro/id/js/jquery.ias.js
INFO: [ app_init ] --START--
INFO: Run Behavior\BuildLiteBehavior [ RunTime:0.000022s ]
INFO: [ app_init ] --END-- [ RunTime:0.000113s ]
INFO: [ app_begin ] --START--
INFO: Run Behavior\ReadHtmlCacheBehavior [ RunTime:0.000661s ]
INFO: [ app_begin ] --END-- [ RunTime:0.000748s ]
SQL: SHOW COLUMNS FROM `artide` [ RunTime:0.0041s ]
SQL: SHOW COLUMNS FROM `artide` [ RunTime:0.0050s ]
ERR: 1054:Unknown column 'js' in 'where clause'
 [ SQL语句 ] : SELECT * FROM `artide` WHERE ( Id=js ) LIMIT 1  
ERR: 1054:Unknown column 'js' in 'where clause'
 [ SQL语句 ] : SELECT * FROM `artide` WHERE ( Id=js ) LIMIT 1  

[ 2017-12-19T19:57:31+08:00 ] ::1 /stell/index.php/Home/information/pro/id/js/scripts.js
INFO: [ app_init ] --START--
INFO: Run Behavior\BuildLiteBehavior [ RunTime:0.000013s ]
INFO: [ app_init ] --END-- [ RunTime:0.000061s ]
INFO: [ app_begin ] --START--
INFO: Run Behavior\ReadHtmlCacheBehavior [ RunTime:0.000613s ]
INFO: [ app_begin ] --END-- [ RunTime:0.000677s ]
SQL: SHOW COLUMNS FROM `artide` [ RunTime:0.0051s ]
SQL: SHOW COLUMNS FROM `artide` [ RunTime:0.0048s ]
ERR: 1054:Unknown column 'js' in 'where clause'
 [ SQL语句 ] : SELECT * FROM `artide` WHERE ( Id=js ) LIMIT 1  
ERR: 1054:Unknown column 'js' in 'where clause'
 [ SQL语句 ] : SELECT * FROM `artide` WHERE ( Id=js ) LIMIT 1  

[ 2017-12-19T19:57:52+08:00 ] ::1 /stell/index.php/Home/information/pro/id/1.html
INFO: [ app_init ] --START--
INFO: Run Behavior\BuildLiteBehavior [ RunTime:0.000011s ]
INFO: [ app_init ] --END-- [ RunTime:0.000057s ]
INFO: [ app_begin ] --START--
INFO: Run Behavior\ReadHtmlCacheBehavior [ RunTime:0.000699s ]
INFO: [ app_begin ] --END-- [ RunTime:0.000772s ]
SQL: SHOW COLUMNS FROM `artide` [ RunTime:0.0095s ]
SQL: SHOW COLUMNS FROM `artide` [ RunTime:0.0090s ]
SQL: SELECT * FROM `artide` WHERE ( Id=1 ) LIMIT 1   [ RunTime:0.0007s ]
NOTIC: [8] Use of undefined constant title - assumed 'title' C:\phpstudy\WWW\stell\application\Home\Controller\InformationController.class.php 第 31 行.
SQL: SHOW COLUMNS FROM `contact` [ RunTime:0.0052s ]
SQL: SELECT * FROM `contact` WHERE ( Id ) LIMIT 1   [ RunTime:0.0004s ]
SQL: SELECT * FROM `artide` WHERE ( kind=1 ) ORDER BY id LIMIT 0,5   [ RunTime:0.0010s ]
SQL: SELECT COUNT(*) AS tp_count FROM `artide` LIMIT 1   [ RunTime:0.0003s ]
INFO: [ view_parse ] --START--
INFO: [ template_filter ] --START--
INFO: Run Behavior\ContentReplaceBehavior [ RunTime:0.000096s ]
INFO: [ template_filter ] --END-- [ RunTime:0.000176s ]
NOTIC: [8] Undefined index: lianxiren C:\phpstudy\WWW\stell\application\Runtime\Cache\Home\87f7e66673ed7a4438aa9b24dd33d168.php 第 74 行.
INFO: Run Behavior\ParseTemplateBehavior [ RunTime:0.014416s ]
INFO: [ view_parse ] --END-- [ RunTime:0.014511s ]
INFO: [ view_filter ] --START--
INFO: Run Behavior\WriteHtmlCacheBehavior [ RunTime:0.000731s ]
INFO: [ view_filter ] --END-- [ RunTime:0.000798s ]
INFO: [ app_end ] --START--
INFO: Run Behavior\ShowPageTraceBehavior [ RunTime:0.001743s ]
INFO: [ app_end ] --END-- [ RunTime:0.001867s ]

[ 2017-12-19T19:57:53+08:00 ] ::1 /stell/index.php/Home/information/pro/id/js/bootstrap.min.js
INFO: [ app_init ] --START--
INFO: Run Behavior\BuildLiteBehavior [ RunTime:0.000020s ]
INFO: [ app_init ] --END-- [ RunTime:0.000103s ]
INFO: [ app_begin ] --START--
INFO: Run Behavior\ReadHtmlCacheBehavior [ RunTime:0.000931s ]
INFO: [ app_begin ] --END-- [ RunTime:0.001041s ]
SQL: SHOW COLUMNS FROM `artide` [ RunTime:0.0054s ]
SQL: SHOW COLUMNS FROM `artide` [ RunTime:0.0043s ]
ERR: 1054:Unknown column 'js' in 'where clause'
 [ SQL语句 ] : SELECT * FROM `artide` WHERE ( Id=js ) LIMIT 1  
ERR: 1054:Unknown column 'js' in 'where clause'
 [ SQL语句 ] : SELECT * FROM `artide` WHERE ( Id=js ) LIMIT 1  

[ 2017-12-19T19:57:55+08:00 ] ::1 /stell/index.php/Home/information/pro/id/js/scripts.js
INFO: [ app_init ] --START--
INFO: Run Behavior\BuildLiteBehavior [ RunTime:0.000022s ]
INFO: [ app_init ] --END-- [ RunTime:0.000110s ]
INFO: [ app_begin ] --START--
INFO: Run Behavior\ReadHtmlCacheBehavior [ RunTime:0.000812s ]
INFO: [ app_begin ] --END-- [ RunTime:0.000927s ]
SQL: SHOW COLUMNS FROM `artide` [ RunTime:0.0064s ]
SQL: SHOW COLUMNS FROM `artide` [ RunTime:0.0045s ]
ERR: 1054:Unknown column 'js' in 'where clause'
 [ SQL语句 ] : SELECT * FROM `artide` WHERE ( Id=js ) LIMIT 1  
ERR: 1054:Unknown column 'js' in 'where clause'
 [ SQL语句 ] : SELECT * FROM `artide` WHERE ( Id=js ) LIMIT 1  

[ 2017-12-19T19:57:56+08:00 ] ::1 /stell/index.php/Home/information/pro/id/js/jquery.ias.js
INFO: [ app_init ] --START--
INFO: Run Behavior\BuildLiteBehavior [ RunTime:0.000022s ]
INFO: [ app_init ] --END-- [ RunTime:0.000107s ]
INFO: [ app_begin ] --START--
INFO: Run Behavior\ReadHtmlCacheBehavior [ RunTime:0.000588s ]
INFO: [ app_begin ] --END-- [ RunTime:0.000665s ]
SQL: SHOW COLUMNS FROM `artide` [ RunTime:0.0051s ]
SQL: SHOW COLUMNS FROM `artide` [ RunTime:0.0056s ]
ERR: 1054:Unknown column 'js' in 'where clause'
 [ SQL语句 ] : SELECT * FROM `artide` WHERE ( Id=js ) LIMIT 1  
ERR: 1054:Unknown column 'js' in 'where clause'
 [ SQL语句 ] : SELECT * FROM `artide` WHERE ( Id=js ) LIMIT 1  

[ 2017-12-19T19:57:57+08:00 ] ::1 /stell/index.php/Home/information/pro/id/js/scripts.js
INFO: [ app_init ] --START--
INFO: Run Behavior\BuildLiteBehavior [ RunTime:0.000014s ]
INFO: [ app_init ] --END-- [ RunTime:0.000069s ]
INFO: [ app_begin ] --START--
INFO: Run Behavior\ReadHtmlCacheBehavior [ RunTime:0.000579s ]
INFO: [ app_begin ] --END-- [ RunTime:0.000634s ]
SQL: SHOW COLUMNS FROM `artide` [ RunTime:0.0060s ]
SQL: SHOW COLUMNS FROM `artide` [ RunTime:0.0054s ]
ERR: 1054:Unknown column 'js' in 'where clause'
 [ SQL语句 ] : SELECT * FROM `artide` WHERE ( Id=js ) LIMIT 1  
ERR: 1054:Unknown column 'js' in 'where clause'
 [ SQL语句 ] : SELECT * FROM `artide` WHERE ( Id=js ) LIMIT 1  

[ 2017-12-19T20:00:00+08:00 ] ::1 /stell/index.php/Home/information/pro/id/1.html
INFO: [ app_init ] --START--
INFO: Run Behavior\BuildLiteBehavior [ RunTime:0.000012s ]
INFO: [ app_init ] --END-- [ RunTime:0.000064s ]
INFO: [ app_begin ] --START--
INFO: Run Behavior\ReadHtmlCacheBehavior [ RunTime:0.000514s ]
INFO: [ app_begin ] --END-- [ RunTime:0.000575s ]
SQL: SHOW COLUMNS FROM `artide` [ RunTime:0.0096s ]
SQL: SHOW COLUMNS FROM `artide` [ RunTime:0.0037s ]
SQL: SELECT * FROM `artide` WHERE ( Id=1 ) LIMIT 1   [ RunTime:0.0003s ]
NOTIC: [8] Use of undefined constant title - assumed 'title' C:\phpstudy\WWW\stell\application\Home\Controller\InformationController.class.php 第 31 行.
SQL: SHOW COLUMNS FROM `contact` [ RunTime:0.0059s ]
SQL: SELECT * FROM `contact` WHERE ( Id ) LIMIT 1   [ RunTime:0.0003s ]
SQL: SELECT * FROM `artide` WHERE ( kind=1 ) ORDER BY id LIMIT 0,5   [ RunTime:0.0003s ]
SQL: SELECT COUNT(*) AS tp_count FROM `artide` LIMIT 1   [ RunTime:0.0002s ]
INFO: [ view_parse ] --START--
INFO: [ template_filter ] --START--
INFO: Run Behavior\ContentReplaceBehavior [ RunTime:0.000066s ]
INFO: [ template_filter ] --END-- [ RunTime:0.000123s ]
NOTIC: [8] Undefined index: lianxiren C:\phpstudy\WWW\stell\application\Runtime\Cache\Home\87f7e66673ed7a4438aa9b24dd33d168.php 第 74 行.
INFO: Run Behavior\ParseTemplateBehavior [ RunTime:0.010204s ]
INFO: [ view_parse ] --END-- [ RunTime:0.010268s ]
INFO: [ view_filter ] --START--
INFO: Run Behavior\WriteHtmlCacheBehavior [ RunTime:0.000469s ]
INFO: [ view_filter ] --END-- [ RunTime:0.000521s ]
INFO: [ app_end ] --START--
INFO: Run Behavior\ShowPageTraceBehavior [ RunTime:0.002040s ]
INFO: [ app_end ] --END-- [ RunTime:0.002155s ]

[ 2017-12-19T20:00:01+08:00 ] ::1 /stell/index.php/Home/information/pro/id/js/bootstrap.min.js
INFO: [ app_init ] --START--
INFO: Run Behavior\BuildLiteBehavior [ RunTime:0.000022s ]
INFO: [ app_init ] --END-- [ RunTime:0.000108s ]
INFO: [ app_begin ] --START--
INFO: Run Behavior\ReadHtmlCacheBehavior [ RunTime:0.000813s ]
INFO: [ app_begin ] --END-- [ RunTime:0.000914s ]
SQL: SHOW COLUMNS FROM `artide` [ RunTime:0.0046s ]
SQL: SHOW COLUMNS FROM `artide` [ RunTime:0.0049s ]
ERR: 1054:Unknown column 'js' in 'where clause'
 [ SQL语句 ] : SELECT * FROM `artide` WHERE ( Id=js ) LIMIT 1  
ERR: 1054:Unknown column 'js' in 'where clause'
 [ SQL语句 ] : SELECT * FROM `artide` WHERE ( Id=js ) LIMIT 1  

[ 2017-12-19T20:00:02+08:00 ] ::1 /stell/index.php/Home/information/pro/id/js/jquery.ias.js
INFO: [ app_init ] --START--
INFO: Run Behavior\BuildLiteBehavior [ RunTime:0.000021s ]
INFO: [ app_init ] --END-- [ RunTime:0.000105s ]
INFO: [ app_begin ] --START--
INFO: Run Behavior\ReadHtmlCacheBehavior [ RunTime:0.000782s ]
INFO: [ app_begin ] --END-- [ RunTime:0.000888s ]
SQL: SHOW COLUMNS FROM `artide` [ RunTime:0.0053s ]
SQL: SHOW COLUMNS FROM `artide` [ RunTime:0.0050s ]
ERR: 1054:Unknown column 'js' in 'where clause'
 [ SQL语句 ] : SELECT * FROM `artide` WHERE ( Id=js ) LIMIT 1  
ERR: 1054:Unknown column 'js' in 'where clause'
 [ SQL语句 ] : SELECT * FROM `artide` WHERE ( Id=js ) LIMIT 1  

[ 2017-12-19T20:00:03+08:00 ] ::1 /stell/index.php/Home/information/pro/id/js/scripts.js
INFO: [ app_init ] --START--
INFO: Run Behavior\BuildLiteBehavior [ RunTime:0.000025s ]
INFO: [ app_init ] --END-- [ RunTime:0.000154s ]
INFO: [ app_begin ] --START--
INFO: Run Behavior\ReadHtmlCacheBehavior [ RunTime:0.002206s ]
INFO: [ app_begin ] --END-- [ RunTime:0.002345s ]
SQL: SHOW COLUMNS FROM `artide` [ RunTime:0.0043s ]
SQL: SHOW COLUMNS FROM `artide` [ RunTime:0.0039s ]
ERR: 1054:Unknown column 'js' in 'where clause'
 [ SQL语句 ] : SELECT * FROM `artide` WHERE ( Id=js ) LIMIT 1  
ERR: 1054:Unknown column 'js' in 'where clause'
 [ SQL语句 ] : SELECT * FROM `artide` WHERE ( Id=js ) LIMIT 1  

[ 2017-12-19T20:13:36+08:00 ] ::1 /stell/index.php/Home/About/index.html
INFO: [ app_init ] --START--
INFO: Run Behavior\BuildLiteBehavior [ RunTime:0.000024s ]
INFO: [ app_init ] --END-- [ RunTime:0.000079s ]
INFO: [ app_begin ] --START--
INFO: Run Behavior\ReadHtmlCacheBehavior [ RunTime:0.000890s ]
INFO: [ app_begin ] --END-- [ RunTime:0.000955s ]
SQL: SHOW COLUMNS FROM `artide` [ RunTime:0.0049s ]
SQL: SHOW COLUMNS FROM `contact` [ RunTime:0.0047s ]
SQL: SELECT * FROM `contact` WHERE ( Id ) LIMIT 1   [ RunTime:0.0003s ]
INFO: [ view_parse ] --START--
INFO: [ template_filter ] --START--
INFO: Run Behavior\ContentReplaceBehavior [ RunTime:0.000062s ]
INFO: [ template_filter ] --END-- [ RunTime:0.000122s ]
NOTIC: [8] Undefined index: time C:\phpstudy\WWW\stell\application\Runtime\Cache\Home\3b9bb8f59aaa4d1691c827dd64ddfa9b.php 第 73 行.
NOTIC: [8] Undefined index: lianxiren C:\phpstudy\WWW\stell\application\Runtime\Cache\Home\3b9bb8f59aaa4d1691c827dd64ddfa9b.php 第 74 行.
INFO: Run Behavior\ParseTemplateBehavior [ RunTime:0.010589s ]
INFO: [ view_parse ] --END-- [ RunTime:0.010643s ]
INFO: [ view_filter ] --START--
INFO: Run Behavior\WriteHtmlCacheBehavior [ RunTime:0.000693s ]
INFO: [ view_filter ] --END-- [ RunTime:0.000738s ]
INFO: [ app_end ] --START--
INFO: Run Behavior\ShowPageTraceBehavior [ RunTime:0.001175s ]
INFO: [ app_end ] --END-- [ RunTime:0.001240s ]

[ 2017-12-19T20:13:37+08:00 ] ::1 /stell/index.php/Home/About/js/jquery.ias.js
INFO: [ app_init ] --START--
INFO: Run Behavior\BuildLiteBehavior [ RunTime:0.000018s ]
INFO: [ app_init ] --END-- [ RunTime:0.000095s ]
INFO: [ app_begin ] --START--
INFO: Run Behavior\ReadHtmlCacheBehavior [ RunTime:0.001061s ]
INFO: [ app_begin ] --END-- [ RunTime:0.001167s ]
ERR: 非法操作:js

[ 2017-12-19T20:13:37+08:00 ] ::1 /stell/index.php/Home/About/js/bootstrap.min.js
INFO: [ app_init ] --START--
INFO: Run Behavior\BuildLiteBehavior [ RunTime:0.000022s ]
INFO: [ app_init ] --END-- [ RunTime:0.000128s ]
INFO: [ app_begin ] --START--
INFO: Run Behavior\ReadHtmlCacheBehavior [ RunTime:0.001164s ]
INFO: [ app_begin ] --END-- [ RunTime:0.001269s ]
ERR: 非法操作:js

[ 2017-12-19T20:13:37+08:00 ] ::1 /stell/index.php/Home/About/js/scripts.js
INFO: [ app_init ] --START--
INFO: Run Behavior\BuildLiteBehavior [ RunTime:0.000022s ]
INFO: [ app_init ] --END-- [ RunTime:0.000119s ]
INFO: [ app_begin ] --START--
INFO: Run Behavior\ReadHtmlCacheBehavior [ RunTime:0.001049s ]
INFO: [ app_begin ] --END-- [ RunTime:0.001195s ]
ERR: 非法操作:js

[ 2017-12-19T20:13:37+08:00 ] ::1 /stell/index.php/Home/About/js/jquery.ias.js
INFO: [ app_init ] --START--
INFO: Run Behavior\BuildLiteBehavior [ RunTime:0.000013s ]
INFO: [ app_init ] --END-- [ RunTime:0.000061s ]
INFO: [ app_begin ] --START--
INFO: Run Behavior\ReadHtmlCacheBehavior [ RunTime:0.000732s ]
INFO: [ app_begin ] --END-- [ RunTime:0.000789s ]
ERR: 非法操作:js

[ 2017-12-19T20:13:37+08:00 ] ::1 /stell/index.php/Home/About/js/scripts.js
INFO: [ app_init ] --START--
INFO: Run Behavior\BuildLiteBehavior [ RunTime:0.000012s ]
INFO: [ app_init ] --END-- [ RunTime:0.000059s ]
INFO: [ app_begin ] --START--
INFO: Run Behavior\ReadHtmlCacheBehavior [ RunTime:0.000751s ]
INFO: [ app_begin ] --END-- [ RunTime:0.000815s ]
ERR: 非法操作:js

[ 2017-12-19T20:14:11+08:00 ] ::1 /stell/index.php/Home/Logistics/index.html
INFO: [ app_init ] --START--
INFO: Run Behavior\BuildLiteBehavior [ RunTime:0.000015s ]
INFO: [ app_init ] --END-- [ RunTime:0.000073s ]
INFO: [ app_begin ] --START--
INFO: Run Behavior\ReadHtmlCacheBehavior [ RunTime:0.000975s ]
INFO: [ app_begin ] --END-- [ RunTime:0.001049s ]
SQL: SHOW COLUMNS FROM `artide` [ RunTime:0.0094s ]
SQL: SHOW COLUMNS FROM `contact` [ RunTime:0.0099s ]
SQL: SELECT * FROM `contact` WHERE ( Id ) LIMIT 1   [ RunTime:0.0007s ]
INFO: [ view_parse ] --START--
INFO: [ template_filter ] --START--
INFO: Run Behavior\ContentReplaceBehavior [ RunTime:0.000146s ]
INFO: [ template_filter ] --END-- [ RunTime:0.000288s ]
INFO: Run Behavior\ParseTemplateBehavior [ RunTime:0.023409s ]
INFO: [ view_parse ] --END-- [ RunTime:0.023598s ]
INFO: [ view_filter ] --START--
INFO: Run Behavior\WriteHtmlCacheBehavior [ RunTime:0.001575s ]
INFO: [ view_filter ] --END-- [ RunTime:0.001699s ]
INFO: [ app_end ] --START--
INFO: Run Behavior\ShowPageTraceBehavior [ RunTime:0.001365s ]
INFO: [ app_end ] --END-- [ RunTime:0.001449s ]

[ 2017-12-19T20:15:02+08:00 ] ::1 /stell/index.php/Home/Index/index.html
INFO: [ app_init ] --START--
INFO: Run Behavior\BuildLiteBehavior [ RunTime:0.000014s ]
INFO: [ app_init ] --END-- [ RunTime:0.000092s ]
INFO: [ app_begin ] --START--
INFO: Run Behavior\ReadHtmlCacheBehavior [ RunTime:0.000911s ]
INFO: [ app_begin ] --END-- [ RunTime:0.000986s ]
SQL: SHOW COLUMNS FROM `goods` [ RunTime:0.0053s ]
SQL: SHOW COLUMNS FROM `goods` [ RunTime:0.0037s ]
SQL: SELECT * FROM `goods`  [ RunTime:0.0004s ]
SQL: SHOW COLUMNS FROM `contact` [ RunTime:0.0040s ]
SQL: SELECT * FROM `contact` WHERE ( Id ) LIMIT 1   [ RunTime:0.0005s ]
SQL: SELECT `material` FROM `goods`  [ RunTime:0.0004s ]
SQL: SELECT `material` FROM `goods`  [ RunTime:0.0003s ]
INFO: [ view_parse ] --START--
INFO: [ template_filter ] --START--
INFO: Run Behavior\ContentReplaceBehavior [ RunTime:0.000084s ]
INFO: [ template_filter ] --END-- [ RunTime:0.000142s ]
INFO: Run Behavior\ParseTemplateBehavior [ RunTime:0.011802s ]
INFO: [ view_parse ] --END-- [ RunTime:0.011901s ]
INFO: [ view_filter ] --START--
INFO: Run Behavior\WriteHtmlCacheBehavior [ RunTime:0.000739s ]
INFO: [ view_filter ] --END-- [ RunTime:0.000788s ]
INFO: [ app_end ] --START--
INFO: Run Behavior\ShowPageTraceBehavior [ RunTime:0.001382s ]
INFO: [ app_end ] --END-- [ RunTime:0.001478s ]

[ 2017-12-19T20:15:06+08:00 ] ::1 /stell/index.php/Home/Stock/index.html
INFO: [ app_init ] --START--
INFO: Run Behavior\BuildLiteBehavior [ RunTime:0.000021s ]
INFO: [ app_init ] --END-- [ RunTime:0.000108s ]
INFO: [ app_begin ] --START--
INFO: Run Behavior\ReadHtmlCacheBehavior [ RunTime:0.001182s ]
INFO: [ app_begin ] --END-- [ RunTime:0.001261s ]
SQL: SHOW COLUMNS FROM `goods` [ RunTime:0.0055s ]
SQL: SHOW COLUMNS FROM `goods` [ RunTime:0.0039s ]
SQL: SELECT `material` FROM `goods`  [ RunTime:0.0004s ]
SQL: SELECT * FROM `goods`  [ RunTime:0.0004s ]
NOTIC: [8] Undefined index: p C:\phpstudy\WWW\stell\application\Home\Controller\StockController.class.php 第 19 行.
SQL: SELECT * FROM `goods` ORDER BY id LIMIT 0,20   [ RunTime:0.0005s ]
SQL: SELECT COUNT(*) AS tp_count FROM `goods` LIMIT 1   [ RunTime:0.0002s ]
INFO: [ view_parse ] --START--
INFO: [ template_filter ] --START--
INFO: Run Behavior\ContentReplaceBehavior [ RunTime:0.000086s ]
INFO: [ template_filter ] --END-- [ RunTime:0.000162s ]
INFO: Run Behavior\ParseTemplateBehavior [ RunTime:0.011690s ]
INFO: [ view_parse ] --END-- [ RunTime:0.011772s ]
INFO: [ view_filter ] --START--
INFO: Run Behavior\WriteHtmlCacheBehavior [ RunTime:0.000763s ]
INFO: [ view_filter ] --END-- [ RunTime:0.000812s ]
INFO: [ app_end ] --START--
INFO: Run Behavior\ShowPageTraceBehavior [ RunTime:0.001275s ]
INFO: [ app_end ] --END-- [ RunTime:0.001359s ]

[ 2017-12-19T20:15:12+08:00 ] ::1 /stell/index.php/Home/Product/index.html
INFO: [ app_init ] --START--
INFO: Run Behavior\BuildLiteBehavior [ RunTime:0.000012s ]
INFO: [ app_init ] --END-- [ RunTime:0.000063s ]
INFO: [ app_begin ] --START--
INFO: Run Behavior\ReadHtmlCacheBehavior [ RunTime:0.001038s ]
INFO: [ app_begin ] --END-- [ RunTime:0.001121s ]
SQL: SHOW COLUMNS FROM `product` [ RunTime:0.0041s ]
NOTIC: [8] Undefined index: p C:\phpstudy\WWW\stell\application\Home\Controller\ProductController.class.php 第 15 行.
SQL: SELECT * FROM `product` ORDER BY id LIMIT 0,15   [ RunTime:0.0004s ]
SQL: SELECT COUNT(*) AS tp_count FROM `product` LIMIT 1   [ RunTime:0.0002s ]
INFO: [ view_parse ] --START--
INFO: [ template_filter ] --START--
INFO: Run Behavior\ContentReplaceBehavior [ RunTime:0.000055s ]
INFO: [ template_filter ] --END-- [ RunTime:0.000114s ]
INFO: Run Behavior\ParseTemplateBehavior [ RunTime:0.011362s ]
INFO: [ view_parse ] --END-- [ RunTime:0.011433s ]
INFO: [ view_filter ] --START--
INFO: Run Behavior\WriteHtmlCacheBehavior [ RunTime:0.000814s ]
INFO: [ view_filter ] --END-- [ RunTime:0.000862s ]
INFO: [ app_end ] --START--
INFO: Run Behavior\ShowPageTraceBehavior [ RunTime:0.000927s ]
INFO: [ app_end ] --END-- [ RunTime:0.000989s ]

[ 2017-12-19T20:18:32+08:00 ] ::1 /stell/index.php/Home/Product/index.html
INFO: [ app_init ] --START--
INFO: Run Behavior\BuildLiteBehavior [ RunTime:0.000023s ]
INFO: [ app_init ] --END-- [ RunTime:0.000123s ]
INFO: [ app_begin ] --START--
INFO: Run Behavior\ReadHtmlCacheBehavior [ RunTime:0.002683s ]
INFO: [ app_begin ] --END-- [ RunTime:0.002874s ]
SQL: SHOW COLUMNS FROM `product` [ RunTime:0.0056s ]
NOTIC: [8] Undefined index: p C:\phpstudy\WWW\stell\application\Home\Controller\ProductController.class.php 第 15 行.
SQL: SELECT * FROM `product` ORDER BY id LIMIT 0,15   [ RunTime:0.0004s ]
SQL: SELECT COUNT(*) AS tp_count FROM `product` LIMIT 1   [ RunTime:0.0002s ]
INFO: [ view_parse ] --START--
INFO: [ template_filter ] --START--
INFO: Run Behavior\ContentReplaceBehavior [ RunTime:0.000086s ]
INFO: [ template_filter ] --END-- [ RunTime:0.000184s ]
INFO: Run Behavior\ParseTemplateBehavior [ RunTime:0.017030s ]
INFO: [ view_parse ] --END-- [ RunTime:0.017257s ]
INFO: [ view_filter ] --START--
INFO: Run Behavior\WriteHtmlCacheBehavior [ RunTime:0.001355s ]
INFO: [ view_filter ] --END-- [ RunTime:0.001459s ]
INFO: [ app_end ] --START--
INFO: Run Behavior\ShowPageTraceBehavior [ RunTime:0.001445s ]
INFO: [ app_end ] --END-- [ RunTime:0.001553s ]

