[ 2017-12-23T20:10:42+08:00 ] ::1 /stell/
INFO: [ app_init ] --START--
INFO: Run Behavior\BuildLiteBehavior [ RunTime:0.000018s ]
INFO: [ app_init ] --END-- [ RunTime:0.000631s ]
INFO: [ app_begin ] --START--
INFO: Run Behavior\ReadHtmlCacheBehavior [ RunTime:0.001169s ]
INFO: [ app_begin ] --END-- [ RunTime:0.001257s ]
SQL: SHOW COLUMNS FROM `goods` [ RunTime:0.0247s ]
SQL: SHOW COLUMNS FROM `goods` [ RunTime:0.0125s ]
SQL: SELECT * FROM `goods`  [ RunTime:0.0013s ]
SQL: SHOW COLUMNS FROM `contact` [ RunTime:0.0107s ]
SQL: SELECT * FROM `contact` WHERE ( Id ) LIMIT 1   [ RunTime:0.0008s ]
SQL: SELECT `material` FROM `goods`  [ RunTime:0.0004s ]
SQL: SELECT `material` FROM `goods`  [ RunTime:0.0003s ]
SQL: SHOW COLUMNS FROM `connect` [ RunTime:0.0060s ]
SQL: SHOW COLUMNS FROM `connect` [ RunTime:0.0043s ]
SQL: SELECT * FROM `connect`  [ RunTime:0.0004s ]
SQL: SHOW COLUMNS FROM `product` [ RunTime:0.0069s ]
SQL: SHOW COLUMNS FROM `product` [ RunTime:0.0041s ]
SQL: SELECT * FROM `product`  [ RunTime:0.0006s ]
SQL: SHOW COLUMNS FROM `product` [ RunTime:0.0039s ]
SQL: SELECT * FROM `contact` WHERE ( Id ) LIMIT 1   [ RunTime:0.0003s ]
INFO: [ view_parse ] --START--
INFO: [ template_filter ] --START--
INFO: Run Behavior\ContentReplaceBehavior [ RunTime:0.000086s ]
INFO: [ template_filter ] --END-- [ RunTime:0.000146s ]
INFO: Run Behavior\ParseTemplateBehavior [ RunTime:0.020261s ]
INFO: [ view_parse ] --END-- [ RunTime:0.020380s ]
INFO: [ view_filter ] --START--
INFO: Run Behavior\WriteHtmlCacheBehavior [ RunTime:0.000732s ]
INFO: [ view_filter ] --END-- [ RunTime:0.000785s ]
INFO: [ app_end ] --START--
INFO: Run Behavior\ShowPageTraceBehavior [ RunTime:0.001516s ]
INFO: [ app_end ] --END-- [ RunTime:0.001618s ]

[ 2017-12-23T20:10:55+08:00 ] ::1 /stell/
INFO: [ app_init ] --START--
INFO: Run Behavior\BuildLiteBehavior [ RunTime:0.000014s ]
INFO: [ app_init ] --END-- [ RunTime:0.000079s ]
INFO: [ app_begin ] --START--
INFO: Run Behavior\ReadHtmlCacheBehavior [ RunTime:0.000701s ]
INFO: [ app_begin ] --END-- [ RunTime:0.000768s ]
SQL: SHOW COLUMNS FROM `goods` [ RunTime:0.0058s ]
SQL: SHOW COLUMNS FROM `goods` [ RunTime:0.0063s ]
SQL: SELECT * FROM `goods`  [ RunTime:0.0008s ]
SQL: SHOW COLUMNS FROM `contact` [ RunTime:0.0048s ]
SQL: SELECT * FROM `contact` WHERE ( Id ) LIMIT 1   [ RunTime:0.0003s ]
SQL: SELECT `material` FROM `goods`  [ RunTime:0.0003s ]
SQL: SELECT `material` FROM `goods`  [ RunTime:0.0002s ]
SQL: SHOW COLUMNS FROM `connect` [ RunTime:0.0041s ]
SQL: SHOW COLUMNS FROM `connect` [ RunTime:0.0050s ]
SQL: SELECT * FROM `connect`  [ RunTime:0.0003s ]
SQL: SHOW COLUMNS FROM `product` [ RunTime:0.0039s ]
SQL: SHOW COLUMNS FROM `product` [ RunTime:0.0037s ]
SQL: SELECT * FROM `product`  [ RunTime:0.0003s ]
SQL: SHOW COLUMNS FROM `product` [ RunTime:0.0048s ]
SQL: SELECT * FROM `contact` WHERE ( Id ) LIMIT 1   [ RunTime:0.0004s ]
INFO: [ view_parse ] --START--
INFO: [ template_filter ] --START--
INFO: Run Behavior\ContentReplaceBehavior [ RunTime:0.000088s ]
INFO: [ template_filter ] --END-- [ RunTime:0.000148s ]
INFO: Run Behavior\ParseTemplateBehavior [ RunTime:0.012734s ]
INFO: [ view_parse ] --END-- [ RunTime:0.012802s ]
INFO: [ view_filter ] --START--
INFO: Run Behavior\WriteHtmlCacheBehavior [ RunTime:0.000460s ]
INFO: [ view_filter ] --END-- [ RunTime:0.000512s ]
INFO: [ app_end ] --START--
INFO: Run Behavior\ShowPageTraceBehavior [ RunTime:0.001381s ]
INFO: [ app_end ] --END-- [ RunTime:0.001527s ]

[ 2017-12-23T20:12:05+08:00 ] ::1 /stell/
INFO: [ app_init ] --START--
INFO: Run Behavior\BuildLiteBehavior [ RunTime:0.000013s ]
INFO: [ app_init ] --END-- [ RunTime:0.000065s ]
INFO: [ app_begin ] --START--
INFO: Run Behavior\ReadHtmlCacheBehavior [ RunTime:0.000487s ]
INFO: [ app_begin ] --END-- [ RunTime:0.000541s ]
SQL: SHOW COLUMNS FROM `goods` [ RunTime:0.0071s ]
SQL: SHOW COLUMNS FROM `goods` [ RunTime:0.0073s ]
SQL: SELECT * FROM `goods`  [ RunTime:0.0005s ]
SQL: SHOW COLUMNS FROM `contact` [ RunTime:0.0047s ]
SQL: SELECT * FROM `contact` WHERE ( Id ) LIMIT 1   [ RunTime:0.0003s ]
SQL: SELECT `material` FROM `goods`  [ RunTime:0.0003s ]
SQL: SELECT `material` FROM `goods`  [ RunTime:0.0003s ]
SQL: SHOW COLUMNS FROM `connect` [ RunTime:0.0060s ]
SQL: SHOW COLUMNS FROM `connect` [ RunTime:0.0067s ]
SQL: SELECT * FROM `connect`  [ RunTime:0.0003s ]
SQL: SHOW COLUMNS FROM `product` [ RunTime:0.0046s ]
SQL: SHOW COLUMNS FROM `product` [ RunTime:0.0048s ]
SQL: SELECT * FROM `product`  [ RunTime:0.0004s ]
SQL: SHOW COLUMNS FROM `product` [ RunTime:0.0041s ]
SQL: SELECT * FROM `contact` WHERE ( Id ) LIMIT 1   [ RunTime:0.0003s ]
INFO: [ view_parse ] --START--
INFO: [ template_filter ] --START--
INFO: Run Behavior\ContentReplaceBehavior [ RunTime:0.000086s ]
INFO: [ template_filter ] --END-- [ RunTime:0.000148s ]
INFO: Run Behavior\ParseTemplateBehavior [ RunTime:0.015146s ]
INFO: [ view_parse ] --END-- [ RunTime:0.015211s ]
INFO: [ view_filter ] --START--
INFO: Run Behavior\WriteHtmlCacheBehavior [ RunTime:0.000375s ]
INFO: [ view_filter ] --END-- [ RunTime:0.000416s ]
INFO: [ app_end ] --START--
INFO: Run Behavior\ShowPageTraceBehavior [ RunTime:0.000625s ]
INFO: [ app_end ] --END-- [ RunTime:0.000683s ]

[ 2017-12-23T20:12:18+08:00 ] ::1 /stell/
INFO: [ app_init ] --START--
INFO: Run Behavior\BuildLiteBehavior [ RunTime:0.000020s ]
INFO: [ app_init ] --END-- [ RunTime:0.000100s ]
INFO: [ app_begin ] --START--
INFO: Run Behavior\ReadHtmlCacheBehavior [ RunTime:0.000563s ]
INFO: [ app_begin ] --END-- [ RunTime:0.000629s ]
SQL: SHOW COLUMNS FROM `goods` [ RunTime:0.0107s ]
SQL: SHOW COLUMNS FROM `goods` [ RunTime:0.0111s ]
SQL: SELECT * FROM `goods`  [ RunTime:0.0012s ]
SQL: SHOW COLUMNS FROM `contact` [ RunTime:0.0089s ]
SQL: SELECT * FROM `contact` WHERE ( Id ) LIMIT 1   [ RunTime:0.0011s ]
SQL: SELECT `material` FROM `goods`  [ RunTime:0.0009s ]
SQL: SELECT `material` FROM `goods`  [ RunTime:0.0006s ]
SQL: SHOW COLUMNS FROM `connect` [ RunTime:0.0069s ]
SQL: SHOW COLUMNS FROM `connect` [ RunTime:0.0051s ]
SQL: SELECT * FROM `connect`  [ RunTime:0.0011s ]
SQL: SHOW COLUMNS FROM `product` [ RunTime:0.0054s ]
SQL: SHOW COLUMNS FROM `product` [ RunTime:0.0048s ]
SQL: SELECT * FROM `product`  [ RunTime:0.0004s ]
SQL: SHOW COLUMNS FROM `product` [ RunTime:0.0074s ]
SQL: SELECT * FROM `contact` WHERE ( Id ) LIMIT 1   [ RunTime:0.0005s ]
INFO: [ view_parse ] --START--
INFO: [ template_filter ] --START--
INFO: Run Behavior\ContentReplaceBehavior [ RunTime:0.000088s ]
INFO: [ template_filter ] --END-- [ RunTime:0.000148s ]
INFO: Run Behavior\ParseTemplateBehavior [ RunTime:0.014561s ]
INFO: [ view_parse ] --END-- [ RunTime:0.014638s ]
INFO: [ view_filter ] --START--
INFO: Run Behavior\WriteHtmlCacheBehavior [ RunTime:0.000546s ]
INFO: [ view_filter ] --END-- [ RunTime:0.000619s ]
INFO: [ app_end ] --START--
INFO: Run Behavior\ShowPageTraceBehavior [ RunTime:0.000662s ]
INFO: [ app_end ] --END-- [ RunTime:0.000723s ]

[ 2017-12-23T20:12:34+08:00 ] ::1 /stell/
INFO: [ app_init ] --START--
INFO: Run Behavior\BuildLiteBehavior [ RunTime:0.000013s ]
INFO: [ app_init ] --END-- [ RunTime:0.000063s ]
INFO: [ app_begin ] --START--
INFO: Run Behavior\ReadHtmlCacheBehavior [ RunTime:0.000485s ]
INFO: [ app_begin ] --END-- [ RunTime:0.000541s ]
SQL: SHOW COLUMNS FROM `goods` [ RunTime:0.0053s ]
SQL: SHOW COLUMNS FROM `goods` [ RunTime:0.0082s ]
SQL: SELECT * FROM `goods`  [ RunTime:0.0011s ]
SQL: SHOW COLUMNS FROM `contact` [ RunTime:0.0057s ]
SQL: SELECT * FROM `contact` WHERE ( Id ) LIMIT 1   [ RunTime:0.0003s ]
SQL: SELECT `material` FROM `goods`  [ RunTime:0.0003s ]
SQL: SELECT `material` FROM `goods`  [ RunTime:0.0003s ]
SQL: SHOW COLUMNS FROM `connect` [ RunTime:0.0058s ]
SQL: SHOW COLUMNS FROM `connect` [ RunTime:0.0041s ]
SQL: SELECT * FROM `connect`  [ RunTime:0.0003s ]
SQL: SHOW COLUMNS FROM `product` [ RunTime:0.0043s ]
SQL: SHOW COLUMNS FROM `product` [ RunTime:0.0073s ]
SQL: SELECT * FROM `product`  [ RunTime:0.0006s ]
SQL: SHOW COLUMNS FROM `product` [ RunTime:0.0039s ]
SQL: SELECT * FROM `contact` WHERE ( Id ) LIMIT 1   [ RunTime:0.0003s ]
INFO: [ view_parse ] --START--
INFO: [ template_filter ] --START--
INFO: Run Behavior\ContentReplaceBehavior [ RunTime:0.000088s ]
INFO: [ template_filter ] --END-- [ RunTime:0.000149s ]
INFO: Run Behavior\ParseTemplateBehavior [ RunTime:0.011973s ]
INFO: [ view_parse ] --END-- [ RunTime:0.012034s ]
INFO: [ view_filter ] --START--
INFO: Run Behavior\WriteHtmlCacheBehavior [ RunTime:0.000349s ]
INFO: [ view_filter ] --END-- [ RunTime:0.000393s ]
INFO: [ app_end ] --START--
INFO: Run Behavior\ShowPageTraceBehavior [ RunTime:0.000618s ]
INFO: [ app_end ] --END-- [ RunTime:0.000675s ]

[ 2017-12-23T20:13:29+08:00 ] ::1 /stell/
INFO: [ app_init ] --START--
INFO: Run Behavior\BuildLiteBehavior [ RunTime:0.000013s ]
INFO: [ app_init ] --END-- [ RunTime:0.000070s ]
INFO: [ app_begin ] --START--
INFO: Run Behavior\ReadHtmlCacheBehavior [ RunTime:0.000733s ]
INFO: [ app_begin ] --END-- [ RunTime:0.000789s ]
SQL: SHOW COLUMNS FROM `goods` [ RunTime:0.0213s ]
SQL: SHOW COLUMNS FROM `goods` [ RunTime:0.0159s ]
SQL: SELECT * FROM `goods`  [ RunTime:0.0013s ]
SQL: SHOW COLUMNS FROM `contact` [ RunTime:0.0097s ]
SQL: SELECT * FROM `contact` WHERE ( Id ) LIMIT 1   [ RunTime:0.0004s ]
SQL: SELECT `material` FROM `goods`  [ RunTime:0.0004s ]
SQL: SELECT `material` FROM `goods`  [ RunTime:0.0003s ]
SQL: SHOW COLUMNS FROM `connect` [ RunTime:0.0070s ]
SQL: SHOW COLUMNS FROM `connect` [ RunTime:0.0083s ]
SQL: SELECT * FROM `connect`  [ RunTime:0.0004s ]
SQL: SHOW COLUMNS FROM `product` [ RunTime:0.0074s ]
SQL: SHOW COLUMNS FROM `product` [ RunTime:0.0073s ]
SQL: SELECT * FROM `product`  [ RunTime:0.0005s ]
SQL: SHOW COLUMNS FROM `product` [ RunTime:0.0080s ]
SQL: SELECT * FROM `contact` WHERE ( Id ) LIMIT 1   [ RunTime:0.0007s ]
INFO: [ view_parse ] --START--
INFO: [ template_filter ] --START--
INFO: Run Behavior\ContentReplaceBehavior [ RunTime:0.000115s ]
INFO: [ template_filter ] --END-- [ RunTime:0.000199s ]
INFO: Run Behavior\ParseTemplateBehavior [ RunTime:0.018735s ]
INFO: [ view_parse ] --END-- [ RunTime:0.018834s ]
INFO: [ view_filter ] --START--
INFO: Run Behavior\WriteHtmlCacheBehavior [ RunTime:0.000564s ]
INFO: [ view_filter ] --END-- [ RunTime:0.000622s ]
INFO: [ app_end ] --START--
INFO: Run Behavior\ShowPageTraceBehavior [ RunTime:0.000944s ]
INFO: [ app_end ] --END-- [ RunTime:0.001030s ]

[ 2017-12-23T20:13:36+08:00 ] ::1 /stell/
INFO: [ app_init ] --START--
INFO: Run Behavior\BuildLiteBehavior [ RunTime:0.000012s ]
INFO: [ app_init ] --END-- [ RunTime:0.000062s ]
INFO: [ app_begin ] --START--
INFO: Run Behavior\ReadHtmlCacheBehavior [ RunTime:0.000497s ]
INFO: [ app_begin ] --END-- [ RunTime:0.000551s ]
SQL: SHOW COLUMNS FROM `goods` [ RunTime:0.0163s ]
SQL: SHOW COLUMNS FROM `goods` [ RunTime:0.0149s ]
SQL: SELECT * FROM `goods`  [ RunTime:0.0016s ]
SQL: SHOW COLUMNS FROM `contact` [ RunTime:0.0134s ]
SQL: SELECT * FROM `contact` WHERE ( Id ) LIMIT 1   [ RunTime:0.0005s ]
SQL: SELECT `material` FROM `goods`  [ RunTime:0.0004s ]
SQL: SELECT `material` FROM `goods`  [ RunTime:0.0004s ]
SQL: SHOW COLUMNS FROM `connect` [ RunTime:0.0072s ]
SQL: SHOW COLUMNS FROM `connect` [ RunTime:0.0086s ]
SQL: SELECT * FROM `connect`  [ RunTime:0.0004s ]
SQL: SHOW COLUMNS FROM `product` [ RunTime:0.0095s ]
SQL: SHOW COLUMNS FROM `product` [ RunTime:0.0045s ]
SQL: SELECT * FROM `product`  [ RunTime:0.0004s ]
SQL: SHOW COLUMNS FROM `product` [ RunTime:0.0045s ]
SQL: SELECT * FROM `contact` WHERE ( Id ) LIMIT 1   [ RunTime:0.0004s ]
INFO: [ view_parse ] --START--
INFO: [ template_filter ] --START--
INFO: Run Behavior\ContentReplaceBehavior [ RunTime:0.000106s ]
INFO: [ template_filter ] --END-- [ RunTime:0.000176s ]
INFO: Run Behavior\ParseTemplateBehavior [ RunTime:0.015023s ]
INFO: [ view_parse ] --END-- [ RunTime:0.015109s ]
INFO: [ view_filter ] --START--
INFO: Run Behavior\WriteHtmlCacheBehavior [ RunTime:0.000421s ]
INFO: [ view_filter ] --END-- [ RunTime:0.000462s ]
INFO: [ app_end ] --START--
INFO: Run Behavior\ShowPageTraceBehavior [ RunTime:0.001902s ]
INFO: [ app_end ] --END-- [ RunTime:0.002155s ]

[ 2017-12-23T20:14:22+08:00 ] ::1 /stell/
INFO: [ app_init ] --START--
INFO: Run Behavior\BuildLiteBehavior [ RunTime:0.000012s ]
INFO: [ app_init ] --END-- [ RunTime:0.000066s ]
INFO: [ app_begin ] --START--
INFO: Run Behavior\ReadHtmlCacheBehavior [ RunTime:0.000750s ]
INFO: [ app_begin ] --END-- [ RunTime:0.000889s ]
SQL: SHOW COLUMNS FROM `goods` [ RunTime:0.0189s ]
SQL: SHOW COLUMNS FROM `goods` [ RunTime:0.0117s ]
SQL: SELECT * FROM `goods`  [ RunTime:0.0007s ]
SQL: SHOW COLUMNS FROM `contact` [ RunTime:0.0074s ]
SQL: SELECT * FROM `contact` WHERE ( Id ) LIMIT 1   [ RunTime:0.0005s ]
SQL: SELECT `material` FROM `goods`  [ RunTime:0.0005s ]
SQL: SELECT `material` FROM `goods`  [ RunTime:0.0006s ]
SQL: SHOW COLUMNS FROM `connect` [ RunTime:0.0074s ]
SQL: SHOW COLUMNS FROM `connect` [ RunTime:0.0072s ]
SQL: SELECT * FROM `connect`  [ RunTime:0.0003s ]
SQL: SHOW COLUMNS FROM `product` [ RunTime:0.0037s ]
SQL: SHOW COLUMNS FROM `product` [ RunTime:0.0050s ]
SQL: SELECT * FROM `product`  [ RunTime:0.0004s ]
SQL: SHOW COLUMNS FROM `product` [ RunTime:0.0042s ]
SQL: SELECT * FROM `contact` WHERE ( Id ) LIMIT 1   [ RunTime:0.0002s ]
INFO: [ view_parse ] --START--
INFO: [ template_filter ] --START--
INFO: Run Behavior\ContentReplaceBehavior [ RunTime:0.000308s ]
INFO: [ template_filter ] --END-- [ RunTime:0.000521s ]
INFO: Run Behavior\ParseTemplateBehavior [ RunTime:0.012516s ]
INFO: [ view_parse ] --END-- [ RunTime:0.012594s ]
INFO: [ view_filter ] --START--
INFO: Run Behavior\WriteHtmlCacheBehavior [ RunTime:0.000365s ]
INFO: [ view_filter ] --END-- [ RunTime:0.000412s ]
INFO: [ app_end ] --START--
INFO: Run Behavior\ShowPageTraceBehavior [ RunTime:0.000940s ]
INFO: [ app_end ] --END-- [ RunTime:0.001019s ]

[ 2017-12-23T20:14:33+08:00 ] ::1 /stell/
INFO: [ app_init ] --START--
INFO: Run Behavior\BuildLiteBehavior [ RunTime:0.000012s ]
INFO: [ app_init ] --END-- [ RunTime:0.000060s ]
INFO: [ app_begin ] --START--
INFO: Run Behavior\ReadHtmlCacheBehavior [ RunTime:0.000682s ]
INFO: [ app_begin ] --END-- [ RunTime:0.000773s ]
SQL: SHOW COLUMNS FROM `goods` [ RunTime:0.0208s ]
SQL: SHOW COLUMNS FROM `goods` [ RunTime:0.0217s ]
SQL: SELECT * FROM `goods`  [ RunTime:0.0007s ]
SQL: SHOW COLUMNS FROM `contact` [ RunTime:0.0088s ]
SQL: SELECT * FROM `contact` WHERE ( Id ) LIMIT 1   [ RunTime:0.0009s ]
SQL: SELECT `material` FROM `goods`  [ RunTime:0.0008s ]
SQL: SELECT `material` FROM `goods`  [ RunTime:0.0005s ]
SQL: SHOW COLUMNS FROM `connect` [ RunTime:0.0061s ]
SQL: SHOW COLUMNS FROM `connect` [ RunTime:0.0082s ]
SQL: SELECT * FROM `connect`  [ RunTime:0.0003s ]
SQL: SHOW COLUMNS FROM `product` [ RunTime:0.0040s ]
SQL: SHOW COLUMNS FROM `product` [ RunTime:0.0035s ]
SQL: SELECT * FROM `product`  [ RunTime:0.0004s ]
SQL: SHOW COLUMNS FROM `product` [ RunTime:0.0055s ]
SQL: SELECT * FROM `contact` WHERE ( Id ) LIMIT 1   [ RunTime:0.0003s ]
INFO: [ view_parse ] --START--
INFO: [ template_filter ] --START--
INFO: Run Behavior\ContentReplaceBehavior [ RunTime:0.000145s ]
INFO: [ template_filter ] --END-- [ RunTime:0.000250s ]
INFO: Run Behavior\ParseTemplateBehavior [ RunTime:0.017362s ]
INFO: [ view_parse ] --END-- [ RunTime:0.017429s ]
INFO: [ view_filter ] --START--
INFO: Run Behavior\WriteHtmlCacheBehavior [ RunTime:0.000380s ]
INFO: [ view_filter ] --END-- [ RunTime:0.000424s ]
INFO: [ app_end ] --START--
INFO: Run Behavior\ShowPageTraceBehavior [ RunTime:0.000943s ]
INFO: [ app_end ] --END-- [ RunTime:0.001034s ]

