[ 2017-12-09T10:24:55+08:00 ] ::1 /stell/
INFO: [ app_init ] --START--
INFO: Run Behavior\BuildLiteBehavior [ RunTime:0.000012s ]
INFO: [ app_init ] --END-- [ RunTime:0.000078s ]
INFO: [ app_begin ] --START--
INFO: Run Behavior\ReadHtmlCacheBehavior [ RunTime:0.000746s ]
INFO: [ app_begin ] --END-- [ RunTime:0.000798s ]
ERR: 1146:Table 'goods.goods' doesn't exist
 [ SQL语句 ] : SHOW COLUMNS FROM `goods`
ERR: 1146:Table 'goods.goods' doesn't exist
 [ SQL语句 ] : SHOW COLUMNS FROM `goods`

[ 2017-12-09T10:31:17+08:00 ] ::1 /stell/
INFO: [ app_init ] --START--
INFO: Run Behavior\BuildLiteBehavior [ RunTime:0.000008s ]
INFO: [ app_init ] --END-- [ RunTime:0.000051s ]
INFO: [ app_begin ] --START--
INFO: Run Behavior\ReadHtmlCacheBehavior [ RunTime:0.000619s ]
INFO: [ app_begin ] --END-- [ RunTime:0.000670s ]
SQL: SHOW COLUMNS FROM `goods` [ RunTime:0.0092s ]
SQL: SHOW COLUMNS FROM `goods` [ RunTime:0.0085s ]
SQL: SELECT * FROM `goods`  [ RunTime:0.0014s ]
SQL: SHOW COLUMNS FROM `contact` [ RunTime:0.0096s ]
SQL: SELECT * FROM `contact` WHERE ( Id ) LIMIT 1   [ RunTime:0.0073s ]
SQL: SELECT `material` FROM `goods`  [ RunTime:0.0004s ]
SQL: SELECT `material` FROM `goods`  [ RunTime:0.0003s ]
INFO: [ view_parse ] --START--
INFO: [ template_filter ] --START--
INFO: Run Behavior\ContentReplaceBehavior [ RunTime:0.000094s ]
INFO: [ template_filter ] --END-- [ RunTime:0.000145s ]
INFO: Run Behavior\ParseTemplateBehavior [ RunTime:0.014816s ]
INFO: [ view_parse ] --END-- [ RunTime:0.014883s ]
INFO: [ view_filter ] --START--
INFO: Run Behavior\WriteHtmlCacheBehavior [ RunTime:0.000688s ]
INFO: [ view_filter ] --END-- [ RunTime:0.000733s ]
INFO: [ app_end ] --START--
INFO: Run Behavior\ShowPageTraceBehavior [ RunTime:0.001068s ]
INFO: [ app_end ] --END-- [ RunTime:0.001147s ]

[ 2017-12-09T10:32:02+08:00 ] ::1 /stell/index.php/home/stock/index.html
INFO: [ app_init ] --START--
INFO: Run Behavior\BuildLiteBehavior [ RunTime:0.000020s ]
INFO: [ app_init ] --END-- [ RunTime:0.000109s ]
INFO: [ app_begin ] --START--
INFO: Run Behavior\ReadHtmlCacheBehavior [ RunTime:0.000763s ]
INFO: [ app_begin ] --END-- [ RunTime:0.000828s ]
SQL: SHOW COLUMNS FROM `goods` [ RunTime:0.0073s ]
SQL: SHOW COLUMNS FROM `goods` [ RunTime:0.0070s ]
SQL: SELECT `material` FROM `goods`  [ RunTime:0.0004s ]
SQL: SELECT * FROM `goods`  [ RunTime:0.0006s ]
NOTIC: [8] Undefined index: p D:\phpstudy\WWW\stell\application\Home\Controller\StockController.class.php 第 18 行.
NOTIC: [8] Undefined index: limit D:\phpstudy\WWW\stell\ThinkPHP\Library\Think\Db\Driver.class.php 第 961 行.
SQL: SELECT * FROM `goods` ORDER BY id LIMIT 0,20   [ RunTime:0.0008s ]
SQL: SELECT COUNT(*) AS tp_count FROM `goods` LIMIT 1   [ RunTime:0.0589s ]
INFO: [ view_parse ] --START--
INFO: [ template_filter ] --START--
INFO: Run Behavior\ContentReplaceBehavior [ RunTime:0.000091s ]
INFO: [ template_filter ] --END-- [ RunTime:0.000167s ]
INFO: Run Behavior\ParseTemplateBehavior [ RunTime:0.014942s ]
INFO: [ view_parse ] --END-- [ RunTime:0.015017s ]
INFO: [ view_filter ] --START--
INFO: Run Behavior\WriteHtmlCacheBehavior [ RunTime:0.000754s ]
INFO: [ view_filter ] --END-- [ RunTime:0.000808s ]
INFO: [ app_end ] --START--
INFO: Run Behavior\ShowPageTraceBehavior [ RunTime:0.001580s ]
INFO: [ app_end ] --END-- [ RunTime:0.001811s ]

[ 2017-12-09T10:46:01+08:00 ] ::1 /stell/index.php/home/stock/index.html
INFO: [ app_init ] --START--
INFO: Run Behavior\BuildLiteBehavior [ RunTime:0.000012s ]
INFO: [ app_init ] --END-- [ RunTime:0.000066s ]
INFO: [ app_begin ] --START--
INFO: Run Behavior\ReadHtmlCacheBehavior [ RunTime:0.000711s ]
INFO: [ app_begin ] --END-- [ RunTime:0.000760s ]
SQL: SHOW COLUMNS FROM `goods` [ RunTime:0.0061s ]
SQL: SHOW COLUMNS FROM `goods` [ RunTime:0.0052s ]
SQL: SELECT `material` FROM `goods`  [ RunTime:0.0004s ]
SQL: SELECT * FROM `goods`  [ RunTime:0.0015s ]
NOTIC: [8] Undefined variable: p D:\phpstudy\WWW\stell\application\Home\Controller\StockController.class.php 第 17 行.
NOTIC: [8] Undefined index: p D:\phpstudy\WWW\stell\application\Home\Controller\StockController.class.php 第 21 行.
NOTIC: [8] Undefined index: limit D:\phpstudy\WWW\stell\ThinkPHP\Library\Think\Db\Driver.class.php 第 961 行.
SQL: SELECT * FROM `goods` ORDER BY id LIMIT 0,20   [ RunTime:0.0008s ]
SQL: SELECT COUNT(*) AS tp_count FROM `goods` LIMIT 1   [ RunTime:0.0003s ]
INFO: [ view_parse ] --START--
INFO: [ template_filter ] --START--
INFO: Run Behavior\ContentReplaceBehavior [ RunTime:0.000113s ]
INFO: [ template_filter ] --END-- [ RunTime:0.000202s ]
INFO: Run Behavior\ParseTemplateBehavior [ RunTime:0.010144s ]
INFO: [ view_parse ] --END-- [ RunTime:0.010214s ]
INFO: [ view_filter ] --START--
INFO: Run Behavior\WriteHtmlCacheBehavior [ RunTime:0.000572s ]
INFO: [ view_filter ] --END-- [ RunTime:0.000615s ]
INFO: [ app_end ] --START--
INFO: Run Behavior\ShowPageTraceBehavior [ RunTime:0.001268s ]
INFO: [ app_end ] --END-- [ RunTime:0.001373s ]

[ 2017-12-09T10:46:52+08:00 ] ::1 /stell/index.php/home/stock/index.html
INFO: [ app_init ] --START--
INFO: Run Behavior\BuildLiteBehavior [ RunTime:0.000021s ]
INFO: [ app_init ] --END-- [ RunTime:0.000112s ]
INFO: [ app_begin ] --START--
INFO: Run Behavior\ReadHtmlCacheBehavior [ RunTime:0.000833s ]
INFO: [ app_begin ] --END-- [ RunTime:0.000902s ]
SQL: SHOW COLUMNS FROM `goods` [ RunTime:0.0052s ]
SQL: SHOW COLUMNS FROM `goods` [ RunTime:0.0042s ]
SQL: SELECT `material` FROM `goods`  [ RunTime:0.0003s ]
SQL: SELECT * FROM `goods`  [ RunTime:0.0003s ]
NOTIC: [8] Undefined index: p D:\phpstudy\WWW\stell\application\Home\Controller\StockController.class.php 第 19 行.
NOTIC: [8] Undefined index: limit D:\phpstudy\WWW\stell\ThinkPHP\Library\Think\Db\Driver.class.php 第 961 行.
SQL: SELECT * FROM `goods` ORDER BY id LIMIT 0,20   [ RunTime:0.0005s ]
SQL: SELECT COUNT(*) AS tp_count FROM `goods` LIMIT 1   [ RunTime:0.0002s ]
INFO: [ view_parse ] --START--
INFO: [ template_filter ] --START--
INFO: Run Behavior\ContentReplaceBehavior [ RunTime:0.000058s ]
INFO: [ template_filter ] --END-- [ RunTime:0.000105s ]
INFO: Run Behavior\ParseTemplateBehavior [ RunTime:0.008422s ]
INFO: [ view_parse ] --END-- [ RunTime:0.008470s ]
INFO: [ view_filter ] --START--
INFO: Run Behavior\WriteHtmlCacheBehavior [ RunTime:0.000498s ]
INFO: [ view_filter ] --END-- [ RunTime:0.000529s ]
INFO: [ app_end ] --START--
INFO: Run Behavior\ShowPageTraceBehavior [ RunTime:0.000621s ]
INFO: [ app_end ] --END-- [ RunTime:0.000665s ]

[ 2017-12-09T10:47:08+08:00 ] ::1 /stell/index.php/home/stock/index.html
INFO: [ app_init ] --START--
INFO: Run Behavior\BuildLiteBehavior [ RunTime:0.000063s ]
INFO: [ app_init ] --END-- [ RunTime:0.000245s ]
INFO: [ app_begin ] --START--
INFO: Run Behavior\ReadHtmlCacheBehavior [ RunTime:0.000649s ]
INFO: [ app_begin ] --END-- [ RunTime:0.000703s ]

[ 2017-12-09T10:47:20+08:00 ] ::1 /stell/index.php/home/stock/index.html
INFO: [ app_init ] --START--
INFO: Run Behavior\BuildLiteBehavior [ RunTime:0.000009s ]
INFO: [ app_init ] --END-- [ RunTime:0.000050s ]
INFO: [ app_begin ] --START--
INFO: Run Behavior\ReadHtmlCacheBehavior [ RunTime:0.000546s ]
INFO: [ app_begin ] --END-- [ RunTime:0.000599s ]
SQL: SHOW COLUMNS FROM `goods` [ RunTime:0.0068s ]
SQL: SHOW COLUMNS FROM `goods` [ RunTime:0.0062s ]
SQL: SELECT `material` FROM `goods`  [ RunTime:0.0004s ]
SQL: SELECT * FROM `goods`  [ RunTime:0.0005s ]
NOTIC: [8] Undefined index: p D:\phpstudy\WWW\stell\application\Home\Controller\StockController.class.php 第 19 行.
NOTIC: [8] Undefined index: limit D:\phpstudy\WWW\stell\ThinkPHP\Library\Think\Db\Driver.class.php 第 961 行.
SQL: SELECT * FROM `goods` ORDER BY id LIMIT 0,20   [ RunTime:0.0005s ]
SQL: SELECT COUNT(*) AS tp_count FROM `goods` LIMIT 1   [ RunTime:0.0002s ]
INFO: [ view_parse ] --START--
INFO: [ template_filter ] --START--
INFO: Run Behavior\ContentReplaceBehavior [ RunTime:0.000082s ]
INFO: [ template_filter ] --END-- [ RunTime:0.000178s ]
INFO: Run Behavior\ParseTemplateBehavior [ RunTime:0.013369s ]
INFO: [ view_parse ] --END-- [ RunTime:0.013455s ]
INFO: [ view_filter ] --START--
INFO: Run Behavior\WriteHtmlCacheBehavior [ RunTime:0.000656s ]
INFO: [ view_filter ] --END-- [ RunTime:0.000706s ]
INFO: [ app_end ] --START--
INFO: Run Behavior\ShowPageTraceBehavior [ RunTime:0.000998s ]
INFO: [ app_end ] --END-- [ RunTime:0.001079s ]

[ 2017-12-09T10:47:43+08:00 ] ::1 /stell/index.php/home/stock/index.html
INFO: [ app_init ] --START--
INFO: Run Behavior\BuildLiteBehavior [ RunTime:0.000011s ]
INFO: [ app_init ] --END-- [ RunTime:0.000072s ]
INFO: [ app_begin ] --START--
INFO: Run Behavior\ReadHtmlCacheBehavior [ RunTime:0.000644s ]
INFO: [ app_begin ] --END-- [ RunTime:0.000717s ]
SQL: SHOW COLUMNS FROM `goods` [ RunTime:0.0046s ]
SQL: SHOW COLUMNS FROM `goods` [ RunTime:0.0046s ]
SQL: SELECT `material` FROM `goods`  [ RunTime:0.0003s ]
SQL: SELECT * FROM `goods`  [ RunTime:0.0004s ]
NOTIC: [8] Undefined index: p D:\phpstudy\WWW\stell\application\Home\Controller\StockController.class.php 第 19 行.
NOTIC: [8] Undefined index: limit D:\phpstudy\WWW\stell\ThinkPHP\Library\Think\Db\Driver.class.php 第 961 行.
SQL: SELECT * FROM `goods` ORDER BY id LIMIT 0,20   [ RunTime:0.0005s ]
SQL: SELECT COUNT(*) AS tp_count FROM `goods` LIMIT 1   [ RunTime:0.0002s ]
INFO: [ view_parse ] --START--
INFO: [ template_filter ] --START--
INFO: Run Behavior\ContentReplaceBehavior [ RunTime:0.000052s ]
INFO: [ template_filter ] --END-- [ RunTime:0.000094s ]
INFO: Run Behavior\ParseTemplateBehavior [ RunTime:0.008037s ]
INFO: [ view_parse ] --END-- [ RunTime:0.008082s ]
INFO: [ view_filter ] --START--
INFO: Run Behavior\WriteHtmlCacheBehavior [ RunTime:0.000385s ]
INFO: [ view_filter ] --END-- [ RunTime:0.000417s ]
INFO: [ app_end ] --START--
INFO: Run Behavior\ShowPageTraceBehavior [ RunTime:0.000500s ]
INFO: [ app_end ] --END-- [ RunTime:0.000541s ]

[ 2017-12-09T10:47:51+08:00 ] ::1 /stell/index.php/home/stock/index.html
INFO: [ app_init ] --START--
INFO: Run Behavior\BuildLiteBehavior [ RunTime:0.000010s ]
INFO: [ app_init ] --END-- [ RunTime:0.000051s ]
INFO: [ app_begin ] --START--
INFO: Run Behavior\ReadHtmlCacheBehavior [ RunTime:0.000536s ]
INFO: [ app_begin ] --END-- [ RunTime:0.000576s ]
SQL: SHOW COLUMNS FROM `goods` [ RunTime:0.0046s ]
SQL: SHOW COLUMNS FROM `goods` [ RunTime:0.0046s ]
SQL: SELECT `material` FROM `goods`  [ RunTime:0.0006s ]
SQL: SELECT * FROM `goods`  [ RunTime:0.0008s ]
NOTIC: [8] Undefined index: p D:\phpstudy\WWW\stell\application\Home\Controller\StockController.class.php 第 18 行.
NOTIC: [8] Undefined index: limit D:\phpstudy\WWW\stell\ThinkPHP\Library\Think\Db\Driver.class.php 第 961 行.
SQL: SELECT * FROM `goods` ORDER BY id LIMIT 0,20   [ RunTime:0.0012s ]
SQL: SELECT COUNT(*) AS tp_count FROM `goods` LIMIT 1   [ RunTime:0.0004s ]
INFO: [ view_parse ] --START--
INFO: [ template_filter ] --START--
INFO: Run Behavior\ContentReplaceBehavior [ RunTime:0.000122s ]
INFO: [ template_filter ] --END-- [ RunTime:0.000213s ]
INFO: Run Behavior\ParseTemplateBehavior [ RunTime:0.018654s ]
INFO: [ view_parse ] --END-- [ RunTime:0.018755s ]
INFO: [ view_filter ] --START--
INFO: Run Behavior\WriteHtmlCacheBehavior [ RunTime:0.000757s ]
INFO: [ view_filter ] --END-- [ RunTime:0.000838s ]
INFO: [ app_end ] --START--
INFO: Run Behavior\ShowPageTraceBehavior [ RunTime:0.001251s ]
INFO: [ app_end ] --END-- [ RunTime:0.001346s ]

[ 2017-12-09T10:48:26+08:00 ] ::1 /stell/index.php/home/stock/index.html
INFO: [ app_init ] --START--
INFO: Run Behavior\BuildLiteBehavior [ RunTime:0.000012s ]
INFO: [ app_init ] --END-- [ RunTime:0.000065s ]
INFO: [ app_begin ] --START--
INFO: Run Behavior\ReadHtmlCacheBehavior [ RunTime:0.000518s ]
INFO: [ app_begin ] --END-- [ RunTime:0.000568s ]
SQL: SHOW COLUMNS FROM `goods` [ RunTime:0.0096s ]
SQL: SHOW COLUMNS FROM `goods` [ RunTime:0.0065s ]
SQL: SELECT `material` FROM `goods`  [ RunTime:0.0006s ]
SQL: SELECT * FROM `goods`  [ RunTime:0.0005s ]
SQL: SELECT * FROM `goods` ORDER BY id LIMIT 0,10   [ RunTime:0.0005s ]
SQL: SELECT COUNT(*) AS tp_count FROM `goods` LIMIT 1   [ RunTime:0.0003s ]
INFO: [ view_parse ] --START--
INFO: [ template_filter ] --START--
INFO: Run Behavior\ContentReplaceBehavior [ RunTime:0.000080s ]
INFO: [ template_filter ] --END-- [ RunTime:0.000136s ]
INFO: Run Behavior\ParseTemplateBehavior [ RunTime:0.010935s ]
INFO: [ view_parse ] --END-- [ RunTime:0.011002s ]
INFO: [ view_filter ] --START--
INFO: Run Behavior\WriteHtmlCacheBehavior [ RunTime:0.000505s ]
INFO: [ view_filter ] --END-- [ RunTime:0.000551s ]
INFO: [ app_end ] --START--
INFO: Run Behavior\ShowPageTraceBehavior [ RunTime:0.000700s ]
INFO: [ app_end ] --END-- [ RunTime:0.000775s ]

[ 2017-12-09T10:48:31+08:00 ] ::1 /stell/index.php/Home/Stock/index/p/2.html
INFO: [ app_init ] --START--
INFO: Run Behavior\BuildLiteBehavior [ RunTime:0.000012s ]
INFO: [ app_init ] --END-- [ RunTime:0.000063s ]
INFO: [ app_begin ] --START--
INFO: Run Behavior\ReadHtmlCacheBehavior [ RunTime:0.001117s ]
INFO: [ app_begin ] --END-- [ RunTime:0.001214s ]
SQL: SHOW COLUMNS FROM `goods` [ RunTime:0.0060s ]
SQL: SHOW COLUMNS FROM `goods` [ RunTime:0.0053s ]
SQL: SELECT `material` FROM `goods`  [ RunTime:0.0004s ]
SQL: SELECT * FROM `goods`  [ RunTime:0.0004s ]
SQL: SELECT * FROM `goods` ORDER BY id LIMIT 0,10   [ RunTime:0.0004s ]
SQL: SELECT COUNT(*) AS tp_count FROM `goods` LIMIT 1   [ RunTime:0.0003s ]
INFO: [ view_parse ] --START--
INFO: [ template_filter ] --START--
INFO: Run Behavior\ContentReplaceBehavior [ RunTime:0.000084s ]
INFO: [ template_filter ] --END-- [ RunTime:0.000154s ]
INFO: Run Behavior\ParseTemplateBehavior [ RunTime:0.010839s ]
INFO: [ view_parse ] --END-- [ RunTime:0.010913s ]
INFO: [ view_filter ] --START--
INFO: Run Behavior\WriteHtmlCacheBehavior [ RunTime:0.000563s ]
INFO: [ view_filter ] --END-- [ RunTime:0.000616s ]
INFO: [ app_end ] --START--
INFO: Run Behavior\ShowPageTraceBehavior [ RunTime:0.002533s ]
INFO: [ app_end ] --END-- [ RunTime:0.002630s ]

[ 2017-12-09T10:48:35+08:00 ] ::1 /stell/index.php/Home/Stock/index/p/1.html
INFO: [ app_init ] --START--
INFO: Run Behavior\BuildLiteBehavior [ RunTime:0.000010s ]
INFO: [ app_init ] --END-- [ RunTime:0.000050s ]
INFO: [ app_begin ] --START--
INFO: Run Behavior\ReadHtmlCacheBehavior [ RunTime:0.000562s ]
INFO: [ app_begin ] --END-- [ RunTime:0.000602s ]
SQL: SHOW COLUMNS FROM `goods` [ RunTime:0.0165s ]
SQL: SHOW COLUMNS FROM `goods` [ RunTime:0.0086s ]
SQL: SELECT `material` FROM `goods`  [ RunTime:0.0006s ]
SQL: SELECT * FROM `goods`  [ RunTime:0.0009s ]
SQL: SELECT * FROM `goods` ORDER BY id LIMIT 0,10   [ RunTime:0.0007s ]
SQL: SELECT COUNT(*) AS tp_count FROM `goods` LIMIT 1   [ RunTime:0.0005s ]
INFO: [ view_parse ] --START--
INFO: [ template_filter ] --START--
INFO: Run Behavior\ContentReplaceBehavior [ RunTime:0.000050s ]
INFO: [ template_filter ] --END-- [ RunTime:0.000092s ]
INFO: Run Behavior\ParseTemplateBehavior [ RunTime:0.015568s ]
INFO: [ view_parse ] --END-- [ RunTime:0.015656s ]
INFO: [ view_filter ] --START--
INFO: Run Behavior\WriteHtmlCacheBehavior [ RunTime:0.000463s ]
INFO: [ view_filter ] --END-- [ RunTime:0.000493s ]
INFO: [ app_end ] --START--
INFO: Run Behavior\ShowPageTraceBehavior [ RunTime:0.000658s ]
INFO: [ app_end ] --END-- [ RunTime:0.000712s ]

[ 2017-12-09T10:49:12+08:00 ] ::1 /stell/index.php/home/stock/index.html
INFO: [ app_init ] --START--
INFO: Run Behavior\BuildLiteBehavior [ RunTime:0.000011s ]
INFO: [ app_init ] --END-- [ RunTime:0.000063s ]
INFO: [ app_begin ] --START--
INFO: Run Behavior\ReadHtmlCacheBehavior [ RunTime:0.000679s ]
INFO: [ app_begin ] --END-- [ RunTime:0.000725s ]
SQL: SHOW COLUMNS FROM `goods` [ RunTime:0.0121s ]
SQL: SHOW COLUMNS FROM `goods` [ RunTime:0.0100s ]
SQL: SELECT `material` FROM `goods`  [ RunTime:0.0006s ]
SQL: SELECT * FROM `goods`  [ RunTime:0.0008s ]
NOTIC: [8] Undefined index: p D:\phpstudy\WWW\stell\application\Home\Controller\StockController.class.php 第 18 行.
NOTIC: [8] Undefined index: p D:\phpstudy\WWW\stell\application\Home\Controller\StockController.class.php 第 19 行.
NOTIC: [8] Undefined index: limit D:\phpstudy\WWW\stell\ThinkPHP\Library\Think\Db\Driver.class.php 第 961 行.
SQL: SELECT * FROM `goods` ORDER BY id LIMIT 0,20   [ RunTime:0.0012s ]
SQL: SELECT COUNT(*) AS tp_count FROM `goods` LIMIT 1   [ RunTime:0.0004s ]
INFO: [ view_parse ] --START--
INFO: [ template_filter ] --START--
INFO: Run Behavior\ContentReplaceBehavior [ RunTime:0.000133s ]
INFO: [ template_filter ] --END-- [ RunTime:0.000232s ]
INFO: Run Behavior\ParseTemplateBehavior [ RunTime:0.022352s ]
INFO: [ view_parse ] --END-- [ RunTime:0.022506s ]
INFO: [ view_filter ] --START--
INFO: Run Behavior\WriteHtmlCacheBehavior [ RunTime:0.001258s ]
INFO: [ view_filter ] --END-- [ RunTime:0.001361s ]
INFO: [ app_end ] --START--
INFO: Run Behavior\ShowPageTraceBehavior [ RunTime:0.002034s ]
INFO: [ app_end ] --END-- [ RunTime:0.002168s ]

[ 2017-12-09T10:50:09+08:00 ] ::1 /stell/index.php/home/stock/index.html
INFO: [ app_init ] --START--
INFO: Run Behavior\BuildLiteBehavior [ RunTime:0.000011s ]
INFO: [ app_init ] --END-- [ RunTime:0.000063s ]
INFO: [ app_begin ] --START--
INFO: Run Behavior\ReadHtmlCacheBehavior [ RunTime:0.000607s ]
INFO: [ app_begin ] --END-- [ RunTime:0.000647s ]
SQL: SHOW COLUMNS FROM `goods` [ RunTime:0.0112s ]
SQL: SHOW COLUMNS FROM `goods` [ RunTime:0.0108s ]
SQL: SELECT `material` FROM `goods`  [ RunTime:0.0008s ]
SQL: SELECT * FROM `goods`  [ RunTime:0.0009s ]
NOTIC: [8] Undefined index: p D:\phpstudy\WWW\stell\application\Home\Controller\StockController.class.php 第 18 行.
SQL: SELECT * FROM `goods` ORDER BY id LIMIT 0,10   [ RunTime:0.0008s ]
SQL: SELECT COUNT(*) AS tp_count FROM `goods` LIMIT 1   [ RunTime:0.0004s ]
INFO: [ view_parse ] --START--
INFO: [ template_filter ] --START--
INFO: Run Behavior\ContentReplaceBehavior [ RunTime:0.000084s ]
INFO: [ template_filter ] --END-- [ RunTime:0.000153s ]
INFO: Run Behavior\ParseTemplateBehavior [ RunTime:0.018306s ]
INFO: [ view_parse ] --END-- [ RunTime:0.018398s ]
INFO: [ view_filter ] --START--
INFO: Run Behavior\WriteHtmlCacheBehavior [ RunTime:0.000720s ]
INFO: [ view_filter ] --END-- [ RunTime:0.000771s ]
INFO: [ app_end ] --START--
INFO: Run Behavior\ShowPageTraceBehavior [ RunTime:0.000914s ]
INFO: [ app_end ] --END-- [ RunTime:0.000992s ]

[ 2017-12-09T10:50:12+08:00 ] ::1 /stell/index.php/Home/Stock/index/p/2.html
INFO: [ app_init ] --START--
INFO: Run Behavior\BuildLiteBehavior [ RunTime:0.000011s ]
INFO: [ app_init ] --END-- [ RunTime:0.000057s ]
INFO: [ app_begin ] --START--
INFO: Run Behavior\ReadHtmlCacheBehavior [ RunTime:0.001137s ]
INFO: [ app_begin ] --END-- [ RunTime:0.001200s ]
SQL: SHOW COLUMNS FROM `goods` [ RunTime:0.0118s ]
SQL: SHOW COLUMNS FROM `goods` [ RunTime:0.0125s ]
SQL: SELECT `material` FROM `goods`  [ RunTime:0.0004s ]
SQL: SELECT * FROM `goods`  [ RunTime:0.0004s ]
SQL: SELECT * FROM `goods` ORDER BY id LIMIT 10,10   [ RunTime:0.0005s ]
SQL: SELECT COUNT(*) AS tp_count FROM `goods` LIMIT 1   [ RunTime:0.0002s ]
INFO: [ view_parse ] --START--
INFO: [ template_filter ] --START--
INFO: Run Behavior\ContentReplaceBehavior [ RunTime:0.000072s ]
INFO: [ template_filter ] --END-- [ RunTime:0.000124s ]
INFO: Run Behavior\ParseTemplateBehavior [ RunTime:0.011223s ]
INFO: [ view_parse ] --END-- [ RunTime:0.011301s ]
INFO: [ view_filter ] --START--
INFO: Run Behavior\WriteHtmlCacheBehavior [ RunTime:0.000618s ]
INFO: [ view_filter ] --END-- [ RunTime:0.000660s ]
INFO: [ app_end ] --START--
INFO: Run Behavior\ShowPageTraceBehavior [ RunTime:0.000923s ]
INFO: [ app_end ] --END-- [ RunTime:0.001005s ]

[ 2017-12-09T10:50:15+08:00 ] ::1 /stell/index.php/Home/Stock/index/p/1.html
INFO: [ app_init ] --START--
INFO: Run Behavior\BuildLiteBehavior [ RunTime:0.000012s ]
INFO: [ app_init ] --END-- [ RunTime:0.000060s ]
INFO: [ app_begin ] --START--
INFO: Run Behavior\ReadHtmlCacheBehavior [ RunTime:0.000669s ]
INFO: [ app_begin ] --END-- [ RunTime:0.000714s ]
SQL: SHOW COLUMNS FROM `goods` [ RunTime:0.0124s ]
SQL: SHOW COLUMNS FROM `goods` [ RunTime:0.0155s ]
SQL: SELECT `material` FROM `goods`  [ RunTime:0.0009s ]
SQL: SELECT * FROM `goods`  [ RunTime:0.0012s ]
SQL: SELECT * FROM `goods` ORDER BY id LIMIT 0,10   [ RunTime:0.0014s ]
SQL: SELECT COUNT(*) AS tp_count FROM `goods` LIMIT 1   [ RunTime:0.0006s ]
INFO: [ view_parse ] --START--
INFO: [ template_filter ] --START--
INFO: Run Behavior\ContentReplaceBehavior [ RunTime:0.000074s ]
INFO: [ template_filter ] --END-- [ RunTime:0.000128s ]
INFO: Run Behavior\ParseTemplateBehavior [ RunTime:0.017129s ]
INFO: [ view_parse ] --END-- [ RunTime:0.017253s ]
INFO: [ view_filter ] --START--
INFO: Run Behavior\WriteHtmlCacheBehavior [ RunTime:0.000601s ]
INFO: [ view_filter ] --END-- [ RunTime:0.000643s ]
INFO: [ app_end ] --START--
INFO: Run Behavior\ShowPageTraceBehavior [ RunTime:0.000864s ]
INFO: [ app_end ] --END-- [ RunTime:0.000932s ]

[ 2017-12-09T10:50:21+08:00 ] ::1 /stell/index.php/home/stock/index.html
INFO: [ app_init ] --START--
INFO: Run Behavior\BuildLiteBehavior [ RunTime:0.000204s ]
INFO: [ app_init ] --END-- [ RunTime:0.000558s ]
INFO: [ app_begin ] --START--
INFO: Run Behavior\ReadHtmlCacheBehavior [ RunTime:0.000639s ]
INFO: [ app_begin ] --END-- [ RunTime:0.000690s ]
SQL: SHOW COLUMNS FROM `goods` [ RunTime:0.0048s ]
SQL: SHOW COLUMNS FROM `goods` [ RunTime:0.0047s ]
SQL: SELECT `material` FROM `goods`  [ RunTime:0.0003s ]
SQL: SELECT * FROM `goods`  [ RunTime:0.0004s ]
NOTIC: [8] Undefined index: p D:\phpstudy\WWW\stell\application\Home\Controller\StockController.class.php 第 18 行.
SQL: SELECT * FROM `goods` ORDER BY id LIMIT 0,10   [ RunTime:0.0003s ]
SQL: SELECT COUNT(*) AS tp_count FROM `goods` LIMIT 1   [ RunTime:0.0002s ]
INFO: [ view_parse ] --START--
INFO: [ template_filter ] --START--
INFO: Run Behavior\ContentReplaceBehavior [ RunTime:0.000062s ]
INFO: [ template_filter ] --END-- [ RunTime:0.000112s ]
INFO: Run Behavior\ParseTemplateBehavior [ RunTime:0.008303s ]
INFO: [ view_parse ] --END-- [ RunTime:0.008355s ]
INFO: [ view_filter ] --START--
INFO: Run Behavior\WriteHtmlCacheBehavior [ RunTime:0.000484s ]
INFO: [ view_filter ] --END-- [ RunTime:0.000515s ]
INFO: [ app_end ] --START--
INFO: Run Behavior\ShowPageTraceBehavior [ RunTime:0.000677s ]
INFO: [ app_end ] --END-- [ RunTime:0.000739s ]

[ 2017-12-09T10:50:33+08:00 ] ::1 /stell/index.php/home/stock/index.html
INFO: [ app_init ] --START--
INFO: Run Behavior\BuildLiteBehavior [ RunTime:0.000011s ]
INFO: [ app_init ] --END-- [ RunTime:0.000056s ]
INFO: [ app_begin ] --START--
INFO: Run Behavior\ReadHtmlCacheBehavior [ RunTime:0.000515s ]
INFO: [ app_begin ] --END-- [ RunTime:0.000560s ]
SQL: SHOW COLUMNS FROM `goods` [ RunTime:0.0135s ]
SQL: SHOW COLUMNS FROM `goods` [ RunTime:0.0147s ]
SQL: SELECT `material` FROM `goods`  [ RunTime:0.0009s ]
SQL: SELECT * FROM `goods`  [ RunTime:0.0012s ]
NOTIC: [8] Undefined index: p D:\phpstudy\WWW\stell\application\Home\Controller\StockController.class.php 第 18 行.
SQL: SELECT * FROM `goods` ORDER BY id LIMIT 0,20   [ RunTime:0.0016s ]
SQL: SELECT COUNT(*) AS tp_count FROM `goods` LIMIT 1   [ RunTime:0.0006s ]
INFO: [ view_parse ] --START--
INFO: [ template_filter ] --START--
INFO: Run Behavior\ContentReplaceBehavior [ RunTime:0.000109s ]
INFO: [ template_filter ] --END-- [ RunTime:0.000195s ]
INFO: Run Behavior\ParseTemplateBehavior [ RunTime:0.019306s ]
INFO: [ view_parse ] --END-- [ RunTime:0.019442s ]
INFO: [ view_filter ] --START--
INFO: Run Behavior\WriteHtmlCacheBehavior [ RunTime:0.001116s ]
INFO: [ view_filter ] --END-- [ RunTime:0.001192s ]
INFO: [ app_end ] --START--
INFO: Run Behavior\ShowPageTraceBehavior [ RunTime:0.001445s ]
INFO: [ app_end ] --END-- [ RunTime:0.001550s ]

[ 2017-12-09T10:50:36+08:00 ] ::1 /stell/index.php/Home/Stock/index/p/2.html
INFO: [ app_init ] --START--
INFO: Run Behavior\BuildLiteBehavior [ RunTime:0.000021s ]
INFO: [ app_init ] --END-- [ RunTime:0.000090s ]
INFO: [ app_begin ] --START--
INFO: Run Behavior\ReadHtmlCacheBehavior [ RunTime:0.000750s ]
INFO: [ app_begin ] --END-- [ RunTime:0.000820s ]
SQL: SHOW COLUMNS FROM `goods` [ RunTime:0.0075s ]
SQL: SHOW COLUMNS FROM `goods` [ RunTime:0.0076s ]
SQL: SELECT `material` FROM `goods`  [ RunTime:0.0005s ]
SQL: SELECT * FROM `goods`  [ RunTime:0.0006s ]
SQL: SELECT * FROM `goods` ORDER BY id LIMIT 20,20   [ RunTime:0.0006s ]
SQL: SELECT COUNT(*) AS tp_count FROM `goods` LIMIT 1   [ RunTime:0.0003s ]
INFO: [ view_parse ] --START--
INFO: [ template_filter ] --START--
INFO: Run Behavior\ContentReplaceBehavior [ RunTime:0.000151s ]
INFO: [ template_filter ] --END-- [ RunTime:0.000257s ]
INFO: Run Behavior\ParseTemplateBehavior [ RunTime:0.016455s ]
INFO: [ view_parse ] --END-- [ RunTime:0.016534s ]
INFO: [ view_filter ] --START--
INFO: Run Behavior\WriteHtmlCacheBehavior [ RunTime:0.000613s ]
INFO: [ view_filter ] --END-- [ RunTime:0.000671s ]
INFO: [ app_end ] --START--
INFO: Run Behavior\ShowPageTraceBehavior [ RunTime:0.000861s ]
INFO: [ app_end ] --END-- [ RunTime:0.000953s ]

[ 2017-12-09T10:50:39+08:00 ] ::1 /stell/index.php/Home/Stock/index/p/1.html
INFO: [ app_init ] --START--
INFO: Run Behavior\BuildLiteBehavior [ RunTime:0.000016s ]
INFO: [ app_init ] --END-- [ RunTime:0.000085s ]
INFO: [ app_begin ] --START--
INFO: Run Behavior\ReadHtmlCacheBehavior [ RunTime:0.000932s ]
INFO: [ app_begin ] --END-- [ RunTime:0.001029s ]
SQL: SHOW COLUMNS FROM `goods` [ RunTime:0.0041s ]
SQL: SHOW COLUMNS FROM `goods` [ RunTime:0.0041s ]
SQL: SELECT `material` FROM `goods`  [ RunTime:0.0003s ]
SQL: SELECT * FROM `goods`  [ RunTime:0.0005s ]
SQL: SELECT * FROM `goods` ORDER BY id LIMIT 0,20   [ RunTime:0.0005s ]
SQL: SELECT COUNT(*) AS tp_count FROM `goods` LIMIT 1   [ RunTime:0.0002s ]
INFO: [ view_parse ] --START--
INFO: [ template_filter ] --START--
INFO: Run Behavior\ContentReplaceBehavior [ RunTime:0.000074s ]
INFO: [ template_filter ] --END-- [ RunTime:0.000113s ]
INFO: Run Behavior\ParseTemplateBehavior [ RunTime:0.007145s ]
INFO: [ view_parse ] --END-- [ RunTime:0.007199s ]
INFO: [ view_filter ] --START--
INFO: Run Behavior\WriteHtmlCacheBehavior [ RunTime:0.000360s ]
INFO: [ view_filter ] --END-- [ RunTime:0.000394s ]
INFO: [ app_end ] --START--
INFO: Run Behavior\ShowPageTraceBehavior [ RunTime:0.000594s ]
INFO: [ app_end ] --END-- [ RunTime:0.000653s ]

[ 2017-12-09T10:55:27+08:00 ] ::1 /stell/index.php/Home/product/index/p/1.html
INFO: [ app_init ] --START--
INFO: Run Behavior\BuildLiteBehavior [ RunTime:0.000009s ]
INFO: [ app_init ] --END-- [ RunTime:0.000052s ]
INFO: [ app_begin ] --START--
INFO: Run Behavior\ReadHtmlCacheBehavior [ RunTime:0.000973s ]
INFO: [ app_begin ] --END-- [ RunTime:0.001064s ]
ERR: 无法加载控制器:Product

[ 2017-12-09T10:55:46+08:00 ] ::1 /stell/index.php/Home/product/index/p/1.html
INFO: [ app_init ] --START--
INFO: Run Behavior\BuildLiteBehavior [ RunTime:0.000010s ]
INFO: [ app_init ] --END-- [ RunTime:0.000049s ]
INFO: [ app_begin ] --START--
INFO: Run Behavior\ReadHtmlCacheBehavior [ RunTime:0.000667s ]
INFO: [ app_begin ] --END-- [ RunTime:0.000706s ]
SQL: SHOW COLUMNS FROM `goods` [ RunTime:0.0280s ]
SQL: SHOW COLUMNS FROM `goods` [ RunTime:0.0111s ]
SQL: SELECT * FROM `goods`  [ RunTime:0.0009s ]
SQL: SHOW COLUMNS FROM `contact` [ RunTime:0.0085s ]
SQL: SELECT * FROM `contact` WHERE ( Id ) LIMIT 1   [ RunTime:0.0004s ]
SQL: SELECT `material` FROM `goods`  [ RunTime:0.0003s ]
SQL: SELECT `material` FROM `goods`  [ RunTime:0.0003s ]
INFO: [ view_parse ] --START--
INFO: [ template_filter ] --START--
INFO: Run Behavior\ContentReplaceBehavior [ RunTime:0.000078s ]
INFO: [ template_filter ] --END-- [ RunTime:0.000137s ]
NOTIC: [8] Undefined variable: list D:\phpstudy\WWW\stell\application\Runtime\Cache\Home\3458861da0342b1f9413030055ee3fb6.php 第 101 行.
NOTIC: [8] Undefined variable: page D:\phpstudy\WWW\stell\application\Runtime\Cache\Home\3458861da0342b1f9413030055ee3fb6.php 第 114 行.
INFO: Run Behavior\ParseTemplateBehavior [ RunTime:0.013255s ]
INFO: [ view_parse ] --END-- [ RunTime:0.013323s ]
INFO: [ view_filter ] --START--
INFO: Run Behavior\WriteHtmlCacheBehavior [ RunTime:0.000795s ]
INFO: [ view_filter ] --END-- [ RunTime:0.000858s ]
INFO: [ app_end ] --START--
INFO: Run Behavior\ShowPageTraceBehavior [ RunTime:0.000977s ]
INFO: [ app_end ] --END-- [ RunTime:0.001029s ]

[ 2017-12-09T10:55:55+08:00 ] ::1 /stell/index.php/Home/product/index.html
INFO: [ app_init ] --START--
INFO: Run Behavior\BuildLiteBehavior [ RunTime:0.000012s ]
INFO: [ app_init ] --END-- [ RunTime:0.000060s ]
INFO: [ app_begin ] --START--
INFO: Run Behavior\ReadHtmlCacheBehavior [ RunTime:0.000638s ]
INFO: [ app_begin ] --END-- [ RunTime:0.000680s ]
SQL: SHOW COLUMNS FROM `goods` [ RunTime:0.0195s ]
SQL: SHOW COLUMNS FROM `goods` [ RunTime:0.0138s ]
SQL: SELECT * FROM `goods`  [ RunTime:0.0012s ]
SQL: SHOW COLUMNS FROM `contact` [ RunTime:0.0111s ]
SQL: SELECT * FROM `contact` WHERE ( Id ) LIMIT 1   [ RunTime:0.0005s ]
SQL: SELECT `material` FROM `goods`  [ RunTime:0.0004s ]
SQL: SELECT `material` FROM `goods`  [ RunTime:0.0004s ]
INFO: [ view_parse ] --START--
INFO: [ template_filter ] --START--
INFO: Run Behavior\ContentReplaceBehavior [ RunTime:0.000081s ]
INFO: [ template_filter ] --END-- [ RunTime:0.000142s ]
NOTIC: [8] Undefined variable: list D:\phpstudy\WWW\stell\application\Runtime\Cache\Home\3458861da0342b1f9413030055ee3fb6.php 第 101 行.
NOTIC: [8] Undefined variable: page D:\phpstudy\WWW\stell\application\Runtime\Cache\Home\3458861da0342b1f9413030055ee3fb6.php 第 114 行.
INFO: Run Behavior\ParseTemplateBehavior [ RunTime:0.013399s ]
INFO: [ view_parse ] --END-- [ RunTime:0.013478s ]
INFO: [ view_filter ] --START--
INFO: Run Behavior\WriteHtmlCacheBehavior [ RunTime:0.000727s ]
INFO: [ view_filter ] --END-- [ RunTime:0.000776s ]
INFO: [ app_end ] --START--
INFO: Run Behavior\ShowPageTraceBehavior [ RunTime:0.000958s ]
INFO: [ app_end ] --END-- [ RunTime:0.001011s ]

