[ 2017-12-28T00:04:56+08:00 ] 59.110.6.177 /
INFO: [ app_init ] --START--
INFO: Run Behavior\BuildLiteBehavior [ RunTime:0.000016s ]
INFO: [ app_init ] --END-- [ RunTime:0.000074s ]
INFO: [ app_begin ] --START--
INFO: Run Behavior\ReadHtmlCacheBehavior [ RunTime:0.000460s ]
INFO: [ app_begin ] --END-- [ RunTime:0.000518s ]
SQL: SHOW COLUMNS FROM `goods` [ RunTime:0.0015s ]
SQL: SHOW COLUMNS FROM `goods` [ RunTime:0.0011s ]
SQL: SELECT * FROM `goods` ORDER BY id DESC  [ RunTime:0.0004s ]
SQL: SHOW COLUMNS FROM `contact` [ RunTime:0.0012s ]
SQL: SELECT * FROM `contact` WHERE ( Id ) LIMIT 1   [ RunTime:0.0003s ]
SQL: SELECT `material` FROM `goods`  [ RunTime:0.0002s ]
SQL: SELECT `material` FROM `goods`  [ RunTime:0.0002s ]
SQL: SHOW COLUMNS FROM `connect` [ RunTime:0.0014s ]
SQL: SHOW COLUMNS FROM `connect` [ RunTime:0.0009s ]
SQL: SELECT * FROM `connect`  [ RunTime:0.0002s ]
SQL: SHOW COLUMNS FROM `product` [ RunTime:0.0012s ]
SQL: SHOW COLUMNS FROM `product` [ RunTime:0.0011s ]
SQL: SELECT * FROM `product`  [ RunTime:0.0003s ]
SQL: SHOW COLUMNS FROM `product` [ RunTime:0.0010s ]
SQL: SELECT * FROM `contact` WHERE ( Id ) LIMIT 1   [ RunTime:0.0002s ]
SQL: SHOW COLUMNS FROM `seo` [ RunTime:0.0013s ]
SQL: SHOW COLUMNS FROM `seo` [ RunTime:0.0010s ]
SQL: SELECT * FROM `seo` WHERE ( Id=1 ) LIMIT 1   [ RunTime:0.0002s ]
INFO: [ view_parse ] --START--
INFO: [ template_filter ] --START--
INFO: Run Behavior\ContentReplaceBehavior [ RunTime:0.000106s ]
INFO: [ template_filter ] --END-- [ RunTime:0.000154s ]
INFO: Run Behavior\ParseTemplateBehavior [ RunTime:0.019638s ]
INFO: [ view_parse ] --END-- [ RunTime:0.019701s ]
INFO: [ view_filter ] --START--
INFO: Run Behavior\WriteHtmlCacheBehavior [ RunTime:0.000223s ]
INFO: [ view_filter ] --END-- [ RunTime:0.000266s ]
INFO: [ app_end ] --START--
INFO: Run Behavior\ShowPageTraceBehavior [ RunTime:0.000486s ]
INFO: [ app_end ] --END-- [ RunTime:0.000536s ]

[ 2017-12-28T00:28:12+08:00 ] 216.158.238.178 /
INFO: [ app_init ] --START--
INFO: Run Behavior\BuildLiteBehavior [ RunTime:0.000017s ]
INFO: [ app_init ] --END-- [ RunTime:0.000077s ]
INFO: [ app_begin ] --START--
INFO: Run Behavior\ReadHtmlCacheBehavior [ RunTime:0.000486s ]
INFO: [ app_begin ] --END-- [ RunTime:0.000542s ]
SQL: SHOW COLUMNS FROM `goods` [ RunTime:0.0014s ]
SQL: SHOW COLUMNS FROM `goods` [ RunTime:0.0011s ]
SQL: SELECT * FROM `goods` ORDER BY id DESC  [ RunTime:0.0004s ]
SQL: SHOW COLUMNS FROM `contact` [ RunTime:0.0010s ]
SQL: SELECT * FROM `contact` WHERE ( Id ) LIMIT 1   [ RunTime:0.0003s ]
SQL: SELECT `material` FROM `goods`  [ RunTime:0.0002s ]
SQL: SELECT `material` FROM `goods`  [ RunTime:0.0002s ]
SQL: SHOW COLUMNS FROM `connect` [ RunTime:0.0010s ]
SQL: SHOW COLUMNS FROM `connect` [ RunTime:0.0012s ]
SQL: SELECT * FROM `connect`  [ RunTime:0.0002s ]
SQL: SHOW COLUMNS FROM `product` [ RunTime:0.0011s ]
SQL: SHOW COLUMNS FROM `product` [ RunTime:0.0011s ]
SQL: SELECT * FROM `product`  [ RunTime:0.0003s ]
SQL: SHOW COLUMNS FROM `product` [ RunTime:0.0010s ]
SQL: SELECT * FROM `contact` WHERE ( Id ) LIMIT 1   [ RunTime:0.0002s ]
SQL: SHOW COLUMNS FROM `seo` [ RunTime:0.0010s ]
SQL: SHOW COLUMNS FROM `seo` [ RunTime:0.0011s ]
SQL: SELECT * FROM `seo` WHERE ( Id=1 ) LIMIT 1   [ RunTime:0.0002s ]
INFO: [ view_parse ] --START--
INFO: [ template_filter ] --START--
INFO: Run Behavior\ContentReplaceBehavior [ RunTime:0.000103s ]
INFO: [ template_filter ] --END-- [ RunTime:0.000164s ]
INFO: Run Behavior\ParseTemplateBehavior [ RunTime:0.018899s ]
INFO: [ view_parse ] --END-- [ RunTime:0.018951s ]
INFO: [ view_filter ] --START--
INFO: Run Behavior\WriteHtmlCacheBehavior [ RunTime:0.000223s ]
INFO: [ view_filter ] --END-- [ RunTime:0.000266s ]
INFO: [ app_end ] --START--
INFO: Run Behavior\ShowPageTraceBehavior [ RunTime:0.000470s ]
INFO: [ app_end ] --END-- [ RunTime:0.000522s ]

[ 2017-12-28T00:37:49+08:00 ] 47.97.16.6 /
INFO: [ app_init ] --START--
INFO: Run Behavior\BuildLiteBehavior [ RunTime:0.000017s ]
INFO: [ app_init ] --END-- [ RunTime:0.000074s ]
INFO: [ app_begin ] --START--
INFO: Run Behavior\ReadHtmlCacheBehavior [ RunTime:0.000429s ]
INFO: [ app_begin ] --END-- [ RunTime:0.000486s ]
SQL: SHOW COLUMNS FROM `goods` [ RunTime:0.0015s ]
SQL: SHOW COLUMNS FROM `goods` [ RunTime:0.0011s ]
SQL: SELECT * FROM `goods` ORDER BY id DESC  [ RunTime:0.0004s ]
SQL: SHOW COLUMNS FROM `contact` [ RunTime:0.0012s ]
SQL: SELECT * FROM `contact` WHERE ( Id ) LIMIT 1   [ RunTime:0.0003s ]
SQL: SELECT `material` FROM `goods`  [ RunTime:0.0002s ]
SQL: SELECT `material` FROM `goods`  [ RunTime:0.0002s ]
SQL: SHOW COLUMNS FROM `connect` [ RunTime:0.0013s ]
SQL: SHOW COLUMNS FROM `connect` [ RunTime:0.0010s ]
SQL: SELECT * FROM `connect`  [ RunTime:0.0002s ]
SQL: SHOW COLUMNS FROM `product` [ RunTime:0.0012s ]
SQL: SHOW COLUMNS FROM `product` [ RunTime:0.0012s ]
SQL: SELECT * FROM `product`  [ RunTime:0.0003s ]
SQL: SHOW COLUMNS FROM `product` [ RunTime:0.0010s ]
SQL: SELECT * FROM `contact` WHERE ( Id ) LIMIT 1   [ RunTime:0.0002s ]
SQL: SHOW COLUMNS FROM `seo` [ RunTime:0.0012s ]
SQL: SHOW COLUMNS FROM `seo` [ RunTime:0.0010s ]
SQL: SELECT * FROM `seo` WHERE ( Id=1 ) LIMIT 1   [ RunTime:0.0002s ]
INFO: [ view_parse ] --START--
INFO: [ template_filter ] --START--
INFO: Run Behavior\ContentReplaceBehavior [ RunTime:0.000096s ]
INFO: [ template_filter ] --END-- [ RunTime:0.000147s ]
INFO: Run Behavior\ParseTemplateBehavior [ RunTime:0.018451s ]
INFO: [ view_parse ] --END-- [ RunTime:0.018506s ]
INFO: [ view_filter ] --START--
INFO: Run Behavior\WriteHtmlCacheBehavior [ RunTime:0.000232s ]
INFO: [ view_filter ] --END-- [ RunTime:0.000276s ]
INFO: [ app_end ] --START--
INFO: Run Behavior\ShowPageTraceBehavior [ RunTime:0.000464s ]
INFO: [ app_end ] --END-- [ RunTime:0.000516s ]

[ 2017-12-28T02:51:30+08:00 ] 47.97.16.6 /
INFO: [ app_init ] --START--
INFO: Run Behavior\BuildLiteBehavior [ RunTime:0.000018s ]
INFO: [ app_init ] --END-- [ RunTime:0.000076s ]
INFO: [ app_begin ] --START--
INFO: Run Behavior\ReadHtmlCacheBehavior [ RunTime:0.000518s ]
INFO: [ app_begin ] --END-- [ RunTime:0.000573s ]
SQL: SHOW COLUMNS FROM `goods` [ RunTime:0.0015s ]
SQL: SHOW COLUMNS FROM `goods` [ RunTime:0.0011s ]
SQL: SELECT * FROM `goods` ORDER BY id DESC  [ RunTime:0.0005s ]
SQL: SHOW COLUMNS FROM `contact` [ RunTime:0.0012s ]
SQL: SELECT * FROM `contact` WHERE ( Id ) LIMIT 1   [ RunTime:0.0003s ]
SQL: SELECT `material` FROM `goods`  [ RunTime:0.0002s ]
SQL: SELECT `material` FROM `goods`  [ RunTime:0.0002s ]
SQL: SHOW COLUMNS FROM `connect` [ RunTime:0.0012s ]
SQL: SHOW COLUMNS FROM `connect` [ RunTime:0.0010s ]
SQL: SELECT * FROM `connect`  [ RunTime:0.0002s ]
SQL: SHOW COLUMNS FROM `product` [ RunTime:0.0013s ]
SQL: SHOW COLUMNS FROM `product` [ RunTime:0.0010s ]
SQL: SELECT * FROM `product`  [ RunTime:0.0003s ]
SQL: SHOW COLUMNS FROM `product` [ RunTime:0.0010s ]
SQL: SELECT * FROM `contact` WHERE ( Id ) LIMIT 1   [ RunTime:0.0002s ]
SQL: SHOW COLUMNS FROM `seo` [ RunTime:0.0012s ]
SQL: SHOW COLUMNS FROM `seo` [ RunTime:0.0010s ]
SQL: SELECT * FROM `seo` WHERE ( Id=1 ) LIMIT 1   [ RunTime:0.0002s ]
INFO: [ view_parse ] --START--
INFO: [ template_filter ] --START--
INFO: Run Behavior\ContentReplaceBehavior [ RunTime:0.000098s ]
INFO: [ template_filter ] --END-- [ RunTime:0.000163s ]
INFO: Run Behavior\ParseTemplateBehavior [ RunTime:0.019262s ]
INFO: [ view_parse ] --END-- [ RunTime:0.019317s ]
INFO: [ view_filter ] --START--
INFO: Run Behavior\WriteHtmlCacheBehavior [ RunTime:0.000232s ]
INFO: [ view_filter ] --END-- [ RunTime:0.000276s ]
INFO: [ app_end ] --START--
INFO: Run Behavior\ShowPageTraceBehavior [ RunTime:0.000500s ]
INFO: [ app_end ] --END-- [ RunTime:0.000560s ]

[ 2017-12-28T08:08:55+08:00 ] 47.93.112.232 /
INFO: [ app_init ] --START--
INFO: Run Behavior\BuildLiteBehavior [ RunTime:0.000017s ]
INFO: [ app_init ] --END-- [ RunTime:0.000076s ]
INFO: [ app_begin ] --START--
INFO: Run Behavior\ReadHtmlCacheBehavior [ RunTime:0.000433s ]
INFO: [ app_begin ] --END-- [ RunTime:0.000495s ]
SQL: SHOW COLUMNS FROM `goods` [ RunTime:0.0015s ]
SQL: SHOW COLUMNS FROM `goods` [ RunTime:0.0011s ]
SQL: SELECT * FROM `goods` ORDER BY id DESC  [ RunTime:0.0004s ]
SQL: SHOW COLUMNS FROM `contact` [ RunTime:0.0013s ]
SQL: SELECT * FROM `contact` WHERE ( Id ) LIMIT 1   [ RunTime:0.0003s ]
SQL: SELECT `material` FROM `goods`  [ RunTime:0.0002s ]
SQL: SELECT `material` FROM `goods`  [ RunTime:0.0002s ]
SQL: SHOW COLUMNS FROM `connect` [ RunTime:0.0013s ]
SQL: SHOW COLUMNS FROM `connect` [ RunTime:0.0010s ]
SQL: SELECT * FROM `connect`  [ RunTime:0.0002s ]
SQL: SHOW COLUMNS FROM `product` [ RunTime:0.0012s ]
SQL: SHOW COLUMNS FROM `product` [ RunTime:0.0010s ]
SQL: SELECT * FROM `product`  [ RunTime:0.0004s ]
SQL: SHOW COLUMNS FROM `product` [ RunTime:0.0011s ]
SQL: SELECT * FROM `contact` WHERE ( Id ) LIMIT 1   [ RunTime:0.0003s ]
SQL: SHOW COLUMNS FROM `seo` [ RunTime:0.0013s ]
SQL: SHOW COLUMNS FROM `seo` [ RunTime:0.0010s ]
SQL: SELECT * FROM `seo` WHERE ( Id=1 ) LIMIT 1   [ RunTime:0.0002s ]
INFO: [ view_parse ] --START--
INFO: [ template_filter ] --START--
INFO: Run Behavior\ContentReplaceBehavior [ RunTime:0.000130s ]
INFO: [ template_filter ] --END-- [ RunTime:0.000185s ]
INFO: Run Behavior\ParseTemplateBehavior [ RunTime:0.019062s ]
INFO: [ view_parse ] --END-- [ RunTime:0.019128s ]
INFO: [ view_filter ] --START--
INFO: Run Behavior\WriteHtmlCacheBehavior [ RunTime:0.000325s ]
INFO: [ view_filter ] --END-- [ RunTime:0.000378s ]
INFO: [ app_end ] --START--
INFO: Run Behavior\ShowPageTraceBehavior [ RunTime:0.000476s ]
INFO: [ app_end ] --END-- [ RunTime:0.000529s ]

[ 2017-12-28T11:01:02+08:00 ] 140.205.225.194 /
INFO: [ app_init ] --START--
INFO: Run Behavior\BuildLiteBehavior [ RunTime:0.000017s ]
INFO: [ app_init ] --END-- [ RunTime:0.000077s ]
INFO: [ app_begin ] --START--
INFO: Run Behavior\ReadHtmlCacheBehavior [ RunTime:0.000443s ]
INFO: [ app_begin ] --END-- [ RunTime:0.000502s ]
SQL: SHOW COLUMNS FROM `goods` [ RunTime:0.0015s ]
SQL: SHOW COLUMNS FROM `goods` [ RunTime:0.0011s ]
SQL: SELECT * FROM `goods` ORDER BY id DESC  [ RunTime:0.0004s ]
SQL: SHOW COLUMNS FROM `contact` [ RunTime:0.0012s ]
SQL: SELECT * FROM `contact` WHERE ( Id ) LIMIT 1   [ RunTime:0.0003s ]
SQL: SELECT `material` FROM `goods`  [ RunTime:0.0002s ]
SQL: SELECT `material` FROM `goods`  [ RunTime:0.0002s ]
SQL: SHOW COLUMNS FROM `connect` [ RunTime:0.0011s ]
SQL: SHOW COLUMNS FROM `connect` [ RunTime:0.0009s ]
SQL: SELECT * FROM `connect`  [ RunTime:0.0002s ]
SQL: SHOW COLUMNS FROM `product` [ RunTime:0.0012s ]
SQL: SHOW COLUMNS FROM `product` [ RunTime:0.0010s ]
SQL: SELECT * FROM `product`  [ RunTime:0.0003s ]
SQL: SHOW COLUMNS FROM `product` [ RunTime:0.0011s ]
SQL: SELECT * FROM `contact` WHERE ( Id ) LIMIT 1   [ RunTime:0.0002s ]
SQL: SHOW COLUMNS FROM `seo` [ RunTime:0.0012s ]
SQL: SHOW COLUMNS FROM `seo` [ RunTime:0.0011s ]
SQL: SELECT * FROM `seo` WHERE ( Id=1 ) LIMIT 1   [ RunTime:0.0002s ]
INFO: [ view_parse ] --START--
INFO: [ template_filter ] --START--
INFO: Run Behavior\ContentReplaceBehavior [ RunTime:0.000096s ]
INFO: [ template_filter ] --END-- [ RunTime:0.000149s ]
INFO: Run Behavior\ParseTemplateBehavior [ RunTime:0.018390s ]
INFO: [ view_parse ] --END-- [ RunTime:0.018444s ]
INFO: [ view_filter ] --START--
INFO: Run Behavior\WriteHtmlCacheBehavior [ RunTime:0.000230s ]
INFO: [ view_filter ] --END-- [ RunTime:0.000272s ]
INFO: [ app_end ] --START--
INFO: Run Behavior\ShowPageTraceBehavior [ RunTime:0.000465s ]
INFO: [ app_end ] --END-- [ RunTime:0.000517s ]

[ 2017-12-28T11:01:05+08:00 ] 140.205.225.194 /
INFO: [ app_init ] --START--
INFO: Run Behavior\BuildLiteBehavior [ RunTime:0.000016s ]
INFO: [ app_init ] --END-- [ RunTime:0.000066s ]
INFO: [ app_begin ] --START--
INFO: Run Behavior\ReadHtmlCacheBehavior [ RunTime:0.000404s ]
INFO: [ app_begin ] --END-- [ RunTime:0.000463s ]
SQL: SHOW COLUMNS FROM `goods` [ RunTime:0.0014s ]
SQL: SHOW COLUMNS FROM `goods` [ RunTime:0.0010s ]
SQL: SELECT * FROM `goods` ORDER BY id DESC  [ RunTime:0.0004s ]
SQL: SHOW COLUMNS FROM `contact` [ RunTime:0.0010s ]
SQL: SELECT * FROM `contact` WHERE ( Id ) LIMIT 1   [ RunTime:0.0003s ]
SQL: SELECT `material` FROM `goods`  [ RunTime:0.0002s ]
SQL: SELECT `material` FROM `goods`  [ RunTime:0.0002s ]
SQL: SHOW COLUMNS FROM `connect` [ RunTime:0.0010s ]
SQL: SHOW COLUMNS FROM `connect` [ RunTime:0.0009s ]
SQL: SELECT * FROM `connect`  [ RunTime:0.0002s ]
SQL: SHOW COLUMNS FROM `product` [ RunTime:0.0010s ]
SQL: SHOW COLUMNS FROM `product` [ RunTime:0.0010s ]
SQL: SELECT * FROM `product`  [ RunTime:0.0003s ]
SQL: SHOW COLUMNS FROM `product` [ RunTime:0.0010s ]
SQL: SELECT * FROM `contact` WHERE ( Id ) LIMIT 1   [ RunTime:0.0002s ]
SQL: SHOW COLUMNS FROM `seo` [ RunTime:0.0010s ]
SQL: SHOW COLUMNS FROM `seo` [ RunTime:0.0011s ]
SQL: SELECT * FROM `seo` WHERE ( Id=1 ) LIMIT 1   [ RunTime:0.0002s ]
INFO: [ view_parse ] --START--
INFO: [ template_filter ] --START--
INFO: Run Behavior\ContentReplaceBehavior [ RunTime:0.000087s ]
INFO: [ template_filter ] --END-- [ RunTime:0.000137s ]
INFO: Run Behavior\ParseTemplateBehavior [ RunTime:0.010576s ]
INFO: [ view_parse ] --END-- [ RunTime:0.010632s ]
INFO: [ view_filter ] --START--
INFO: Run Behavior\WriteHtmlCacheBehavior [ RunTime:0.000183s ]
INFO: [ view_filter ] --END-- [ RunTime:0.000224s ]
INFO: [ app_end ] --START--
INFO: Run Behavior\ShowPageTraceBehavior [ RunTime:0.000419s ]
INFO: [ app_end ] --END-- [ RunTime:0.000468s ]

[ 2017-12-28T11:01:09+08:00 ] 140.205.225.194 /
INFO: [ app_init ] --START--
INFO: Run Behavior\BuildLiteBehavior [ RunTime:0.000015s ]
INFO: [ app_init ] --END-- [ RunTime:0.000066s ]
INFO: [ app_begin ] --START--
INFO: Run Behavior\ReadHtmlCacheBehavior [ RunTime:0.000398s ]
INFO: [ app_begin ] --END-- [ RunTime:0.000456s ]
SQL: SHOW COLUMNS FROM `goods` [ RunTime:0.0015s ]
SQL: SHOW COLUMNS FROM `goods` [ RunTime:0.0011s ]
SQL: SELECT * FROM `goods` ORDER BY id DESC  [ RunTime:0.0004s ]
SQL: SHOW COLUMNS FROM `contact` [ RunTime:0.0011s ]
SQL: SELECT * FROM `contact` WHERE ( Id ) LIMIT 1   [ RunTime:0.0003s ]
SQL: SELECT `material` FROM `goods`  [ RunTime:0.0002s ]
SQL: SELECT `material` FROM `goods`  [ RunTime:0.0002s ]
SQL: SHOW COLUMNS FROM `connect` [ RunTime:0.0010s ]
SQL: SHOW COLUMNS FROM `connect` [ RunTime:0.0010s ]
SQL: SELECT * FROM `connect`  [ RunTime:0.0002s ]
SQL: SHOW COLUMNS FROM `product` [ RunTime:0.0011s ]
SQL: SHOW COLUMNS FROM `product` [ RunTime:0.0010s ]
SQL: SELECT * FROM `product`  [ RunTime:0.0003s ]
SQL: SHOW COLUMNS FROM `product` [ RunTime:0.0011s ]
SQL: SELECT * FROM `contact` WHERE ( Id ) LIMIT 1   [ RunTime:0.0002s ]
SQL: SHOW COLUMNS FROM `seo` [ RunTime:0.0010s ]
SQL: SHOW COLUMNS FROM `seo` [ RunTime:0.0011s ]
SQL: SELECT * FROM `seo` WHERE ( Id=1 ) LIMIT 1   [ RunTime:0.0002s ]
INFO: [ view_parse ] --START--
INFO: [ template_filter ] --START--
INFO: Run Behavior\ContentReplaceBehavior [ RunTime:0.000096s ]
INFO: [ template_filter ] --END-- [ RunTime:0.000149s ]
INFO: Run Behavior\ParseTemplateBehavior [ RunTime:0.010848s ]
INFO: [ view_parse ] --END-- [ RunTime:0.010904s ]
INFO: [ view_filter ] --START--
INFO: Run Behavior\WriteHtmlCacheBehavior [ RunTime:0.000188s ]
INFO: [ view_filter ] --END-- [ RunTime:0.000230s ]
INFO: [ app_end ] --START--
INFO: Run Behavior\ShowPageTraceBehavior [ RunTime:0.000422s ]
INFO: [ app_end ] --END-- [ RunTime:0.000478s ]

[ 2017-12-28T11:01:18+08:00 ] 140.205.225.194 /
INFO: [ app_init ] --START--
INFO: Run Behavior\BuildLiteBehavior [ RunTime:0.000016s ]
INFO: [ app_init ] --END-- [ RunTime:0.000065s ]
INFO: [ app_begin ] --START--
INFO: Run Behavior\ReadHtmlCacheBehavior [ RunTime:0.000402s ]
INFO: [ app_begin ] --END-- [ RunTime:0.000458s ]
SQL: SHOW COLUMNS FROM `goods` [ RunTime:0.0014s ]
SQL: SHOW COLUMNS FROM `goods` [ RunTime:0.0012s ]
SQL: SELECT * FROM `goods` ORDER BY id DESC  [ RunTime:0.0004s ]
SQL: SHOW COLUMNS FROM `contact` [ RunTime:0.0012s ]
SQL: SELECT * FROM `contact` WHERE ( Id ) LIMIT 1   [ RunTime:0.0003s ]
SQL: SELECT `material` FROM `goods`  [ RunTime:0.0002s ]
SQL: SELECT `material` FROM `goods`  [ RunTime:0.0002s ]
SQL: SHOW COLUMNS FROM `connect` [ RunTime:0.0009s ]
SQL: SHOW COLUMNS FROM `connect` [ RunTime:0.0009s ]
SQL: SELECT * FROM `connect`  [ RunTime:0.0002s ]
SQL: SHOW COLUMNS FROM `product` [ RunTime:0.0010s ]
SQL: SHOW COLUMNS FROM `product` [ RunTime:0.0010s ]
SQL: SELECT * FROM `product`  [ RunTime:0.0003s ]
SQL: SHOW COLUMNS FROM `product` [ RunTime:0.0010s ]
SQL: SELECT * FROM `contact` WHERE ( Id ) LIMIT 1   [ RunTime:0.0002s ]
SQL: SHOW COLUMNS FROM `seo` [ RunTime:0.0010s ]
SQL: SHOW COLUMNS FROM `seo` [ RunTime:0.0010s ]
SQL: SELECT * FROM `seo` WHERE ( Id=1 ) LIMIT 1   [ RunTime:0.0002s ]
INFO: [ view_parse ] --START--
INFO: [ template_filter ] --START--
INFO: Run Behavior\ContentReplaceBehavior [ RunTime:0.000086s ]
INFO: [ template_filter ] --END-- [ RunTime:0.000136s ]
INFO: Run Behavior\ParseTemplateBehavior [ RunTime:0.010460s ]
INFO: [ view_parse ] --END-- [ RunTime:0.010513s ]
INFO: [ view_filter ] --START--
INFO: Run Behavior\WriteHtmlCacheBehavior [ RunTime:0.000183s ]
INFO: [ view_filter ] --END-- [ RunTime:0.000224s ]
INFO: [ app_end ] --START--
INFO: Run Behavior\ShowPageTraceBehavior [ RunTime:0.000424s ]
INFO: [ app_end ] --END-- [ RunTime:0.000474s ]

[ 2017-12-28T11:01:21+08:00 ] 140.205.225.194 /
INFO: [ app_init ] --START--
INFO: Run Behavior\BuildLiteBehavior [ RunTime:0.000015s ]
INFO: [ app_init ] --END-- [ RunTime:0.000065s ]
INFO: [ app_begin ] --START--
INFO: Run Behavior\ReadHtmlCacheBehavior [ RunTime:0.000403s ]
INFO: [ app_begin ] --END-- [ RunTime:0.000460s ]
SQL: SHOW COLUMNS FROM `goods` [ RunTime:0.0014s ]
SQL: SHOW COLUMNS FROM `goods` [ RunTime:0.0012s ]
SQL: SELECT * FROM `goods` ORDER BY id DESC  [ RunTime:0.0005s ]
SQL: SHOW COLUMNS FROM `contact` [ RunTime:0.0012s ]
SQL: SELECT * FROM `contact` WHERE ( Id ) LIMIT 1   [ RunTime:0.0003s ]
SQL: SELECT `material` FROM `goods`  [ RunTime:0.0002s ]
SQL: SELECT `material` FROM `goods`  [ RunTime:0.0002s ]
SQL: SHOW COLUMNS FROM `connect` [ RunTime:0.0011s ]
SQL: SHOW COLUMNS FROM `connect` [ RunTime:0.0010s ]
SQL: SELECT * FROM `connect`  [ RunTime:0.0002s ]
SQL: SHOW COLUMNS FROM `product` [ RunTime:0.0010s ]
SQL: SHOW COLUMNS FROM `product` [ RunTime:0.0010s ]
SQL: SELECT * FROM `product`  [ RunTime:0.0003s ]
SQL: SHOW COLUMNS FROM `product` [ RunTime:0.0010s ]
SQL: SELECT * FROM `contact` WHERE ( Id ) LIMIT 1   [ RunTime:0.0002s ]
SQL: SHOW COLUMNS FROM `seo` [ RunTime:0.0013s ]
SQL: SHOW COLUMNS FROM `seo` [ RunTime:0.0010s ]
SQL: SELECT * FROM `seo` WHERE ( Id=1 ) LIMIT 1   [ RunTime:0.0002s ]
INFO: [ view_parse ] --START--
INFO: [ template_filter ] --START--
INFO: Run Behavior\ContentReplaceBehavior [ RunTime:0.000086s ]
INFO: [ template_filter ] --END-- [ RunTime:0.000134s ]
INFO: Run Behavior\ParseTemplateBehavior [ RunTime:0.010492s ]
INFO: [ view_parse ] --END-- [ RunTime:0.010545s ]
INFO: [ view_filter ] --START--
INFO: Run Behavior\WriteHtmlCacheBehavior [ RunTime:0.000181s ]
INFO: [ view_filter ] --END-- [ RunTime:0.000223s ]
INFO: [ app_end ] --START--
INFO: Run Behavior\ShowPageTraceBehavior [ RunTime:0.000404s ]
INFO: [ app_end ] --END-- [ RunTime:0.000462s ]

[ 2017-12-28T11:01:25+08:00 ] 140.205.225.194 /
INFO: [ app_init ] --START--
INFO: Run Behavior\BuildLiteBehavior [ RunTime:0.000015s ]
INFO: [ app_init ] --END-- [ RunTime:0.000065s ]
INFO: [ app_begin ] --START--
INFO: Run Behavior\ReadHtmlCacheBehavior [ RunTime:0.000399s ]
INFO: [ app_begin ] --END-- [ RunTime:0.000465s ]
SQL: SHOW COLUMNS FROM `goods` [ RunTime:0.0013s ]
SQL: SHOW COLUMNS FROM `goods` [ RunTime:0.0011s ]
SQL: SELECT * FROM `goods` ORDER BY id DESC  [ RunTime:0.0004s ]
SQL: SHOW COLUMNS FROM `contact` [ RunTime:0.0011s ]
SQL: SELECT * FROM `contact` WHERE ( Id ) LIMIT 1   [ RunTime:0.0003s ]
SQL: SELECT `material` FROM `goods`  [ RunTime:0.0002s ]
SQL: SELECT `material` FROM `goods`  [ RunTime:0.0002s ]
SQL: SHOW COLUMNS FROM `connect` [ RunTime:0.0009s ]
SQL: SHOW COLUMNS FROM `connect` [ RunTime:0.0009s ]
SQL: SELECT * FROM `connect`  [ RunTime:0.0002s ]
SQL: SHOW COLUMNS FROM `product` [ RunTime:0.0012s ]
SQL: SHOW COLUMNS FROM `product` [ RunTime:0.0010s ]
SQL: SELECT * FROM `product`  [ RunTime:0.0003s ]
SQL: SHOW COLUMNS FROM `product` [ RunTime:0.0010s ]
SQL: SELECT * FROM `contact` WHERE ( Id ) LIMIT 1   [ RunTime:0.0002s ]
SQL: SHOW COLUMNS FROM `seo` [ RunTime:0.0010s ]
SQL: SHOW COLUMNS FROM `seo` [ RunTime:0.0011s ]
SQL: SELECT * FROM `seo` WHERE ( Id=1 ) LIMIT 1   [ RunTime:0.0002s ]
INFO: [ view_parse ] --START--
INFO: [ template_filter ] --START--
INFO: Run Behavior\ContentReplaceBehavior [ RunTime:0.000086s ]
INFO: [ template_filter ] --END-- [ RunTime:0.000134s ]
INFO: Run Behavior\ParseTemplateBehavior [ RunTime:0.010478s ]
INFO: [ view_parse ] --END-- [ RunTime:0.010530s ]
INFO: [ view_filter ] --START--
INFO: Run Behavior\WriteHtmlCacheBehavior [ RunTime:0.000182s ]
INFO: [ view_filter ] --END-- [ RunTime:0.000222s ]
INFO: [ app_end ] --START--
INFO: Run Behavior\ShowPageTraceBehavior [ RunTime:0.000424s ]
INFO: [ app_end ] --END-- [ RunTime:0.000473s ]

[ 2017-12-28T16:11:48+08:00 ] 114.215.45.101 /
INFO: [ app_init ] --START--
INFO: Run Behavior\BuildLiteBehavior [ RunTime:0.000027s ]
INFO: [ app_init ] --END-- [ RunTime:0.000116s ]
INFO: [ app_begin ] --START--
INFO: Run Behavior\ReadHtmlCacheBehavior [ RunTime:0.000645s ]
INFO: [ app_begin ] --END-- [ RunTime:0.000730s ]
SQL: SHOW COLUMNS FROM `goods` [ RunTime:0.0016s ]
SQL: SHOW COLUMNS FROM `goods` [ RunTime:0.0011s ]
SQL: SELECT * FROM `goods` ORDER BY id DESC  [ RunTime:0.0004s ]
SQL: SHOW COLUMNS FROM `contact` [ RunTime:0.0012s ]
SQL: SELECT * FROM `contact` WHERE ( Id ) LIMIT 1   [ RunTime:0.0003s ]
SQL: SELECT `material` FROM `goods`  [ RunTime:0.0002s ]
SQL: SELECT `material` FROM `goods`  [ RunTime:0.0002s ]
SQL: SHOW COLUMNS FROM `connect` [ RunTime:0.0015s ]
SQL: SHOW COLUMNS FROM `connect` [ RunTime:0.0009s ]
SQL: SELECT * FROM `connect`  [ RunTime:0.0002s ]
SQL: SHOW COLUMNS FROM `product` [ RunTime:0.0012s ]
SQL: SHOW COLUMNS FROM `product` [ RunTime:0.0010s ]
SQL: SELECT * FROM `product`  [ RunTime:0.0003s ]
SQL: SHOW COLUMNS FROM `product` [ RunTime:0.0011s ]
SQL: SELECT * FROM `contact` WHERE ( Id ) LIMIT 1   [ RunTime:0.0003s ]
SQL: SHOW COLUMNS FROM `seo` [ RunTime:0.0013s ]
SQL: SHOW COLUMNS FROM `seo` [ RunTime:0.0010s ]
SQL: SELECT * FROM `seo` WHERE ( Id=1 ) LIMIT 1   [ RunTime:0.0002s ]
INFO: [ view_parse ] --START--
INFO: [ template_filter ] --START--
INFO: Run Behavior\ContentReplaceBehavior [ RunTime:0.000110s ]
INFO: [ template_filter ] --END-- [ RunTime:0.000163s ]
INFO: Run Behavior\ParseTemplateBehavior [ RunTime:0.019088s ]
INFO: [ view_parse ] --END-- [ RunTime:0.019154s ]
INFO: [ view_filter ] --START--
INFO: Run Behavior\WriteHtmlCacheBehavior [ RunTime:0.000243s ]
INFO: [ view_filter ] --END-- [ RunTime:0.000296s ]
INFO: [ app_end ] --START--
INFO: Run Behavior\ShowPageTraceBehavior [ RunTime:0.000483s ]
INFO: [ app_end ] --END-- [ RunTime:0.000545s ]

[ 2017-12-28T17:35:28+08:00 ] 140.205.225.193 /
INFO: [ app_init ] --START--
INFO: Run Behavior\BuildLiteBehavior [ RunTime:0.000017s ]
INFO: [ app_init ] --END-- [ RunTime:0.000075s ]
INFO: [ app_begin ] --START--
INFO: Run Behavior\ReadHtmlCacheBehavior [ RunTime:0.000431s ]
INFO: [ app_begin ] --END-- [ RunTime:0.000491s ]
SQL: SHOW COLUMNS FROM `goods` [ RunTime:0.0015s ]
SQL: SHOW COLUMNS FROM `goods` [ RunTime:0.0011s ]
SQL: SELECT * FROM `goods` ORDER BY id DESC  [ RunTime:0.0004s ]
SQL: SHOW COLUMNS FROM `contact` [ RunTime:0.0013s ]
SQL: SELECT * FROM `contact` WHERE ( Id ) LIMIT 1   [ RunTime:0.0003s ]
SQL: SELECT `material` FROM `goods`  [ RunTime:0.0002s ]
SQL: SELECT `material` FROM `goods`  [ RunTime:0.0002s ]
SQL: SHOW COLUMNS FROM `connect` [ RunTime:0.0014s ]
SQL: SHOW COLUMNS FROM `connect` [ RunTime:0.0009s ]
SQL: SELECT * FROM `connect`  [ RunTime:0.0002s ]
SQL: SHOW COLUMNS FROM `product` [ RunTime:0.0012s ]
SQL: SHOW COLUMNS FROM `product` [ RunTime:0.0010s ]
SQL: SELECT * FROM `product`  [ RunTime:0.0003s ]
SQL: SHOW COLUMNS FROM `product` [ RunTime:0.0011s ]
SQL: SELECT * FROM `contact` WHERE ( Id ) LIMIT 1   [ RunTime:0.0003s ]
SQL: SHOW COLUMNS FROM `seo` [ RunTime:0.0012s ]
SQL: SHOW COLUMNS FROM `seo` [ RunTime:0.0010s ]
SQL: SELECT * FROM `seo` WHERE ( Id=1 ) LIMIT 1   [ RunTime:0.0002s ]
INFO: [ view_parse ] --START--
INFO: [ template_filter ] --START--
INFO: Run Behavior\ContentReplaceBehavior [ RunTime:0.000096s ]
INFO: [ template_filter ] --END-- [ RunTime:0.000153s ]
INFO: Run Behavior\ParseTemplateBehavior [ RunTime:0.019246s ]
INFO: [ view_parse ] --END-- [ RunTime:0.019307s ]
INFO: [ view_filter ] --START--
INFO: Run Behavior\WriteHtmlCacheBehavior [ RunTime:0.000242s ]
INFO: [ view_filter ] --END-- [ RunTime:0.000284s ]
INFO: [ app_end ] --START--
INFO: Run Behavior\ShowPageTraceBehavior [ RunTime:0.000515s ]
INFO: [ app_end ] --END-- [ RunTime:0.000567s ]

[ 2017-12-28T17:42:16+08:00 ] 140.205.225.193 /
INFO: [ app_init ] --START--
INFO: Run Behavior\BuildLiteBehavior [ RunTime:0.000016s ]
INFO: [ app_init ] --END-- [ RunTime:0.000086s ]
INFO: [ app_begin ] --START--
INFO: Run Behavior\ReadHtmlCacheBehavior [ RunTime:0.000458s ]
INFO: [ app_begin ] --END-- [ RunTime:0.000520s ]
SQL: SHOW COLUMNS FROM `goods` [ RunTime:0.0014s ]
SQL: SHOW COLUMNS FROM `goods` [ RunTime:0.0011s ]
SQL: SELECT * FROM `goods` ORDER BY id DESC  [ RunTime:0.0006s ]
SQL: SHOW COLUMNS FROM `contact` [ RunTime:0.0014s ]
SQL: SELECT * FROM `contact` WHERE ( Id ) LIMIT 1   [ RunTime:0.0003s ]
SQL: SELECT `material` FROM `goods`  [ RunTime:0.0002s ]
SQL: SELECT `material` FROM `goods`  [ RunTime:0.0002s ]
SQL: SHOW COLUMNS FROM `connect` [ RunTime:0.0010s ]
SQL: SHOW COLUMNS FROM `connect` [ RunTime:0.0010s ]
SQL: SELECT * FROM `connect`  [ RunTime:0.0002s ]
SQL: SHOW COLUMNS FROM `product` [ RunTime:0.0011s ]
SQL: SHOW COLUMNS FROM `product` [ RunTime:0.0010s ]
SQL: SELECT * FROM `product`  [ RunTime:0.0003s ]
SQL: SHOW COLUMNS FROM `product` [ RunTime:0.0010s ]
SQL: SELECT * FROM `contact` WHERE ( Id ) LIMIT 1   [ RunTime:0.0003s ]
SQL: SHOW COLUMNS FROM `seo` [ RunTime:0.0011s ]
SQL: SHOW COLUMNS FROM `seo` [ RunTime:0.0010s ]
SQL: SELECT * FROM `seo` WHERE ( Id=1 ) LIMIT 1   [ RunTime:0.0002s ]
INFO: [ view_parse ] --START--
INFO: [ template_filter ] --START--
INFO: Run Behavior\ContentReplaceBehavior [ RunTime:0.000093s ]
INFO: [ template_filter ] --END-- [ RunTime:0.000145s ]
INFO: Run Behavior\ParseTemplateBehavior [ RunTime:0.018854s ]
INFO: [ view_parse ] --END-- [ RunTime:0.018907s ]
INFO: [ view_filter ] --START--
INFO: Run Behavior\WriteHtmlCacheBehavior [ RunTime:0.000223s ]
INFO: [ view_filter ] --END-- [ RunTime:0.000265s ]
INFO: [ app_end ] --START--
INFO: Run Behavior\ShowPageTraceBehavior [ RunTime:0.000462s ]
INFO: [ app_end ] --END-- [ RunTime:0.000512s ]

[ 2017-12-28T18:01:27+08:00 ] 140.205.225.193 /
INFO: [ app_init ] --START--
INFO: Run Behavior\BuildLiteBehavior [ RunTime:0.000016s ]
INFO: [ app_init ] --END-- [ RunTime:0.000074s ]
INFO: [ app_begin ] --START--
INFO: Run Behavior\ReadHtmlCacheBehavior [ RunTime:0.000430s ]
INFO: [ app_begin ] --END-- [ RunTime:0.000487s ]
SQL: SHOW COLUMNS FROM `goods` [ RunTime:0.0015s ]
SQL: SHOW COLUMNS FROM `goods` [ RunTime:0.0011s ]
SQL: SELECT * FROM `goods` ORDER BY id DESC  [ RunTime:0.0004s ]
SQL: SHOW COLUMNS FROM `contact` [ RunTime:0.0013s ]
SQL: SELECT * FROM `contact` WHERE ( Id ) LIMIT 1   [ RunTime:0.0003s ]
SQL: SELECT `material` FROM `goods`  [ RunTime:0.0002s ]
SQL: SELECT `material` FROM `goods`  [ RunTime:0.0002s ]
SQL: SHOW COLUMNS FROM `connect` [ RunTime:0.0011s ]
SQL: SHOW COLUMNS FROM `connect` [ RunTime:0.0010s ]
SQL: SELECT * FROM `connect`  [ RunTime:0.0002s ]
SQL: SHOW COLUMNS FROM `product` [ RunTime:0.0013s ]
SQL: SHOW COLUMNS FROM `product` [ RunTime:0.0010s ]
SQL: SELECT * FROM `product`  [ RunTime:0.0003s ]
SQL: SHOW COLUMNS FROM `product` [ RunTime:0.0012s ]
SQL: SELECT * FROM `contact` WHERE ( Id ) LIMIT 1   [ RunTime:0.0003s ]
SQL: SHOW COLUMNS FROM `seo` [ RunTime:0.0013s ]
SQL: SHOW COLUMNS FROM `seo` [ RunTime:0.0010s ]
SQL: SELECT * FROM `seo` WHERE ( Id=1 ) LIMIT 1   [ RunTime:0.0002s ]
INFO: [ view_parse ] --START--
INFO: [ template_filter ] --START--
INFO: Run Behavior\ContentReplaceBehavior [ RunTime:0.000096s ]
INFO: [ template_filter ] --END-- [ RunTime:0.000153s ]
INFO: Run Behavior\ParseTemplateBehavior [ RunTime:0.019633s ]
INFO: [ view_parse ] --END-- [ RunTime:0.019687s ]
INFO: [ view_filter ] --START--
INFO: Run Behavior\WriteHtmlCacheBehavior [ RunTime:0.000231s ]
INFO: [ view_filter ] --END-- [ RunTime:0.000273s ]
INFO: [ app_end ] --START--
INFO: Run Behavior\ShowPageTraceBehavior [ RunTime:0.000463s ]
INFO: [ app_end ] --END-- [ RunTime:0.000515s ]

[ 2017-12-28T18:26:17+08:00 ] 140.205.225.193 /
INFO: [ app_init ] --START--
INFO: Run Behavior\BuildLiteBehavior [ RunTime:0.000017s ]
INFO: [ app_init ] --END-- [ RunTime:0.000075s ]
INFO: [ app_begin ] --START--
INFO: Run Behavior\ReadHtmlCacheBehavior [ RunTime:0.000427s ]
INFO: [ app_begin ] --END-- [ RunTime:0.000485s ]
SQL: SHOW COLUMNS FROM `goods` [ RunTime:0.0013s ]
SQL: SHOW COLUMNS FROM `goods` [ RunTime:0.0010s ]
SQL: SELECT * FROM `goods` ORDER BY id DESC  [ RunTime:0.0004s ]
SQL: SHOW COLUMNS FROM `contact` [ RunTime:0.0010s ]
SQL: SELECT * FROM `contact` WHERE ( Id ) LIMIT 1   [ RunTime:0.0003s ]
SQL: SELECT `material` FROM `goods`  [ RunTime:0.0002s ]
SQL: SELECT `material` FROM `goods`  [ RunTime:0.0002s ]
SQL: SHOW COLUMNS FROM `connect` [ RunTime:0.0009s ]
SQL: SHOW COLUMNS FROM `connect` [ RunTime:0.0009s ]
SQL: SELECT * FROM `connect`  [ RunTime:0.0002s ]
SQL: SHOW COLUMNS FROM `product` [ RunTime:0.0010s ]
SQL: SHOW COLUMNS FROM `product` [ RunTime:0.0010s ]
SQL: SELECT * FROM `product`  [ RunTime:0.0003s ]
SQL: SHOW COLUMNS FROM `product` [ RunTime:0.0010s ]
SQL: SELECT * FROM `contact` WHERE ( Id ) LIMIT 1   [ RunTime:0.0002s ]
SQL: SHOW COLUMNS FROM `seo` [ RunTime:0.0010s ]
SQL: SHOW COLUMNS FROM `seo` [ RunTime:0.0011s ]
SQL: SELECT * FROM `seo` WHERE ( Id=1 ) LIMIT 1   [ RunTime:0.0002s ]
INFO: [ view_parse ] --START--
INFO: [ template_filter ] --START--
INFO: Run Behavior\ContentReplaceBehavior [ RunTime:0.000093s ]
INFO: [ template_filter ] --END-- [ RunTime:0.000140s ]
INFO: Run Behavior\ParseTemplateBehavior [ RunTime:0.018179s ]
INFO: [ view_parse ] --END-- [ RunTime:0.018233s ]
INFO: [ view_filter ] --START--
INFO: Run Behavior\WriteHtmlCacheBehavior [ RunTime:0.000234s ]
INFO: [ view_filter ] --END-- [ RunTime:0.000277s ]
INFO: [ app_end ] --START--
INFO: Run Behavior\ShowPageTraceBehavior [ RunTime:0.000445s ]
INFO: [ app_end ] --END-- [ RunTime:0.000496s ]

[ 2017-12-28T18:28:53+08:00 ] 140.205.225.193 /
INFO: [ app_init ] --START--
INFO: Run Behavior\BuildLiteBehavior [ RunTime:0.000018s ]
INFO: [ app_init ] --END-- [ RunTime:0.000075s ]
INFO: [ app_begin ] --START--
INFO: Run Behavior\ReadHtmlCacheBehavior [ RunTime:0.000449s ]
INFO: [ app_begin ] --END-- [ RunTime:0.000516s ]
SQL: SHOW COLUMNS FROM `goods` [ RunTime:0.0014s ]
SQL: SHOW COLUMNS FROM `goods` [ RunTime:0.0011s ]
SQL: SELECT * FROM `goods` ORDER BY id DESC  [ RunTime:0.0004s ]
SQL: SHOW COLUMNS FROM `contact` [ RunTime:0.0011s ]
SQL: SELECT * FROM `contact` WHERE ( Id ) LIMIT 1   [ RunTime:0.0003s ]
SQL: SELECT `material` FROM `goods`  [ RunTime:0.0002s ]
SQL: SELECT `material` FROM `goods`  [ RunTime:0.0002s ]
SQL: SHOW COLUMNS FROM `connect` [ RunTime:0.0010s ]
SQL: SHOW COLUMNS FROM `connect` [ RunTime:0.0009s ]
SQL: SELECT * FROM `connect`  [ RunTime:0.0002s ]
SQL: SHOW COLUMNS FROM `product` [ RunTime:0.0010s ]
SQL: SHOW COLUMNS FROM `product` [ RunTime:0.0012s ]
SQL: SELECT * FROM `product`  [ RunTime:0.0003s ]
SQL: SHOW COLUMNS FROM `product` [ RunTime:0.0010s ]
SQL: SELECT * FROM `contact` WHERE ( Id ) LIMIT 1   [ RunTime:0.0002s ]
SQL: SHOW COLUMNS FROM `seo` [ RunTime:0.0010s ]
SQL: SHOW COLUMNS FROM `seo` [ RunTime:0.0011s ]
SQL: SELECT * FROM `seo` WHERE ( Id=1 ) LIMIT 1   [ RunTime:0.0002s ]
INFO: [ view_parse ] --START--
INFO: [ template_filter ] --START--
INFO: Run Behavior\ContentReplaceBehavior [ RunTime:0.000087s ]
INFO: [ template_filter ] --END-- [ RunTime:0.000139s ]
INFO: Run Behavior\ParseTemplateBehavior [ RunTime:0.011162s ]
INFO: [ view_parse ] --END-- [ RunTime:0.011217s ]
INFO: [ view_filter ] --START--
INFO: Run Behavior\WriteHtmlCacheBehavior [ RunTime:0.000242s ]
INFO: [ view_filter ] --END-- [ RunTime:0.000284s ]
INFO: [ app_end ] --START--
INFO: Run Behavior\ShowPageTraceBehavior [ RunTime:0.000456s ]
INFO: [ app_end ] --END-- [ RunTime:0.000506s ]

[ 2017-12-28T18:31:00+08:00 ] 140.205.225.193 /
INFO: [ app_init ] --START--
INFO: Run Behavior\BuildLiteBehavior [ RunTime:0.000015s ]
INFO: [ app_init ] --END-- [ RunTime:0.000066s ]
INFO: [ app_begin ] --START--
INFO: Run Behavior\ReadHtmlCacheBehavior [ RunTime:0.000428s ]
INFO: [ app_begin ] --END-- [ RunTime:0.000486s ]
SQL: SHOW COLUMNS FROM `goods` [ RunTime:0.0015s ]
SQL: SHOW COLUMNS FROM `goods` [ RunTime:0.0010s ]
SQL: SELECT * FROM `goods` ORDER BY id DESC  [ RunTime:0.0004s ]
SQL: SHOW COLUMNS FROM `contact` [ RunTime:0.0011s ]
SQL: SELECT * FROM `contact` WHERE ( Id ) LIMIT 1   [ RunTime:0.0003s ]
SQL: SELECT `material` FROM `goods`  [ RunTime:0.0002s ]
SQL: SELECT `material` FROM `goods`  [ RunTime:0.0002s ]
SQL: SHOW COLUMNS FROM `connect` [ RunTime:0.0011s ]
SQL: SHOW COLUMNS FROM `connect` [ RunTime:0.0009s ]
SQL: SELECT * FROM `connect`  [ RunTime:0.0002s ]
SQL: SHOW COLUMNS FROM `product` [ RunTime:0.0011s ]
SQL: SHOW COLUMNS FROM `product` [ RunTime:0.0010s ]
SQL: SELECT * FROM `product`  [ RunTime:0.0003s ]
SQL: SHOW COLUMNS FROM `product` [ RunTime:0.0010s ]
SQL: SELECT * FROM `contact` WHERE ( Id ) LIMIT 1   [ RunTime:0.0002s ]
SQL: SHOW COLUMNS FROM `seo` [ RunTime:0.0011s ]
SQL: SHOW COLUMNS FROM `seo` [ RunTime:0.0010s ]
SQL: SELECT * FROM `seo` WHERE ( Id=1 ) LIMIT 1   [ RunTime:0.0002s ]
INFO: [ view_parse ] --START--
INFO: [ template_filter ] --START--
INFO: Run Behavior\ContentReplaceBehavior [ RunTime:0.000085s ]
INFO: [ template_filter ] --END-- [ RunTime:0.000134s ]
INFO: Run Behavior\ParseTemplateBehavior [ RunTime:0.010975s ]
INFO: [ view_parse ] --END-- [ RunTime:0.011027s ]
INFO: [ view_filter ] --START--
INFO: Run Behavior\WriteHtmlCacheBehavior [ RunTime:0.000224s ]
INFO: [ view_filter ] --END-- [ RunTime:0.000265s ]
INFO: [ app_end ] --START--
INFO: Run Behavior\ShowPageTraceBehavior [ RunTime:0.000454s ]
INFO: [ app_end ] --END-- [ RunTime:0.000505s ]

[ 2017-12-28T20:55:53+08:00 ] 140.205.201.40 /
INFO: [ app_init ] --START--
INFO: Run Behavior\BuildLiteBehavior [ RunTime:0.000017s ]
INFO: [ app_init ] --END-- [ RunTime:0.000077s ]
INFO: [ app_begin ] --START--
INFO: Run Behavior\ReadHtmlCacheBehavior [ RunTime:0.000435s ]
INFO: [ app_begin ] --END-- [ RunTime:0.000494s ]
SQL: SHOW COLUMNS FROM `goods` [ RunTime:0.0016s ]
SQL: SHOW COLUMNS FROM `goods` [ RunTime:0.0011s ]
SQL: SELECT * FROM `goods` ORDER BY id DESC  [ RunTime:0.0004s ]
SQL: SHOW COLUMNS FROM `contact` [ RunTime:0.0012s ]
SQL: SELECT * FROM `contact` WHERE ( Id ) LIMIT 1   [ RunTime:0.0003s ]
SQL: SELECT `material` FROM `goods`  [ RunTime:0.0002s ]
SQL: SELECT `material` FROM `goods`  [ RunTime:0.0002s ]
SQL: SHOW COLUMNS FROM `connect` [ RunTime:0.0011s ]
SQL: SHOW COLUMNS FROM `connect` [ RunTime:0.0013s ]
SQL: SELECT * FROM `connect`  [ RunTime:0.0002s ]
SQL: SHOW COLUMNS FROM `product` [ RunTime:0.0012s ]
SQL: SHOW COLUMNS FROM `product` [ RunTime:0.0010s ]
SQL: SELECT * FROM `product`  [ RunTime:0.0003s ]
SQL: SHOW COLUMNS FROM `product` [ RunTime:0.0011s ]
SQL: SELECT * FROM `contact` WHERE ( Id ) LIMIT 1   [ RunTime:0.0003s ]
SQL: SHOW COLUMNS FROM `seo` [ RunTime:0.0012s ]
SQL: SHOW COLUMNS FROM `seo` [ RunTime:0.0010s ]
SQL: SELECT * FROM `seo` WHERE ( Id=1 ) LIMIT 1   [ RunTime:0.0002s ]
INFO: [ view_parse ] --START--
INFO: [ template_filter ] --START--
INFO: Run Behavior\ContentReplaceBehavior [ RunTime:0.000114s ]
INFO: [ template_filter ] --END-- [ RunTime:0.000183s ]
INFO: Run Behavior\ParseTemplateBehavior [ RunTime:0.019423s ]
INFO: [ view_parse ] --END-- [ RunTime:0.019477s ]
INFO: [ view_filter ] --START--
INFO: Run Behavior\WriteHtmlCacheBehavior [ RunTime:0.000268s ]
INFO: [ view_filter ] --END-- [ RunTime:0.000310s ]
INFO: [ app_end ] --START--
INFO: Run Behavior\ShowPageTraceBehavior [ RunTime:0.000508s ]
INFO: [ app_end ] --END-- [ RunTime:0.000558s ]

[ 2017-12-28T20:56:13+08:00 ] 140.205.201.40 /
INFO: [ app_init ] --START--
INFO: Run Behavior\BuildLiteBehavior [ RunTime:0.000015s ]
INFO: [ app_init ] --END-- [ RunTime:0.000074s ]
INFO: [ app_begin ] --START--
INFO: Run Behavior\ReadHtmlCacheBehavior [ RunTime:0.000435s ]
INFO: [ app_begin ] --END-- [ RunTime:0.000498s ]
SQL: SHOW COLUMNS FROM `goods` [ RunTime:0.0014s ]
SQL: SHOW COLUMNS FROM `goods` [ RunTime:0.0011s ]
SQL: SELECT * FROM `goods` ORDER BY id DESC  [ RunTime:0.0004s ]
SQL: SHOW COLUMNS FROM `contact` [ RunTime:0.0011s ]
SQL: SELECT * FROM `contact` WHERE ( Id ) LIMIT 1   [ RunTime:0.0003s ]
SQL: SELECT `material` FROM `goods`  [ RunTime:0.0002s ]
SQL: SELECT `material` FROM `goods`  [ RunTime:0.0002s ]
SQL: SHOW COLUMNS FROM `connect` [ RunTime:0.0010s ]
SQL: SHOW COLUMNS FROM `connect` [ RunTime:0.0012s ]
SQL: SELECT * FROM `connect`  [ RunTime:0.0002s ]
SQL: SHOW COLUMNS FROM `product` [ RunTime:0.0010s ]
SQL: SHOW COLUMNS FROM `product` [ RunTime:0.0010s ]
SQL: SELECT * FROM `product`  [ RunTime:0.0003s ]
SQL: SHOW COLUMNS FROM `product` [ RunTime:0.0010s ]
SQL: SELECT * FROM `contact` WHERE ( Id ) LIMIT 1   [ RunTime:0.0003s ]
SQL: SHOW COLUMNS FROM `seo` [ RunTime:0.0011s ]
SQL: SHOW COLUMNS FROM `seo` [ RunTime:0.0011s ]
SQL: SELECT * FROM `seo` WHERE ( Id=1 ) LIMIT 1   [ RunTime:0.0002s ]
INFO: [ view_parse ] --START--
INFO: [ template_filter ] --START--
INFO: Run Behavior\ContentReplaceBehavior [ RunTime:0.000089s ]
INFO: [ template_filter ] --END-- [ RunTime:0.000144s ]
INFO: Run Behavior\ParseTemplateBehavior [ RunTime:0.011375s ]
INFO: [ view_parse ] --END-- [ RunTime:0.011430s ]
INFO: [ view_filter ] --START--
INFO: Run Behavior\WriteHtmlCacheBehavior [ RunTime:0.000204s ]
INFO: [ view_filter ] --END-- [ RunTime:0.000246s ]
INFO: [ app_end ] --START--
INFO: Run Behavior\ShowPageTraceBehavior [ RunTime:0.000467s ]
INFO: [ app_end ] --END-- [ RunTime:0.000527s ]

[ 2017-12-28T20:56:42+08:00 ] 140.205.201.40 /
INFO: [ app_init ] --START--
INFO: Run Behavior\BuildLiteBehavior [ RunTime:0.000019s ]
INFO: [ app_init ] --END-- [ RunTime:0.000075s ]
INFO: [ app_begin ] --START--
INFO: Run Behavior\ReadHtmlCacheBehavior [ RunTime:0.000432s ]
INFO: [ app_begin ] --END-- [ RunTime:0.000499s ]
SQL: SHOW COLUMNS FROM `goods` [ RunTime:0.0014s ]
SQL: SHOW COLUMNS FROM `goods` [ RunTime:0.0011s ]
SQL: SELECT * FROM `goods` ORDER BY id DESC  [ RunTime:0.0004s ]
SQL: SHOW COLUMNS FROM `contact` [ RunTime:0.0010s ]
SQL: SELECT * FROM `contact` WHERE ( Id ) LIMIT 1   [ RunTime:0.0003s ]
SQL: SELECT `material` FROM `goods`  [ RunTime:0.0002s ]
SQL: SELECT `material` FROM `goods`  [ RunTime:0.0002s ]
SQL: SHOW COLUMNS FROM `connect` [ RunTime:0.0011s ]
SQL: SHOW COLUMNS FROM `connect` [ RunTime:0.0009s ]
SQL: SELECT * FROM `connect`  [ RunTime:0.0002s ]
SQL: SHOW COLUMNS FROM `product` [ RunTime:0.0010s ]
SQL: SHOW COLUMNS FROM `product` [ RunTime:0.0010s ]
SQL: SELECT * FROM `product`  [ RunTime:0.0003s ]
SQL: SHOW COLUMNS FROM `product` [ RunTime:0.0010s ]
SQL: SELECT * FROM `contact` WHERE ( Id ) LIMIT 1   [ RunTime:0.0002s ]
SQL: SHOW COLUMNS FROM `seo` [ RunTime:0.0010s ]
SQL: SHOW COLUMNS FROM `seo` [ RunTime:0.0011s ]
SQL: SELECT * FROM `seo` WHERE ( Id=1 ) LIMIT 1   [ RunTime:0.0002s ]
INFO: [ view_parse ] --START--
INFO: [ template_filter ] --START--
INFO: Run Behavior\ContentReplaceBehavior [ RunTime:0.000087s ]
INFO: [ template_filter ] --END-- [ RunTime:0.000137s ]
INFO: Run Behavior\ParseTemplateBehavior [ RunTime:0.010617s ]
INFO: [ view_parse ] --END-- [ RunTime:0.010671s ]
INFO: [ view_filter ] --START--
INFO: Run Behavior\WriteHtmlCacheBehavior [ RunTime:0.000198s ]
INFO: [ view_filter ] --END-- [ RunTime:0.000241s ]
INFO: [ app_end ] --START--
INFO: Run Behavior\ShowPageTraceBehavior [ RunTime:0.000432s ]
INFO: [ app_end ] --END-- [ RunTime:0.000484s ]

[ 2017-12-28T20:57:09+08:00 ] 140.205.201.40 /
INFO: [ app_init ] --START--
INFO: Run Behavior\BuildLiteBehavior [ RunTime:0.000023s ]
INFO: [ app_init ] --END-- [ RunTime:0.000094s ]
INFO: [ app_begin ] --START--
INFO: Run Behavior\ReadHtmlCacheBehavior [ RunTime:0.000497s ]
INFO: [ app_begin ] --END-- [ RunTime:0.000565s ]
SQL: SHOW COLUMNS FROM `goods` [ RunTime:0.0015s ]
SQL: SHOW COLUMNS FROM `goods` [ RunTime:0.0012s ]
SQL: SELECT * FROM `goods` ORDER BY id DESC  [ RunTime:0.0005s ]
SQL: SHOW COLUMNS FROM `contact` [ RunTime:0.0011s ]
SQL: SELECT * FROM `contact` WHERE ( Id ) LIMIT 1   [ RunTime:0.0003s ]
SQL: SELECT `material` FROM `goods`  [ RunTime:0.0002s ]
SQL: SELECT `material` FROM `goods`  [ RunTime:0.0002s ]
SQL: SHOW COLUMNS FROM `connect` [ RunTime:0.0010s ]
SQL: SHOW COLUMNS FROM `connect` [ RunTime:0.0009s ]
SQL: SELECT * FROM `connect`  [ RunTime:0.0002s ]
SQL: SHOW COLUMNS FROM `product` [ RunTime:0.0011s ]
SQL: SHOW COLUMNS FROM `product` [ RunTime:0.0011s ]
SQL: SELECT * FROM `product`  [ RunTime:0.0004s ]
SQL: SHOW COLUMNS FROM `product` [ RunTime:0.0011s ]
SQL: SELECT * FROM `contact` WHERE ( Id ) LIMIT 1   [ RunTime:0.0002s ]
SQL: SHOW COLUMNS FROM `seo` [ RunTime:0.0013s ]
SQL: SHOW COLUMNS FROM `seo` [ RunTime:0.0010s ]
SQL: SELECT * FROM `seo` WHERE ( Id=1 ) LIMIT 1   [ RunTime:0.0002s ]
INFO: [ view_parse ] --START--
INFO: [ template_filter ] --START--
INFO: Run Behavior\ContentReplaceBehavior [ RunTime:0.000088s ]
INFO: [ template_filter ] --END-- [ RunTime:0.000139s ]
INFO: Run Behavior\ParseTemplateBehavior [ RunTime:0.010840s ]
INFO: [ view_parse ] --END-- [ RunTime:0.010896s ]
INFO: [ view_filter ] --START--
INFO: Run Behavior\WriteHtmlCacheBehavior [ RunTime:0.000205s ]
INFO: [ view_filter ] --END-- [ RunTime:0.000247s ]
INFO: [ app_end ] --START--
INFO: Run Behavior\ShowPageTraceBehavior [ RunTime:0.000443s ]
INFO: [ app_end ] --END-- [ RunTime:0.000502s ]

[ 2017-12-28T20:57:12+08:00 ] 140.205.201.40 /
INFO: [ app_init ] --START--
INFO: Run Behavior\BuildLiteBehavior [ RunTime:0.000017s ]
INFO: [ app_init ] --END-- [ RunTime:0.000069s ]
INFO: [ app_begin ] --START--
INFO: Run Behavior\ReadHtmlCacheBehavior [ RunTime:0.000416s ]
INFO: [ app_begin ] --END-- [ RunTime:0.000474s ]
SQL: SHOW COLUMNS FROM `goods` [ RunTime:0.0014s ]
SQL: SHOW COLUMNS FROM `goods` [ RunTime:0.0011s ]
SQL: SELECT * FROM `goods` ORDER BY id DESC  [ RunTime:0.0004s ]
SQL: SHOW COLUMNS FROM `contact` [ RunTime:0.0011s ]
SQL: SELECT * FROM `contact` WHERE ( Id ) LIMIT 1   [ RunTime:0.0003s ]
SQL: SELECT `material` FROM `goods`  [ RunTime:0.0002s ]
SQL: SELECT `material` FROM `goods`  [ RunTime:0.0002s ]
SQL: SHOW COLUMNS FROM `connect` [ RunTime:0.0010s ]
SQL: SHOW COLUMNS FROM `connect` [ RunTime:0.0010s ]
SQL: SELECT * FROM `connect`  [ RunTime:0.0002s ]
SQL: SHOW COLUMNS FROM `product` [ RunTime:0.0011s ]
SQL: SHOW COLUMNS FROM `product` [ RunTime:0.0011s ]
SQL: SELECT * FROM `product`  [ RunTime:0.0003s ]
SQL: SHOW COLUMNS FROM `product` [ RunTime:0.0011s ]
SQL: SELECT * FROM `contact` WHERE ( Id ) LIMIT 1   [ RunTime:0.0002s ]
SQL: SHOW COLUMNS FROM `seo` [ RunTime:0.0013s ]
SQL: SHOW COLUMNS FROM `seo` [ RunTime:0.0010s ]
SQL: SELECT * FROM `seo` WHERE ( Id=1 ) LIMIT 1   [ RunTime:0.0002s ]
INFO: [ view_parse ] --START--
INFO: [ template_filter ] --START--
INFO: Run Behavior\ContentReplaceBehavior [ RunTime:0.000089s ]
INFO: [ template_filter ] --END-- [ RunTime:0.000148s ]
INFO: Run Behavior\ParseTemplateBehavior [ RunTime:0.010936s ]
INFO: [ view_parse ] --END-- [ RunTime:0.011001s ]
INFO: [ view_filter ] --START--
INFO: Run Behavior\WriteHtmlCacheBehavior [ RunTime:0.000226s ]
INFO: [ view_filter ] --END-- [ RunTime:0.000271s ]
INFO: [ app_end ] --START--
INFO: Run Behavior\ShowPageTraceBehavior [ RunTime:0.000440s ]
INFO: [ app_end ] --END-- [ RunTime:0.000496s ]

[ 2017-12-28T20:57:16+08:00 ] 140.205.201.40 /
INFO: [ app_init ] --START--
INFO: Run Behavior\BuildLiteBehavior [ RunTime:0.000015s ]
INFO: [ app_init ] --END-- [ RunTime:0.000066s ]
INFO: [ app_begin ] --START--
INFO: Run Behavior\ReadHtmlCacheBehavior [ RunTime:0.000407s ]
INFO: [ app_begin ] --END-- [ RunTime:0.000465s ]
SQL: SHOW COLUMNS FROM `goods` [ RunTime:0.0014s ]
SQL: SHOW COLUMNS FROM `goods` [ RunTime:0.0015s ]
SQL: SELECT * FROM `goods` ORDER BY id DESC  [ RunTime:0.0006s ]
SQL: SHOW COLUMNS FROM `contact` [ RunTime:0.0015s ]
SQL: SELECT * FROM `contact` WHERE ( Id ) LIMIT 1   [ RunTime:0.0003s ]
SQL: SELECT `material` FROM `goods`  [ RunTime:0.0002s ]
SQL: SELECT `material` FROM `goods`  [ RunTime:0.0002s ]
SQL: SHOW COLUMNS FROM `connect` [ RunTime:0.0011s ]
SQL: SHOW COLUMNS FROM `connect` [ RunTime:0.0009s ]
SQL: SELECT * FROM `connect`  [ RunTime:0.0002s ]
SQL: SHOW COLUMNS FROM `product` [ RunTime:0.0011s ]
SQL: SHOW COLUMNS FROM `product` [ RunTime:0.0012s ]
SQL: SELECT * FROM `product`  [ RunTime:0.0003s ]
SQL: SHOW COLUMNS FROM `product` [ RunTime:0.0010s ]
SQL: SELECT * FROM `contact` WHERE ( Id ) LIMIT 1   [ RunTime:0.0002s ]
SQL: SHOW COLUMNS FROM `seo` [ RunTime:0.0010s ]
SQL: SHOW COLUMNS FROM `seo` [ RunTime:0.0010s ]
SQL: SELECT * FROM `seo` WHERE ( Id=1 ) LIMIT 1   [ RunTime:0.0002s ]
INFO: [ view_parse ] --START--
INFO: [ template_filter ] --START--
INFO: Run Behavior\ContentReplaceBehavior [ RunTime:0.000093s ]
INFO: [ template_filter ] --END-- [ RunTime:0.000151s ]
INFO: Run Behavior\ParseTemplateBehavior [ RunTime:0.011185s ]
INFO: [ view_parse ] --END-- [ RunTime:0.011248s ]
INFO: [ view_filter ] --START--
INFO: Run Behavior\WriteHtmlCacheBehavior [ RunTime:0.000194s ]
INFO: [ view_filter ] --END-- [ RunTime:0.000235s ]
INFO: [ app_end ] --START--
INFO: Run Behavior\ShowPageTraceBehavior [ RunTime:0.000430s ]
INFO: [ app_end ] --END-- [ RunTime:0.000480s ]

