[ 2017-12-18T07:51:13+08:00 ] ::1 /stell/index.php/home/stock/index.html
INFO: [ app_init ] --START--
INFO: Run Behavior\BuildLiteBehavior [ RunTime:0.000069s ]
INFO: [ app_init ] --END-- [ RunTime:0.002881s ]
INFO: [ app_begin ] --START--
INFO: Run Behavior\ReadHtmlCacheBehavior [ RunTime:0.083005s ]
INFO: [ app_begin ] --END-- [ RunTime:0.083231s ]
SQL: SHOW COLUMNS FROM `goods` [ RunTime:0.1826s ]
SQL: SHOW COLUMNS FROM `goods` [ RunTime:0.0530s ]
SQL: SELECT `material` FROM `goods`  [ RunTime:0.0018s ]
SQL: SELECT * FROM `goods`  [ RunTime:0.0012s ]
NOTIC: [8] Undefined index: p C:\phpStudy\WWW\stell\application\Home\Controller\StockController.class.php 第 19 行.
SQL: SELECT * FROM `goods` ORDER BY id LIMIT 0,20   [ RunTime:0.0037s ]
SQL: SELECT COUNT(*) AS tp_count FROM `goods` LIMIT 1   [ RunTime:0.0060s ]
INFO: [ view_parse ] --START--
INFO: [ template_filter ] --START--
INFO: Run Behavior\ContentReplaceBehavior [ RunTime:0.004291s ]
INFO: [ template_filter ] --END-- [ RunTime:0.004557s ]
INFO: Run Behavior\ParseTemplateBehavior [ RunTime:0.643963s ]
INFO: [ view_parse ] --END-- [ RunTime:0.644635s ]
INFO: [ view_filter ] --START--
INFO: Run Behavior\WriteHtmlCacheBehavior [ RunTime:0.055111s ]
INFO: [ view_filter ] --END-- [ RunTime:0.055291s ]
INFO: [ app_end ] --START--
INFO: Run Behavior\ShowPageTraceBehavior [ RunTime:0.057892s ]
INFO: [ app_end ] --END-- [ RunTime:0.058448s ]

[ 2017-12-18T07:52:56+08:00 ] ::1 /stell/index.php/home/stock/index.html
INFO: [ app_init ] --START--
INFO: Run Behavior\BuildLiteBehavior [ RunTime:0.000053s ]
INFO: [ app_init ] --END-- [ RunTime:0.000274s ]
INFO: [ app_begin ] --START--
INFO: Run Behavior\ReadHtmlCacheBehavior [ RunTime:0.003696s ]
INFO: [ app_begin ] --END-- [ RunTime:0.003920s ]
SQL: SHOW COLUMNS FROM `goods` [ RunTime:0.0661s ]
SQL: SHOW COLUMNS FROM `goods` [ RunTime:0.0244s ]
SQL: SELECT `material` FROM `goods`  [ RunTime:0.0015s ]
SQL: SELECT * FROM `goods`  [ RunTime:0.0012s ]
NOTIC: [8] Undefined index: p C:\phpStudy\WWW\stell\application\Home\Controller\StockController.class.php 第 19 行.
SQL: SELECT * FROM `goods` ORDER BY id LIMIT 0,20   [ RunTime:0.0017s ]
SQL: SELECT COUNT(*) AS tp_count FROM `goods` LIMIT 1   [ RunTime:0.0004s ]
INFO: [ view_parse ] --START--
INFO: [ template_filter ] --START--
INFO: Run Behavior\ContentReplaceBehavior [ RunTime:0.000205s ]
INFO: [ template_filter ] --END-- [ RunTime:0.000371s ]
INFO: Run Behavior\ParseTemplateBehavior [ RunTime:0.149718s ]
INFO: [ view_parse ] --END-- [ RunTime:0.149918s ]
INFO: [ view_filter ] --START--
INFO: Run Behavior\WriteHtmlCacheBehavior [ RunTime:0.001553s ]
INFO: [ view_filter ] --END-- [ RunTime:0.001755s ]
INFO: [ app_end ] --START--
INFO: Run Behavior\ShowPageTraceBehavior [ RunTime:0.009504s ]
INFO: [ app_end ] --END-- [ RunTime:0.009818s ]

[ 2017-12-18T08:14:22+08:00 ] ::1 /stell/index.php
INFO: [ app_init ] --START--
INFO: Run Behavior\BuildLiteBehavior [ RunTime:0.000050s ]
INFO: [ app_init ] --END-- [ RunTime:0.000228s ]
INFO: [ app_begin ] --START--
INFO: Run Behavior\ReadHtmlCacheBehavior [ RunTime:0.002818s ]
INFO: [ app_begin ] --END-- [ RunTime:0.003174s ]
SQL: SHOW COLUMNS FROM `goods` [ RunTime:0.0713s ]
SQL: SHOW COLUMNS FROM `goods` [ RunTime:0.0269s ]
SQL: SELECT * FROM `goods`  [ RunTime:0.0014s ]
SQL: SHOW COLUMNS FROM `contact` [ RunTime:0.0937s ]
SQL: SELECT * FROM `contact` WHERE ( Id ) LIMIT 1   [ RunTime:0.0011s ]
SQL: SELECT `material` FROM `goods`  [ RunTime:0.0010s ]
SQL: SELECT `material` FROM `goods`  [ RunTime:0.0008s ]
INFO: [ view_parse ] --START--
INFO: [ template_filter ] --START--
INFO: Run Behavior\ContentReplaceBehavior [ RunTime:0.000518s ]
INFO: [ template_filter ] --END-- [ RunTime:0.002689s ]
INFO: Run Behavior\ParseTemplateBehavior [ RunTime:0.296545s ]
INFO: [ view_parse ] --END-- [ RunTime:0.296775s ]
INFO: [ view_filter ] --START--
INFO: Run Behavior\WriteHtmlCacheBehavior [ RunTime:0.001733s ]
INFO: [ view_filter ] --END-- [ RunTime:0.001911s ]
INFO: [ app_end ] --START--
INFO: Run Behavior\ShowPageTraceBehavior [ RunTime:0.002941s ]
INFO: [ app_end ] --END-- [ RunTime:0.003561s ]

[ 2017-12-18T09:41:10+08:00 ] ::1 /stell/index.php
INFO: [ app_init ] --START--
INFO: Run Behavior\BuildLiteBehavior [ RunTime:0.000052s ]
INFO: [ app_init ] --END-- [ RunTime:0.000249s ]
INFO: [ app_begin ] --START--
INFO: Run Behavior\ReadHtmlCacheBehavior [ RunTime:0.004900s ]
INFO: [ app_begin ] --END-- [ RunTime:0.005252s ]
SQL: SHOW COLUMNS FROM `goods` [ RunTime:0.0516s ]
SQL: SHOW COLUMNS FROM `goods` [ RunTime:0.0236s ]
SQL: SELECT * FROM `goods`  [ RunTime:0.0014s ]
SQL: SHOW COLUMNS FROM `contact` [ RunTime:0.0518s ]
SQL: SELECT * FROM `contact` WHERE ( Id ) LIMIT 1   [ RunTime:0.0010s ]
SQL: SELECT `material` FROM `goods`  [ RunTime:0.0007s ]
SQL: SELECT `material` FROM `goods`  [ RunTime:0.0004s ]
INFO: [ view_parse ] --START--
INFO: [ template_filter ] --START--
INFO: Run Behavior\ContentReplaceBehavior [ RunTime:0.000301s ]
INFO: [ template_filter ] --END-- [ RunTime:0.000476s ]
INFO: Run Behavior\ParseTemplateBehavior [ RunTime:0.156096s ]
INFO: [ view_parse ] --END-- [ RunTime:0.156289s ]
INFO: [ view_filter ] --START--
INFO: Run Behavior\WriteHtmlCacheBehavior [ RunTime:0.002431s ]
INFO: [ view_filter ] --END-- [ RunTime:0.002610s ]
INFO: [ app_end ] --START--
INFO: Run Behavior\ShowPageTraceBehavior [ RunTime:0.004287s ]
INFO: [ app_end ] --END-- [ RunTime:0.004513s ]

[ 2017-12-18T09:47:02+08:00 ] ::1 /stell/
INFO: [ app_init ] --START--
INFO: Run Behavior\BuildLiteBehavior [ RunTime:0.000048s ]
INFO: [ app_init ] --END-- [ RunTime:0.000219s ]
INFO: [ app_begin ] --START--
INFO: Run Behavior\ReadHtmlCacheBehavior [ RunTime:0.002963s ]
INFO: [ app_begin ] --END-- [ RunTime:0.003336s ]
SQL: SHOW COLUMNS FROM `goods` [ RunTime:0.0840s ]
SQL: SHOW COLUMNS FROM `goods` [ RunTime:0.0471s ]
SQL: SELECT * FROM `goods`  [ RunTime:0.0011s ]
SQL: SHOW COLUMNS FROM `contact` [ RunTime:0.0380s ]
SQL: SELECT * FROM `contact` WHERE ( Id ) LIMIT 1   [ RunTime:0.0007s ]
SQL: SELECT `material` FROM `goods`  [ RunTime:0.0005s ]
SQL: SELECT `material` FROM `goods`  [ RunTime:0.0004s ]
INFO: [ view_parse ] --START--
INFO: [ template_filter ] --START--
INFO: Run Behavior\ContentReplaceBehavior [ RunTime:0.000319s ]
INFO: [ template_filter ] --END-- [ RunTime:0.000518s ]
INFO: Run Behavior\ParseTemplateBehavior [ RunTime:0.157695s ]
INFO: [ view_parse ] --END-- [ RunTime:0.158173s ]
INFO: [ view_filter ] --START--
INFO: Run Behavior\WriteHtmlCacheBehavior [ RunTime:0.001231s ]
INFO: [ view_filter ] --END-- [ RunTime:0.001411s ]
INFO: [ app_end ] --START--
INFO: Run Behavior\ShowPageTraceBehavior [ RunTime:0.006048s ]
INFO: [ app_end ] --END-- [ RunTime:0.006651s ]

[ 2017-12-18T09:47:06+08:00 ] ::1 /stell/index.php/Home/Product/index.html
INFO: [ app_init ] --START--
INFO: Run Behavior\BuildLiteBehavior [ RunTime:0.000060s ]
INFO: [ app_init ] --END-- [ RunTime:0.000269s ]
INFO: [ app_begin ] --START--
INFO: Run Behavior\ReadHtmlCacheBehavior [ RunTime:0.002585s ]
INFO: [ app_begin ] --END-- [ RunTime:0.002983s ]
SQL: SHOW COLUMNS FROM `product` [ RunTime:0.1234s ]
NOTIC: [8] Undefined index: p C:\phpStudy\WWW\stell\application\Home\Controller\ProductController.class.php 第 15 行.
SQL: SELECT * FROM `product` ORDER BY id LIMIT 0,15   [ RunTime:0.0019s ]
SQL: SELECT COUNT(*) AS tp_count FROM `product` LIMIT 1   [ RunTime:0.0008s ]
INFO: [ view_parse ] --START--
INFO: [ template_filter ] --START--
INFO: Run Behavior\ContentReplaceBehavior [ RunTime:0.000172s ]
INFO: [ template_filter ] --END-- [ RunTime:0.000357s ]
INFO: Run Behavior\ParseTemplateBehavior [ RunTime:0.163076s ]
INFO: [ view_parse ] --END-- [ RunTime:0.163323s ]
INFO: [ view_filter ] --START--
INFO: Run Behavior\WriteHtmlCacheBehavior [ RunTime:0.001408s ]
INFO: [ view_filter ] --END-- [ RunTime:0.001594s ]
INFO: [ app_end ] --START--
INFO: Run Behavior\ShowPageTraceBehavior [ RunTime:0.006857s ]
INFO: [ app_end ] --END-- [ RunTime:0.007075s ]

[ 2017-12-18T10:48:13+08:00 ] ::1 /stell/index.php/Home/Stock/index.html
INFO: [ app_init ] --START--
INFO: Run Behavior\BuildLiteBehavior [ RunTime:0.000073s ]
INFO: [ app_init ] --END-- [ RunTime:0.001919s ]
INFO: [ app_begin ] --START--
INFO: Run Behavior\ReadHtmlCacheBehavior [ RunTime:0.078325s ]
INFO: [ app_begin ] --END-- [ RunTime:0.078544s ]
SQL: SHOW COLUMNS FROM `goods` [ RunTime:0.1366s ]
SQL: SHOW COLUMNS FROM `goods` [ RunTime:0.0238s ]
SQL: SELECT `material` FROM `goods`  [ RunTime:0.0026s ]
SQL: SELECT * FROM `goods`  [ RunTime:0.0012s ]
NOTIC: [8] Undefined index: p C:\phpStudy\WWW\stell\application\Home\Controller\StockController.class.php 第 19 行.
SQL: SELECT * FROM `goods` ORDER BY id LIMIT 0,20   [ RunTime:0.0020s ]
SQL: SELECT COUNT(*) AS tp_count FROM `goods` LIMIT 1   [ RunTime:0.0017s ]
INFO: [ view_parse ] --START--
INFO: [ template_filter ] --START--
INFO: Run Behavior\ContentReplaceBehavior [ RunTime:0.003216s ]
INFO: [ template_filter ] --END-- [ RunTime:0.003438s ]
INFO: Run Behavior\ParseTemplateBehavior [ RunTime:0.564172s ]
INFO: [ view_parse ] --END-- [ RunTime:0.564366s ]
INFO: [ view_filter ] --START--
INFO: Run Behavior\WriteHtmlCacheBehavior [ RunTime:0.054264s ]
INFO: [ view_filter ] --END-- [ RunTime:0.054438s ]
INFO: [ app_end ] --START--
INFO: Run Behavior\ShowPageTraceBehavior [ RunTime:0.123412s ]
INFO: [ app_end ] --END-- [ RunTime:0.123713s ]

[ 2017-12-18T11:09:15+08:00 ] ::1 /stell/index.php
INFO: [ app_init ] --START--
INFO: Run Behavior\BuildLiteBehavior [ RunTime:0.000050s ]
INFO: [ app_init ] --END-- [ RunTime:0.000233s ]
INFO: [ app_begin ] --START--
INFO: Run Behavior\ReadHtmlCacheBehavior [ RunTime:0.002423s ]
INFO: [ app_begin ] --END-- [ RunTime:0.002623s ]
SQL: SHOW COLUMNS FROM `goods` [ RunTime:0.0728s ]
SQL: SHOW COLUMNS FROM `goods` [ RunTime:0.0240s ]
SQL: SELECT * FROM `goods`  [ RunTime:0.0012s ]
SQL: SHOW COLUMNS FROM `contact` [ RunTime:0.0977s ]
SQL: SELECT * FROM `contact` WHERE ( Id ) LIMIT 1   [ RunTime:0.0008s ]
SQL: SELECT `material` FROM `goods`  [ RunTime:0.0005s ]
SQL: SELECT `material` FROM `goods`  [ RunTime:0.0013s ]
INFO: [ view_parse ] --START--
INFO: [ template_filter ] --START--
INFO: Run Behavior\ContentReplaceBehavior [ RunTime:0.000311s ]
INFO: [ template_filter ] --END-- [ RunTime:0.000491s ]
INFO: Run Behavior\ParseTemplateBehavior [ RunTime:0.192215s ]
INFO: [ view_parse ] --END-- [ RunTime:0.192435s ]
INFO: [ view_filter ] --START--
INFO: Run Behavior\WriteHtmlCacheBehavior [ RunTime:0.002419s ]
INFO: [ view_filter ] --END-- [ RunTime:0.002594s ]
INFO: [ app_end ] --START--
INFO: Run Behavior\ShowPageTraceBehavior [ RunTime:0.002935s ]
INFO: [ app_end ] --END-- [ RunTime:0.003261s ]

