[ 2017-12-27T00:11:21+08:00 ] 47.93.90.175 /
INFO: [ app_init ] --START--
INFO: Run Behavior\BuildLiteBehavior [ RunTime:0.000017s ]
INFO: [ app_init ] --END-- [ RunTime:0.000075s ]
INFO: [ app_begin ] --START--
INFO: Run Behavior\ReadHtmlCacheBehavior [ RunTime:0.000438s ]
INFO: [ app_begin ] --END-- [ RunTime:0.000509s ]
SQL: SHOW COLUMNS FROM `goods` [ RunTime:0.0015s ]
SQL: SHOW COLUMNS FROM `goods` [ RunTime:0.0010s ]
SQL: SELECT * FROM `goods` ORDER BY id DESC  [ RunTime:0.0004s ]
SQL: SHOW COLUMNS FROM `contact` [ RunTime:0.0013s ]
SQL: SELECT * FROM `contact` WHERE ( Id ) LIMIT 1   [ RunTime:0.0003s ]
SQL: SELECT `material` FROM `goods`  [ RunTime:0.0002s ]
SQL: SELECT `material` FROM `goods`  [ RunTime:0.0002s ]
SQL: SHOW COLUMNS FROM `connect` [ RunTime:0.0010s ]
SQL: SHOW COLUMNS FROM `connect` [ RunTime:0.0009s ]
SQL: SELECT * FROM `connect`  [ RunTime:0.0002s ]
SQL: SHOW COLUMNS FROM `product` [ RunTime:0.0012s ]
SQL: SHOW COLUMNS FROM `product` [ RunTime:0.0010s ]
SQL: SELECT * FROM `product`  [ RunTime:0.0003s ]
SQL: SHOW COLUMNS FROM `product` [ RunTime:0.0011s ]
SQL: SELECT * FROM `contact` WHERE ( Id ) LIMIT 1   [ RunTime:0.0002s ]
SQL: SHOW COLUMNS FROM `seo` [ RunTime:0.0012s ]
SQL: SHOW COLUMNS FROM `seo` [ RunTime:0.0010s ]
SQL: SELECT * FROM `seo` WHERE ( Id=1 ) LIMIT 1   [ RunTime:0.0002s ]
INFO: [ view_parse ] --START--
INFO: [ template_filter ] --START--
INFO: Run Behavior\ContentReplaceBehavior [ RunTime:0.000109s ]
INFO: [ template_filter ] --END-- [ RunTime:0.000165s ]
INFO: Run Behavior\ParseTemplateBehavior [ RunTime:0.018905s ]
INFO: [ view_parse ] --END-- [ RunTime:0.018958s ]
INFO: [ view_filter ] --START--
INFO: Run Behavior\WriteHtmlCacheBehavior [ RunTime:0.000225s ]
INFO: [ view_filter ] --END-- [ RunTime:0.000270s ]
INFO: [ app_end ] --START--
INFO: Run Behavior\ShowPageTraceBehavior [ RunTime:0.000449s ]
INFO: [ app_end ] --END-- [ RunTime:0.000507s ]

[ 2017-12-27T00:23:19+08:00 ] 140.205.201.45 /
INFO: [ app_init ] --START--
INFO: Run Behavior\BuildLiteBehavior [ RunTime:0.000018s ]
INFO: [ app_init ] --END-- [ RunTime:0.000079s ]
INFO: [ app_begin ] --START--
INFO: Run Behavior\ReadHtmlCacheBehavior [ RunTime:0.000433s ]
INFO: [ app_begin ] --END-- [ RunTime:0.000494s ]
SQL: SHOW COLUMNS FROM `goods` [ RunTime:0.0013s ]
SQL: SHOW COLUMNS FROM `goods` [ RunTime:0.0010s ]
SQL: SELECT * FROM `goods` ORDER BY id DESC  [ RunTime:0.0004s ]
SQL: SHOW COLUMNS FROM `contact` [ RunTime:0.0010s ]
SQL: SELECT * FROM `contact` WHERE ( Id ) LIMIT 1   [ RunTime:0.0003s ]
SQL: SELECT `material` FROM `goods`  [ RunTime:0.0002s ]
SQL: SELECT `material` FROM `goods`  [ RunTime:0.0002s ]
SQL: SHOW COLUMNS FROM `connect` [ RunTime:0.0009s ]
SQL: SHOW COLUMNS FROM `connect` [ RunTime:0.0009s ]
SQL: SELECT * FROM `connect`  [ RunTime:0.0002s ]
SQL: SHOW COLUMNS FROM `product` [ RunTime:0.0010s ]
SQL: SHOW COLUMNS FROM `product` [ RunTime:0.0010s ]
SQL: SELECT * FROM `product`  [ RunTime:0.0003s ]
SQL: SHOW COLUMNS FROM `product` [ RunTime:0.0010s ]
SQL: SELECT * FROM `contact` WHERE ( Id ) LIMIT 1   [ RunTime:0.0002s ]
SQL: SHOW COLUMNS FROM `seo` [ RunTime:0.0010s ]
SQL: SHOW COLUMNS FROM `seo` [ RunTime:0.0011s ]
SQL: SELECT * FROM `seo` WHERE ( Id=1 ) LIMIT 1   [ RunTime:0.0002s ]
INFO: [ view_parse ] --START--
INFO: [ template_filter ] --START--
INFO: Run Behavior\ContentReplaceBehavior [ RunTime:0.000093s ]
INFO: [ template_filter ] --END-- [ RunTime:0.000143s ]
INFO: Run Behavior\ParseTemplateBehavior [ RunTime:0.018309s ]
INFO: [ view_parse ] --END-- [ RunTime:0.018363s ]
INFO: [ view_filter ] --START--
INFO: Run Behavior\WriteHtmlCacheBehavior [ RunTime:0.000228s ]
INFO: [ view_filter ] --END-- [ RunTime:0.000271s ]
INFO: [ app_end ] --START--
INFO: Run Behavior\ShowPageTraceBehavior [ RunTime:0.000466s ]
INFO: [ app_end ] --END-- [ RunTime:0.000515s ]

[ 2017-12-27T00:44:39+08:00 ] 140.205.201.45 /
INFO: [ app_init ] --START--
INFO: Run Behavior\BuildLiteBehavior [ RunTime:0.000018s ]
INFO: [ app_init ] --END-- [ RunTime:0.000076s ]
INFO: [ app_begin ] --START--
INFO: Run Behavior\ReadHtmlCacheBehavior [ RunTime:0.000430s ]
INFO: [ app_begin ] --END-- [ RunTime:0.000487s ]
SQL: SHOW COLUMNS FROM `goods` [ RunTime:0.0015s ]
SQL: SHOW COLUMNS FROM `goods` [ RunTime:0.0011s ]
SQL: SELECT * FROM `goods` ORDER BY id DESC  [ RunTime:0.0004s ]
SQL: SHOW COLUMNS FROM `contact` [ RunTime:0.0011s ]
SQL: SELECT * FROM `contact` WHERE ( Id ) LIMIT 1   [ RunTime:0.0003s ]
SQL: SELECT `material` FROM `goods`  [ RunTime:0.0002s ]
SQL: SELECT `material` FROM `goods`  [ RunTime:0.0002s ]
SQL: SHOW COLUMNS FROM `connect` [ RunTime:0.0011s ]
SQL: SHOW COLUMNS FROM `connect` [ RunTime:0.0009s ]
SQL: SELECT * FROM `connect`  [ RunTime:0.0002s ]
SQL: SHOW COLUMNS FROM `product` [ RunTime:0.0014s ]
SQL: SHOW COLUMNS FROM `product` [ RunTime:0.0010s ]
SQL: SELECT * FROM `product`  [ RunTime:0.0003s ]
SQL: SHOW COLUMNS FROM `product` [ RunTime:0.0010s ]
SQL: SELECT * FROM `contact` WHERE ( Id ) LIMIT 1   [ RunTime:0.0002s ]
SQL: SHOW COLUMNS FROM `seo` [ RunTime:0.0011s ]
SQL: SHOW COLUMNS FROM `seo` [ RunTime:0.0010s ]
SQL: SELECT * FROM `seo` WHERE ( Id=1 ) LIMIT 1   [ RunTime:0.0002s ]
INFO: [ view_parse ] --START--
INFO: [ template_filter ] --START--
INFO: Run Behavior\ContentReplaceBehavior [ RunTime:0.000094s ]
INFO: [ template_filter ] --END-- [ RunTime:0.000151s ]
INFO: Run Behavior\ParseTemplateBehavior [ RunTime:0.018263s ]
INFO: [ view_parse ] --END-- [ RunTime:0.018317s ]
INFO: [ view_filter ] --START--
INFO: Run Behavior\WriteHtmlCacheBehavior [ RunTime:0.000225s ]
INFO: [ view_filter ] --END-- [ RunTime:0.000268s ]
INFO: [ app_end ] --START--
INFO: Run Behavior\ShowPageTraceBehavior [ RunTime:0.000460s ]
INFO: [ app_end ] --END-- [ RunTime:0.000513s ]

[ 2017-12-27T00:46:32+08:00 ] 140.205.201.45 /
INFO: [ app_init ] --START--
INFO: Run Behavior\BuildLiteBehavior [ RunTime:0.000016s ]
INFO: [ app_init ] --END-- [ RunTime:0.000067s ]
INFO: [ app_begin ] --START--
INFO: Run Behavior\ReadHtmlCacheBehavior [ RunTime:0.000400s ]
INFO: [ app_begin ] --END-- [ RunTime:0.000455s ]
SQL: SHOW COLUMNS FROM `goods` [ RunTime:0.0013s ]
SQL: SHOW COLUMNS FROM `goods` [ RunTime:0.0010s ]
SQL: SELECT * FROM `goods` ORDER BY id DESC  [ RunTime:0.0004s ]
SQL: SHOW COLUMNS FROM `contact` [ RunTime:0.0011s ]
SQL: SELECT * FROM `contact` WHERE ( Id ) LIMIT 1   [ RunTime:0.0003s ]
SQL: SELECT `material` FROM `goods`  [ RunTime:0.0002s ]
SQL: SELECT `material` FROM `goods`  [ RunTime:0.0002s ]
SQL: SHOW COLUMNS FROM `connect` [ RunTime:0.0009s ]
SQL: SHOW COLUMNS FROM `connect` [ RunTime:0.0009s ]
SQL: SELECT * FROM `connect`  [ RunTime:0.0002s ]
SQL: SHOW COLUMNS FROM `product` [ RunTime:0.0010s ]
SQL: SHOW COLUMNS FROM `product` [ RunTime:0.0010s ]
SQL: SELECT * FROM `product`  [ RunTime:0.0003s ]
SQL: SHOW COLUMNS FROM `product` [ RunTime:0.0010s ]
SQL: SELECT * FROM `contact` WHERE ( Id ) LIMIT 1   [ RunTime:0.0002s ]
SQL: SHOW COLUMNS FROM `seo` [ RunTime:0.0010s ]
SQL: SHOW COLUMNS FROM `seo` [ RunTime:0.0009s ]
SQL: SELECT * FROM `seo` WHERE ( Id=1 ) LIMIT 1   [ RunTime:0.0002s ]
INFO: [ view_parse ] --START--
INFO: [ template_filter ] --START--
INFO: Run Behavior\ContentReplaceBehavior [ RunTime:0.000086s ]
INFO: [ template_filter ] --END-- [ RunTime:0.000135s ]
INFO: Run Behavior\ParseTemplateBehavior [ RunTime:0.010665s ]
INFO: [ view_parse ] --END-- [ RunTime:0.010720s ]
INFO: [ view_filter ] --START--
INFO: Run Behavior\WriteHtmlCacheBehavior [ RunTime:0.000185s ]
INFO: [ view_filter ] --END-- [ RunTime:0.000227s ]
INFO: [ app_end ] --START--
INFO: Run Behavior\ShowPageTraceBehavior [ RunTime:0.000418s ]
INFO: [ app_end ] --END-- [ RunTime:0.000467s ]

[ 2017-12-27T00:47:52+08:00 ] 140.205.201.45 /
INFO: [ app_init ] --START--
INFO: Run Behavior\BuildLiteBehavior [ RunTime:0.000015s ]
INFO: [ app_init ] --END-- [ RunTime:0.000065s ]
INFO: [ app_begin ] --START--
INFO: Run Behavior\ReadHtmlCacheBehavior [ RunTime:0.000423s ]
INFO: [ app_begin ] --END-- [ RunTime:0.000482s ]
SQL: SHOW COLUMNS FROM `goods` [ RunTime:0.0015s ]
SQL: SHOW COLUMNS FROM `goods` [ RunTime:0.0011s ]
SQL: SELECT * FROM `goods` ORDER BY id DESC  [ RunTime:0.0004s ]
SQL: SHOW COLUMNS FROM `contact` [ RunTime:0.0010s ]
SQL: SELECT * FROM `contact` WHERE ( Id ) LIMIT 1   [ RunTime:0.0003s ]
SQL: SELECT `material` FROM `goods`  [ RunTime:0.0002s ]
SQL: SELECT `material` FROM `goods`  [ RunTime:0.0002s ]
SQL: SHOW COLUMNS FROM `connect` [ RunTime:0.0009s ]
SQL: SHOW COLUMNS FROM `connect` [ RunTime:0.0010s ]
SQL: SELECT * FROM `connect`  [ RunTime:0.0002s ]
SQL: SHOW COLUMNS FROM `product` [ RunTime:0.0010s ]
SQL: SHOW COLUMNS FROM `product` [ RunTime:0.0010s ]
SQL: SELECT * FROM `product`  [ RunTime:0.0003s ]
SQL: SHOW COLUMNS FROM `product` [ RunTime:0.0010s ]
SQL: SELECT * FROM `contact` WHERE ( Id ) LIMIT 1   [ RunTime:0.0002s ]
SQL: SHOW COLUMNS FROM `seo` [ RunTime:0.0010s ]
SQL: SHOW COLUMNS FROM `seo` [ RunTime:0.0010s ]
SQL: SELECT * FROM `seo` WHERE ( Id=1 ) LIMIT 1   [ RunTime:0.0002s ]
INFO: [ view_parse ] --START--
INFO: [ template_filter ] --START--
INFO: Run Behavior\ContentReplaceBehavior [ RunTime:0.000088s ]
INFO: [ template_filter ] --END-- [ RunTime:0.000138s ]
INFO: Run Behavior\ParseTemplateBehavior [ RunTime:0.011060s ]
INFO: [ view_parse ] --END-- [ RunTime:0.011114s ]
INFO: [ view_filter ] --START--
INFO: Run Behavior\WriteHtmlCacheBehavior [ RunTime:0.000224s ]
INFO: [ view_filter ] --END-- [ RunTime:0.000266s ]
INFO: [ app_end ] --START--
INFO: Run Behavior\ShowPageTraceBehavior [ RunTime:0.000444s ]
INFO: [ app_end ] --END-- [ RunTime:0.000494s ]

[ 2017-12-27T02:33:54+08:00 ] 60.191.29.19 /
INFO: [ app_init ] --START--
INFO: Run Behavior\BuildLiteBehavior [ RunTime:0.000018s ]
INFO: [ app_init ] --END-- [ RunTime:0.000076s ]
INFO: [ app_begin ] --START--
INFO: Run Behavior\ReadHtmlCacheBehavior [ RunTime:0.000426s ]
INFO: [ app_begin ] --END-- [ RunTime:0.000491s ]
SQL: SHOW COLUMNS FROM `goods` [ RunTime:0.0015s ]
SQL: SHOW COLUMNS FROM `goods` [ RunTime:0.0011s ]
SQL: SELECT * FROM `goods` ORDER BY id DESC  [ RunTime:0.0005s ]
SQL: SHOW COLUMNS FROM `contact` [ RunTime:0.0012s ]
SQL: SELECT * FROM `contact` WHERE ( Id ) LIMIT 1   [ RunTime:0.0003s ]
SQL: SELECT `material` FROM `goods`  [ RunTime:0.0002s ]
SQL: SELECT `material` FROM `goods`  [ RunTime:0.0002s ]
SQL: SHOW COLUMNS FROM `connect` [ RunTime:0.0014s ]
SQL: SHOW COLUMNS FROM `connect` [ RunTime:0.0010s ]
SQL: SELECT * FROM `connect`  [ RunTime:0.0002s ]
SQL: SHOW COLUMNS FROM `product` [ RunTime:0.0012s ]
SQL: SHOW COLUMNS FROM `product` [ RunTime:0.0011s ]
SQL: SELECT * FROM `product`  [ RunTime:0.0004s ]
SQL: SHOW COLUMNS FROM `product` [ RunTime:0.0011s ]
SQL: SELECT * FROM `contact` WHERE ( Id ) LIMIT 1   [ RunTime:0.0002s ]
SQL: SHOW COLUMNS FROM `seo` [ RunTime:0.0013s ]
SQL: SHOW COLUMNS FROM `seo` [ RunTime:0.0010s ]
SQL: SELECT * FROM `seo` WHERE ( Id=1 ) LIMIT 1   [ RunTime:0.0002s ]
INFO: [ view_parse ] --START--
INFO: [ template_filter ] --START--
INFO: Run Behavior\ContentReplaceBehavior [ RunTime:0.000104s ]
INFO: [ template_filter ] --END-- [ RunTime:0.000156s ]
INFO: Run Behavior\ParseTemplateBehavior [ RunTime:0.019233s ]
INFO: [ view_parse ] --END-- [ RunTime:0.019288s ]
INFO: [ view_filter ] --START--
INFO: Run Behavior\WriteHtmlCacheBehavior [ RunTime:0.000233s ]
INFO: [ view_filter ] --END-- [ RunTime:0.000286s ]
INFO: [ app_end ] --START--
INFO: Run Behavior\ShowPageTraceBehavior [ RunTime:0.000470s ]
INFO: [ app_end ] --END-- [ RunTime:0.000521s ]

[ 2017-12-27T08:07:37+08:00 ] 47.93.90.175 /
INFO: [ app_init ] --START--
INFO: Run Behavior\BuildLiteBehavior [ RunTime:0.000017s ]
INFO: [ app_init ] --END-- [ RunTime:0.000080s ]
INFO: [ app_begin ] --START--
INFO: Run Behavior\ReadHtmlCacheBehavior [ RunTime:0.000501s ]
INFO: [ app_begin ] --END-- [ RunTime:0.000561s ]
SQL: SHOW COLUMNS FROM `goods` [ RunTime:0.0015s ]
SQL: SHOW COLUMNS FROM `goods` [ RunTime:0.0010s ]
SQL: SELECT * FROM `goods` ORDER BY id DESC  [ RunTime:0.0004s ]
SQL: SHOW COLUMNS FROM `contact` [ RunTime:0.0012s ]
SQL: SELECT * FROM `contact` WHERE ( Id ) LIMIT 1   [ RunTime:0.0003s ]
SQL: SELECT `material` FROM `goods`  [ RunTime:0.0002s ]
SQL: SELECT `material` FROM `goods`  [ RunTime:0.0002s ]
SQL: SHOW COLUMNS FROM `connect` [ RunTime:0.0011s ]
SQL: SHOW COLUMNS FROM `connect` [ RunTime:0.0009s ]
SQL: SELECT * FROM `connect`  [ RunTime:0.0002s ]
SQL: SHOW COLUMNS FROM `product` [ RunTime:0.0012s ]
SQL: SHOW COLUMNS FROM `product` [ RunTime:0.0010s ]
SQL: SELECT * FROM `product`  [ RunTime:0.0003s ]
SQL: SHOW COLUMNS FROM `product` [ RunTime:0.0010s ]
SQL: SELECT * FROM `contact` WHERE ( Id ) LIMIT 1   [ RunTime:0.0002s ]
SQL: SHOW COLUMNS FROM `seo` [ RunTime:0.0011s ]
SQL: SHOW COLUMNS FROM `seo` [ RunTime:0.0011s ]
SQL: SELECT * FROM `seo` WHERE ( Id=1 ) LIMIT 1   [ RunTime:0.0002s ]
INFO: [ view_parse ] --START--
INFO: [ template_filter ] --START--
INFO: Run Behavior\ContentReplaceBehavior [ RunTime:0.000108s ]
INFO: [ template_filter ] --END-- [ RunTime:0.000158s ]
INFO: Run Behavior\ParseTemplateBehavior [ RunTime:0.018181s ]
INFO: [ view_parse ] --END-- [ RunTime:0.018233s ]
INFO: [ view_filter ] --START--
INFO: Run Behavior\WriteHtmlCacheBehavior [ RunTime:0.000225s ]
INFO: [ view_filter ] --END-- [ RunTime:0.000270s ]
INFO: [ app_end ] --START--
INFO: Run Behavior\ShowPageTraceBehavior [ RunTime:0.000449s ]
INFO: [ app_end ] --END-- [ RunTime:0.000501s ]

[ 2017-12-27T11:15:07+08:00 ] 140.205.201.41 /
INFO: [ app_init ] --START--
INFO: Run Behavior\BuildLiteBehavior [ RunTime:0.000017s ]
INFO: [ app_init ] --END-- [ RunTime:0.000077s ]
INFO: [ app_begin ] --START--
INFO: Run Behavior\ReadHtmlCacheBehavior [ RunTime:0.000438s ]
INFO: [ app_begin ] --END-- [ RunTime:0.000496s ]
SQL: SHOW COLUMNS FROM `goods` [ RunTime:0.0015s ]
SQL: SHOW COLUMNS FROM `goods` [ RunTime:0.0011s ]
SQL: SELECT * FROM `goods` ORDER BY id DESC  [ RunTime:0.0004s ]
SQL: SHOW COLUMNS FROM `contact` [ RunTime:0.0012s ]
SQL: SELECT * FROM `contact` WHERE ( Id ) LIMIT 1   [ RunTime:0.0003s ]
SQL: SELECT `material` FROM `goods`  [ RunTime:0.0002s ]
SQL: SELECT `material` FROM `goods`  [ RunTime:0.0002s ]
SQL: SHOW COLUMNS FROM `connect` [ RunTime:0.0012s ]
SQL: SHOW COLUMNS FROM `connect` [ RunTime:0.0009s ]
SQL: SELECT * FROM `connect`  [ RunTime:0.0002s ]
SQL: SHOW COLUMNS FROM `product` [ RunTime:0.0012s ]
SQL: SHOW COLUMNS FROM `product` [ RunTime:0.0010s ]
SQL: SELECT * FROM `product`  [ RunTime:0.0003s ]
SQL: SHOW COLUMNS FROM `product` [ RunTime:0.0010s ]
SQL: SELECT * FROM `contact` WHERE ( Id ) LIMIT 1   [ RunTime:0.0002s ]
SQL: SHOW COLUMNS FROM `seo` [ RunTime:0.0012s ]
SQL: SHOW COLUMNS FROM `seo` [ RunTime:0.0010s ]
SQL: SELECT * FROM `seo` WHERE ( Id=1 ) LIMIT 1   [ RunTime:0.0002s ]
INFO: [ view_parse ] --START--
INFO: [ template_filter ] --START--
INFO: Run Behavior\ContentReplaceBehavior [ RunTime:0.000094s ]
INFO: [ template_filter ] --END-- [ RunTime:0.000142s ]
INFO: Run Behavior\ParseTemplateBehavior [ RunTime:0.018315s ]
INFO: [ view_parse ] --END-- [ RunTime:0.018371s ]
INFO: [ view_filter ] --START--
INFO: Run Behavior\WriteHtmlCacheBehavior [ RunTime:0.000235s ]
INFO: [ view_filter ] --END-- [ RunTime:0.000279s ]
INFO: [ app_end ] --START--
INFO: Run Behavior\ShowPageTraceBehavior [ RunTime:0.000455s ]
INFO: [ app_end ] --END-- [ RunTime:0.000507s ]

[ 2017-12-27T11:20:10+08:00 ] 140.205.201.41 /
INFO: [ app_init ] --START--
INFO: Run Behavior\BuildLiteBehavior [ RunTime:0.000016s ]
INFO: [ app_init ] --END-- [ RunTime:0.000067s ]
INFO: [ app_begin ] --START--
INFO: Run Behavior\ReadHtmlCacheBehavior [ RunTime:0.000431s ]
INFO: [ app_begin ] --END-- [ RunTime:0.000502s ]
SQL: SHOW COLUMNS FROM `goods` [ RunTime:0.0014s ]
SQL: SHOW COLUMNS FROM `goods` [ RunTime:0.0011s ]
SQL: SELECT * FROM `goods` ORDER BY id DESC  [ RunTime:0.0004s ]
SQL: SHOW COLUMNS FROM `contact` [ RunTime:0.0010s ]
SQL: SELECT * FROM `contact` WHERE ( Id ) LIMIT 1   [ RunTime:0.0003s ]
SQL: SELECT `material` FROM `goods`  [ RunTime:0.0002s ]
SQL: SELECT `material` FROM `goods`  [ RunTime:0.0002s ]
SQL: SHOW COLUMNS FROM `connect` [ RunTime:0.0012s ]
SQL: SHOW COLUMNS FROM `connect` [ RunTime:0.0009s ]
SQL: SELECT * FROM `connect`  [ RunTime:0.0002s ]
SQL: SHOW COLUMNS FROM `product` [ RunTime:0.0010s ]
SQL: SHOW COLUMNS FROM `product` [ RunTime:0.0010s ]
SQL: SELECT * FROM `product`  [ RunTime:0.0003s ]
SQL: SHOW COLUMNS FROM `product` [ RunTime:0.0011s ]
SQL: SELECT * FROM `contact` WHERE ( Id ) LIMIT 1   [ RunTime:0.0003s ]
SQL: SHOW COLUMNS FROM `seo` [ RunTime:0.0010s ]
SQL: SHOW COLUMNS FROM `seo` [ RunTime:0.0011s ]
SQL: SELECT * FROM `seo` WHERE ( Id=1 ) LIMIT 1   [ RunTime:0.0002s ]
INFO: [ view_parse ] --START--
INFO: [ template_filter ] --START--
INFO: Run Behavior\ContentReplaceBehavior [ RunTime:0.000099s ]
INFO: [ template_filter ] --END-- [ RunTime:0.000152s ]
INFO: Run Behavior\ParseTemplateBehavior [ RunTime:0.011300s ]
INFO: [ view_parse ] --END-- [ RunTime:0.011354s ]
INFO: [ view_filter ] --START--
INFO: Run Behavior\WriteHtmlCacheBehavior [ RunTime:0.000252s ]
INFO: [ view_filter ] --END-- [ RunTime:0.000297s ]
INFO: [ app_end ] --START--
INFO: Run Behavior\ShowPageTraceBehavior [ RunTime:0.000447s ]
INFO: [ app_end ] --END-- [ RunTime:0.000497s ]

[ 2017-12-27T11:34:33+08:00 ] 140.205.201.41 /
INFO: [ app_init ] --START--
INFO: Run Behavior\BuildLiteBehavior [ RunTime:0.000020s ]
INFO: [ app_init ] --END-- [ RunTime:0.000088s ]
INFO: [ app_begin ] --START--
INFO: Run Behavior\ReadHtmlCacheBehavior [ RunTime:0.000453s ]
INFO: [ app_begin ] --END-- [ RunTime:0.000508s ]
SQL: SHOW COLUMNS FROM `goods` [ RunTime:0.0015s ]
SQL: SHOW COLUMNS FROM `goods` [ RunTime:0.0011s ]
SQL: SELECT * FROM `goods` ORDER BY id DESC  [ RunTime:0.0004s ]
SQL: SHOW COLUMNS FROM `contact` [ RunTime:0.0014s ]
SQL: SELECT * FROM `contact` WHERE ( Id ) LIMIT 1   [ RunTime:0.0003s ]
SQL: SELECT `material` FROM `goods`  [ RunTime:0.0002s ]
SQL: SELECT `material` FROM `goods`  [ RunTime:0.0002s ]
SQL: SHOW COLUMNS FROM `connect` [ RunTime:0.0011s ]
SQL: SHOW COLUMNS FROM `connect` [ RunTime:0.0009s ]
SQL: SELECT * FROM `connect`  [ RunTime:0.0002s ]
SQL: SHOW COLUMNS FROM `product` [ RunTime:0.0012s ]
SQL: SHOW COLUMNS FROM `product` [ RunTime:0.0010s ]
SQL: SELECT * FROM `product`  [ RunTime:0.0003s ]
SQL: SHOW COLUMNS FROM `product` [ RunTime:0.0010s ]
SQL: SELECT * FROM `contact` WHERE ( Id ) LIMIT 1   [ RunTime:0.0003s ]
SQL: SHOW COLUMNS FROM `seo` [ RunTime:0.0013s ]
SQL: SHOW COLUMNS FROM `seo` [ RunTime:0.0010s ]
SQL: SELECT * FROM `seo` WHERE ( Id=1 ) LIMIT 1   [ RunTime:0.0002s ]
INFO: [ view_parse ] --START--
INFO: [ template_filter ] --START--
INFO: Run Behavior\ContentReplaceBehavior [ RunTime:0.000099s ]
INFO: [ template_filter ] --END-- [ RunTime:0.000157s ]
INFO: Run Behavior\ParseTemplateBehavior [ RunTime:0.018824s ]
INFO: [ view_parse ] --END-- [ RunTime:0.018880s ]
INFO: [ view_filter ] --START--
INFO: Run Behavior\WriteHtmlCacheBehavior [ RunTime:0.000263s ]
INFO: [ view_filter ] --END-- [ RunTime:0.000306s ]
INFO: [ app_end ] --START--
INFO: Run Behavior\ShowPageTraceBehavior [ RunTime:0.000484s ]
INFO: [ app_end ] --END-- [ RunTime:0.000535s ]

[ 2017-12-27T11:41:13+08:00 ] 140.205.201.41 /
INFO: [ app_init ] --START--
INFO: Run Behavior\BuildLiteBehavior [ RunTime:0.000016s ]
INFO: [ app_init ] --END-- [ RunTime:0.000084s ]
INFO: [ app_begin ] --START--
INFO: Run Behavior\ReadHtmlCacheBehavior [ RunTime:0.000468s ]
INFO: [ app_begin ] --END-- [ RunTime:0.000528s ]
SQL: SHOW COLUMNS FROM `goods` [ RunTime:0.0013s ]
SQL: SHOW COLUMNS FROM `goods` [ RunTime:0.0011s ]
SQL: SELECT * FROM `goods` ORDER BY id DESC  [ RunTime:0.0005s ]
SQL: SHOW COLUMNS FROM `contact` [ RunTime:0.0011s ]
SQL: SELECT * FROM `contact` WHERE ( Id ) LIMIT 1   [ RunTime:0.0003s ]
SQL: SELECT `material` FROM `goods`  [ RunTime:0.0002s ]
SQL: SELECT `material` FROM `goods`  [ RunTime:0.0002s ]
SQL: SHOW COLUMNS FROM `connect` [ RunTime:0.0013s ]
SQL: SHOW COLUMNS FROM `connect` [ RunTime:0.0013s ]
SQL: SELECT * FROM `connect`  [ RunTime:0.0002s ]
SQL: SHOW COLUMNS FROM `product` [ RunTime:0.0016s ]
SQL: SHOW COLUMNS FROM `product` [ RunTime:0.0013s ]
SQL: SELECT * FROM `product`  [ RunTime:0.0004s ]
SQL: SHOW COLUMNS FROM `product` [ RunTime:0.0012s ]
SQL: SELECT * FROM `contact` WHERE ( Id ) LIMIT 1   [ RunTime:0.0002s ]
SQL: SHOW COLUMNS FROM `seo` [ RunTime:0.0011s ]
SQL: SHOW COLUMNS FROM `seo` [ RunTime:0.0010s ]
SQL: SELECT * FROM `seo` WHERE ( Id=1 ) LIMIT 1   [ RunTime:0.0002s ]
INFO: [ view_parse ] --START--
INFO: [ template_filter ] --START--
INFO: Run Behavior\ContentReplaceBehavior [ RunTime:0.000131s ]
INFO: [ template_filter ] --END-- [ RunTime:0.000207s ]
INFO: Run Behavior\ParseTemplateBehavior [ RunTime:0.022242s ]
INFO: [ view_parse ] --END-- [ RunTime:0.022303s ]
INFO: [ view_filter ] --START--
INFO: Run Behavior\WriteHtmlCacheBehavior [ RunTime:0.000322s ]
INFO: [ view_filter ] --END-- [ RunTime:0.000386s ]
INFO: [ app_end ] --START--
INFO: Run Behavior\ShowPageTraceBehavior [ RunTime:0.000633s ]
INFO: [ app_end ] --END-- [ RunTime:0.000702s ]

[ 2017-12-27T11:41:17+08:00 ] 140.205.201.41 /
INFO: [ app_init ] --START--
INFO: Run Behavior\BuildLiteBehavior [ RunTime:0.000015s ]
INFO: [ app_init ] --END-- [ RunTime:0.000064s ]
INFO: [ app_begin ] --START--
INFO: Run Behavior\ReadHtmlCacheBehavior [ RunTime:0.000472s ]
INFO: [ app_begin ] --END-- [ RunTime:0.000529s ]
SQL: SHOW COLUMNS FROM `goods` [ RunTime:0.0014s ]
SQL: SHOW COLUMNS FROM `goods` [ RunTime:0.0011s ]
SQL: SELECT * FROM `goods` ORDER BY id DESC  [ RunTime:0.0004s ]
SQL: SHOW COLUMNS FROM `contact` [ RunTime:0.0011s ]
SQL: SELECT * FROM `contact` WHERE ( Id ) LIMIT 1   [ RunTime:0.0003s ]
SQL: SELECT `material` FROM `goods`  [ RunTime:0.0002s ]
SQL: SELECT `material` FROM `goods`  [ RunTime:0.0002s ]
SQL: SHOW COLUMNS FROM `connect` [ RunTime:0.0010s ]
SQL: SHOW COLUMNS FROM `connect` [ RunTime:0.0009s ]
SQL: SELECT * FROM `connect`  [ RunTime:0.0002s ]
SQL: SHOW COLUMNS FROM `product` [ RunTime:0.0011s ]
SQL: SHOW COLUMNS FROM `product` [ RunTime:0.0011s ]
SQL: SELECT * FROM `product`  [ RunTime:0.0003s ]
SQL: SHOW COLUMNS FROM `product` [ RunTime:0.0010s ]
SQL: SELECT * FROM `contact` WHERE ( Id ) LIMIT 1   [ RunTime:0.0002s ]
SQL: SHOW COLUMNS FROM `seo` [ RunTime:0.0010s ]
SQL: SHOW COLUMNS FROM `seo` [ RunTime:0.0011s ]
SQL: SELECT * FROM `seo` WHERE ( Id=1 ) LIMIT 1   [ RunTime:0.0002s ]
INFO: [ view_parse ] --START--
INFO: [ template_filter ] --START--
INFO: Run Behavior\ContentReplaceBehavior [ RunTime:0.000096s ]
INFO: [ template_filter ] --END-- [ RunTime:0.000158s ]
INFO: Run Behavior\ParseTemplateBehavior [ RunTime:0.011182s ]
INFO: [ view_parse ] --END-- [ RunTime:0.011234s ]
INFO: [ view_filter ] --START--
INFO: Run Behavior\WriteHtmlCacheBehavior [ RunTime:0.000200s ]
INFO: [ view_filter ] --END-- [ RunTime:0.000240s ]
INFO: [ app_end ] --START--
INFO: Run Behavior\ShowPageTraceBehavior [ RunTime:0.000445s ]
INFO: [ app_end ] --END-- [ RunTime:0.000494s ]

[ 2017-12-27T11:41:20+08:00 ] 140.205.201.41 /
INFO: [ app_init ] --START--
INFO: Run Behavior\BuildLiteBehavior [ RunTime:0.000016s ]
INFO: [ app_init ] --END-- [ RunTime:0.000068s ]
INFO: [ app_begin ] --START--
INFO: Run Behavior\ReadHtmlCacheBehavior [ RunTime:0.000450s ]
INFO: [ app_begin ] --END-- [ RunTime:0.000509s ]
SQL: SHOW COLUMNS FROM `goods` [ RunTime:0.0014s ]
SQL: SHOW COLUMNS FROM `goods` [ RunTime:0.0011s ]
SQL: SELECT * FROM `goods` ORDER BY id DESC  [ RunTime:0.0004s ]
SQL: SHOW COLUMNS FROM `contact` [ RunTime:0.0011s ]
SQL: SELECT * FROM `contact` WHERE ( Id ) LIMIT 1   [ RunTime:0.0003s ]
SQL: SELECT `material` FROM `goods`  [ RunTime:0.0002s ]
SQL: SELECT `material` FROM `goods`  [ RunTime:0.0002s ]
SQL: SHOW COLUMNS FROM `connect` [ RunTime:0.0010s ]
SQL: SHOW COLUMNS FROM `connect` [ RunTime:0.0010s ]
SQL: SELECT * FROM `connect`  [ RunTime:0.0002s ]
SQL: SHOW COLUMNS FROM `product` [ RunTime:0.0012s ]
SQL: SHOW COLUMNS FROM `product` [ RunTime:0.0011s ]
SQL: SELECT * FROM `product`  [ RunTime:0.0003s ]
SQL: SHOW COLUMNS FROM `product` [ RunTime:0.0011s ]
SQL: SELECT * FROM `contact` WHERE ( Id ) LIMIT 1   [ RunTime:0.0003s ]
SQL: SHOW COLUMNS FROM `seo` [ RunTime:0.0011s ]
SQL: SHOW COLUMNS FROM `seo` [ RunTime:0.0011s ]
SQL: SELECT * FROM `seo` WHERE ( Id=1 ) LIMIT 1   [ RunTime:0.0002s ]
INFO: [ view_parse ] --START--
INFO: [ template_filter ] --START--
INFO: Run Behavior\ContentReplaceBehavior [ RunTime:0.000108s ]
INFO: [ template_filter ] --END-- [ RunTime:0.000172s ]
INFO: Run Behavior\ParseTemplateBehavior [ RunTime:0.011140s ]
INFO: [ view_parse ] --END-- [ RunTime:0.011202s ]
INFO: [ view_filter ] --START--
INFO: Run Behavior\WriteHtmlCacheBehavior [ RunTime:0.000192s ]
INFO: [ view_filter ] --END-- [ RunTime:0.000235s ]
INFO: [ app_end ] --START--
INFO: Run Behavior\ShowPageTraceBehavior [ RunTime:0.000433s ]
INFO: [ app_end ] --END-- [ RunTime:0.000494s ]

[ 2017-12-27T12:12:09+08:00 ] 47.52.210.90 /
INFO: [ app_init ] --START--
INFO: Run Behavior\BuildLiteBehavior [ RunTime:0.000017s ]
INFO: [ app_init ] --END-- [ RunTime:0.000079s ]
INFO: [ app_begin ] --START--
INFO: Run Behavior\ReadHtmlCacheBehavior [ RunTime:0.000439s ]
INFO: [ app_begin ] --END-- [ RunTime:0.000498s ]
SQL: SHOW COLUMNS FROM `goods` [ RunTime:0.0015s ]
SQL: SHOW COLUMNS FROM `goods` [ RunTime:0.0011s ]
SQL: SELECT * FROM `goods` ORDER BY id DESC  [ RunTime:0.0004s ]
SQL: SHOW COLUMNS FROM `contact` [ RunTime:0.0012s ]
SQL: SELECT * FROM `contact` WHERE ( Id ) LIMIT 1   [ RunTime:0.0003s ]
SQL: SELECT `material` FROM `goods`  [ RunTime:0.0002s ]
SQL: SELECT `material` FROM `goods`  [ RunTime:0.0002s ]
SQL: SHOW COLUMNS FROM `connect` [ RunTime:0.0011s ]
SQL: SHOW COLUMNS FROM `connect` [ RunTime:0.0009s ]
SQL: SELECT * FROM `connect`  [ RunTime:0.0002s ]
SQL: SHOW COLUMNS FROM `product` [ RunTime:0.0012s ]
SQL: SHOW COLUMNS FROM `product` [ RunTime:0.0010s ]
SQL: SELECT * FROM `product`  [ RunTime:0.0003s ]
SQL: SHOW COLUMNS FROM `product` [ RunTime:0.0010s ]
SQL: SELECT * FROM `contact` WHERE ( Id ) LIMIT 1   [ RunTime:0.0002s ]
SQL: SHOW COLUMNS FROM `seo` [ RunTime:0.0012s ]
SQL: SHOW COLUMNS FROM `seo` [ RunTime:0.0010s ]
SQL: SELECT * FROM `seo` WHERE ( Id=1 ) LIMIT 1   [ RunTime:0.0002s ]
INFO: [ view_parse ] --START--
INFO: [ template_filter ] --START--
INFO: Run Behavior\ContentReplaceBehavior [ RunTime:0.000104s ]
INFO: [ template_filter ] --END-- [ RunTime:0.000157s ]
INFO: Run Behavior\ParseTemplateBehavior [ RunTime:0.018597s ]
INFO: [ view_parse ] --END-- [ RunTime:0.018651s ]
INFO: [ view_filter ] --START--
INFO: Run Behavior\WriteHtmlCacheBehavior [ RunTime:0.000232s ]
INFO: [ view_filter ] --END-- [ RunTime:0.000276s ]
INFO: [ app_end ] --START--
INFO: Run Behavior\ShowPageTraceBehavior [ RunTime:0.000470s ]
INFO: [ app_end ] --END-- [ RunTime:0.000523s ]

[ 2017-12-27T12:39:57+08:00 ] 196.52.43.52 /
INFO: [ app_init ] --START--
INFO: Run Behavior\BuildLiteBehavior [ RunTime:0.000026s ]
INFO: [ app_init ] --END-- [ RunTime:0.000088s ]
INFO: [ app_begin ] --START--
INFO: Run Behavior\ReadHtmlCacheBehavior [ RunTime:0.000450s ]
INFO: [ app_begin ] --END-- [ RunTime:0.000509s ]
SQL: SHOW COLUMNS FROM `goods` [ RunTime:0.0015s ]
SQL: SHOW COLUMNS FROM `goods` [ RunTime:0.0011s ]
SQL: SELECT * FROM `goods` ORDER BY id DESC  [ RunTime:0.0004s ]
SQL: SHOW COLUMNS FROM `contact` [ RunTime:0.0012s ]
SQL: SELECT * FROM `contact` WHERE ( Id ) LIMIT 1   [ RunTime:0.0003s ]
SQL: SELECT `material` FROM `goods`  [ RunTime:0.0002s ]
SQL: SELECT `material` FROM `goods`  [ RunTime:0.0002s ]
SQL: SHOW COLUMNS FROM `connect` [ RunTime:0.0013s ]
SQL: SHOW COLUMNS FROM `connect` [ RunTime:0.0009s ]
SQL: SELECT * FROM `connect`  [ RunTime:0.0002s ]
SQL: SHOW COLUMNS FROM `product` [ RunTime:0.0011s ]
SQL: SHOW COLUMNS FROM `product` [ RunTime:0.0010s ]
SQL: SELECT * FROM `product`  [ RunTime:0.0003s ]
SQL: SHOW COLUMNS FROM `product` [ RunTime:0.0010s ]
SQL: SELECT * FROM `contact` WHERE ( Id ) LIMIT 1   [ RunTime:0.0002s ]
SQL: SHOW COLUMNS FROM `seo` [ RunTime:0.0012s ]
SQL: SHOW COLUMNS FROM `seo` [ RunTime:0.0010s ]
SQL: SELECT * FROM `seo` WHERE ( Id=1 ) LIMIT 1   [ RunTime:0.0002s ]
INFO: [ view_parse ] --START--
INFO: [ template_filter ] --START--
INFO: Run Behavior\ContentReplaceBehavior [ RunTime:0.000105s ]
INFO: [ template_filter ] --END-- [ RunTime:0.000160s ]
INFO: Run Behavior\ParseTemplateBehavior [ RunTime:0.018411s ]
INFO: [ view_parse ] --END-- [ RunTime:0.018465s ]
INFO: [ view_filter ] --START--
INFO: Run Behavior\WriteHtmlCacheBehavior [ RunTime:0.000238s ]
INFO: [ view_filter ] --END-- [ RunTime:0.000290s ]
INFO: [ app_end ] --START--
INFO: Run Behavior\ShowPageTraceBehavior [ RunTime:0.000461s ]
INFO: [ app_end ] --END-- [ RunTime:0.000524s ]

[ 2017-12-27T13:46:07+08:00 ] 112.253.25.52 /
INFO: [ app_init ] --START--
INFO: Run Behavior\BuildLiteBehavior [ RunTime:0.000017s ]
INFO: [ app_init ] --END-- [ RunTime:0.000083s ]
INFO: [ app_begin ] --START--
INFO: Run Behavior\ReadHtmlCacheBehavior [ RunTime:0.000429s ]
INFO: [ app_begin ] --END-- [ RunTime:0.000486s ]
SQL: SHOW COLUMNS FROM `goods` [ RunTime:0.0014s ]
SQL: SHOW COLUMNS FROM `goods` [ RunTime:0.0010s ]
SQL: SELECT * FROM `goods` ORDER BY id DESC  [ RunTime:0.0004s ]
SQL: SHOW COLUMNS FROM `contact` [ RunTime:0.0012s ]
SQL: SELECT * FROM `contact` WHERE ( Id ) LIMIT 1   [ RunTime:0.0003s ]
SQL: SELECT `material` FROM `goods`  [ RunTime:0.0002s ]
SQL: SELECT `material` FROM `goods`  [ RunTime:0.0002s ]
SQL: SHOW COLUMNS FROM `connect` [ RunTime:0.0012s ]
SQL: SHOW COLUMNS FROM `connect` [ RunTime:0.0009s ]
SQL: SELECT * FROM `connect`  [ RunTime:0.0002s ]
SQL: SHOW COLUMNS FROM `product` [ RunTime:0.0011s ]
SQL: SHOW COLUMNS FROM `product` [ RunTime:0.0011s ]
SQL: SELECT * FROM `product`  [ RunTime:0.0003s ]
SQL: SHOW COLUMNS FROM `product` [ RunTime:0.0010s ]
SQL: SELECT * FROM `contact` WHERE ( Id ) LIMIT 1   [ RunTime:0.0002s ]
SQL: SHOW COLUMNS FROM `seo` [ RunTime:0.0011s ]
SQL: SHOW COLUMNS FROM `seo` [ RunTime:0.0010s ]
SQL: SELECT * FROM `seo` WHERE ( Id=1 ) LIMIT 1   [ RunTime:0.0002s ]
INFO: [ view_parse ] --START--
INFO: [ template_filter ] --START--
INFO: Run Behavior\ContentReplaceBehavior [ RunTime:0.000099s ]
INFO: [ template_filter ] --END-- [ RunTime:0.000146s ]
INFO: Run Behavior\ParseTemplateBehavior [ RunTime:0.018197s ]
INFO: [ view_parse ] --END-- [ RunTime:0.018251s ]
INFO: [ view_filter ] --START--
INFO: Run Behavior\WriteHtmlCacheBehavior [ RunTime:0.000217s ]
INFO: [ view_filter ] --END-- [ RunTime:0.000260s ]
INFO: [ app_end ] --START--
INFO: Run Behavior\ShowPageTraceBehavior [ RunTime:0.000439s ]
INFO: [ app_end ] --END-- [ RunTime:0.000490s ]

[ 2017-12-27T13:53:08+08:00 ] 112.253.25.52 /
INFO: [ app_init ] --START--
INFO: Run Behavior\BuildLiteBehavior [ RunTime:0.000015s ]
INFO: [ app_init ] --END-- [ RunTime:0.000067s ]
INFO: [ app_begin ] --START--
INFO: Run Behavior\ReadHtmlCacheBehavior [ RunTime:0.000433s ]
INFO: [ app_begin ] --END-- [ RunTime:0.000502s ]
SQL: SHOW COLUMNS FROM `goods` [ RunTime:0.0014s ]
SQL: SHOW COLUMNS FROM `goods` [ RunTime:0.0011s ]
SQL: SELECT * FROM `goods` ORDER BY id DESC  [ RunTime:0.0004s ]
SQL: SHOW COLUMNS FROM `contact` [ RunTime:0.0011s ]
SQL: SELECT * FROM `contact` WHERE ( Id ) LIMIT 1   [ RunTime:0.0003s ]
SQL: SELECT `material` FROM `goods`  [ RunTime:0.0002s ]
SQL: SELECT `material` FROM `goods`  [ RunTime:0.0002s ]
SQL: SHOW COLUMNS FROM `connect` [ RunTime:0.0009s ]
SQL: SHOW COLUMNS FROM `connect` [ RunTime:0.0012s ]
SQL: SELECT * FROM `connect`  [ RunTime:0.0002s ]
SQL: SHOW COLUMNS FROM `product` [ RunTime:0.0010s ]
SQL: SHOW COLUMNS FROM `product` [ RunTime:0.0010s ]
SQL: SELECT * FROM `product`  [ RunTime:0.0003s ]
SQL: SHOW COLUMNS FROM `product` [ RunTime:0.0011s ]
SQL: SELECT * FROM `contact` WHERE ( Id ) LIMIT 1   [ RunTime:0.0002s ]
SQL: SHOW COLUMNS FROM `seo` [ RunTime:0.0010s ]
SQL: SHOW COLUMNS FROM `seo` [ RunTime:0.0011s ]
SQL: SELECT * FROM `seo` WHERE ( Id=1 ) LIMIT 1   [ RunTime:0.0002s ]
INFO: [ view_parse ] --START--
INFO: [ template_filter ] --START--
INFO: Run Behavior\ContentReplaceBehavior [ RunTime:0.000100s ]
INFO: [ template_filter ] --END-- [ RunTime:0.000155s ]
INFO: Run Behavior\ParseTemplateBehavior [ RunTime:0.011345s ]
INFO: [ view_parse ] --END-- [ RunTime:0.011408s ]
INFO: [ view_filter ] --START--
INFO: Run Behavior\WriteHtmlCacheBehavior [ RunTime:0.000233s ]
INFO: [ view_filter ] --END-- [ RunTime:0.000278s ]
INFO: [ app_end ] --START--
INFO: Run Behavior\ShowPageTraceBehavior [ RunTime:0.000474s ]
INFO: [ app_end ] --END-- [ RunTime:0.000528s ]

[ 2017-12-27T13:54:22+08:00 ] 112.253.25.52 /index.php/Home/Stock/index.html
INFO: [ app_init ] --START--
INFO: Run Behavior\BuildLiteBehavior [ RunTime:0.000015s ]
INFO: [ app_init ] --END-- [ RunTime:0.000065s ]
INFO: [ app_begin ] --START--
INFO: Run Behavior\ReadHtmlCacheBehavior [ RunTime:0.000401s ]
INFO: [ app_begin ] --END-- [ RunTime:0.000457s ]
SQL: SHOW COLUMNS FROM `goods` [ RunTime:0.0014s ]
SQL: SHOW COLUMNS FROM `goods` [ RunTime:0.0011s ]
SQL: SELECT `material` FROM `goods`  [ RunTime:0.0002s ]
SQL: SELECT * FROM `goods` ORDER BY id DESC  [ RunTime:0.0004s ]
SQL: SHOW COLUMNS FROM `seo` [ RunTime:0.0011s ]
SQL: SHOW COLUMNS FROM `seo` [ RunTime:0.0011s ]
SQL: SELECT * FROM `seo` WHERE ( Id=1 ) LIMIT 1   [ RunTime:0.0002s ]
NOTIC: [8] Undefined index: p C:\phpStudy4IIS\WWW\stell\application\Home\Controller\StockController.class.php 第 22 行.
SQL: SELECT * FROM `goods` ORDER BY id DESC LIMIT 0,20   [ RunTime:0.0004s ]
SQL: SELECT COUNT(*) AS tp_count FROM `goods` LIMIT 1   [ RunTime:0.0002s ]
SQL: SHOW COLUMNS FROM `connect` [ RunTime:0.0012s ]
SQL: SHOW COLUMNS FROM `connect` [ RunTime:0.0010s ]
SQL: SELECT * FROM `connect`  [ RunTime:0.0002s ]
SQL: SHOW COLUMNS FROM `product` [ RunTime:0.0011s ]
SQL: SHOW COLUMNS FROM `contact` [ RunTime:0.0010s ]
SQL: SELECT * FROM `contact` WHERE ( Id ) LIMIT 1   [ RunTime:0.0003s ]
INFO: [ view_parse ] --START--
INFO: [ template_filter ] --START--
INFO: Run Behavior\ContentReplaceBehavior [ RunTime:0.000071s ]
INFO: [ template_filter ] --END-- [ RunTime:0.000120s ]
INFO: Run Behavior\ParseTemplateBehavior [ RunTime:0.009308s ]
INFO: [ view_parse ] --END-- [ RunTime:0.009384s ]
INFO: [ view_filter ] --START--
INFO: Run Behavior\WriteHtmlCacheBehavior [ RunTime:0.000197s ]
INFO: [ view_filter ] --END-- [ RunTime:0.000238s ]
INFO: [ app_end ] --START--
INFO: Run Behavior\ShowPageTraceBehavior [ RunTime:0.000415s ]
INFO: [ app_end ] --END-- [ RunTime:0.000476s ]

[ 2017-12-27T13:54:24+08:00 ] 112.253.25.52 /index.php/Home/Product/index.html
INFO: [ app_init ] --START--
INFO: Run Behavior\BuildLiteBehavior [ RunTime:0.000016s ]
INFO: [ app_init ] --END-- [ RunTime:0.000069s ]
INFO: [ app_begin ] --START--
INFO: Run Behavior\ReadHtmlCacheBehavior [ RunTime:0.000413s ]
INFO: [ app_begin ] --END-- [ RunTime:0.000474s ]
SQL: SHOW COLUMNS FROM `product` [ RunTime:0.0014s ]
NOTIC: [8] Undefined index: p C:\phpStudy4IIS\WWW\stell\application\Home\Controller\ProductController.class.php 第 16 行.
SQL: SELECT * FROM `product` ORDER BY id DESC LIMIT 0,15   [ RunTime:0.0004s ]
SQL: SELECT COUNT(*) AS tp_count FROM `product` LIMIT 1   [ RunTime:0.0002s ]
SQL: SHOW COLUMNS FROM `connect` [ RunTime:0.0010s ]
SQL: SHOW COLUMNS FROM `connect` [ RunTime:0.0009s ]
SQL: SELECT * FROM `connect`  [ RunTime:0.0002s ]
SQL: SHOW COLUMNS FROM `product` [ RunTime:0.0011s ]
SQL: SHOW COLUMNS FROM `contact` [ RunTime:0.0011s ]
SQL: SELECT * FROM `contact` WHERE ( Id ) LIMIT 1   [ RunTime:0.0002s ]
SQL: SHOW COLUMNS FROM `seo` [ RunTime:0.0010s ]
SQL: SHOW COLUMNS FROM `seo` [ RunTime:0.0010s ]
SQL: SELECT * FROM `seo` WHERE ( Id=1 ) LIMIT 1   [ RunTime:0.0002s ]
INFO: [ view_parse ] --START--
INFO: [ template_filter ] --START--
INFO: Run Behavior\ContentReplaceBehavior [ RunTime:0.000055s ]
INFO: [ template_filter ] --END-- [ RunTime:0.000106s ]
INFO: Run Behavior\ParseTemplateBehavior [ RunTime:0.008328s ]
INFO: [ view_parse ] --END-- [ RunTime:0.008381s ]
INFO: [ view_filter ] --START--
INFO: Run Behavior\WriteHtmlCacheBehavior [ RunTime:0.000188s ]
INFO: [ view_filter ] --END-- [ RunTime:0.000229s ]
INFO: [ app_end ] --START--
INFO: Run Behavior\ShowPageTraceBehavior [ RunTime:0.000413s ]
INFO: [ app_end ] --END-- [ RunTime:0.000459s ]

[ 2017-12-27T13:54:26+08:00 ] 112.253.25.52 /index.php/Home/Information/index.html
INFO: [ app_init ] --START--
INFO: Run Behavior\BuildLiteBehavior [ RunTime:0.000015s ]
INFO: [ app_init ] --END-- [ RunTime:0.000065s ]
INFO: [ app_begin ] --START--
INFO: Run Behavior\ReadHtmlCacheBehavior [ RunTime:0.000709s ]
INFO: [ app_begin ] --END-- [ RunTime:0.000768s ]
SQL: SHOW COLUMNS FROM `artide` [ RunTime:0.0013s ]
NOTIC: [8] Undefined index: p C:\phpStudy4IIS\WWW\stell\application\Home\Controller\InformationController.class.php 第 12 行.
SQL: SELECT * FROM `artide` WHERE ( kind=1 ) ORDER BY id DESC LIMIT 0,10   [ RunTime:0.0010s ]
SQL: SELECT COUNT(*) AS tp_count FROM `artide` LIMIT 1   [ RunTime:0.0002s ]
SQL: SHOW COLUMNS FROM `connect` [ RunTime:0.0010s ]
SQL: SHOW COLUMNS FROM `connect` [ RunTime:0.0009s ]
SQL: SELECT * FROM `connect`  [ RunTime:0.0002s ]
SQL: SHOW COLUMNS FROM `product` [ RunTime:0.0010s ]
SQL: SHOW COLUMNS FROM `contact` [ RunTime:0.0010s ]
SQL: SELECT * FROM `contact` WHERE ( Id ) LIMIT 1   [ RunTime:0.0002s ]
SQL: SHOW COLUMNS FROM `seo` [ RunTime:0.0010s ]
SQL: SHOW COLUMNS FROM `seo` [ RunTime:0.0009s ]
SQL: SELECT * FROM `seo` WHERE ( Id=1 ) LIMIT 1   [ RunTime:0.0002s ]
SQL: SHOW COLUMNS FROM `artide` [ RunTime:0.0010s ]
SQL: SELECT * FROM `artide` ORDER BY rand() LIMIT 10   [ RunTime:0.0024s ]
SQL: SHOW COLUMNS FROM `connect` [ RunTime:0.0009s ]
SQL: SELECT * FROM `connect`  [ RunTime:0.0002s ]
INFO: [ view_parse ] --START--
INFO: [ template_filter ] --START--
INFO: Run Behavior\ContentReplaceBehavior [ RunTime:0.000065s ]
INFO: [ template_filter ] --END-- [ RunTime:0.000114s ]
INFO: Run Behavior\ParseTemplateBehavior [ RunTime:0.009234s ]
INFO: [ view_parse ] --END-- [ RunTime:0.009288s ]
INFO: [ view_filter ] --START--
INFO: Run Behavior\WriteHtmlCacheBehavior [ RunTime:0.000187s ]
INFO: [ view_filter ] --END-- [ RunTime:0.000236s ]
INFO: [ app_end ] --START--
INFO: Run Behavior\ShowPageTraceBehavior [ RunTime:0.000417s ]
INFO: [ app_end ] --END-- [ RunTime:0.000466s ]

[ 2017-12-27T13:54:28+08:00 ] 112.253.25.52 /index.php/Home/Knowledge/index.html
INFO: [ app_init ] --START--
INFO: Run Behavior\BuildLiteBehavior [ RunTime:0.000015s ]
INFO: [ app_init ] --END-- [ RunTime:0.000066s ]
INFO: [ app_begin ] --START--
INFO: Run Behavior\ReadHtmlCacheBehavior [ RunTime:0.000407s ]
INFO: [ app_begin ] --END-- [ RunTime:0.000464s ]
SQL: SHOW COLUMNS FROM `artide` [ RunTime:0.0013s ]
NOTIC: [8] Undefined index: p C:\phpStudy4IIS\WWW\stell\application\Home\Controller\KnowledgeController.class.php 第 12 行.
SQL: SELECT * FROM `artide` WHERE ( kind=2 ) ORDER BY id DESC LIMIT 0,10   [ RunTime:0.0007s ]
SQL: SELECT COUNT(*) AS tp_count FROM `artide` LIMIT 1   [ RunTime:0.0002s ]
SQL: SHOW COLUMNS FROM `connect` [ RunTime:0.0010s ]
SQL: SHOW COLUMNS FROM `connect` [ RunTime:0.0010s ]
SQL: SELECT * FROM `connect`  [ RunTime:0.0002s ]
SQL: SHOW COLUMNS FROM `product` [ RunTime:0.0011s ]
SQL: SHOW COLUMNS FROM `contact` [ RunTime:0.0010s ]
SQL: SELECT * FROM `contact` WHERE ( Id ) LIMIT 1   [ RunTime:0.0002s ]
SQL: SHOW COLUMNS FROM `artide` [ RunTime:0.0010s ]
SQL: SELECT * FROM `artide` ORDER BY rand() LIMIT 10   [ RunTime:0.0017s ]
SQL: SHOW COLUMNS FROM `seo` [ RunTime:0.0010s ]
SQL: SHOW COLUMNS FROM `seo` [ RunTime:0.0011s ]
SQL: SELECT * FROM `seo` WHERE ( Id=1 ) LIMIT 1   [ RunTime:0.0002s ]
INFO: [ view_parse ] --START--
INFO: [ template_filter ] --START--
INFO: Run Behavior\ContentReplaceBehavior [ RunTime:0.000070s ]
INFO: [ template_filter ] --END-- [ RunTime:0.000126s ]
INFO: Run Behavior\ParseTemplateBehavior [ RunTime:0.009815s ]
INFO: [ view_parse ] --END-- [ RunTime:0.009869s ]
INFO: [ view_filter ] --START--
INFO: Run Behavior\WriteHtmlCacheBehavior [ RunTime:0.000193s ]
INFO: [ view_filter ] --END-- [ RunTime:0.000242s ]
INFO: [ app_end ] --START--
INFO: Run Behavior\ShowPageTraceBehavior [ RunTime:0.000451s ]
INFO: [ app_end ] --END-- [ RunTime:0.000501s ]

[ 2017-12-27T14:25:19+08:00 ] 112.253.25.52 /
INFO: [ app_init ] --START--
INFO: Run Behavior\BuildLiteBehavior [ RunTime:0.000018s ]
INFO: [ app_init ] --END-- [ RunTime:0.000078s ]
INFO: [ app_begin ] --START--
INFO: Run Behavior\ReadHtmlCacheBehavior [ RunTime:0.000445s ]
INFO: [ app_begin ] --END-- [ RunTime:0.000504s ]
SQL: SHOW COLUMNS FROM `goods` [ RunTime:0.0015s ]
SQL: SHOW COLUMNS FROM `goods` [ RunTime:0.0010s ]
SQL: SELECT * FROM `goods` ORDER BY id DESC  [ RunTime:0.0004s ]
SQL: SHOW COLUMNS FROM `contact` [ RunTime:0.0010s ]
SQL: SELECT * FROM `contact` WHERE ( Id ) LIMIT 1   [ RunTime:0.0003s ]
SQL: SELECT `material` FROM `goods`  [ RunTime:0.0002s ]
SQL: SELECT `material` FROM `goods`  [ RunTime:0.0002s ]
SQL: SHOW COLUMNS FROM `connect` [ RunTime:0.0013s ]
SQL: SHOW COLUMNS FROM `connect` [ RunTime:0.0009s ]
SQL: SELECT * FROM `connect`  [ RunTime:0.0002s ]
SQL: SHOW COLUMNS FROM `product` [ RunTime:0.0012s ]
SQL: SHOW COLUMNS FROM `product` [ RunTime:0.0010s ]
SQL: SELECT * FROM `product`  [ RunTime:0.0003s ]
SQL: SHOW COLUMNS FROM `product` [ RunTime:0.0010s ]
SQL: SELECT * FROM `contact` WHERE ( Id ) LIMIT 1   [ RunTime:0.0002s ]
SQL: SHOW COLUMNS FROM `seo` [ RunTime:0.0011s ]
SQL: SHOW COLUMNS FROM `seo` [ RunTime:0.0010s ]
SQL: SELECT * FROM `seo` WHERE ( Id=1 ) LIMIT 1   [ RunTime:0.0002s ]
INFO: [ view_parse ] --START--
INFO: [ template_filter ] --START--
INFO: Run Behavior\ContentReplaceBehavior [ RunTime:0.000102s ]
INFO: [ template_filter ] --END-- [ RunTime:0.000151s ]
INFO: Run Behavior\ParseTemplateBehavior [ RunTime:0.018294s ]
INFO: [ view_parse ] --END-- [ RunTime:0.018346s ]
INFO: [ view_filter ] --START--
INFO: Run Behavior\WriteHtmlCacheBehavior [ RunTime:0.000237s ]
INFO: [ view_filter ] --END-- [ RunTime:0.000280s ]
INFO: [ app_end ] --START--
INFO: Run Behavior\ShowPageTraceBehavior [ RunTime:0.000456s ]
INFO: [ app_end ] --END-- [ RunTime:0.000507s ]

[ 2017-12-27T16:15:33+08:00 ] 47.92.2.1 /
INFO: [ app_init ] --START--
INFO: Run Behavior\BuildLiteBehavior [ RunTime:0.000018s ]
INFO: [ app_init ] --END-- [ RunTime:0.000077s ]
INFO: [ app_begin ] --START--
INFO: Run Behavior\ReadHtmlCacheBehavior [ RunTime:0.000439s ]
INFO: [ app_begin ] --END-- [ RunTime:0.000498s ]
SQL: SHOW COLUMNS FROM `goods` [ RunTime:0.0016s ]
SQL: SHOW COLUMNS FROM `goods` [ RunTime:0.0011s ]
SQL: SELECT * FROM `goods` ORDER BY id DESC  [ RunTime:0.0004s ]
SQL: SHOW COLUMNS FROM `contact` [ RunTime:0.0012s ]
SQL: SELECT * FROM `contact` WHERE ( Id ) LIMIT 1   [ RunTime:0.0003s ]
SQL: SELECT `material` FROM `goods`  [ RunTime:0.0002s ]
SQL: SELECT `material` FROM `goods`  [ RunTime:0.0002s ]
SQL: SHOW COLUMNS FROM `connect` [ RunTime:0.0014s ]
SQL: SHOW COLUMNS FROM `connect` [ RunTime:0.0009s ]
SQL: SELECT * FROM `connect`  [ RunTime:0.0002s ]
SQL: SHOW COLUMNS FROM `product` [ RunTime:0.0012s ]
SQL: SHOW COLUMNS FROM `product` [ RunTime:0.0010s ]
SQL: SELECT * FROM `product`  [ RunTime:0.0003s ]
SQL: SHOW COLUMNS FROM `product` [ RunTime:0.0010s ]
SQL: SELECT * FROM `contact` WHERE ( Id ) LIMIT 1   [ RunTime:0.0002s ]
SQL: SHOW COLUMNS FROM `seo` [ RunTime:0.0013s ]
SQL: SHOW COLUMNS FROM `seo` [ RunTime:0.0010s ]
SQL: SELECT * FROM `seo` WHERE ( Id=1 ) LIMIT 1   [ RunTime:0.0002s ]
INFO: [ view_parse ] --START--
INFO: [ template_filter ] --START--
INFO: Run Behavior\ContentReplaceBehavior [ RunTime:0.000108s ]
INFO: [ template_filter ] --END-- [ RunTime:0.000163s ]
INFO: Run Behavior\ParseTemplateBehavior [ RunTime:0.018489s ]
INFO: [ view_parse ] --END-- [ RunTime:0.018544s ]
INFO: [ view_filter ] --START--
INFO: Run Behavior\WriteHtmlCacheBehavior [ RunTime:0.000240s ]
INFO: [ view_filter ] --END-- [ RunTime:0.000282s ]
INFO: [ app_end ] --START--
INFO: Run Behavior\ShowPageTraceBehavior [ RunTime:0.000480s ]
INFO: [ app_end ] --END-- [ RunTime:0.000530s ]

[ 2017-12-27T17:50:07+08:00 ] 140.205.225.192 /
INFO: [ app_init ] --START--
INFO: Run Behavior\BuildLiteBehavior [ RunTime:0.000017s ]
INFO: [ app_init ] --END-- [ RunTime:0.000075s ]
INFO: [ app_begin ] --START--
INFO: Run Behavior\ReadHtmlCacheBehavior [ RunTime:0.000480s ]
INFO: [ app_begin ] --END-- [ RunTime:0.000539s ]
SQL: SHOW COLUMNS FROM `goods` [ RunTime:0.0015s ]
SQL: SHOW COLUMNS FROM `goods` [ RunTime:0.0011s ]
SQL: SELECT * FROM `goods` ORDER BY id DESC  [ RunTime:0.0005s ]
SQL: SHOW COLUMNS FROM `contact` [ RunTime:0.0013s ]
SQL: SELECT * FROM `contact` WHERE ( Id ) LIMIT 1   [ RunTime:0.0003s ]
SQL: SELECT `material` FROM `goods`  [ RunTime:0.0002s ]
SQL: SELECT `material` FROM `goods`  [ RunTime:0.0002s ]
SQL: SHOW COLUMNS FROM `connect` [ RunTime:0.0011s ]
SQL: SHOW COLUMNS FROM `connect` [ RunTime:0.0013s ]
SQL: SELECT * FROM `connect`  [ RunTime:0.0002s ]
SQL: SHOW COLUMNS FROM `product` [ RunTime:0.0012s ]
SQL: SHOW COLUMNS FROM `product` [ RunTime:0.0011s ]
SQL: SELECT * FROM `product`  [ RunTime:0.0004s ]
SQL: SHOW COLUMNS FROM `product` [ RunTime:0.0011s ]
SQL: SELECT * FROM `contact` WHERE ( Id ) LIMIT 1   [ RunTime:0.0002s ]
SQL: SHOW COLUMNS FROM `seo` [ RunTime:0.0013s ]
SQL: SHOW COLUMNS FROM `seo` [ RunTime:0.0010s ]
SQL: SELECT * FROM `seo` WHERE ( Id=1 ) LIMIT 1   [ RunTime:0.0002s ]
INFO: [ view_parse ] --START--
INFO: [ template_filter ] --START--
INFO: Run Behavior\ContentReplaceBehavior [ RunTime:0.000095s ]
INFO: [ template_filter ] --END-- [ RunTime:0.000155s ]
INFO: Run Behavior\ParseTemplateBehavior [ RunTime:0.019023s ]
INFO: [ view_parse ] --END-- [ RunTime:0.019077s ]
INFO: [ view_filter ] --START--
INFO: Run Behavior\WriteHtmlCacheBehavior [ RunTime:0.000229s ]
INFO: [ view_filter ] --END-- [ RunTime:0.000271s ]
INFO: [ app_end ] --START--
INFO: Run Behavior\ShowPageTraceBehavior [ RunTime:0.000480s ]
INFO: [ app_end ] --END-- [ RunTime:0.000533s ]

[ 2017-12-27T18:05:04+08:00 ] 140.205.225.192 /
INFO: [ app_init ] --START--
INFO: Run Behavior\BuildLiteBehavior [ RunTime:0.000017s ]
INFO: [ app_init ] --END-- [ RunTime:0.000073s ]
INFO: [ app_begin ] --START--
INFO: Run Behavior\ReadHtmlCacheBehavior [ RunTime:0.000418s ]
INFO: [ app_begin ] --END-- [ RunTime:0.000475s ]
SQL: SHOW COLUMNS FROM `goods` [ RunTime:0.0015s ]
SQL: SHOW COLUMNS FROM `goods` [ RunTime:0.0011s ]
SQL: SELECT * FROM `goods` ORDER BY id DESC  [ RunTime:0.0004s ]
SQL: SHOW COLUMNS FROM `contact` [ RunTime:0.0012s ]
SQL: SELECT * FROM `contact` WHERE ( Id ) LIMIT 1   [ RunTime:0.0003s ]
SQL: SELECT `material` FROM `goods`  [ RunTime:0.0002s ]
SQL: SELECT `material` FROM `goods`  [ RunTime:0.0002s ]
SQL: SHOW COLUMNS FROM `connect` [ RunTime:0.0011s ]
SQL: SHOW COLUMNS FROM `connect` [ RunTime:0.0009s ]
SQL: SELECT * FROM `connect`  [ RunTime:0.0002s ]
SQL: SHOW COLUMNS FROM `product` [ RunTime:0.0011s ]
SQL: SHOW COLUMNS FROM `product` [ RunTime:0.0010s ]
SQL: SELECT * FROM `product`  [ RunTime:0.0003s ]
SQL: SHOW COLUMNS FROM `product` [ RunTime:0.0010s ]
SQL: SELECT * FROM `contact` WHERE ( Id ) LIMIT 1   [ RunTime:0.0002s ]
SQL: SHOW COLUMNS FROM `seo` [ RunTime:0.0011s ]
SQL: SHOW COLUMNS FROM `seo` [ RunTime:0.0010s ]
SQL: SELECT * FROM `seo` WHERE ( Id=1 ) LIMIT 1   [ RunTime:0.0002s ]
INFO: [ view_parse ] --START--
INFO: [ template_filter ] --START--
INFO: Run Behavior\ContentReplaceBehavior [ RunTime:0.000093s ]
INFO: [ template_filter ] --END-- [ RunTime:0.000139s ]
INFO: Run Behavior\ParseTemplateBehavior [ RunTime:0.018284s ]
INFO: [ view_parse ] --END-- [ RunTime:0.018338s ]
INFO: [ view_filter ] --START--
INFO: Run Behavior\WriteHtmlCacheBehavior [ RunTime:0.000235s ]
INFO: [ view_filter ] --END-- [ RunTime:0.000278s ]
INFO: [ app_end ] --START--
INFO: Run Behavior\ShowPageTraceBehavior [ RunTime:0.000446s ]
INFO: [ app_end ] --END-- [ RunTime:0.000497s ]

[ 2017-12-27T18:25:10+08:00 ] 140.205.225.192 /
INFO: [ app_init ] --START--
INFO: Run Behavior\BuildLiteBehavior [ RunTime:0.000016s ]
INFO: [ app_init ] --END-- [ RunTime:0.000075s ]
INFO: [ app_begin ] --START--
INFO: Run Behavior\ReadHtmlCacheBehavior [ RunTime:0.000429s ]
INFO: [ app_begin ] --END-- [ RunTime:0.000486s ]
SQL: SHOW COLUMNS FROM `goods` [ RunTime:0.0013s ]
SQL: SHOW COLUMNS FROM `goods` [ RunTime:0.0010s ]
SQL: SELECT * FROM `goods` ORDER BY id DESC  [ RunTime:0.0004s ]
SQL: SHOW COLUMNS FROM `contact` [ RunTime:0.0010s ]
SQL: SELECT * FROM `contact` WHERE ( Id ) LIMIT 1   [ RunTime:0.0003s ]
SQL: SELECT `material` FROM `goods`  [ RunTime:0.0002s ]
SQL: SELECT `material` FROM `goods`  [ RunTime:0.0002s ]
SQL: SHOW COLUMNS FROM `connect` [ RunTime:0.0013s ]
SQL: SHOW COLUMNS FROM `connect` [ RunTime:0.0013s ]
SQL: SELECT * FROM `connect`  [ RunTime:0.0002s ]
SQL: SHOW COLUMNS FROM `product` [ RunTime:0.0010s ]
SQL: SHOW COLUMNS FROM `product` [ RunTime:0.0010s ]
SQL: SELECT * FROM `product`  [ RunTime:0.0003s ]
SQL: SHOW COLUMNS FROM `product` [ RunTime:0.0011s ]
SQL: SELECT * FROM `contact` WHERE ( Id ) LIMIT 1   [ RunTime:0.0002s ]
SQL: SHOW COLUMNS FROM `seo` [ RunTime:0.0011s ]
SQL: SHOW COLUMNS FROM `seo` [ RunTime:0.0010s ]
SQL: SELECT * FROM `seo` WHERE ( Id=1 ) LIMIT 1   [ RunTime:0.0002s ]
INFO: [ view_parse ] --START--
INFO: [ template_filter ] --START--
INFO: Run Behavior\ContentReplaceBehavior [ RunTime:0.000104s ]
INFO: [ template_filter ] --END-- [ RunTime:0.000155s ]
INFO: Run Behavior\ParseTemplateBehavior [ RunTime:0.019865s ]
INFO: [ view_parse ] --END-- [ RunTime:0.019927s ]
INFO: [ view_filter ] --START--
INFO: Run Behavior\WriteHtmlCacheBehavior [ RunTime:0.000334s ]
INFO: [ view_filter ] --END-- [ RunTime:0.000390s ]
INFO: [ app_end ] --START--
INFO: Run Behavior\ShowPageTraceBehavior [ RunTime:0.000629s ]
INFO: [ app_end ] --END-- [ RunTime:0.000692s ]

[ 2017-12-27T18:32:13+08:00 ] 140.205.225.192 /
INFO: [ app_init ] --START--
INFO: Run Behavior\BuildLiteBehavior [ RunTime:0.000016s ]
INFO: [ app_init ] --END-- [ RunTime:0.000073s ]
INFO: [ app_begin ] --START--
INFO: Run Behavior\ReadHtmlCacheBehavior [ RunTime:0.000420s ]
INFO: [ app_begin ] --END-- [ RunTime:0.000476s ]
SQL: SHOW COLUMNS FROM `goods` [ RunTime:0.0016s ]
SQL: SHOW COLUMNS FROM `goods` [ RunTime:0.0011s ]
SQL: SELECT * FROM `goods` ORDER BY id DESC  [ RunTime:0.0005s ]
SQL: SHOW COLUMNS FROM `contact` [ RunTime:0.0013s ]
SQL: SELECT * FROM `contact` WHERE ( Id ) LIMIT 1   [ RunTime:0.0003s ]
SQL: SELECT `material` FROM `goods`  [ RunTime:0.0002s ]
SQL: SELECT `material` FROM `goods`  [ RunTime:0.0002s ]
SQL: SHOW COLUMNS FROM `connect` [ RunTime:0.0012s ]
SQL: SHOW COLUMNS FROM `connect` [ RunTime:0.0010s ]
SQL: SELECT * FROM `connect`  [ RunTime:0.0002s ]
SQL: SHOW COLUMNS FROM `product` [ RunTime:0.0013s ]
SQL: SHOW COLUMNS FROM `product` [ RunTime:0.0011s ]
SQL: SELECT * FROM `product`  [ RunTime:0.0003s ]
SQL: SHOW COLUMNS FROM `product` [ RunTime:0.0011s ]
SQL: SELECT * FROM `contact` WHERE ( Id ) LIMIT 1   [ RunTime:0.0003s ]
SQL: SHOW COLUMNS FROM `seo` [ RunTime:0.0013s ]
SQL: SHOW COLUMNS FROM `seo` [ RunTime:0.0011s ]
SQL: SELECT * FROM `seo` WHERE ( Id=1 ) LIMIT 1   [ RunTime:0.0002s ]
INFO: [ view_parse ] --START--
INFO: [ template_filter ] --START--
INFO: Run Behavior\ContentReplaceBehavior [ RunTime:0.000098s ]
INFO: [ template_filter ] --END-- [ RunTime:0.000159s ]
INFO: Run Behavior\ParseTemplateBehavior [ RunTime:0.018560s ]
INFO: [ view_parse ] --END-- [ RunTime:0.018620s ]
INFO: [ view_filter ] --START--
INFO: Run Behavior\WriteHtmlCacheBehavior [ RunTime:0.000241s ]
INFO: [ view_filter ] --END-- [ RunTime:0.000289s ]
INFO: [ app_end ] --START--
INFO: Run Behavior\ShowPageTraceBehavior [ RunTime:0.000477s ]
INFO: [ app_end ] --END-- [ RunTime:0.000533s ]

[ 2017-12-27T18:32:27+08:00 ] 140.205.225.192 /
INFO: [ app_init ] --START--
INFO: Run Behavior\BuildLiteBehavior [ RunTime:0.000014s ]
INFO: [ app_init ] --END-- [ RunTime:0.000062s ]
INFO: [ app_begin ] --START--
INFO: Run Behavior\ReadHtmlCacheBehavior [ RunTime:0.000396s ]
INFO: [ app_begin ] --END-- [ RunTime:0.000452s ]
SQL: SHOW COLUMNS FROM `goods` [ RunTime:0.0014s ]
SQL: SHOW COLUMNS FROM `goods` [ RunTime:0.0011s ]
SQL: SELECT * FROM `goods` ORDER BY id DESC  [ RunTime:0.0004s ]
SQL: SHOW COLUMNS FROM `contact` [ RunTime:0.0011s ]
SQL: SELECT * FROM `contact` WHERE ( Id ) LIMIT 1   [ RunTime:0.0003s ]
SQL: SELECT `material` FROM `goods`  [ RunTime:0.0002s ]
SQL: SELECT `material` FROM `goods`  [ RunTime:0.0002s ]
SQL: SHOW COLUMNS FROM `connect` [ RunTime:0.0010s ]
SQL: SHOW COLUMNS FROM `connect` [ RunTime:0.0009s ]
SQL: SELECT * FROM `connect`  [ RunTime:0.0002s ]
SQL: SHOW COLUMNS FROM `product` [ RunTime:0.0010s ]
SQL: SHOW COLUMNS FROM `product` [ RunTime:0.0010s ]
SQL: SELECT * FROM `product`  [ RunTime:0.0003s ]
SQL: SHOW COLUMNS FROM `product` [ RunTime:0.0010s ]
SQL: SELECT * FROM `contact` WHERE ( Id ) LIMIT 1   [ RunTime:0.0002s ]
SQL: SHOW COLUMNS FROM `seo` [ RunTime:0.0010s ]
SQL: SHOW COLUMNS FROM `seo` [ RunTime:0.0011s ]
SQL: SELECT * FROM `seo` WHERE ( Id=1 ) LIMIT 1   [ RunTime:0.0002s ]
INFO: [ view_parse ] --START--
INFO: [ template_filter ] --START--
INFO: Run Behavior\ContentReplaceBehavior [ RunTime:0.000087s ]
INFO: [ template_filter ] --END-- [ RunTime:0.000135s ]
INFO: Run Behavior\ParseTemplateBehavior [ RunTime:0.010575s ]
INFO: [ view_parse ] --END-- [ RunTime:0.010630s ]
INFO: [ view_filter ] --START--
INFO: Run Behavior\WriteHtmlCacheBehavior [ RunTime:0.000187s ]
INFO: [ view_filter ] --END-- [ RunTime:0.000227s ]
INFO: [ app_end ] --START--
INFO: Run Behavior\ShowPageTraceBehavior [ RunTime:0.000423s ]
INFO: [ app_end ] --END-- [ RunTime:0.000472s ]

[ 2017-12-27T18:32:41+08:00 ] 140.205.225.192 /
INFO: [ app_init ] --START--
INFO: Run Behavior\BuildLiteBehavior [ RunTime:0.000017s ]
INFO: [ app_init ] --END-- [ RunTime:0.000074s ]
INFO: [ app_begin ] --START--
INFO: Run Behavior\ReadHtmlCacheBehavior [ RunTime:0.000419s ]
INFO: [ app_begin ] --END-- [ RunTime:0.000495s ]
SQL: SHOW COLUMNS FROM `goods` [ RunTime:0.0014s ]
SQL: SHOW COLUMNS FROM `goods` [ RunTime:0.0011s ]
SQL: SELECT * FROM `goods` ORDER BY id DESC  [ RunTime:0.0004s ]
SQL: SHOW COLUMNS FROM `contact` [ RunTime:0.0010s ]
SQL: SELECT * FROM `contact` WHERE ( Id ) LIMIT 1   [ RunTime:0.0003s ]
SQL: SELECT `material` FROM `goods`  [ RunTime:0.0002s ]
SQL: SELECT `material` FROM `goods`  [ RunTime:0.0002s ]
SQL: SHOW COLUMNS FROM `connect` [ RunTime:0.0010s ]
SQL: SHOW COLUMNS FROM `connect` [ RunTime:0.0009s ]
SQL: SELECT * FROM `connect`  [ RunTime:0.0002s ]
SQL: SHOW COLUMNS FROM `product` [ RunTime:0.0011s ]
SQL: SHOW COLUMNS FROM `product` [ RunTime:0.0010s ]
SQL: SELECT * FROM `product`  [ RunTime:0.0003s ]
SQL: SHOW COLUMNS FROM `product` [ RunTime:0.0011s ]
SQL: SELECT * FROM `contact` WHERE ( Id ) LIMIT 1   [ RunTime:0.0002s ]
SQL: SHOW COLUMNS FROM `seo` [ RunTime:0.0010s ]
SQL: SHOW COLUMNS FROM `seo` [ RunTime:0.0012s ]
SQL: SELECT * FROM `seo` WHERE ( Id=1 ) LIMIT 1   [ RunTime:0.0002s ]
INFO: [ view_parse ] --START--
INFO: [ template_filter ] --START--
INFO: Run Behavior\ContentReplaceBehavior [ RunTime:0.000086s ]
INFO: [ template_filter ] --END-- [ RunTime:0.000133s ]
INFO: Run Behavior\ParseTemplateBehavior [ RunTime:0.010883s ]
INFO: [ view_parse ] --END-- [ RunTime:0.010938s ]
INFO: [ view_filter ] --START--
INFO: Run Behavior\WriteHtmlCacheBehavior [ RunTime:0.000190s ]
INFO: [ view_filter ] --END-- [ RunTime:0.000240s ]
INFO: [ app_end ] --START--
INFO: Run Behavior\ShowPageTraceBehavior [ RunTime:0.000412s ]
INFO: [ app_end ] --END-- [ RunTime:0.000461s ]

[ 2017-12-27T19:17:41+08:00 ] 112.253.25.52 /
INFO: [ app_init ] --START--
INFO: Run Behavior\BuildLiteBehavior [ RunTime:0.000017s ]
INFO: [ app_init ] --END-- [ RunTime:0.000077s ]
INFO: [ app_begin ] --START--
INFO: Run Behavior\ReadHtmlCacheBehavior [ RunTime:0.000430s ]
INFO: [ app_begin ] --END-- [ RunTime:0.000487s ]
SQL: SHOW COLUMNS FROM `goods` [ RunTime:0.0016s ]
SQL: SHOW COLUMNS FROM `goods` [ RunTime:0.0012s ]
SQL: SELECT * FROM `goods` ORDER BY id DESC  [ RunTime:0.0004s ]
SQL: SHOW COLUMNS FROM `contact` [ RunTime:0.0012s ]
SQL: SELECT * FROM `contact` WHERE ( Id ) LIMIT 1   [ RunTime:0.0003s ]
SQL: SELECT `material` FROM `goods`  [ RunTime:0.0002s ]
SQL: SELECT `material` FROM `goods`  [ RunTime:0.0002s ]
SQL: SHOW COLUMNS FROM `connect` [ RunTime:0.0011s ]
SQL: SHOW COLUMNS FROM `connect` [ RunTime:0.0011s ]
SQL: SELECT * FROM `connect`  [ RunTime:0.0002s ]
SQL: SHOW COLUMNS FROM `product` [ RunTime:0.0013s ]
SQL: SHOW COLUMNS FROM `product` [ RunTime:0.0011s ]
SQL: SELECT * FROM `product`  [ RunTime:0.0003s ]
SQL: SHOW COLUMNS FROM `product` [ RunTime:0.0011s ]
SQL: SELECT * FROM `contact` WHERE ( Id ) LIMIT 1   [ RunTime:0.0002s ]
SQL: SHOW COLUMNS FROM `seo` [ RunTime:0.0012s ]
SQL: SHOW COLUMNS FROM `seo` [ RunTime:0.0011s ]
SQL: SELECT * FROM `seo` WHERE ( Id=1 ) LIMIT 1   [ RunTime:0.0002s ]
INFO: [ view_parse ] --START--
INFO: [ template_filter ] --START--
INFO: Run Behavior\ContentReplaceBehavior [ RunTime:0.000111s ]
INFO: [ template_filter ] --END-- [ RunTime:0.000166s ]
INFO: Run Behavior\ParseTemplateBehavior [ RunTime:0.019528s ]
INFO: [ view_parse ] --END-- [ RunTime:0.019582s ]
INFO: [ view_filter ] --START--
INFO: Run Behavior\WriteHtmlCacheBehavior [ RunTime:0.000237s ]
INFO: [ view_filter ] --END-- [ RunTime:0.000287s ]
INFO: [ app_end ] --START--
INFO: Run Behavior\ShowPageTraceBehavior [ RunTime:0.000479s ]
INFO: [ app_end ] --END-- [ RunTime:0.000531s ]

[ 2017-12-27T19:17:43+08:00 ] 112.253.25.52 /index.php/Home/Index/index.html
INFO: [ app_init ] --START--
INFO: Run Behavior\BuildLiteBehavior [ RunTime:0.000015s ]
INFO: [ app_init ] --END-- [ RunTime:0.000064s ]
INFO: [ app_begin ] --START--
INFO: Run Behavior\ReadHtmlCacheBehavior [ RunTime:0.000408s ]
INFO: [ app_begin ] --END-- [ RunTime:0.000464s ]
SQL: SHOW COLUMNS FROM `goods` [ RunTime:0.0014s ]
SQL: SHOW COLUMNS FROM `goods` [ RunTime:0.0010s ]
SQL: SELECT * FROM `goods` ORDER BY id DESC  [ RunTime:0.0004s ]
SQL: SHOW COLUMNS FROM `contact` [ RunTime:0.0011s ]
SQL: SELECT * FROM `contact` WHERE ( Id ) LIMIT 1   [ RunTime:0.0003s ]
SQL: SELECT `material` FROM `goods`  [ RunTime:0.0002s ]
SQL: SELECT `material` FROM `goods`  [ RunTime:0.0002s ]
SQL: SHOW COLUMNS FROM `connect` [ RunTime:0.0009s ]
SQL: SHOW COLUMNS FROM `connect` [ RunTime:0.0009s ]
SQL: SELECT * FROM `connect`  [ RunTime:0.0002s ]
SQL: SHOW COLUMNS FROM `product` [ RunTime:0.0010s ]
SQL: SHOW COLUMNS FROM `product` [ RunTime:0.0010s ]
SQL: SELECT * FROM `product`  [ RunTime:0.0003s ]
SQL: SHOW COLUMNS FROM `product` [ RunTime:0.0010s ]
SQL: SELECT * FROM `contact` WHERE ( Id ) LIMIT 1   [ RunTime:0.0002s ]
SQL: SHOW COLUMNS FROM `seo` [ RunTime:0.0010s ]
SQL: SHOW COLUMNS FROM `seo` [ RunTime:0.0010s ]
SQL: SELECT * FROM `seo` WHERE ( Id=1 ) LIMIT 1   [ RunTime:0.0002s ]
INFO: [ view_parse ] --START--
INFO: [ template_filter ] --START--
INFO: Run Behavior\ContentReplaceBehavior [ RunTime:0.000098s ]
INFO: [ template_filter ] --END-- [ RunTime:0.000145s ]
INFO: Run Behavior\ParseTemplateBehavior [ RunTime:0.010648s ]
INFO: [ view_parse ] --END-- [ RunTime:0.010702s ]
INFO: [ view_filter ] --START--
INFO: Run Behavior\WriteHtmlCacheBehavior [ RunTime:0.000181s ]
INFO: [ view_filter ] --END-- [ RunTime:0.000221s ]
INFO: [ app_end ] --START--
INFO: Run Behavior\ShowPageTraceBehavior [ RunTime:0.000408s ]
INFO: [ app_end ] --END-- [ RunTime:0.000457s ]

[ 2017-12-27T20:52:43+08:00 ] 106.11.224.149 /
INFO: [ app_init ] --START--
INFO: Run Behavior\BuildLiteBehavior [ RunTime:0.000017s ]
INFO: [ app_init ] --END-- [ RunTime:0.000076s ]
INFO: [ app_begin ] --START--
INFO: Run Behavior\ReadHtmlCacheBehavior [ RunTime:0.000427s ]
INFO: [ app_begin ] --END-- [ RunTime:0.000486s ]
SQL: SHOW COLUMNS FROM `goods` [ RunTime:0.0015s ]
SQL: SHOW COLUMNS FROM `goods` [ RunTime:0.0011s ]
SQL: SELECT * FROM `goods` ORDER BY id DESC  [ RunTime:0.0004s ]
SQL: SHOW COLUMNS FROM `contact` [ RunTime:0.0014s ]
SQL: SELECT * FROM `contact` WHERE ( Id ) LIMIT 1   [ RunTime:0.0003s ]
SQL: SELECT `material` FROM `goods`  [ RunTime:0.0002s ]
SQL: SELECT `material` FROM `goods`  [ RunTime:0.0002s ]
SQL: SHOW COLUMNS FROM `connect` [ RunTime:0.0014s ]
SQL: SHOW COLUMNS FROM `connect` [ RunTime:0.0012s ]
SQL: SELECT * FROM `connect`  [ RunTime:0.0002s ]
SQL: SHOW COLUMNS FROM `product` [ RunTime:0.0016s ]
SQL: SHOW COLUMNS FROM `product` [ RunTime:0.0014s ]
SQL: SELECT * FROM `product`  [ RunTime:0.0004s ]
SQL: SHOW COLUMNS FROM `product` [ RunTime:0.0015s ]
SQL: SELECT * FROM `contact` WHERE ( Id ) LIMIT 1   [ RunTime:0.0003s ]
SQL: SHOW COLUMNS FROM `seo` [ RunTime:0.0012s ]
SQL: SHOW COLUMNS FROM `seo` [ RunTime:0.0010s ]
SQL: SELECT * FROM `seo` WHERE ( Id=1 ) LIMIT 1   [ RunTime:0.0002s ]
INFO: [ view_parse ] --START--
INFO: [ template_filter ] --START--
INFO: Run Behavior\ContentReplaceBehavior [ RunTime:0.000137s ]
INFO: [ template_filter ] --END-- [ RunTime:0.000213s ]
INFO: Run Behavior\ParseTemplateBehavior [ RunTime:0.024307s ]
INFO: [ view_parse ] --END-- [ RunTime:0.024372s ]
INFO: [ view_filter ] --START--
INFO: Run Behavior\WriteHtmlCacheBehavior [ RunTime:0.000304s ]
INFO: [ view_filter ] --END-- [ RunTime:0.000364s ]
INFO: [ app_end ] --START--
INFO: Run Behavior\ShowPageTraceBehavior [ RunTime:0.000587s ]
INFO: [ app_end ] --END-- [ RunTime:0.000651s ]

[ 2017-12-27T20:52:49+08:00 ] 106.11.224.149 /
INFO: [ app_init ] --START--
INFO: Run Behavior\BuildLiteBehavior [ RunTime:0.000015s ]
INFO: [ app_init ] --END-- [ RunTime:0.000066s ]
INFO: [ app_begin ] --START--
INFO: Run Behavior\ReadHtmlCacheBehavior [ RunTime:0.000418s ]
INFO: [ app_begin ] --END-- [ RunTime:0.000477s ]
SQL: SHOW COLUMNS FROM `goods` [ RunTime:0.0014s ]
SQL: SHOW COLUMNS FROM `goods` [ RunTime:0.0011s ]
SQL: SELECT * FROM `goods` ORDER BY id DESC  [ RunTime:0.0004s ]
SQL: SHOW COLUMNS FROM `contact` [ RunTime:0.0010s ]
SQL: SELECT * FROM `contact` WHERE ( Id ) LIMIT 1   [ RunTime:0.0003s ]
SQL: SELECT `material` FROM `goods`  [ RunTime:0.0002s ]
SQL: SELECT `material` FROM `goods`  [ RunTime:0.0002s ]
SQL: SHOW COLUMNS FROM `connect` [ RunTime:0.0011s ]
SQL: SHOW COLUMNS FROM `connect` [ RunTime:0.0009s ]
SQL: SELECT * FROM `connect`  [ RunTime:0.0002s ]
SQL: SHOW COLUMNS FROM `product` [ RunTime:0.0010s ]
SQL: SHOW COLUMNS FROM `product` [ RunTime:0.0010s ]
SQL: SELECT * FROM `product`  [ RunTime:0.0003s ]
SQL: SHOW COLUMNS FROM `product` [ RunTime:0.0010s ]
SQL: SELECT * FROM `contact` WHERE ( Id ) LIMIT 1   [ RunTime:0.0002s ]
SQL: SHOW COLUMNS FROM `seo` [ RunTime:0.0010s ]
SQL: SHOW COLUMNS FROM `seo` [ RunTime:0.0010s ]
SQL: SELECT * FROM `seo` WHERE ( Id=1 ) LIMIT 1   [ RunTime:0.0002s ]
INFO: [ view_parse ] --START--
INFO: [ template_filter ] --START--
INFO: Run Behavior\ContentReplaceBehavior [ RunTime:0.000085s ]
INFO: [ template_filter ] --END-- [ RunTime:0.000135s ]
INFO: Run Behavior\ParseTemplateBehavior [ RunTime:0.010742s ]
INFO: [ view_parse ] --END-- [ RunTime:0.010804s ]
INFO: [ view_filter ] --START--
INFO: Run Behavior\WriteHtmlCacheBehavior [ RunTime:0.000182s ]
INFO: [ view_filter ] --END-- [ RunTime:0.000229s ]
INFO: [ app_end ] --START--
INFO: Run Behavior\ShowPageTraceBehavior [ RunTime:0.000439s ]
INFO: [ app_end ] --END-- [ RunTime:0.000488s ]

[ 2017-12-27T20:53:06+08:00 ] 106.11.224.154 /
INFO: [ app_init ] --START--
INFO: Run Behavior\BuildLiteBehavior [ RunTime:0.000014s ]
INFO: [ app_init ] --END-- [ RunTime:0.000064s ]
INFO: [ app_begin ] --START--
INFO: Run Behavior\ReadHtmlCacheBehavior [ RunTime:0.000428s ]
INFO: [ app_begin ] --END-- [ RunTime:0.000497s ]
SQL: SHOW COLUMNS FROM `goods` [ RunTime:0.0014s ]
SQL: SHOW COLUMNS FROM `goods` [ RunTime:0.0011s ]
SQL: SELECT * FROM `goods` ORDER BY id DESC  [ RunTime:0.0004s ]
SQL: SHOW COLUMNS FROM `contact` [ RunTime:0.0010s ]
SQL: SELECT * FROM `contact` WHERE ( Id ) LIMIT 1   [ RunTime:0.0003s ]
SQL: SELECT `material` FROM `goods`  [ RunTime:0.0002s ]
SQL: SELECT `material` FROM `goods`  [ RunTime:0.0002s ]
SQL: SHOW COLUMNS FROM `connect` [ RunTime:0.0010s ]
SQL: SHOW COLUMNS FROM `connect` [ RunTime:0.0010s ]
SQL: SELECT * FROM `connect`  [ RunTime:0.0002s ]
SQL: SHOW COLUMNS FROM `product` [ RunTime:0.0011s ]
SQL: SHOW COLUMNS FROM `product` [ RunTime:0.0010s ]
SQL: SELECT * FROM `product`  [ RunTime:0.0003s ]
SQL: SHOW COLUMNS FROM `product` [ RunTime:0.0010s ]
SQL: SELECT * FROM `contact` WHERE ( Id ) LIMIT 1   [ RunTime:0.0002s ]
SQL: SHOW COLUMNS FROM `seo` [ RunTime:0.0010s ]
SQL: SHOW COLUMNS FROM `seo` [ RunTime:0.0013s ]
SQL: SELECT * FROM `seo` WHERE ( Id=1 ) LIMIT 1   [ RunTime:0.0002s ]
INFO: [ view_parse ] --START--
INFO: [ template_filter ] --START--
INFO: Run Behavior\ContentReplaceBehavior [ RunTime:0.000087s ]
INFO: [ template_filter ] --END-- [ RunTime:0.000137s ]
INFO: Run Behavior\ParseTemplateBehavior [ RunTime:0.010951s ]
INFO: [ view_parse ] --END-- [ RunTime:0.011005s ]
INFO: [ view_filter ] --START--
INFO: Run Behavior\WriteHtmlCacheBehavior [ RunTime:0.000189s ]
INFO: [ view_filter ] --END-- [ RunTime:0.000229s ]
INFO: [ app_end ] --START--
INFO: Run Behavior\ShowPageTraceBehavior [ RunTime:0.000409s ]
INFO: [ app_end ] --END-- [ RunTime:0.000468s ]

[ 2017-12-27T20:53:21+08:00 ] 106.11.224.210 /
INFO: [ app_init ] --START--
INFO: Run Behavior\BuildLiteBehavior [ RunTime:0.000015s ]
INFO: [ app_init ] --END-- [ RunTime:0.000065s ]
INFO: [ app_begin ] --START--
INFO: Run Behavior\ReadHtmlCacheBehavior [ RunTime:0.000463s ]
INFO: [ app_begin ] --END-- [ RunTime:0.000517s ]
SQL: SHOW COLUMNS FROM `goods` [ RunTime:0.0014s ]
SQL: SHOW COLUMNS FROM `goods` [ RunTime:0.0011s ]
SQL: SELECT * FROM `goods` ORDER BY id DESC  [ RunTime:0.0004s ]
SQL: SHOW COLUMNS FROM `contact` [ RunTime:0.0010s ]
SQL: SELECT * FROM `contact` WHERE ( Id ) LIMIT 1   [ RunTime:0.0003s ]
SQL: SELECT `material` FROM `goods`  [ RunTime:0.0002s ]
SQL: SELECT `material` FROM `goods`  [ RunTime:0.0002s ]
SQL: SHOW COLUMNS FROM `connect` [ RunTime:0.0010s ]
SQL: SHOW COLUMNS FROM `connect` [ RunTime:0.0009s ]
SQL: SELECT * FROM `connect`  [ RunTime:0.0002s ]
SQL: SHOW COLUMNS FROM `product` [ RunTime:0.0011s ]
SQL: SHOW COLUMNS FROM `product` [ RunTime:0.0010s ]
SQL: SELECT * FROM `product`  [ RunTime:0.0003s ]
SQL: SHOW COLUMNS FROM `product` [ RunTime:0.0012s ]
SQL: SELECT * FROM `contact` WHERE ( Id ) LIMIT 1   [ RunTime:0.0002s ]
SQL: SHOW COLUMNS FROM `seo` [ RunTime:0.0010s ]
SQL: SHOW COLUMNS FROM `seo` [ RunTime:0.0011s ]
SQL: SELECT * FROM `seo` WHERE ( Id=1 ) LIMIT 1   [ RunTime:0.0002s ]
INFO: [ view_parse ] --START--
INFO: [ template_filter ] --START--
INFO: Run Behavior\ContentReplaceBehavior [ RunTime:0.000085s ]
INFO: [ template_filter ] --END-- [ RunTime:0.000133s ]
INFO: Run Behavior\ParseTemplateBehavior [ RunTime:0.010817s ]
INFO: [ view_parse ] --END-- [ RunTime:0.010878s ]
INFO: [ view_filter ] --START--
INFO: Run Behavior\WriteHtmlCacheBehavior [ RunTime:0.000182s ]
INFO: [ view_filter ] --END-- [ RunTime:0.000221s ]
INFO: [ app_end ] --START--
INFO: Run Behavior\ShowPageTraceBehavior [ RunTime:0.000446s ]
INFO: [ app_end ] --END-- [ RunTime:0.000496s ]

[ 2017-12-27T20:53:24+08:00 ] 106.11.224.210 /
INFO: [ app_init ] --START--
INFO: Run Behavior\BuildLiteBehavior [ RunTime:0.000015s ]
INFO: [ app_init ] --END-- [ RunTime:0.000067s ]
INFO: [ app_begin ] --START--
INFO: Run Behavior\ReadHtmlCacheBehavior [ RunTime:0.000453s ]
INFO: [ app_begin ] --END-- [ RunTime:0.000511s ]
SQL: SHOW COLUMNS FROM `goods` [ RunTime:0.0015s ]
SQL: SHOW COLUMNS FROM `goods` [ RunTime:0.0011s ]
SQL: SELECT * FROM `goods` ORDER BY id DESC  [ RunTime:0.0004s ]
SQL: SHOW COLUMNS FROM `contact` [ RunTime:0.0011s ]
SQL: SELECT * FROM `contact` WHERE ( Id ) LIMIT 1   [ RunTime:0.0003s ]
SQL: SELECT `material` FROM `goods`  [ RunTime:0.0002s ]
SQL: SELECT `material` FROM `goods`  [ RunTime:0.0002s ]
SQL: SHOW COLUMNS FROM `connect` [ RunTime:0.0010s ]
SQL: SHOW COLUMNS FROM `connect` [ RunTime:0.0010s ]
SQL: SELECT * FROM `connect`  [ RunTime:0.0002s ]
SQL: SHOW COLUMNS FROM `product` [ RunTime:0.0017s ]
SQL: SHOW COLUMNS FROM `product` [ RunTime:0.0011s ]
SQL: SELECT * FROM `product`  [ RunTime:0.0003s ]
SQL: SHOW COLUMNS FROM `product` [ RunTime:0.0011s ]
SQL: SELECT * FROM `contact` WHERE ( Id ) LIMIT 1   [ RunTime:0.0002s ]
SQL: SHOW COLUMNS FROM `seo` [ RunTime:0.0011s ]
SQL: SHOW COLUMNS FROM `seo` [ RunTime:0.0010s ]
SQL: SELECT * FROM `seo` WHERE ( Id=1 ) LIMIT 1   [ RunTime:0.0002s ]
INFO: [ view_parse ] --START--
INFO: [ template_filter ] --START--
INFO: Run Behavior\ContentReplaceBehavior [ RunTime:0.000087s ]
INFO: [ template_filter ] --END-- [ RunTime:0.000136s ]
INFO: Run Behavior\ParseTemplateBehavior [ RunTime:0.010957s ]
INFO: [ view_parse ] --END-- [ RunTime:0.011023s ]
INFO: [ view_filter ] --START--
INFO: Run Behavior\WriteHtmlCacheBehavior [ RunTime:0.000202s ]
INFO: [ view_filter ] --END-- [ RunTime:0.000255s ]
INFO: [ app_end ] --START--
INFO: Run Behavior\ShowPageTraceBehavior [ RunTime:0.000423s ]
INFO: [ app_end ] --END-- [ RunTime:0.000473s ]

[ 2017-12-27T20:53:28+08:00 ] 106.11.224.210 /
INFO: [ app_init ] --START--
INFO: Run Behavior\BuildLiteBehavior [ RunTime:0.000015s ]
INFO: [ app_init ] --END-- [ RunTime:0.000063s ]
INFO: [ app_begin ] --START--
INFO: Run Behavior\ReadHtmlCacheBehavior [ RunTime:0.000409s ]
INFO: [ app_begin ] --END-- [ RunTime:0.000464s ]
SQL: SHOW COLUMNS FROM `goods` [ RunTime:0.0014s ]
SQL: SHOW COLUMNS FROM `goods` [ RunTime:0.0011s ]
SQL: SELECT * FROM `goods` ORDER BY id DESC  [ RunTime:0.0004s ]
SQL: SHOW COLUMNS FROM `contact` [ RunTime:0.0011s ]
SQL: SELECT * FROM `contact` WHERE ( Id ) LIMIT 1   [ RunTime:0.0003s ]
SQL: SELECT `material` FROM `goods`  [ RunTime:0.0002s ]
SQL: SELECT `material` FROM `goods`  [ RunTime:0.0002s ]
SQL: SHOW COLUMNS FROM `connect` [ RunTime:0.0011s ]
SQL: SHOW COLUMNS FROM `connect` [ RunTime:0.0010s ]
SQL: SELECT * FROM `connect`  [ RunTime:0.0002s ]
SQL: SHOW COLUMNS FROM `product` [ RunTime:0.0011s ]
SQL: SHOW COLUMNS FROM `product` [ RunTime:0.0011s ]
SQL: SELECT * FROM `product`  [ RunTime:0.0003s ]
SQL: SHOW COLUMNS FROM `product` [ RunTime:0.0011s ]
SQL: SELECT * FROM `contact` WHERE ( Id ) LIMIT 1   [ RunTime:0.0002s ]
SQL: SHOW COLUMNS FROM `seo` [ RunTime:0.0012s ]
SQL: SHOW COLUMNS FROM `seo` [ RunTime:0.0010s ]
SQL: SELECT * FROM `seo` WHERE ( Id=1 ) LIMIT 1   [ RunTime:0.0002s ]
INFO: [ view_parse ] --START--
INFO: [ template_filter ] --START--
INFO: Run Behavior\ContentReplaceBehavior [ RunTime:0.000088s ]
INFO: [ template_filter ] --END-- [ RunTime:0.000146s ]
INFO: Run Behavior\ParseTemplateBehavior [ RunTime:0.011030s ]
INFO: [ view_parse ] --END-- [ RunTime:0.011086s ]
INFO: [ view_filter ] --START--
INFO: Run Behavior\WriteHtmlCacheBehavior [ RunTime:0.000189s ]
INFO: [ view_filter ] --END-- [ RunTime:0.000230s ]
INFO: [ app_end ] --START--
INFO: Run Behavior\ShowPageTraceBehavior [ RunTime:0.000432s ]
INFO: [ app_end ] --END-- [ RunTime:0.000493s ]

[ 2017-12-27T21:35:42+08:00 ] 123.133.67.90 /index.php/Home/Index/index.html
INFO: [ app_init ] --START--
INFO: Run Behavior\BuildLiteBehavior [ RunTime:0.000015s ]
INFO: [ app_init ] --END-- [ RunTime:0.000075s ]
INFO: [ app_begin ] --START--
INFO: Run Behavior\ReadHtmlCacheBehavior [ RunTime:0.000436s ]
INFO: [ app_begin ] --END-- [ RunTime:0.000492s ]
SQL: SHOW COLUMNS FROM `goods` [ RunTime:0.0016s ]
SQL: SHOW COLUMNS FROM `goods` [ RunTime:0.0011s ]
SQL: SELECT * FROM `goods` ORDER BY id DESC  [ RunTime:0.0005s ]
SQL: SHOW COLUMNS FROM `contact` [ RunTime:0.0013s ]
SQL: SELECT * FROM `contact` WHERE ( Id ) LIMIT 1   [ RunTime:0.0003s ]
SQL: SELECT `material` FROM `goods`  [ RunTime:0.0002s ]
SQL: SELECT `material` FROM `goods`  [ RunTime:0.0002s ]
SQL: SHOW COLUMNS FROM `connect` [ RunTime:0.0011s ]
SQL: SHOW COLUMNS FROM `connect` [ RunTime:0.0010s ]
SQL: SELECT * FROM `connect`  [ RunTime:0.0002s ]
SQL: SHOW COLUMNS FROM `product` [ RunTime:0.0012s ]
SQL: SHOW COLUMNS FROM `product` [ RunTime:0.0011s ]
SQL: SELECT * FROM `product`  [ RunTime:0.0003s ]
SQL: SHOW COLUMNS FROM `product` [ RunTime:0.0011s ]
SQL: SELECT * FROM `contact` WHERE ( Id ) LIMIT 1   [ RunTime:0.0002s ]
SQL: SHOW COLUMNS FROM `seo` [ RunTime:0.0013s ]
SQL: SHOW COLUMNS FROM `seo` [ RunTime:0.0010s ]
SQL: SELECT * FROM `seo` WHERE ( Id=1 ) LIMIT 1   [ RunTime:0.0002s ]
INFO: [ view_parse ] --START--
INFO: [ template_filter ] --START--
INFO: Run Behavior\ContentReplaceBehavior [ RunTime:0.000104s ]
INFO: [ template_filter ] --END-- [ RunTime:0.000157s ]
INFO: Run Behavior\ParseTemplateBehavior [ RunTime:0.019346s ]
INFO: [ view_parse ] --END-- [ RunTime:0.019400s ]
INFO: [ view_filter ] --START--
INFO: Run Behavior\WriteHtmlCacheBehavior [ RunTime:0.000236s ]
INFO: [ view_filter ] --END-- [ RunTime:0.000279s ]
INFO: [ app_end ] --START--
INFO: Run Behavior\ShowPageTraceBehavior [ RunTime:0.000479s ]
INFO: [ app_end ] --END-- [ RunTime:0.000533s ]

[ 2017-12-27T21:37:51+08:00 ] 123.133.67.90 /index.php/Home/Index/index.html
INFO: [ app_init ] --START--
INFO: Run Behavior\BuildLiteBehavior [ RunTime:0.000015s ]
INFO: [ app_init ] --END-- [ RunTime:0.000066s ]
INFO: [ app_begin ] --START--
INFO: Run Behavior\ReadHtmlCacheBehavior [ RunTime:0.000432s ]
INFO: [ app_begin ] --END-- [ RunTime:0.000490s ]
SQL: SHOW COLUMNS FROM `goods` [ RunTime:0.0014s ]
SQL: SHOW COLUMNS FROM `goods` [ RunTime:0.0010s ]
SQL: SELECT * FROM `goods` ORDER BY id DESC  [ RunTime:0.0004s ]
SQL: SHOW COLUMNS FROM `contact` [ RunTime:0.0010s ]
SQL: SELECT * FROM `contact` WHERE ( Id ) LIMIT 1   [ RunTime:0.0003s ]
SQL: SELECT `material` FROM `goods`  [ RunTime:0.0002s ]
SQL: SELECT `material` FROM `goods`  [ RunTime:0.0002s ]
SQL: SHOW COLUMNS FROM `connect` [ RunTime:0.0009s ]
SQL: SHOW COLUMNS FROM `connect` [ RunTime:0.0009s ]
SQL: SELECT * FROM `connect`  [ RunTime:0.0002s ]
SQL: SHOW COLUMNS FROM `product` [ RunTime:0.0010s ]
SQL: SHOW COLUMNS FROM `product` [ RunTime:0.0010s ]
SQL: SELECT * FROM `product`  [ RunTime:0.0003s ]
SQL: SHOW COLUMNS FROM `product` [ RunTime:0.0010s ]
SQL: SELECT * FROM `contact` WHERE ( Id ) LIMIT 1   [ RunTime:0.0002s ]
SQL: SHOW COLUMNS FROM `seo` [ RunTime:0.0010s ]
SQL: SHOW COLUMNS FROM `seo` [ RunTime:0.0010s ]
SQL: SELECT * FROM `seo` WHERE ( Id=1 ) LIMIT 1   [ RunTime:0.0002s ]
INFO: [ view_parse ] --START--
INFO: [ template_filter ] --START--
INFO: Run Behavior\ContentReplaceBehavior [ RunTime:0.000088s ]
INFO: [ template_filter ] --END-- [ RunTime:0.000136s ]
INFO: Run Behavior\ParseTemplateBehavior [ RunTime:0.010984s ]
INFO: [ view_parse ] --END-- [ RunTime:0.011035s ]
INFO: [ view_filter ] --START--
INFO: Run Behavior\WriteHtmlCacheBehavior [ RunTime:0.000274s ]
INFO: [ view_filter ] --END-- [ RunTime:0.000318s ]
INFO: [ app_end ] --START--
INFO: Run Behavior\ShowPageTraceBehavior [ RunTime:0.000451s ]
INFO: [ app_end ] --END-- [ RunTime:0.000502s ]

[ 2017-12-27T21:42:44+08:00 ] 164.52.6.186 /
INFO: [ app_init ] --START--
INFO: Run Behavior\BuildLiteBehavior [ RunTime:0.000015s ]
INFO: [ app_init ] --END-- [ RunTime:0.000153s ]
INFO: [ app_begin ] --START--
INFO: Run Behavior\ReadHtmlCacheBehavior [ RunTime:0.000438s ]
INFO: [ app_begin ] --END-- [ RunTime:0.000496s ]
SQL: SHOW COLUMNS FROM `goods` [ RunTime:0.0015s ]
SQL: SHOW COLUMNS FROM `goods` [ RunTime:0.0011s ]
SQL: SELECT * FROM `goods` ORDER BY id DESC  [ RunTime:0.0004s ]
SQL: SHOW COLUMNS FROM `contact` [ RunTime:0.0011s ]
SQL: SELECT * FROM `contact` WHERE ( Id ) LIMIT 1   [ RunTime:0.0003s ]
SQL: SELECT `material` FROM `goods`  [ RunTime:0.0002s ]
SQL: SELECT `material` FROM `goods`  [ RunTime:0.0002s ]
SQL: SHOW COLUMNS FROM `connect` [ RunTime:0.0010s ]
SQL: SHOW COLUMNS FROM `connect` [ RunTime:0.0010s ]
SQL: SELECT * FROM `connect`  [ RunTime:0.0002s ]
SQL: SHOW COLUMNS FROM `product` [ RunTime:0.0011s ]
SQL: SHOW COLUMNS FROM `product` [ RunTime:0.0011s ]
SQL: SELECT * FROM `product`  [ RunTime:0.0004s ]
SQL: SHOW COLUMNS FROM `product` [ RunTime:0.0010s ]
SQL: SELECT * FROM `contact` WHERE ( Id ) LIMIT 1   [ RunTime:0.0002s ]
SQL: SHOW COLUMNS FROM `seo` [ RunTime:0.0011s ]
SQL: SHOW COLUMNS FROM `seo` [ RunTime:0.0010s ]
SQL: SELECT * FROM `seo` WHERE ( Id=1 ) LIMIT 1   [ RunTime:0.0002s ]
INFO: [ view_parse ] --START--
INFO: [ template_filter ] --START--
INFO: Run Behavior\ContentReplaceBehavior [ RunTime:0.000102s ]
INFO: [ template_filter ] --END-- [ RunTime:0.000158s ]
INFO: Run Behavior\ParseTemplateBehavior [ RunTime:0.011563s ]
INFO: [ view_parse ] --END-- [ RunTime:0.011618s ]
INFO: [ view_filter ] --START--
INFO: Run Behavior\WriteHtmlCacheBehavior [ RunTime:0.000233s ]
INFO: [ view_filter ] --END-- [ RunTime:0.000283s ]
INFO: [ app_end ] --START--
INFO: Run Behavior\ShowPageTraceBehavior [ RunTime:0.000502s ]
INFO: [ app_end ] --END-- [ RunTime:0.000551s ]

[ 2017-12-27T21:54:01+08:00 ] 123.133.67.90 /index.php/Home/Index/index.html
INFO: [ app_init ] --START--
INFO: Run Behavior\BuildLiteBehavior [ RunTime:0.000017s ]
INFO: [ app_init ] --END-- [ RunTime:0.000074s ]
INFO: [ app_begin ] --START--
INFO: Run Behavior\ReadHtmlCacheBehavior [ RunTime:0.000441s ]
INFO: [ app_begin ] --END-- [ RunTime:0.000501s ]
SQL: SHOW COLUMNS FROM `goods` [ RunTime:0.0014s ]
SQL: SHOW COLUMNS FROM `goods` [ RunTime:0.0011s ]
SQL: SELECT * FROM `goods` ORDER BY id DESC  [ RunTime:0.0004s ]
SQL: SHOW COLUMNS FROM `contact` [ RunTime:0.0011s ]
SQL: SELECT * FROM `contact` WHERE ( Id ) LIMIT 1   [ RunTime:0.0003s ]
SQL: SELECT `material` FROM `goods`  [ RunTime:0.0002s ]
SQL: SELECT `material` FROM `goods`  [ RunTime:0.0002s ]
SQL: SHOW COLUMNS FROM `connect` [ RunTime:0.0010s ]
SQL: SHOW COLUMNS FROM `connect` [ RunTime:0.0010s ]
SQL: SELECT * FROM `connect`  [ RunTime:0.0002s ]
SQL: SHOW COLUMNS FROM `product` [ RunTime:0.0011s ]
SQL: SHOW COLUMNS FROM `product` [ RunTime:0.0014s ]
SQL: SELECT * FROM `product`  [ RunTime:0.0003s ]
SQL: SHOW COLUMNS FROM `product` [ RunTime:0.0011s ]
SQL: SELECT * FROM `contact` WHERE ( Id ) LIMIT 1   [ RunTime:0.0002s ]
SQL: SHOW COLUMNS FROM `seo` [ RunTime:0.0011s ]
SQL: SHOW COLUMNS FROM `seo` [ RunTime:0.0010s ]
SQL: SELECT * FROM `seo` WHERE ( Id=1 ) LIMIT 1   [ RunTime:0.0002s ]
INFO: [ view_parse ] --START--
INFO: [ template_filter ] --START--
INFO: Run Behavior\ContentReplaceBehavior [ RunTime:0.000106s ]
INFO: [ template_filter ] --END-- [ RunTime:0.000157s ]
INFO: Run Behavior\ParseTemplateBehavior [ RunTime:0.018788s ]
INFO: [ view_parse ] --END-- [ RunTime:0.018844s ]
INFO: [ view_filter ] --START--
INFO: Run Behavior\WriteHtmlCacheBehavior [ RunTime:0.000257s ]
INFO: [ view_filter ] --END-- [ RunTime:0.000305s ]
INFO: [ app_end ] --START--
INFO: Run Behavior\ShowPageTraceBehavior [ RunTime:0.000486s ]
INFO: [ app_end ] --END-- [ RunTime:0.000548s ]

[ 2017-12-27T21:57:28+08:00 ] 123.133.67.90 /index.php/Home/Index/index.html
INFO: [ app_init ] --START--
INFO: Run Behavior\BuildLiteBehavior [ RunTime:0.000015s ]
INFO: [ app_init ] --END-- [ RunTime:0.000067s ]
INFO: [ app_begin ] --START--
INFO: Run Behavior\ReadHtmlCacheBehavior [ RunTime:0.000441s ]
INFO: [ app_begin ] --END-- [ RunTime:0.000500s ]
SQL: SHOW COLUMNS FROM `goods` [ RunTime:0.0014s ]
SQL: SHOW COLUMNS FROM `goods` [ RunTime:0.0011s ]
SQL: SELECT * FROM `goods` ORDER BY id DESC  [ RunTime:0.0004s ]
SQL: SHOW COLUMNS FROM `contact` [ RunTime:0.0011s ]
SQL: SELECT * FROM `contact` WHERE ( Id ) LIMIT 1   [ RunTime:0.0003s ]
SQL: SELECT `material` FROM `goods`  [ RunTime:0.0002s ]
SQL: SELECT `material` FROM `goods`  [ RunTime:0.0002s ]
SQL: SHOW COLUMNS FROM `connect` [ RunTime:0.0010s ]
SQL: SHOW COLUMNS FROM `connect` [ RunTime:0.0010s ]
SQL: SELECT * FROM `connect`  [ RunTime:0.0002s ]
SQL: SHOW COLUMNS FROM `product` [ RunTime:0.0010s ]
SQL: SHOW COLUMNS FROM `product` [ RunTime:0.0010s ]
SQL: SELECT * FROM `product`  [ RunTime:0.0003s ]
SQL: SHOW COLUMNS FROM `product` [ RunTime:0.0011s ]
SQL: SELECT * FROM `contact` WHERE ( Id ) LIMIT 1   [ RunTime:0.0003s ]
SQL: SHOW COLUMNS FROM `seo` [ RunTime:0.0011s ]
SQL: SHOW COLUMNS FROM `seo` [ RunTime:0.0011s ]
SQL: SELECT * FROM `seo` WHERE ( Id=1 ) LIMIT 1   [ RunTime:0.0002s ]
INFO: [ view_parse ] --START--
INFO: [ template_filter ] --START--
INFO: Run Behavior\ContentReplaceBehavior [ RunTime:0.000089s ]
INFO: [ template_filter ] --END-- [ RunTime:0.000137s ]
INFO: Run Behavior\ParseTemplateBehavior [ RunTime:0.011588s ]
INFO: [ view_parse ] --END-- [ RunTime:0.011648s ]
INFO: [ view_filter ] --START--
INFO: Run Behavior\WriteHtmlCacheBehavior [ RunTime:0.000226s ]
INFO: [ view_filter ] --END-- [ RunTime:0.000268s ]
INFO: [ app_end ] --START--
INFO: Run Behavior\ShowPageTraceBehavior [ RunTime:0.000477s ]
INFO: [ app_end ] --END-- [ RunTime:0.000544s ]

