[ 2017-12-08T13:55:49+08:00 ] ::1 /stell/
INFO: [ app_init ] --START--
INFO: Run Behavior\BuildLiteBehavior [ RunTime:0.000065s ]
INFO: [ app_init ] --END-- [ RunTime:0.001714s ]
INFO: [ app_begin ] --START--
INFO: Run Behavior\ReadHtmlCacheBehavior [ RunTime:0.083403s ]
INFO: [ app_begin ] --END-- [ RunTime:0.083629s ]
SQL: SHOW COLUMNS FROM `goods` [ RunTime:0.1425s ]
SQL: SHOW COLUMNS FROM `goods` [ RunTime:0.0242s ]
SQL: SELECT * FROM `goods`  [ RunTime:0.0017s ]
SQL: SHOW COLUMNS FROM `contact` [ RunTime:0.1067s ]
SQL: SELECT * FROM `contact` WHERE ( Id ) LIMIT 1   [ RunTime:0.0037s ]
SQL: SELECT `material` FROM `goods`  [ RunTime:0.0007s ]
SQL: SELECT `material` FROM `goods`  [ RunTime:0.0009s ]
INFO: [ view_parse ] --START--
INFO: [ template_filter ] --START--
INFO: Run Behavior\ContentReplaceBehavior [ RunTime:0.001276s ]
INFO: [ template_filter ] --END-- [ RunTime:0.001892s ]
INFO: Run Behavior\ParseTemplateBehavior [ RunTime:0.566884s ]
INFO: [ view_parse ] --END-- [ RunTime:0.567162s ]
INFO: [ view_filter ] --START--
INFO: Run Behavior\WriteHtmlCacheBehavior [ RunTime:0.048798s ]
INFO: [ view_filter ] --END-- [ RunTime:0.048971s ]
INFO: [ app_end ] --START--
INFO: Run Behavior\ShowPageTraceBehavior [ RunTime:0.077247s ]
INFO: [ app_end ] --END-- [ RunTime:0.077693s ]

[ 2017-12-08T15:00:01+08:00 ] ::1 /stell/index.php/Home/stock/index.html
INFO: [ app_init ] --START--
INFO: Run Behavior\BuildLiteBehavior [ RunTime:0.000053s ]
INFO: [ app_init ] --END-- [ RunTime:0.000314s ]
INFO: [ app_begin ] --START--
INFO: Run Behavior\ReadHtmlCacheBehavior [ RunTime:0.003565s ]
INFO: [ app_begin ] --END-- [ RunTime:0.003786s ]
SQL: SHOW COLUMNS FROM `goods` [ RunTime:0.0684s ]
SQL: SHOW COLUMNS FROM `goods` [ RunTime:0.0249s ]
SQL: SELECT `material` FROM `goods`  [ RunTime:0.0009s ]
SQL: SELECT * FROM `goods`  [ RunTime:0.0013s ]
INFO: [ view_parse ] --START--
INFO: [ template_filter ] --START--
INFO: Run Behavior\ContentReplaceBehavior [ RunTime:0.000227s ]
INFO: [ template_filter ] --END-- [ RunTime:0.000401s ]
NOTIC: [8] Undefined variable: page C:\phpStudy\WWW\stell\application\Runtime\Cache\Home\41c991b64167ab4f15d3c50a73fd2e47.php 第 114 行.
INFO: Run Behavior\ParseTemplateBehavior [ RunTime:0.121927s ]
INFO: [ view_parse ] --END-- [ RunTime:0.122398s ]
INFO: [ view_filter ] --START--
INFO: Run Behavior\WriteHtmlCacheBehavior [ RunTime:0.003718s ]
INFO: [ view_filter ] --END-- [ RunTime:0.004449s ]
INFO: [ app_end ] --START--
INFO: Run Behavior\ShowPageTraceBehavior [ RunTime:0.003278s ]
INFO: [ app_end ] --END-- [ RunTime:0.003518s ]

[ 2017-12-08T15:00:10+08:00 ] ::1 /stell/index.php
INFO: [ app_init ] --START--
INFO: Run Behavior\BuildLiteBehavior [ RunTime:0.000054s ]
INFO: [ app_init ] --END-- [ RunTime:0.000266s ]
INFO: [ app_begin ] --START--
INFO: Run Behavior\ReadHtmlCacheBehavior [ RunTime:0.003097s ]
INFO: [ app_begin ] --END-- [ RunTime:0.003494s ]
SQL: SHOW COLUMNS FROM `goods` [ RunTime:0.0489s ]
SQL: SHOW COLUMNS FROM `goods` [ RunTime:0.0413s ]
SQL: SELECT * FROM `goods`  [ RunTime:0.0017s ]
SQL: SHOW COLUMNS FROM `contact` [ RunTime:0.0436s ]
SQL: SELECT * FROM `contact` WHERE ( Id ) LIMIT 1   [ RunTime:0.0009s ]
SQL: SELECT `material` FROM `goods`  [ RunTime:0.0008s ]
SQL: SELECT `material` FROM `goods`  [ RunTime:0.0010s ]
INFO: [ view_parse ] --START--
INFO: [ template_filter ] --START--
INFO: Run Behavior\ContentReplaceBehavior [ RunTime:0.000285s ]
INFO: [ template_filter ] --END-- [ RunTime:0.000456s ]
INFO: Run Behavior\ParseTemplateBehavior [ RunTime:0.139006s ]
INFO: [ view_parse ] --END-- [ RunTime:0.139248s ]
INFO: [ view_filter ] --START--
INFO: Run Behavior\WriteHtmlCacheBehavior [ RunTime:0.001811s ]
INFO: [ view_filter ] --END-- [ RunTime:0.001996s ]
INFO: [ app_end ] --START--
INFO: Run Behavior\ShowPageTraceBehavior [ RunTime:0.003483s ]
INFO: [ app_end ] --END-- [ RunTime:0.003775s ]

[ 2017-12-08T19:13:17+08:00 ] ::1 /stell/index.php/Home/stock/index.html
INFO: [ app_init ] --START--
INFO: Run Behavior\BuildLiteBehavior [ RunTime:0.000050s ]
INFO: [ app_init ] --END-- [ RunTime:0.000336s ]
INFO: [ app_begin ] --START--
INFO: Run Behavior\ReadHtmlCacheBehavior [ RunTime:0.104992s ]
INFO: [ app_begin ] --END-- [ RunTime:0.105241s ]

[ 2017-12-08T19:13:32+08:00 ] ::1 /stell/index.php/Home/stock/index.html
INFO: [ app_init ] --START--
INFO: Run Behavior\BuildLiteBehavior [ RunTime:0.000064s ]
INFO: [ app_init ] --END-- [ RunTime:0.000280s ]
INFO: [ app_begin ] --START--
INFO: Run Behavior\ReadHtmlCacheBehavior [ RunTime:0.002269s ]
INFO: [ app_begin ] --END-- [ RunTime:0.002514s ]
SQL: SHOW COLUMNS FROM `goods` [ RunTime:0.2043s ]
SQL: SHOW COLUMNS FROM `goods` [ RunTime:0.0660s ]
SQL: SELECT `material` FROM `goods`  [ RunTime:0.0011s ]
SQL: SELECT * FROM `goods`  [ RunTime:0.0016s ]

[ 2017-12-08T19:14:01+08:00 ] ::1 /stell/index.php/Home/stock/index.html
INFO: [ app_init ] --START--
INFO: Run Behavior\BuildLiteBehavior [ RunTime:0.000052s ]
INFO: [ app_init ] --END-- [ RunTime:0.000249s ]
INFO: [ app_begin ] --START--
INFO: Run Behavior\ReadHtmlCacheBehavior [ RunTime:0.003945s ]
INFO: [ app_begin ] --END-- [ RunTime:0.004271s ]
SQL: SHOW COLUMNS FROM `goods` [ RunTime:0.0956s ]
SQL: SHOW COLUMNS FROM `goods` [ RunTime:0.0407s ]
SQL: SELECT `material` FROM `goods`  [ RunTime:0.0018s ]
SQL: SELECT * FROM `goods`  [ RunTime:0.0019s ]

[ 2017-12-08T19:14:44+08:00 ] ::1 /stell/index.php/Home/stock/index.html
INFO: [ app_init ] --START--
INFO: Run Behavior\BuildLiteBehavior [ RunTime:0.000053s ]
INFO: [ app_init ] --END-- [ RunTime:0.000255s ]
INFO: [ app_begin ] --START--
INFO: Run Behavior\ReadHtmlCacheBehavior [ RunTime:0.005136s ]
INFO: [ app_begin ] --END-- [ RunTime:0.005435s ]
SQL: SHOW COLUMNS FROM `goods` [ RunTime:0.0976s ]
SQL: SHOW COLUMNS FROM `goods` [ RunTime:0.0324s ]
SQL: SELECT `material` FROM `goods`  [ RunTime:0.0012s ]
SQL: SELECT * FROM `goods`  [ RunTime:0.0020s ]
NOTIC: [8] Undefined variable: Data C:\phpStudy\WWW\stell\application\Home\Controller\StockController.class.php 第 23 行.

[ 2017-12-08T19:16:59+08:00 ] ::1 /stell/index.php/Home/stock/index.html
INFO: [ app_init ] --START--
INFO: Run Behavior\BuildLiteBehavior [ RunTime:0.000055s ]
INFO: [ app_init ] --END-- [ RunTime:0.000279s ]
INFO: [ app_begin ] --START--
INFO: Run Behavior\ReadHtmlCacheBehavior [ RunTime:0.007213s ]
INFO: [ app_begin ] --END-- [ RunTime:0.007459s ]
SQL: SHOW COLUMNS FROM `goods` [ RunTime:0.0775s ]
SQL: SHOW COLUMNS FROM `goods` [ RunTime:0.0308s ]
SQL: SELECT `material` FROM `goods`  [ RunTime:0.0012s ]
SQL: SELECT * FROM `goods`  [ RunTime:0.0029s ]
NOTIC: [8] Undefined variable: Data C:\phpStudy\WWW\stell\application\Home\Controller\StockController.class.php 第 24 行.

[ 2017-12-08T19:18:02+08:00 ] ::1 /stell/index.php/Home/stock/index.html
INFO: [ app_init ] --START--
INFO: Run Behavior\BuildLiteBehavior [ RunTime:0.000050s ]
INFO: [ app_init ] --END-- [ RunTime:0.000233s ]
INFO: [ app_begin ] --START--
INFO: Run Behavior\ReadHtmlCacheBehavior [ RunTime:0.002328s ]
INFO: [ app_begin ] --END-- [ RunTime:0.002563s ]
SQL: SHOW COLUMNS FROM `goods` [ RunTime:0.0890s ]
SQL: SHOW COLUMNS FROM `goods` [ RunTime:0.0883s ]
SQL: SELECT `material` FROM `goods`  [ RunTime:0.0012s ]
SQL: SELECT * FROM `goods`  [ RunTime:0.0015s ]
NOTIC: [8] Undefined variable: Data C:\phpStudy\WWW\stell\application\Home\Controller\StockController.class.php 第 24 行.

[ 2017-12-08T19:18:38+08:00 ] ::1 /stell/index.php/Home/stock/index.html
INFO: [ app_init ] --START--
INFO: Run Behavior\BuildLiteBehavior [ RunTime:0.000066s ]
INFO: [ app_init ] --END-- [ RunTime:0.000284s ]
INFO: [ app_begin ] --START--
INFO: Run Behavior\ReadHtmlCacheBehavior [ RunTime:0.009710s ]
INFO: [ app_begin ] --END-- [ RunTime:0.010051s ]
SQL: SHOW COLUMNS FROM `goods` [ RunTime:0.0917s ]
SQL: SHOW COLUMNS FROM `goods` [ RunTime:0.0387s ]
SQL: SELECT `material` FROM `goods`  [ RunTime:0.0033s ]
SQL: SELECT * FROM `goods`  [ RunTime:0.0023s ]

[ 2017-12-08T19:18:55+08:00 ] ::1 /stell/index.php/Home/stock/index.html
INFO: [ app_init ] --START--
INFO: Run Behavior\BuildLiteBehavior [ RunTime:0.000077s ]
INFO: [ app_init ] --END-- [ RunTime:0.000285s ]
INFO: [ app_begin ] --START--
INFO: Run Behavior\ReadHtmlCacheBehavior [ RunTime:0.002334s ]
INFO: [ app_begin ] --END-- [ RunTime:0.003002s ]
SQL: SHOW COLUMNS FROM `goods` [ RunTime:0.0702s ]
SQL: SHOW COLUMNS FROM `goods` [ RunTime:0.0259s ]
SQL: SELECT `material` FROM `goods`  [ RunTime:0.0010s ]
SQL: SELECT * FROM `goods`  [ RunTime:0.0013s ]

[ 2017-12-08T19:19:19+08:00 ] ::1 /stell/index.php/Home/stock/index.html
INFO: [ app_init ] --START--
INFO: Run Behavior\BuildLiteBehavior [ RunTime:0.000054s ]
INFO: [ app_init ] --END-- [ RunTime:0.000257s ]
INFO: [ app_begin ] --START--
INFO: Run Behavior\ReadHtmlCacheBehavior [ RunTime:0.009339s ]
INFO: [ app_begin ] --END-- [ RunTime:0.010001s ]
SQL: SHOW COLUMNS FROM `goods` [ RunTime:0.0707s ]
SQL: SHOW COLUMNS FROM `goods` [ RunTime:0.0302s ]
SQL: SELECT `material` FROM `goods`  [ RunTime:0.0011s ]
SQL: SELECT * FROM `goods`  [ RunTime:0.0014s ]
NOTIC: [8] Undefined variable: list C:\phpStudy\WWW\stell\application\Home\Controller\StockController.class.php 第 25 行.
INFO: [ view_parse ] --START--
INFO: [ template_filter ] --START--
INFO: Run Behavior\ContentReplaceBehavior [ RunTime:0.001901s ]
INFO: [ template_filter ] --END-- [ RunTime:0.002719s ]
INFO: Run Behavior\ParseTemplateBehavior [ RunTime:0.638320s ]
INFO: [ view_parse ] --END-- [ RunTime:0.638612s ]
INFO: [ view_filter ] --START--
INFO: Run Behavior\WriteHtmlCacheBehavior [ RunTime:0.106298s ]
INFO: [ view_filter ] --END-- [ RunTime:0.106697s ]
INFO: [ view_parse ] --START--
INFO: [ template_filter ] --START--
INFO: Run Behavior\ContentReplaceBehavior [ RunTime:0.000274s ]
INFO: [ template_filter ] --END-- [ RunTime:-0.272098s ]
INFO: Run Behavior\ParseTemplateBehavior [ RunTime:0.054487s ]
INFO: [ view_parse ] --END-- [ RunTime:-0.108885s ]
INFO: [ view_filter ] --START--
INFO: Run Behavior\WriteHtmlCacheBehavior [ RunTime:0.000054s ]
INFO: [ view_filter ] --END-- [ RunTime:-0.056872s ]
NOTIC: [2] Cannot modify header information - headers already sent by (output started at C:\phpStudy\WWW\stell\thinkphp\Library\Think\View.class.php:95) C:\phpStudy\WWW\stell\thinkphp\Library\Think\View.class.php 第 91 行.
NOTIC: [2] Cannot modify header information - headers already sent by (output started at C:\phpStudy\WWW\stell\thinkphp\Library\Think\View.class.php:95) C:\phpStudy\WWW\stell\thinkphp\Library\Think\View.class.php 第 92 行.
NOTIC: [2] Cannot modify header information - headers already sent by (output started at C:\phpStudy\WWW\stell\thinkphp\Library\Think\View.class.php:95) C:\phpStudy\WWW\stell\thinkphp\Library\Think\View.class.php 第 93 行.
INFO: [ app_end ] --START--
INFO: Run Behavior\ShowPageTraceBehavior [ RunTime:0.103229s ]
INFO: [ app_end ] --END-- [ RunTime:0.103461s ]

[ 2017-12-08T19:19:23+08:00 ] ::1 /stell/index.php/Home/Stock/index/p/2.html
INFO: [ app_init ] --START--
INFO: Run Behavior\BuildLiteBehavior [ RunTime:0.000251s ]
INFO: [ app_init ] --END-- [ RunTime:0.001646s ]
INFO: [ app_begin ] --START--
INFO: Run Behavior\ReadHtmlCacheBehavior [ RunTime:0.004062s ]
INFO: [ app_begin ] --END-- [ RunTime:0.007724s ]
SQL: SHOW COLUMNS FROM `goods` [ RunTime:0.1038s ]
SQL: SHOW COLUMNS FROM `goods` [ RunTime:0.0400s ]
SQL: SELECT `material` FROM `goods`  [ RunTime:0.0017s ]
SQL: SELECT * FROM `goods`  [ RunTime:0.0018s ]
NOTIC: [8] Undefined variable: list C:\phpStudy\WWW\stell\application\Home\Controller\StockController.class.php 第 25 行.
INFO: [ view_parse ] --START--
INFO: [ template_filter ] --START--
INFO: Run Behavior\ContentReplaceBehavior [ RunTime:0.000227s ]
INFO: [ template_filter ] --END-- [ RunTime:0.000425s ]
INFO: Run Behavior\ParseTemplateBehavior [ RunTime:0.054639s ]
INFO: [ view_parse ] --END-- [ RunTime:0.054878s ]
INFO: [ view_filter ] --START--
INFO: Run Behavior\WriteHtmlCacheBehavior [ RunTime:0.005882s ]
INFO: [ view_filter ] --END-- [ RunTime:0.006207s ]
INFO: [ view_parse ] --START--
INFO: [ template_filter ] --START--
INFO: Run Behavior\ContentReplaceBehavior [ RunTime:0.000468s ]
INFO: [ template_filter ] --END-- [ RunTime:-0.059785s ]
INFO: Run Behavior\ParseTemplateBehavior [ RunTime:0.087079s ]
INFO: [ view_parse ] --END-- [ RunTime:-0.009621s ]
INFO: [ view_filter ] --START--
INFO: Run Behavior\WriteHtmlCacheBehavior [ RunTime:0.000054s ]
INFO: [ view_filter ] --END-- [ RunTime:-0.090730s ]
NOTIC: [2] Cannot modify header information - headers already sent by (output started at C:\phpStudy\WWW\stell\thinkphp\Library\Think\View.class.php:95) C:\phpStudy\WWW\stell\thinkphp\Library\Think\View.class.php 第 91 行.
NOTIC: [2] Cannot modify header information - headers already sent by (output started at C:\phpStudy\WWW\stell\thinkphp\Library\Think\View.class.php:95) C:\phpStudy\WWW\stell\thinkphp\Library\Think\View.class.php 第 92 行.
NOTIC: [2] Cannot modify header information - headers already sent by (output started at C:\phpStudy\WWW\stell\thinkphp\Library\Think\View.class.php:95) C:\phpStudy\WWW\stell\thinkphp\Library\Think\View.class.php 第 93 行.
INFO: [ app_end ] --START--
INFO: Run Behavior\ShowPageTraceBehavior [ RunTime:0.010294s ]
INFO: [ app_end ] --END-- [ RunTime:0.010783s ]

[ 2017-12-08T19:19:29+08:00 ] ::1 /stell/index.php/Home/Stock/index/p/1.html
INFO: [ app_init ] --START--
INFO: Run Behavior\BuildLiteBehavior [ RunTime:0.000124s ]
INFO: [ app_init ] --END-- [ RunTime:0.000507s ]
INFO: [ app_begin ] --START--
INFO: Run Behavior\ReadHtmlCacheBehavior [ RunTime:0.002307s ]
INFO: [ app_begin ] --END-- [ RunTime:0.002571s ]
SQL: SHOW COLUMNS FROM `goods` [ RunTime:0.0708s ]
SQL: SHOW COLUMNS FROM `goods` [ RunTime:0.0295s ]
SQL: SELECT `material` FROM `goods`  [ RunTime:0.0015s ]
SQL: SELECT * FROM `goods`  [ RunTime:0.0017s ]
NOTIC: [8] Undefined variable: list C:\phpStudy\WWW\stell\application\Home\Controller\StockController.class.php 第 25 行.
INFO: [ view_parse ] --START--
INFO: [ template_filter ] --START--
INFO: Run Behavior\ContentReplaceBehavior [ RunTime:0.000231s ]
INFO: [ template_filter ] --END-- [ RunTime:0.000434s ]
INFO: Run Behavior\ParseTemplateBehavior [ RunTime:0.049702s ]
INFO: [ view_parse ] --END-- [ RunTime:0.049930s ]
INFO: [ view_filter ] --START--
INFO: Run Behavior\WriteHtmlCacheBehavior [ RunTime:0.001300s ]
INFO: [ view_filter ] --END-- [ RunTime:0.001469s ]
INFO: [ view_parse ] --START--
INFO: [ template_filter ] --START--
INFO: Run Behavior\ContentReplaceBehavior [ RunTime:0.000807s ]
INFO: [ template_filter ] --END-- [ RunTime:-0.061217s ]
INFO: Run Behavior\ParseTemplateBehavior [ RunTime:0.064431s ]
INFO: [ view_parse ] --END-- [ RunTime:-0.002750s ]
INFO: [ view_filter ] --START--
INFO: Run Behavior\WriteHtmlCacheBehavior [ RunTime:0.000055s ]
INFO: [ view_filter ] --END-- [ RunTime:-0.065924s ]
NOTIC: [2] Cannot modify header information - headers already sent by (output started at C:\phpStudy\WWW\stell\thinkphp\Library\Think\View.class.php:95) C:\phpStudy\WWW\stell\thinkphp\Library\Think\View.class.php 第 91 行.
NOTIC: [2] Cannot modify header information - headers already sent by (output started at C:\phpStudy\WWW\stell\thinkphp\Library\Think\View.class.php:95) C:\phpStudy\WWW\stell\thinkphp\Library\Think\View.class.php 第 92 行.
NOTIC: [2] Cannot modify header information - headers already sent by (output started at C:\phpStudy\WWW\stell\thinkphp\Library\Think\View.class.php:95) C:\phpStudy\WWW\stell\thinkphp\Library\Think\View.class.php 第 93 行.
INFO: [ app_end ] --START--
INFO: Run Behavior\ShowPageTraceBehavior [ RunTime:0.007230s ]
INFO: [ app_end ] --END-- [ RunTime:0.007528s ]

[ 2017-12-08T19:20:04+08:00 ] ::1 /stell/index.php/Home/Stock/index/p/1.html
INFO: [ app_init ] --START--
INFO: Run Behavior\BuildLiteBehavior [ RunTime:0.000062s ]
INFO: [ app_init ] --END-- [ RunTime:0.000361s ]
INFO: [ app_begin ] --START--
INFO: Run Behavior\ReadHtmlCacheBehavior [ RunTime:0.007541s ]
INFO: [ app_begin ] --END-- [ RunTime:0.007838s ]
SQL: SHOW COLUMNS FROM `goods` [ RunTime:0.0616s ]
SQL: SHOW COLUMNS FROM `goods` [ RunTime:0.0302s ]
SQL: SELECT `material` FROM `goods`  [ RunTime:0.0009s ]
SQL: SELECT * FROM `goods`  [ RunTime:0.0016s ]

[ 2017-12-08T19:21:44+08:00 ] ::1 /stell/index.php/Home/Stock/index/p/1.html
INFO: [ app_init ] --START--
INFO: Run Behavior\BuildLiteBehavior [ RunTime:0.000060s ]
INFO: [ app_init ] --END-- [ RunTime:0.000374s ]
INFO: [ app_begin ] --START--
INFO: Run Behavior\ReadHtmlCacheBehavior [ RunTime:0.004080s ]
INFO: [ app_begin ] --END-- [ RunTime:0.004422s ]

[ 2017-12-08T19:22:15+08:00 ] ::1 /stell/index.php/Home/Stock/index/p/1.html
INFO: [ app_init ] --START--
INFO: Run Behavior\BuildLiteBehavior [ RunTime:0.000050s ]
INFO: [ app_init ] --END-- [ RunTime:0.000245s ]
INFO: [ app_begin ] --START--
INFO: Run Behavior\ReadHtmlCacheBehavior [ RunTime:0.002441s ]
INFO: [ app_begin ] --END-- [ RunTime:0.002654s ]
SQL: SHOW COLUMNS FROM `goods` [ RunTime:0.0564s ]
SQL: SHOW COLUMNS FROM `goods` [ RunTime:0.0264s ]
SQL: SELECT `material` FROM `goods`  [ RunTime:0.0010s ]
SQL: SELECT * FROM `goods`  [ RunTime:0.0013s ]

[ 2017-12-08T19:23:53+08:00 ] ::1 /stell/index.php/Home/Stock/index/p/1.html
INFO: [ app_init ] --START--
INFO: Run Behavior\BuildLiteBehavior [ RunTime:0.000320s ]
INFO: [ app_init ] --END-- [ RunTime:0.000912s ]
INFO: [ app_begin ] --START--
INFO: Run Behavior\ReadHtmlCacheBehavior [ RunTime:0.007513s ]
INFO: [ app_begin ] --END-- [ RunTime:0.008273s ]
SQL: SHOW COLUMNS FROM `goods` [ RunTime:0.0686s ]
SQL: SHOW COLUMNS FROM `goods` [ RunTime:0.0668s ]
SQL: SELECT `material` FROM `goods`  [ RunTime:0.0008s ]
SQL: SELECT * FROM `goods`  [ RunTime:0.0010s ]
ERR: 1054:Unknown column 'create_time' in 'order clause'
 [ SQL语句 ] : SELECT * FROM `goods` ORDER BY create_time LIMIT 0,25  
ERR: 1054:Unknown column 'create_time' in 'order clause'
 [ SQL语句 ] : SELECT * FROM `goods` ORDER BY create_time LIMIT 0,25  

[ 2017-12-08T19:24:52+08:00 ] ::1 /stell/index.php/Home/Stock/index/p/1.html
INFO: [ app_init ] --START--
INFO: Run Behavior\BuildLiteBehavior [ RunTime:0.000055s ]
INFO: [ app_init ] --END-- [ RunTime:0.000307s ]
INFO: [ app_begin ] --START--
INFO: Run Behavior\ReadHtmlCacheBehavior [ RunTime:0.007254s ]
INFO: [ app_begin ] --END-- [ RunTime:0.010364s ]
SQL: SHOW COLUMNS FROM `goods` [ RunTime:0.0543s ]
SQL: SHOW COLUMNS FROM `goods` [ RunTime:0.0234s ]
SQL: SELECT `material` FROM `goods`  [ RunTime:0.0013s ]
SQL: SELECT * FROM `goods`  [ RunTime:0.0017s ]
NOTIC: [8] Undefined variable: map C:\phpStudy\WWW\stell\application\Home\Controller\StockController.class.php 第 24 行.
SQL: SELECT * FROM `goods` ORDER BY id LIMIT 0,20   [ RunTime:0.0045s ]
INFO: [ view_parse ] --START--
INFO: [ template_filter ] --START--
INFO: Run Behavior\ContentReplaceBehavior [ RunTime:0.000395s ]
INFO: [ template_filter ] --END-- [ RunTime:0.000666s ]
INFO: Run Behavior\ParseTemplateBehavior [ RunTime:0.046029s ]
INFO: [ view_parse ] --END-- [ RunTime:0.046265s ]
INFO: [ view_filter ] --START--
INFO: Run Behavior\WriteHtmlCacheBehavior [ RunTime:0.003453s ]
INFO: [ view_filter ] --END-- [ RunTime:0.003705s ]
INFO: [ view_parse ] --START--
INFO: [ template_filter ] --START--
INFO: Run Behavior\ContentReplaceBehavior [ RunTime:0.000247s ]
INFO: [ template_filter ] --END-- [ RunTime:-0.043997s ]
INFO: Run Behavior\ParseTemplateBehavior [ RunTime:0.061026s ]
INFO: [ view_parse ] --END-- [ RunTime:-0.005222s ]
INFO: [ view_filter ] --START--
INFO: Run Behavior\WriteHtmlCacheBehavior [ RunTime:0.000053s ]
INFO: [ view_filter ] --END-- [ RunTime:-0.062810s ]
NOTIC: [2] Cannot modify header information - headers already sent by (output started at C:\phpStudy\WWW\stell\thinkphp\Library\Think\View.class.php:95) C:\phpStudy\WWW\stell\thinkphp\Library\Think\View.class.php 第 91 行.
NOTIC: [2] Cannot modify header information - headers already sent by (output started at C:\phpStudy\WWW\stell\thinkphp\Library\Think\View.class.php:95) C:\phpStudy\WWW\stell\thinkphp\Library\Think\View.class.php 第 92 行.
NOTIC: [2] Cannot modify header information - headers already sent by (output started at C:\phpStudy\WWW\stell\thinkphp\Library\Think\View.class.php:95) C:\phpStudy\WWW\stell\thinkphp\Library\Think\View.class.php 第 93 行.
INFO: [ app_end ] --START--
INFO: Run Behavior\ShowPageTraceBehavior [ RunTime:0.003302s ]
INFO: [ app_end ] --END-- [ RunTime:0.003523s ]

[ 2017-12-08T19:24:56+08:00 ] ::1 /stell/index.php/Home/Stock/index/p/2.html
INFO: [ app_init ] --START--
INFO: Run Behavior\BuildLiteBehavior [ RunTime:0.000059s ]
INFO: [ app_init ] --END-- [ RunTime:0.000267s ]
INFO: [ app_begin ] --START--
INFO: Run Behavior\ReadHtmlCacheBehavior [ RunTime:0.002309s ]
INFO: [ app_begin ] --END-- [ RunTime:0.002534s ]
SQL: SHOW COLUMNS FROM `goods` [ RunTime:0.0744s ]
SQL: SHOW COLUMNS FROM `goods` [ RunTime:0.0310s ]
SQL: SELECT `material` FROM `goods`  [ RunTime:0.0008s ]
SQL: SELECT * FROM `goods`  [ RunTime:0.0014s ]
NOTIC: [8] Undefined variable: map C:\phpStudy\WWW\stell\application\Home\Controller\StockController.class.php 第 24 行.
SQL: SELECT * FROM `goods` ORDER BY id LIMIT 20,20   [ RunTime:0.0026s ]
INFO: [ view_parse ] --START--
INFO: [ template_filter ] --START--
INFO: Run Behavior\ContentReplaceBehavior [ RunTime:0.000411s ]
INFO: [ template_filter ] --END-- [ RunTime:0.000716s ]
INFO: Run Behavior\ParseTemplateBehavior [ RunTime:0.043163s ]
INFO: [ view_parse ] --END-- [ RunTime:0.043394s ]
INFO: [ view_filter ] --START--
INFO: Run Behavior\WriteHtmlCacheBehavior [ RunTime:0.001312s ]
INFO: [ view_filter ] --END-- [ RunTime:0.001498s ]
INFO: [ view_parse ] --START--
INFO: [ template_filter ] --START--
INFO: Run Behavior\ContentReplaceBehavior [ RunTime:0.001162s ]
INFO: [ template_filter ] --END-- [ RunTime:-0.061608s ]
INFO: Run Behavior\ParseTemplateBehavior [ RunTime:0.064872s ]
INFO: [ view_parse ] --END-- [ RunTime:-0.003785s ]
INFO: [ view_filter ] --START--
INFO: Run Behavior\WriteHtmlCacheBehavior [ RunTime:0.000055s ]
INFO: [ view_filter ] --END-- [ RunTime:-0.067514s ]
NOTIC: [2] Cannot modify header information - headers already sent by (output started at C:\phpStudy\WWW\stell\thinkphp\Library\Think\View.class.php:95) C:\phpStudy\WWW\stell\thinkphp\Library\Think\View.class.php 第 91 行.
NOTIC: [2] Cannot modify header information - headers already sent by (output started at C:\phpStudy\WWW\stell\thinkphp\Library\Think\View.class.php:95) C:\phpStudy\WWW\stell\thinkphp\Library\Think\View.class.php 第 92 行.
NOTIC: [2] Cannot modify header information - headers already sent by (output started at C:\phpStudy\WWW\stell\thinkphp\Library\Think\View.class.php:95) C:\phpStudy\WWW\stell\thinkphp\Library\Think\View.class.php 第 93 行.
INFO: [ app_end ] --START--
INFO: Run Behavior\ShowPageTraceBehavior [ RunTime:0.004208s ]
INFO: [ app_end ] --END-- [ RunTime:0.004573s ]

[ 2017-12-08T19:25:01+08:00 ] ::1 /stell/index.php/Home/Stock/index/p/1.html
INFO: [ app_init ] --START--
INFO: Run Behavior\BuildLiteBehavior [ RunTime:0.000052s ]
INFO: [ app_init ] --END-- [ RunTime:0.000238s ]
INFO: [ app_begin ] --START--
INFO: Run Behavior\ReadHtmlCacheBehavior [ RunTime:0.005426s ]
INFO: [ app_begin ] --END-- [ RunTime:0.005676s ]
SQL: SHOW COLUMNS FROM `goods` [ RunTime:0.0751s ]
SQL: SHOW COLUMNS FROM `goods` [ RunTime:0.0445s ]
SQL: SELECT `material` FROM `goods`  [ RunTime:0.0020s ]
SQL: SELECT * FROM `goods`  [ RunTime:0.0018s ]
NOTIC: [8] Undefined variable: map C:\phpStudy\WWW\stell\application\Home\Controller\StockController.class.php 第 24 行.
SQL: SELECT * FROM `goods` ORDER BY id LIMIT 0,20   [ RunTime:0.0020s ]
INFO: [ view_parse ] --START--
INFO: [ template_filter ] --START--
INFO: Run Behavior\ContentReplaceBehavior [ RunTime:0.000221s ]
INFO: [ template_filter ] --END-- [ RunTime:0.000411s ]
INFO: Run Behavior\ParseTemplateBehavior [ RunTime:0.045853s ]
INFO: [ view_parse ] --END-- [ RunTime:0.046098s ]
INFO: [ view_filter ] --START--
INFO: Run Behavior\WriteHtmlCacheBehavior [ RunTime:0.001721s ]
INFO: [ view_filter ] --END-- [ RunTime:0.001957s ]
INFO: [ view_parse ] --START--
INFO: [ template_filter ] --START--
INFO: Run Behavior\ContentReplaceBehavior [ RunTime:0.000354s ]
INFO: [ template_filter ] --END-- [ RunTime:-0.063915s ]
INFO: Run Behavior\ParseTemplateBehavior [ RunTime:0.068426s ]
INFO: [ view_parse ] --END-- [ RunTime:-0.003539s ]
INFO: [ view_filter ] --START--
INFO: Run Behavior\WriteHtmlCacheBehavior [ RunTime:0.000058s ]
INFO: [ view_filter ] --END-- [ RunTime:-0.071108s ]
NOTIC: [2] Cannot modify header information - headers already sent by (output started at C:\phpStudy\WWW\stell\thinkphp\Library\Think\View.class.php:95) C:\phpStudy\WWW\stell\thinkphp\Library\Think\View.class.php 第 91 行.
NOTIC: [2] Cannot modify header information - headers already sent by (output started at C:\phpStudy\WWW\stell\thinkphp\Library\Think\View.class.php:95) C:\phpStudy\WWW\stell\thinkphp\Library\Think\View.class.php 第 92 行.
NOTIC: [2] Cannot modify header information - headers already sent by (output started at C:\phpStudy\WWW\stell\thinkphp\Library\Think\View.class.php:95) C:\phpStudy\WWW\stell\thinkphp\Library\Think\View.class.php 第 93 行.
INFO: [ app_end ] --START--
INFO: Run Behavior\ShowPageTraceBehavior [ RunTime:0.003828s ]
INFO: [ app_end ] --END-- [ RunTime:0.004069s ]

[ 2017-12-08T19:25:13+08:00 ] ::1 /stell/index.php/Home/Stock/index/p/2.html
INFO: [ app_init ] --START--
INFO: Run Behavior\BuildLiteBehavior [ RunTime:0.000059s ]
INFO: [ app_init ] --END-- [ RunTime:0.000419s ]
INFO: [ app_begin ] --START--
INFO: Run Behavior\ReadHtmlCacheBehavior [ RunTime:0.004012s ]
INFO: [ app_begin ] --END-- [ RunTime:0.006034s ]
SQL: SHOW COLUMNS FROM `goods` [ RunTime:0.0749s ]
SQL: SHOW COLUMNS FROM `goods` [ RunTime:0.0328s ]
SQL: SELECT `material` FROM `goods`  [ RunTime:0.0032s ]
SQL: SELECT * FROM `goods`  [ RunTime:0.0032s ]
NOTIC: [8] Undefined variable: map C:\phpStudy\WWW\stell\application\Home\Controller\StockController.class.php 第 24 行.
SQL: SELECT * FROM `goods` ORDER BY id LIMIT 20,20   [ RunTime:0.0021s ]
INFO: [ view_parse ] --START--
INFO: [ template_filter ] --START--
INFO: Run Behavior\ContentReplaceBehavior [ RunTime:0.000249s ]
INFO: [ template_filter ] --END-- [ RunTime:0.000449s ]
INFO: Run Behavior\ParseTemplateBehavior [ RunTime:0.054653s ]
INFO: [ view_parse ] --END-- [ RunTime:0.054920s ]
INFO: [ view_filter ] --START--
INFO: Run Behavior\WriteHtmlCacheBehavior [ RunTime:0.003443s ]
INFO: [ view_filter ] --END-- [ RunTime:0.003711s ]
INFO: [ view_parse ] --START--
INFO: [ template_filter ] --START--
INFO: Run Behavior\ContentReplaceBehavior [ RunTime:0.000627s ]
INFO: [ template_filter ] --END-- [ RunTime:-0.057653s ]
INFO: Run Behavior\ParseTemplateBehavior [ RunTime:0.059084s ]
INFO: [ view_parse ] --END-- [ RunTime:-0.006687s ]
INFO: [ view_filter ] --START--
INFO: Run Behavior\WriteHtmlCacheBehavior [ RunTime:0.000052s ]
INFO: [ view_filter ] --END-- [ RunTime:-0.062355s ]
NOTIC: [2] Cannot modify header information - headers already sent by (output started at C:\phpStudy\WWW\stell\thinkphp\Library\Think\View.class.php:95) C:\phpStudy\WWW\stell\thinkphp\Library\Think\View.class.php 第 91 行.
NOTIC: [2] Cannot modify header information - headers already sent by (output started at C:\phpStudy\WWW\stell\thinkphp\Library\Think\View.class.php:95) C:\phpStudy\WWW\stell\thinkphp\Library\Think\View.class.php 第 92 行.
NOTIC: [2] Cannot modify header information - headers already sent by (output started at C:\phpStudy\WWW\stell\thinkphp\Library\Think\View.class.php:95) C:\phpStudy\WWW\stell\thinkphp\Library\Think\View.class.php 第 93 行.
INFO: [ app_end ] --START--
INFO: Run Behavior\ShowPageTraceBehavior [ RunTime:0.011777s ]
INFO: [ app_end ] --END-- [ RunTime:0.012111s ]

[ 2017-12-08T19:25:30+08:00 ] ::1 /stell/index.php/Home/Stock/index/p/2.html
INFO: [ app_init ] --START--
INFO: Run Behavior\BuildLiteBehavior [ RunTime:0.000055s ]
INFO: [ app_init ] --END-- [ RunTime:0.000288s ]
INFO: [ app_begin ] --START--
INFO: Run Behavior\ReadHtmlCacheBehavior [ RunTime:0.003394s ]
INFO: [ app_begin ] --END-- [ RunTime:0.003662s ]
SQL: SHOW COLUMNS FROM `goods` [ RunTime:0.0700s ]
SQL: SHOW COLUMNS FROM `goods` [ RunTime:0.0341s ]
SQL: SELECT `material` FROM `goods`  [ RunTime:0.0011s ]
SQL: SELECT * FROM `goods`  [ RunTime:0.0029s ]
NOTIC: [8] Undefined variable: map C:\phpStudy\WWW\stell\application\Home\Controller\StockController.class.php 第 24 行.
SQL: SELECT * FROM `goods` ORDER BY id LIMIT 20,20   [ RunTime:0.0019s ]
INFO: [ view_parse ] --START--
INFO: [ template_filter ] --START--
INFO: Run Behavior\ContentReplaceBehavior [ RunTime:0.000231s ]
INFO: [ template_filter ] --END-- [ RunTime:0.000420s ]
INFO: Run Behavior\ParseTemplateBehavior [ RunTime:0.046741s ]
INFO: [ view_parse ] --END-- [ RunTime:0.046965s ]
INFO: [ view_filter ] --START--
INFO: Run Behavior\WriteHtmlCacheBehavior [ RunTime:0.002088s ]
INFO: [ view_filter ] --END-- [ RunTime:0.002300s ]
INFO: [ app_end ] --START--
INFO: Run Behavior\ShowPageTraceBehavior [ RunTime:0.007600s ]
INFO: [ app_end ] --END-- [ RunTime:0.008202s ]

[ 2017-12-08T19:25:39+08:00 ] ::1 /stell/index.php/Home/Stock/index/p/1.html
INFO: [ app_init ] --START--
INFO: Run Behavior\BuildLiteBehavior [ RunTime:0.000051s ]
INFO: [ app_init ] --END-- [ RunTime:0.000335s ]
INFO: [ app_begin ] --START--
INFO: Run Behavior\ReadHtmlCacheBehavior [ RunTime:0.005750s ]
INFO: [ app_begin ] --END-- [ RunTime:0.006085s ]
SQL: SHOW COLUMNS FROM `goods` [ RunTime:0.0941s ]
SQL: SHOW COLUMNS FROM `goods` [ RunTime:0.0515s ]
SQL: SELECT `material` FROM `goods`  [ RunTime:0.0012s ]
SQL: SELECT * FROM `goods`  [ RunTime:0.0022s ]
NOTIC: [8] Undefined variable: map C:\phpStudy\WWW\stell\application\Home\Controller\StockController.class.php 第 24 行.
SQL: SELECT * FROM `goods` ORDER BY id LIMIT 0,20   [ RunTime:0.0038s ]
INFO: [ view_parse ] --START--
INFO: [ template_filter ] --START--
INFO: Run Behavior\ContentReplaceBehavior [ RunTime:0.000231s ]
INFO: [ template_filter ] --END-- [ RunTime:0.000438s ]
INFO: Run Behavior\ParseTemplateBehavior [ RunTime:0.049629s ]
INFO: [ view_parse ] --END-- [ RunTime:0.049970s ]
INFO: [ view_filter ] --START--
INFO: Run Behavior\WriteHtmlCacheBehavior [ RunTime:0.001254s ]
INFO: [ view_filter ] --END-- [ RunTime:0.001486s ]
INFO: [ app_end ] --START--
INFO: Run Behavior\ShowPageTraceBehavior [ RunTime:0.006282s ]
INFO: [ app_end ] --END-- [ RunTime:0.006508s ]

[ 2017-12-08T19:26:04+08:00 ] ::1 /stell/index.php/Home/Stock/index/p/1.html
INFO: [ app_init ] --START--
INFO: Run Behavior\BuildLiteBehavior [ RunTime:0.000056s ]
INFO: [ app_init ] --END-- [ RunTime:0.000305s ]
INFO: [ app_begin ] --START--
INFO: Run Behavior\ReadHtmlCacheBehavior [ RunTime:0.003161s ]
INFO: [ app_begin ] --END-- [ RunTime:0.003485s ]
SQL: SHOW COLUMNS FROM `goods` [ RunTime:0.0890s ]
SQL: SHOW COLUMNS FROM `goods` [ RunTime:0.0629s ]
SQL: SELECT `material` FROM `goods`  [ RunTime:0.0012s ]
SQL: SELECT * FROM `goods`  [ RunTime:0.0013s ]
NOTIC: [8] Undefined variable: map C:\phpStudy\WWW\stell\application\Home\Controller\StockController.class.php 第 19 行.
SQL: SELECT COUNT(*) AS tp_count FROM `goods` LIMIT 1   [ RunTime:0.0076s ]
NOTIC: [8] Undefined variable: map C:\phpStudy\WWW\stell\application\Home\Controller\StockController.class.php 第 24 行.
SQL: SELECT * FROM `goods` ORDER BY id LIMIT 0,20   [ RunTime:0.0033s ]
INFO: [ view_parse ] --START--
INFO: [ template_filter ] --START--
INFO: Run Behavior\ContentReplaceBehavior [ RunTime:0.000227s ]
INFO: [ template_filter ] --END-- [ RunTime:0.000424s ]
INFO: Run Behavior\ParseTemplateBehavior [ RunTime:0.040707s ]
INFO: [ view_parse ] --END-- [ RunTime:0.040919s ]
INFO: [ view_filter ] --START--
INFO: Run Behavior\WriteHtmlCacheBehavior [ RunTime:0.001164s ]
INFO: [ view_filter ] --END-- [ RunTime:0.001334s ]
INFO: [ app_end ] --START--
INFO: Run Behavior\ShowPageTraceBehavior [ RunTime:0.004855s ]
INFO: [ app_end ] --END-- [ RunTime:0.006374s ]

[ 2017-12-08T19:26:34+08:00 ] ::1 /stell/index.php/Home/Stock/index/p/2.html
INFO: [ app_init ] --START--
INFO: Run Behavior\BuildLiteBehavior [ RunTime:0.000051s ]
INFO: [ app_init ] --END-- [ RunTime:0.000227s ]
INFO: [ app_begin ] --START--
INFO: Run Behavior\ReadHtmlCacheBehavior [ RunTime:0.003745s ]
INFO: [ app_begin ] --END-- [ RunTime:0.003996s ]
SQL: SHOW COLUMNS FROM `goods` [ RunTime:0.0791s ]
SQL: SHOW COLUMNS FROM `goods` [ RunTime:0.0668s ]
SQL: SELECT `material` FROM `goods`  [ RunTime:0.0013s ]
SQL: SELECT * FROM `goods`  [ RunTime:0.0015s ]
NOTIC: [8] Undefined variable: map C:\phpStudy\WWW\stell\application\Home\Controller\StockController.class.php 第 19 行.
SQL: SELECT COUNT(*) AS tp_count FROM `goods` LIMIT 1   [ RunTime:0.0007s ]
NOTIC: [8] Undefined variable: map C:\phpStudy\WWW\stell\application\Home\Controller\StockController.class.php 第 24 行.
SQL: SELECT * FROM `goods` ORDER BY id LIMIT 20,20   [ RunTime:0.0032s ]
INFO: [ view_parse ] --START--
INFO: [ template_filter ] --START--
INFO: Run Behavior\ContentReplaceBehavior [ RunTime:0.000393s ]
INFO: [ template_filter ] --END-- [ RunTime:0.000734s ]
INFO: Run Behavior\ParseTemplateBehavior [ RunTime:0.039253s ]
INFO: [ view_parse ] --END-- [ RunTime:0.039473s ]
INFO: [ view_filter ] --START--
INFO: Run Behavior\WriteHtmlCacheBehavior [ RunTime:0.001191s ]
INFO: [ view_filter ] --END-- [ RunTime:0.001365s ]
INFO: [ app_end ] --START--
INFO: Run Behavior\ShowPageTraceBehavior [ RunTime:0.002340s ]
INFO: [ app_end ] --END-- [ RunTime:0.002562s ]

[ 2017-12-08T19:26:39+08:00 ] ::1 /stell/index.php/Home/Stock/index/p/1.html
INFO: [ app_init ] --START--
INFO: Run Behavior\BuildLiteBehavior [ RunTime:0.000050s ]
INFO: [ app_init ] --END-- [ RunTime:0.000231s ]
INFO: [ app_begin ] --START--
INFO: Run Behavior\ReadHtmlCacheBehavior [ RunTime:0.003166s ]
INFO: [ app_begin ] --END-- [ RunTime:0.003518s ]
SQL: SHOW COLUMNS FROM `goods` [ RunTime:0.0622s ]
SQL: SHOW COLUMNS FROM `goods` [ RunTime:0.0308s ]
SQL: SELECT `material` FROM `goods`  [ RunTime:0.0017s ]
SQL: SELECT * FROM `goods`  [ RunTime:0.0021s ]
NOTIC: [8] Undefined variable: map C:\phpStudy\WWW\stell\application\Home\Controller\StockController.class.php 第 19 行.
SQL: SELECT COUNT(*) AS tp_count FROM `goods` LIMIT 1   [ RunTime:0.0009s ]
NOTIC: [8] Undefined variable: map C:\phpStudy\WWW\stell\application\Home\Controller\StockController.class.php 第 24 行.
SQL: SELECT * FROM `goods` ORDER BY id LIMIT 0,20   [ RunTime:0.0020s ]
INFO: [ view_parse ] --START--
INFO: [ template_filter ] --START--
INFO: Run Behavior\ContentReplaceBehavior [ RunTime:0.000366s ]
INFO: [ template_filter ] --END-- [ RunTime:0.001104s ]
INFO: Run Behavior\ParseTemplateBehavior [ RunTime:0.043963s ]
INFO: [ view_parse ] --END-- [ RunTime:0.044255s ]
INFO: [ view_filter ] --START--
INFO: Run Behavior\WriteHtmlCacheBehavior [ RunTime:0.002681s ]
INFO: [ view_filter ] --END-- [ RunTime:0.003759s ]
INFO: [ app_end ] --START--
INFO: Run Behavior\ShowPageTraceBehavior [ RunTime:0.005174s ]
INFO: [ app_end ] --END-- [ RunTime:0.005412s ]

[ 2017-12-08T19:28:45+08:00 ] ::1 /stell/index.php/Home/Stock/index/p/1.html
INFO: [ app_init ] --START--
INFO: Run Behavior\BuildLiteBehavior [ RunTime:0.000092s ]
INFO: [ app_init ] --END-- [ RunTime:0.001866s ]
INFO: [ app_begin ] --START--
INFO: Run Behavior\ReadHtmlCacheBehavior [ RunTime:0.008510s ]
INFO: [ app_begin ] --END-- [ RunTime:0.008777s ]
SQL: SHOW COLUMNS FROM `goods` [ RunTime:0.0627s ]
SQL: SHOW COLUMNS FROM `goods` [ RunTime:0.0301s ]
SQL: SELECT `material` FROM `goods`  [ RunTime:0.0012s ]
SQL: SELECT * FROM `goods`  [ RunTime:0.0019s ]
ERR: 1054:Unknown column 'create_time' in 'order clause'
 [ SQL语句 ] : SELECT * FROM `goods` ORDER BY create_time LIMIT 0,25  
ERR: 1054:Unknown column 'create_time' in 'order clause'
 [ SQL语句 ] : SELECT * FROM `goods` ORDER BY create_time LIMIT 0,25  

[ 2017-12-08T19:29:25+08:00 ] ::1 /stell/index.php/Home/Stock/index/p/1.html
INFO: [ app_init ] --START--
INFO: Run Behavior\BuildLiteBehavior [ RunTime:0.000060s ]
INFO: [ app_init ] --END-- [ RunTime:0.000366s ]
INFO: [ app_begin ] --START--
INFO: Run Behavior\ReadHtmlCacheBehavior [ RunTime:0.004722s ]
INFO: [ app_begin ] --END-- [ RunTime:0.005337s ]
SQL: SHOW COLUMNS FROM `goods` [ RunTime:0.0598s ]
SQL: SHOW COLUMNS FROM `goods` [ RunTime:0.0300s ]
SQL: SELECT `material` FROM `goods`  [ RunTime:0.0009s ]
SQL: SELECT * FROM `goods`  [ RunTime:0.0014s ]
ERR: 1054:Unknown column 'create_time' in 'order clause'
 [ SQL语句 ] : SELECT * FROM `goods` ORDER BY create_time LIMIT 0,25  
ERR: 1054:Unknown column 'create_time' in 'order clause'
 [ SQL语句 ] : SELECT * FROM `goods` ORDER BY create_time LIMIT 0,25  

[ 2017-12-08T19:29:52+08:00 ] ::1 /stell/index.php/Home/Stock/index/p/1.html
INFO: [ app_init ] --START--
INFO: Run Behavior\BuildLiteBehavior [ RunTime:0.000056s ]
INFO: [ app_init ] --END-- [ RunTime:0.000297s ]
INFO: [ app_begin ] --START--
INFO: Run Behavior\ReadHtmlCacheBehavior [ RunTime:0.002039s ]
INFO: [ app_begin ] --END-- [ RunTime:0.002256s ]
SQL: SHOW COLUMNS FROM `goods` [ RunTime:0.0652s ]
SQL: SHOW COLUMNS FROM `goods` [ RunTime:0.0368s ]
SQL: SELECT `material` FROM `goods`  [ RunTime:0.0012s ]
SQL: SELECT * FROM `goods`  [ RunTime:0.0022s ]
SQL: SELECT * FROM `goods` ORDER BY id LIMIT 0,25   [ RunTime:0.0024s ]
SQL: SELECT COUNT(*) AS tp_count FROM `goods` LIMIT 1   [ RunTime:0.0008s ]
INFO: [ view_parse ] --START--
INFO: [ template_filter ] --START--
INFO: Run Behavior\ContentReplaceBehavior [ RunTime:0.000257s ]
INFO: [ template_filter ] --END-- [ RunTime:0.000511s ]
NOTIC: [8] Array to string conversion C:\phpStudy\WWW\stell\application\Runtime\Cache\Home\41c991b64167ab4f15d3c50a73fd2e47.php 第 114 行.
INFO: Run Behavior\ParseTemplateBehavior [ RunTime:0.186084s ]
INFO: [ view_parse ] --END-- [ RunTime:0.186296s ]
INFO: [ view_filter ] --START--
INFO: Run Behavior\WriteHtmlCacheBehavior [ RunTime:0.001618s ]
INFO: [ view_filter ] --END-- [ RunTime:0.001784s ]
INFO: [ app_end ] --START--
INFO: Run Behavior\ShowPageTraceBehavior [ RunTime:0.008254s ]
INFO: [ app_end ] --END-- [ RunTime:0.008759s ]

[ 2017-12-08T19:30:11+08:00 ] ::1 /stell/index.php/Home/Stock/index/p/1.html
INFO: [ app_init ] --START--
INFO: Run Behavior\BuildLiteBehavior [ RunTime:0.000062s ]
INFO: [ app_init ] --END-- [ RunTime:0.000290s ]
INFO: [ app_begin ] --START--
INFO: Run Behavior\ReadHtmlCacheBehavior [ RunTime:0.008369s ]
INFO: [ app_begin ] --END-- [ RunTime:0.008621s ]
SQL: SHOW COLUMNS FROM `goods` [ RunTime:0.0927s ]
SQL: SHOW COLUMNS FROM `goods` [ RunTime:0.0420s ]
SQL: SELECT `material` FROM `goods`  [ RunTime:0.0011s ]
SQL: SELECT * FROM `goods`  [ RunTime:0.0014s ]
SQL: SELECT * FROM `goods` ORDER BY id LIMIT 0,25   [ RunTime:0.0024s ]
SQL: SELECT COUNT(*) AS tp_count FROM `goods` LIMIT 1   [ RunTime:0.0008s ]
INFO: [ view_parse ] --START--
INFO: [ template_filter ] --START--
INFO: Run Behavior\ContentReplaceBehavior [ RunTime:0.000626s ]
INFO: [ template_filter ] --END-- [ RunTime:0.001163s ]
INFO: Run Behavior\ParseTemplateBehavior [ RunTime:0.058504s ]
INFO: [ view_parse ] --END-- [ RunTime:0.058779s ]
INFO: [ view_filter ] --START--
INFO: Run Behavior\WriteHtmlCacheBehavior [ RunTime:0.001935s ]
INFO: [ view_filter ] --END-- [ RunTime:0.002123s ]
INFO: [ app_end ] --START--
INFO: Run Behavior\ShowPageTraceBehavior [ RunTime:0.009130s ]
INFO: [ app_end ] --END-- [ RunTime:0.009516s ]

[ 2017-12-08T19:30:19+08:00 ] ::1 /stell/index.php/Home/Stock/index/p/2.html
INFO: [ app_init ] --START--
INFO: Run Behavior\BuildLiteBehavior [ RunTime:0.000053s ]
INFO: [ app_init ] --END-- [ RunTime:0.000247s ]
INFO: [ app_begin ] --START--
INFO: Run Behavior\ReadHtmlCacheBehavior [ RunTime:0.005345s ]
INFO: [ app_begin ] --END-- [ RunTime:0.005754s ]
SQL: SHOW COLUMNS FROM `goods` [ RunTime:0.0789s ]
SQL: SHOW COLUMNS FROM `goods` [ RunTime:0.0336s ]
SQL: SELECT `material` FROM `goods`  [ RunTime:0.0016s ]
SQL: SELECT * FROM `goods`  [ RunTime:0.0018s ]
SQL: SELECT * FROM `goods` ORDER BY id LIMIT 25,25   [ RunTime:0.0020s ]
SQL: SELECT COUNT(*) AS tp_count FROM `goods` LIMIT 1   [ RunTime:0.0008s ]
INFO: [ view_parse ] --START--
INFO: [ template_filter ] --START--
INFO: Run Behavior\ContentReplaceBehavior [ RunTime:0.000210s ]
INFO: [ template_filter ] --END-- [ RunTime:0.000383s ]
INFO: Run Behavior\ParseTemplateBehavior [ RunTime:0.045040s ]
INFO: [ view_parse ] --END-- [ RunTime:0.045255s ]
INFO: [ view_filter ] --START--
INFO: Run Behavior\WriteHtmlCacheBehavior [ RunTime:0.001392s ]
INFO: [ view_filter ] --END-- [ RunTime:0.001572s ]
INFO: [ app_end ] --START--
INFO: Run Behavior\ShowPageTraceBehavior [ RunTime:0.004276s ]
INFO: [ app_end ] --END-- [ RunTime:0.004560s ]

[ 2017-12-08T19:30:23+08:00 ] ::1 /stell/index.php/Home/Stock/index/p/3.html
INFO: [ app_init ] --START--
INFO: Run Behavior\BuildLiteBehavior [ RunTime:0.000055s ]
INFO: [ app_init ] --END-- [ RunTime:0.000260s ]
INFO: [ app_begin ] --START--
INFO: Run Behavior\ReadHtmlCacheBehavior [ RunTime:0.010355s ]
INFO: [ app_begin ] --END-- [ RunTime:0.010607s ]
SQL: SHOW COLUMNS FROM `goods` [ RunTime:0.0967s ]
SQL: SHOW COLUMNS FROM `goods` [ RunTime:0.0298s ]
SQL: SELECT `material` FROM `goods`  [ RunTime:0.0009s ]
SQL: SELECT * FROM `goods`  [ RunTime:0.0013s ]
SQL: SELECT * FROM `goods` ORDER BY id LIMIT 50,25   [ RunTime:0.0021s ]
SQL: SELECT COUNT(*) AS tp_count FROM `goods` LIMIT 1   [ RunTime:0.0008s ]
INFO: [ view_parse ] --START--
INFO: [ template_filter ] --START--
INFO: Run Behavior\ContentReplaceBehavior [ RunTime:0.000225s ]
INFO: [ template_filter ] --END-- [ RunTime:0.000429s ]
INFO: Run Behavior\ParseTemplateBehavior [ RunTime:0.050289s ]
INFO: [ view_parse ] --END-- [ RunTime:0.050510s ]
INFO: [ view_filter ] --START--
INFO: Run Behavior\WriteHtmlCacheBehavior [ RunTime:0.001414s ]
INFO: [ view_filter ] --END-- [ RunTime:0.001661s ]
INFO: [ app_end ] --START--
INFO: Run Behavior\ShowPageTraceBehavior [ RunTime:0.003017s ]
INFO: [ app_end ] --END-- [ RunTime:0.003489s ]

[ 2017-12-08T19:32:24+08:00 ] ::1 /stell/index.php/Home/Stock/index/p/3.html
INFO: [ app_init ] --START--
INFO: Run Behavior\BuildLiteBehavior [ RunTime:0.000050s ]
INFO: [ app_init ] --END-- [ RunTime:0.000244s ]
INFO: [ app_begin ] --START--
INFO: Run Behavior\ReadHtmlCacheBehavior [ RunTime:0.003726s ]
INFO: [ app_begin ] --END-- [ RunTime:0.003969s ]
SQL: SHOW COLUMNS FROM `goods` [ RunTime:0.1387s ]
SQL: SHOW COLUMNS FROM `goods` [ RunTime:0.0475s ]
SQL: SELECT `material` FROM `goods`  [ RunTime:0.0012s ]
SQL: SELECT * FROM `goods`  [ RunTime:0.0018s ]
SQL: SELECT * FROM `goods` ORDER BY id LIMIT 50,25   [ RunTime:0.0026s ]
SQL: SELECT COUNT(*) AS tp_count FROM `goods` LIMIT 1   [ RunTime:0.0011s ]
INFO: [ view_parse ] --START--
INFO: [ template_filter ] --START--
INFO: Run Behavior\ContentReplaceBehavior [ RunTime:0.000379s ]
INFO: [ template_filter ] --END-- [ RunTime:0.000692s ]
INFO: Run Behavior\ParseTemplateBehavior [ RunTime:0.067292s ]
INFO: [ view_parse ] --END-- [ RunTime:0.067695s ]
INFO: [ view_filter ] --START--
INFO: Run Behavior\WriteHtmlCacheBehavior [ RunTime:0.006123s ]
INFO: [ view_filter ] --END-- [ RunTime:0.006447s ]
INFO: [ app_end ] --START--
INFO: Run Behavior\ShowPageTraceBehavior [ RunTime:0.008696s ]
INFO: [ app_end ] --END-- [ RunTime:0.008928s ]

[ 2017-12-08T19:32:26+08:00 ] ::1 /stell/index.php/Home/Stock/index/p/2.html
INFO: [ app_init ] --START--
INFO: Run Behavior\BuildLiteBehavior [ RunTime:0.000058s ]
INFO: [ app_init ] --END-- [ RunTime:0.000258s ]
INFO: [ app_begin ] --START--
INFO: Run Behavior\ReadHtmlCacheBehavior [ RunTime:0.004864s ]
INFO: [ app_begin ] --END-- [ RunTime:0.005118s ]
SQL: SHOW COLUMNS FROM `goods` [ RunTime:0.0747s ]
SQL: SHOW COLUMNS FROM `goods` [ RunTime:0.0280s ]
SQL: SELECT `material` FROM `goods`  [ RunTime:0.0012s ]
SQL: SELECT * FROM `goods`  [ RunTime:0.0016s ]
SQL: SELECT * FROM `goods` ORDER BY id LIMIT 25,25   [ RunTime:0.0017s ]
SQL: SELECT COUNT(*) AS tp_count FROM `goods` LIMIT 1   [ RunTime:0.0006s ]
INFO: [ view_parse ] --START--
INFO: [ template_filter ] --START--
INFO: Run Behavior\ContentReplaceBehavior [ RunTime:0.000596s ]
INFO: [ template_filter ] --END-- [ RunTime:0.001269s ]
INFO: Run Behavior\ParseTemplateBehavior [ RunTime:0.044579s ]
INFO: [ view_parse ] --END-- [ RunTime:0.044870s ]
INFO: [ view_filter ] --START--
INFO: Run Behavior\WriteHtmlCacheBehavior [ RunTime:0.002481s ]
INFO: [ view_filter ] --END-- [ RunTime:0.002737s ]
INFO: [ app_end ] --START--
INFO: Run Behavior\ShowPageTraceBehavior [ RunTime:0.002310s ]
INFO: [ app_end ] --END-- [ RunTime:0.002537s ]

[ 2017-12-08T19:32:37+08:00 ] ::1 /stell/index.php/Home/Stock/index.html
INFO: [ app_init ] --START--
INFO: Run Behavior\BuildLiteBehavior [ RunTime:0.000146s ]
INFO: [ app_init ] --END-- [ RunTime:0.000413s ]
INFO: [ app_begin ] --START--
INFO: Run Behavior\ReadHtmlCacheBehavior [ RunTime:0.004182s ]
INFO: [ app_begin ] --END-- [ RunTime:0.004455s ]
SQL: SHOW COLUMNS FROM `goods` [ RunTime:0.0579s ]
SQL: SHOW COLUMNS FROM `goods` [ RunTime:0.0303s ]
SQL: SELECT `material` FROM `goods`  [ RunTime:0.0009s ]
SQL: SELECT * FROM `goods`  [ RunTime:0.0012s ]
NOTIC: [8] Undefined index: p C:\phpStudy\WWW\stell\application\Home\Controller\StockController.class.php 第 35 行.
NOTIC: [8] Undefined index: limit C:\phpStudy\WWW\stell\thinkphp\Library\Think\Db\Driver.class.php 第 961 行.
SQL: SELECT * FROM `goods` ORDER BY id LIMIT 0,20   [ RunTime:0.0021s ]
SQL: SELECT COUNT(*) AS tp_count FROM `goods` LIMIT 1   [ RunTime:0.0009s ]
INFO: [ view_parse ] --START--
INFO: [ template_filter ] --START--
INFO: Run Behavior\ContentReplaceBehavior [ RunTime:0.000350s ]
INFO: [ template_filter ] --END-- [ RunTime:0.000592s ]
INFO: Run Behavior\ParseTemplateBehavior [ RunTime:0.039664s ]
INFO: [ view_parse ] --END-- [ RunTime:0.039872s ]
INFO: [ view_filter ] --START--
INFO: Run Behavior\WriteHtmlCacheBehavior [ RunTime:0.002165s ]
INFO: [ view_filter ] --END-- [ RunTime:0.002383s ]
INFO: [ app_end ] --START--
INFO: Run Behavior\ShowPageTraceBehavior [ RunTime:0.005825s ]
INFO: [ app_end ] --END-- [ RunTime:0.006573s ]

[ 2017-12-08T19:34:05+08:00 ] ::1 /stell/index.php/Home/Stock/index.html
INFO: [ app_init ] --START--
INFO: Run Behavior\BuildLiteBehavior [ RunTime:0.000050s ]
INFO: [ app_init ] --END-- [ RunTime:0.000230s ]
INFO: [ app_begin ] --START--
INFO: Run Behavior\ReadHtmlCacheBehavior [ RunTime:0.007778s ]
INFO: [ app_begin ] --END-- [ RunTime:0.008025s ]
SQL: SHOW COLUMNS FROM `goods` [ RunTime:0.0651s ]
SQL: SHOW COLUMNS FROM `goods` [ RunTime:0.0271s ]
SQL: SELECT `material` FROM `goods`  [ RunTime:0.0012s ]
SQL: SELECT * FROM `goods`  [ RunTime:0.0015s ]
NOTIC: [8] Undefined index: p C:\phpStudy\WWW\stell\application\Home\Controller\StockController.class.php 第 35 行.
NOTIC: [8] Undefined index: limit C:\phpStudy\WWW\stell\thinkphp\Library\Think\Db\Driver.class.php 第 961 行.
SQL: SELECT * FROM `goods` ORDER BY id LIMIT 0,20   [ RunTime:0.0019s ]
SQL: SELECT COUNT(*) AS tp_count FROM `goods` LIMIT 1   [ RunTime:0.0005s ]
INFO: [ view_parse ] --START--
INFO: [ template_filter ] --START--
INFO: Run Behavior\ContentReplaceBehavior [ RunTime:0.000206s ]
INFO: [ template_filter ] --END-- [ RunTime:0.000386s ]
INFO: Run Behavior\ParseTemplateBehavior [ RunTime:0.139454s ]
INFO: [ view_parse ] --END-- [ RunTime:0.139740s ]
INFO: [ view_filter ] --START--
INFO: Run Behavior\WriteHtmlCacheBehavior [ RunTime:0.001424s ]
INFO: [ view_filter ] --END-- [ RunTime:0.001593s ]
INFO: [ app_end ] --START--
INFO: Run Behavior\ShowPageTraceBehavior [ RunTime:0.002432s ]
INFO: [ app_end ] --END-- [ RunTime:0.002653s ]

[ 2017-12-08T19:34:12+08:00 ] ::1 /stell/index.php/Home/Stock/index.html
INFO: [ app_init ] --START--
INFO: Run Behavior\BuildLiteBehavior [ RunTime:0.000049s ]
INFO: [ app_init ] --END-- [ RunTime:0.000226s ]
INFO: [ app_begin ] --START--
INFO: Run Behavior\ReadHtmlCacheBehavior [ RunTime:0.001998s ]
INFO: [ app_begin ] --END-- [ RunTime:0.002204s ]
SQL: SHOW COLUMNS FROM `goods` [ RunTime:0.0958s ]
SQL: SHOW COLUMNS FROM `goods` [ RunTime:0.0283s ]
SQL: SELECT `material` FROM `goods`  [ RunTime:0.0013s ]
SQL: SELECT * FROM `goods`  [ RunTime:0.0014s ]
NOTIC: [8] Undefined index: p C:\phpStudy\WWW\stell\application\Home\Controller\StockController.class.php 第 35 行.
NOTIC: [8] Undefined index: limit C:\phpStudy\WWW\stell\thinkphp\Library\Think\Db\Driver.class.php 第 961 行.
SQL: SELECT * FROM `goods` ORDER BY id LIMIT 0,20   [ RunTime:0.0019s ]
SQL: SELECT COUNT(*) AS tp_count FROM `goods` LIMIT 1   [ RunTime:0.0005s ]
INFO: [ view_parse ] --START--
INFO: [ template_filter ] --START--
INFO: Run Behavior\ContentReplaceBehavior [ RunTime:0.000207s ]
INFO: [ template_filter ] --END-- [ RunTime:0.000379s ]
INFO: Run Behavior\ParseTemplateBehavior [ RunTime:0.043227s ]
INFO: [ view_parse ] --END-- [ RunTime:0.043449s ]
INFO: [ view_filter ] --START--
INFO: Run Behavior\WriteHtmlCacheBehavior [ RunTime:0.001090s ]
INFO: [ view_filter ] --END-- [ RunTime:0.001245s ]
INFO: [ app_end ] --START--
INFO: Run Behavior\ShowPageTraceBehavior [ RunTime:0.002117s ]
INFO: [ app_end ] --END-- [ RunTime:0.002298s ]

[ 2017-12-08T19:34:32+08:00 ] ::1 /stell/index.php/Home/Stock/index/p/2.html
INFO: [ app_init ] --START--
INFO: Run Behavior\BuildLiteBehavior [ RunTime:0.000049s ]
INFO: [ app_init ] --END-- [ RunTime:0.000251s ]
INFO: [ app_begin ] --START--
INFO: Run Behavior\ReadHtmlCacheBehavior [ RunTime:0.002466s ]
INFO: [ app_begin ] --END-- [ RunTime:0.002686s ]
SQL: SHOW COLUMNS FROM `goods` [ RunTime:0.0538s ]
SQL: SHOW COLUMNS FROM `goods` [ RunTime:0.0283s ]
SQL: SELECT `material` FROM `goods`  [ RunTime:0.0009s ]
SQL: SELECT * FROM `goods`  [ RunTime:0.0013s ]
SQL: SELECT * FROM `goods` ORDER BY id LIMIT 25,25   [ RunTime:0.0030s ]
SQL: SELECT COUNT(*) AS tp_count FROM `goods` LIMIT 1   [ RunTime:0.0013s ]
INFO: [ view_parse ] --START--
INFO: [ template_filter ] --START--
INFO: Run Behavior\ContentReplaceBehavior [ RunTime:0.000207s ]
INFO: [ template_filter ] --END-- [ RunTime:0.000380s ]
INFO: Run Behavior\ParseTemplateBehavior [ RunTime:0.047820s ]
INFO: [ view_parse ] --END-- [ RunTime:0.048036s ]
INFO: [ view_filter ] --START--
INFO: Run Behavior\WriteHtmlCacheBehavior [ RunTime:0.001454s ]
INFO: [ view_filter ] --END-- [ RunTime:0.001613s ]
INFO: [ app_end ] --START--
INFO: Run Behavior\ShowPageTraceBehavior [ RunTime:0.002373s ]
INFO: [ app_end ] --END-- [ RunTime:0.002546s ]

[ 2017-12-08T19:34:38+08:00 ] ::1 /stell/index.php/Home/Stock/index/p/1.html
INFO: [ app_init ] --START--
INFO: Run Behavior\BuildLiteBehavior [ RunTime:0.000057s ]
INFO: [ app_init ] --END-- [ RunTime:0.000364s ]
INFO: [ app_begin ] --START--
INFO: Run Behavior\ReadHtmlCacheBehavior [ RunTime:0.002998s ]
INFO: [ app_begin ] --END-- [ RunTime:0.004184s ]
SQL: SHOW COLUMNS FROM `goods` [ RunTime:0.0562s ]
SQL: SHOW COLUMNS FROM `goods` [ RunTime:0.0274s ]
SQL: SELECT `material` FROM `goods`  [ RunTime:0.0020s ]
SQL: SELECT * FROM `goods`  [ RunTime:0.0019s ]
SQL: SELECT * FROM `goods` ORDER BY id LIMIT 0,25   [ RunTime:0.0020s ]
SQL: SELECT COUNT(*) AS tp_count FROM `goods` LIMIT 1   [ RunTime:0.0005s ]
INFO: [ view_parse ] --START--
INFO: [ template_filter ] --START--
INFO: Run Behavior\ContentReplaceBehavior [ RunTime:0.000334s ]
INFO: [ template_filter ] --END-- [ RunTime:0.000671s ]
INFO: Run Behavior\ParseTemplateBehavior [ RunTime:0.040531s ]
INFO: [ view_parse ] --END-- [ RunTime:0.040757s ]
INFO: [ view_filter ] --START--
INFO: Run Behavior\WriteHtmlCacheBehavior [ RunTime:0.001915s ]
INFO: [ view_filter ] --END-- [ RunTime:0.002094s ]
INFO: [ app_end ] --START--
INFO: Run Behavior\ShowPageTraceBehavior [ RunTime:0.004758s ]
INFO: [ app_end ] --END-- [ RunTime:0.005199s ]

[ 2017-12-08T19:34:43+08:00 ] ::1 /stell/index.php/Home/Stock/index/p/2.html
INFO: [ app_init ] --START--
INFO: Run Behavior\BuildLiteBehavior [ RunTime:0.000053s ]
INFO: [ app_init ] --END-- [ RunTime:0.000260s ]
INFO: [ app_begin ] --START--
INFO: Run Behavior\ReadHtmlCacheBehavior [ RunTime:0.003757s ]
INFO: [ app_begin ] --END-- [ RunTime:0.004511s ]
SQL: SHOW COLUMNS FROM `goods` [ RunTime:0.0666s ]
SQL: SHOW COLUMNS FROM `goods` [ RunTime:0.0293s ]
SQL: SELECT `material` FROM `goods`  [ RunTime:0.0012s ]
SQL: SELECT * FROM `goods`  [ RunTime:0.0014s ]
SQL: SELECT * FROM `goods` ORDER BY id LIMIT 25,25   [ RunTime:0.0033s ]
SQL: SELECT COUNT(*) AS tp_count FROM `goods` LIMIT 1   [ RunTime:0.0007s ]
INFO: [ view_parse ] --START--
INFO: [ template_filter ] --START--
INFO: Run Behavior\ContentReplaceBehavior [ RunTime:0.000214s ]
INFO: [ template_filter ] --END-- [ RunTime:0.000396s ]
INFO: Run Behavior\ParseTemplateBehavior [ RunTime:0.040431s ]
INFO: [ view_parse ] --END-- [ RunTime:0.040712s ]
INFO: [ view_filter ] --START--
INFO: Run Behavior\WriteHtmlCacheBehavior [ RunTime:0.002245s ]
INFO: [ view_filter ] --END-- [ RunTime:0.002451s ]
INFO: [ app_end ] --START--
INFO: Run Behavior\ShowPageTraceBehavior [ RunTime:0.002917s ]
INFO: [ app_end ] --END-- [ RunTime:0.003282s ]

[ 2017-12-08T19:34:47+08:00 ] ::1 /stell/index.php/Home/Stock/index/p/1.html
INFO: [ app_init ] --START--
INFO: Run Behavior\BuildLiteBehavior [ RunTime:0.000050s ]
INFO: [ app_init ] --END-- [ RunTime:0.000231s ]
INFO: [ app_begin ] --START--
INFO: Run Behavior\ReadHtmlCacheBehavior [ RunTime:0.002395s ]
INFO: [ app_begin ] --END-- [ RunTime:0.002707s ]
SQL: SHOW COLUMNS FROM `goods` [ RunTime:0.0703s ]
SQL: SHOW COLUMNS FROM `goods` [ RunTime:0.0366s ]
SQL: SELECT `material` FROM `goods`  [ RunTime:0.0013s ]
SQL: SELECT * FROM `goods`  [ RunTime:0.0019s ]
SQL: SELECT * FROM `goods` ORDER BY id LIMIT 0,25   [ RunTime:0.0024s ]
SQL: SELECT COUNT(*) AS tp_count FROM `goods` LIMIT 1   [ RunTime:0.0006s ]
INFO: [ view_parse ] --START--
INFO: [ template_filter ] --START--
INFO: Run Behavior\ContentReplaceBehavior [ RunTime:0.000256s ]
INFO: [ template_filter ] --END-- [ RunTime:0.000461s ]
INFO: Run Behavior\ParseTemplateBehavior [ RunTime:0.044504s ]
INFO: [ view_parse ] --END-- [ RunTime:0.044773s ]
INFO: [ view_filter ] --START--
INFO: Run Behavior\WriteHtmlCacheBehavior [ RunTime:0.001740s ]
INFO: [ view_filter ] --END-- [ RunTime:0.001942s ]
INFO: [ app_end ] --START--
INFO: Run Behavior\ShowPageTraceBehavior [ RunTime:0.004096s ]
INFO: [ app_end ] --END-- [ RunTime:0.004332s ]

[ 2017-12-08T19:35:07+08:00 ] ::1 /stell/index.php/Home/Stock/index/p/1.html
INFO: [ app_init ] --START--
INFO: Run Behavior\BuildLiteBehavior [ RunTime:0.000277s ]
INFO: [ app_init ] --END-- [ RunTime:0.001509s ]
INFO: [ app_begin ] --START--
INFO: Run Behavior\ReadHtmlCacheBehavior [ RunTime:0.009435s ]
INFO: [ app_begin ] --END-- [ RunTime:0.009853s ]
SQL: SHOW COLUMNS FROM `goods` [ RunTime:0.0672s ]
SQL: SHOW COLUMNS FROM `goods` [ RunTime:0.0327s ]
SQL: SELECT `material` FROM `goods`  [ RunTime:0.0010s ]
SQL: SELECT * FROM `goods`  [ RunTime:0.0013s ]
SQL: SELECT * FROM `goods` ORDER BY id LIMIT 0,10   [ RunTime:0.0017s ]
SQL: SELECT COUNT(*) AS tp_count FROM `goods` LIMIT 1   [ RunTime:0.0009s ]
INFO: [ view_parse ] --START--
INFO: [ template_filter ] --START--
INFO: Run Behavior\ContentReplaceBehavior [ RunTime:0.000224s ]
INFO: [ template_filter ] --END-- [ RunTime:0.000402s ]
INFO: Run Behavior\ParseTemplateBehavior [ RunTime:0.044945s ]
INFO: [ view_parse ] --END-- [ RunTime:0.045168s ]
INFO: [ view_filter ] --START--
INFO: Run Behavior\WriteHtmlCacheBehavior [ RunTime:0.001214s ]
INFO: [ view_filter ] --END-- [ RunTime:0.001384s ]
INFO: [ app_end ] --START--
INFO: Run Behavior\ShowPageTraceBehavior [ RunTime:0.004513s ]
INFO: [ app_end ] --END-- [ RunTime:0.005641s ]

[ 2017-12-08T19:35:16+08:00 ] ::1 /stell/index.php/Home/Stock/index/p/2.html
INFO: [ app_init ] --START--
INFO: Run Behavior\BuildLiteBehavior [ RunTime:0.000051s ]
INFO: [ app_init ] --END-- [ RunTime:0.000240s ]
INFO: [ app_begin ] --START--
INFO: Run Behavior\ReadHtmlCacheBehavior [ RunTime:0.002060s ]
INFO: [ app_begin ] --END-- [ RunTime:0.002277s ]
SQL: SHOW COLUMNS FROM `goods` [ RunTime:0.0717s ]
SQL: SHOW COLUMNS FROM `goods` [ RunTime:0.0299s ]
SQL: SELECT `material` FROM `goods`  [ RunTime:0.0012s ]
SQL: SELECT * FROM `goods`  [ RunTime:0.0040s ]
SQL: SELECT * FROM `goods` ORDER BY id LIMIT 10,10   [ RunTime:0.0026s ]
SQL: SELECT COUNT(*) AS tp_count FROM `goods` LIMIT 1   [ RunTime:0.0010s ]
INFO: [ view_parse ] --START--
INFO: [ template_filter ] --START--
INFO: Run Behavior\ContentReplaceBehavior [ RunTime:0.000237s ]
INFO: [ template_filter ] --END-- [ RunTime:0.000428s ]
INFO: Run Behavior\ParseTemplateBehavior [ RunTime:0.047700s ]
INFO: [ view_parse ] --END-- [ RunTime:0.047904s ]
INFO: [ view_filter ] --START--
INFO: Run Behavior\WriteHtmlCacheBehavior [ RunTime:0.001061s ]
INFO: [ view_filter ] --END-- [ RunTime:0.001213s ]
INFO: [ app_end ] --START--
INFO: Run Behavior\ShowPageTraceBehavior [ RunTime:0.011748s ]
INFO: [ app_end ] --END-- [ RunTime:0.012159s ]

[ 2017-12-08T19:35:20+08:00 ] ::1 /stell/index.php/Home/Stock/index/p/3.html
INFO: [ app_init ] --START--
INFO: Run Behavior\BuildLiteBehavior [ RunTime:0.000147s ]
INFO: [ app_init ] --END-- [ RunTime:0.000633s ]
INFO: [ app_begin ] --START--
INFO: Run Behavior\ReadHtmlCacheBehavior [ RunTime:0.001974s ]
INFO: [ app_begin ] --END-- [ RunTime:0.002182s ]
SQL: SHOW COLUMNS FROM `goods` [ RunTime:0.0637s ]
SQL: SHOW COLUMNS FROM `goods` [ RunTime:0.0301s ]
SQL: SELECT `material` FROM `goods`  [ RunTime:0.0010s ]
SQL: SELECT * FROM `goods`  [ RunTime:0.0015s ]
SQL: SELECT * FROM `goods` ORDER BY id LIMIT 20,10   [ RunTime:0.0018s ]
SQL: SELECT COUNT(*) AS tp_count FROM `goods` LIMIT 1   [ RunTime:0.0009s ]
INFO: [ view_parse ] --START--
INFO: [ template_filter ] --START--
INFO: Run Behavior\ContentReplaceBehavior [ RunTime:0.001002s ]
INFO: [ template_filter ] --END-- [ RunTime:0.001683s ]
INFO: Run Behavior\ParseTemplateBehavior [ RunTime:0.041665s ]
INFO: [ view_parse ] --END-- [ RunTime:0.041897s ]
INFO: [ view_filter ] --START--
INFO: Run Behavior\WriteHtmlCacheBehavior [ RunTime:0.001293s ]
INFO: [ view_filter ] --END-- [ RunTime:0.001467s ]
INFO: [ app_end ] --START--
INFO: Run Behavior\ShowPageTraceBehavior [ RunTime:0.014641s ]
INFO: [ app_end ] --END-- [ RunTime:0.015014s ]

[ 2017-12-08T19:53:02+08:00 ] ::1 /stell/index.php/Home/Stock/index/p/2.html
INFO: [ app_init ] --START--
INFO: Run Behavior\BuildLiteBehavior [ RunTime:0.000056s ]
INFO: [ app_init ] --END-- [ RunTime:0.000366s ]
INFO: [ app_begin ] --START--
INFO: Run Behavior\ReadHtmlCacheBehavior [ RunTime:0.003004s ]
INFO: [ app_begin ] --END-- [ RunTime:0.003238s ]
SQL: SHOW COLUMNS FROM `goods` [ RunTime:0.1091s ]
SQL: SHOW COLUMNS FROM `goods` [ RunTime:0.0244s ]
SQL: SELECT `material` FROM `goods`  [ RunTime:0.0009s ]
SQL: SELECT * FROM `goods`  [ RunTime:0.0016s ]
SQL: SELECT * FROM `goods` ORDER BY id LIMIT 10,10   [ RunTime:0.0021s ]
SQL: SELECT COUNT(*) AS tp_count FROM `goods` LIMIT 1   [ RunTime:0.0006s ]
INFO: [ view_parse ] --START--
INFO: [ template_filter ] --START--
INFO: Run Behavior\ContentReplaceBehavior [ RunTime:0.000216s ]
INFO: [ template_filter ] --END-- [ RunTime:0.000390s ]
INFO: Run Behavior\ParseTemplateBehavior [ RunTime:0.047425s ]
INFO: [ view_parse ] --END-- [ RunTime:0.047665s ]
INFO: [ view_filter ] --START--
INFO: Run Behavior\WriteHtmlCacheBehavior [ RunTime:0.001603s ]
INFO: [ view_filter ] --END-- [ RunTime:0.001772s ]
INFO: [ app_end ] --START--
INFO: Run Behavior\ShowPageTraceBehavior [ RunTime:0.002986s ]
INFO: [ app_end ] --END-- [ RunTime:0.003401s ]

[ 2017-12-08T21:45:12+08:00 ] ::1 /stell/
INFO: [ app_init ] --START--
INFO: Run Behavior\BuildLiteBehavior [ RunTime:0.000071s ]
INFO: [ app_init ] --END-- [ RunTime:0.002128s ]
INFO: [ app_begin ] --START--
INFO: Run Behavior\ReadHtmlCacheBehavior [ RunTime:0.080279s ]
INFO: [ app_begin ] --END-- [ RunTime:0.080534s ]
SQL: SHOW COLUMNS FROM `goods` [ RunTime:0.1230s ]
SQL: SHOW COLUMNS FROM `goods` [ RunTime:0.0246s ]
SQL: SELECT * FROM `goods`  [ RunTime:0.0017s ]
SQL: SHOW COLUMNS FROM `contact` [ RunTime:0.0979s ]
SQL: SELECT * FROM `contact` WHERE ( Id ) LIMIT 1   [ RunTime:0.0046s ]
SQL: SELECT `material` FROM `goods`  [ RunTime:0.0012s ]
SQL: SELECT `material` FROM `goods`  [ RunTime:0.0009s ]
INFO: [ view_parse ] --START--
INFO: [ template_filter ] --START--
INFO: Run Behavior\ContentReplaceBehavior [ RunTime:0.000912s ]
INFO: [ template_filter ] --END-- [ RunTime:0.001096s ]
INFO: Run Behavior\ParseTemplateBehavior [ RunTime:0.638861s ]
INFO: [ view_parse ] --END-- [ RunTime:0.639130s ]
INFO: [ view_filter ] --START--
INFO: Run Behavior\WriteHtmlCacheBehavior [ RunTime:0.050363s ]
INFO: [ view_filter ] --END-- [ RunTime:0.050532s ]
INFO: [ app_end ] --START--
INFO: Run Behavior\ShowPageTraceBehavior [ RunTime:0.084431s ]
INFO: [ app_end ] --END-- [ RunTime:0.084906s ]

[ 2017-12-08T21:45:25+08:00 ] ::1 /stell/index.php/home/stock/index.html
INFO: [ app_init ] --START--
INFO: Run Behavior\BuildLiteBehavior [ RunTime:0.000050s ]
INFO: [ app_init ] --END-- [ RunTime:0.000227s ]
INFO: [ app_begin ] --START--
INFO: Run Behavior\ReadHtmlCacheBehavior [ RunTime:0.002110s ]
INFO: [ app_begin ] --END-- [ RunTime:0.002329s ]
SQL: SHOW COLUMNS FROM `goods` [ RunTime:0.0700s ]
SQL: SHOW COLUMNS FROM `goods` [ RunTime:0.0446s ]
SQL: SELECT `material` FROM `goods`  [ RunTime:0.0009s ]
SQL: SELECT * FROM `goods`  [ RunTime:0.0025s ]
NOTIC: [8] Undefined index: p C:\phpStudy\WWW\stell\application\Home\Controller\StockController.class.php 第 18 行.
NOTIC: [8] Undefined index: limit C:\phpStudy\WWW\stell\thinkphp\Library\Think\Db\Driver.class.php 第 961 行.
SQL: SELECT * FROM `goods` ORDER BY id LIMIT 0,20   [ RunTime:0.0047s ]
SQL: SELECT COUNT(*) AS tp_count FROM `goods` LIMIT 1   [ RunTime:0.0022s ]
INFO: [ view_parse ] --START--
INFO: [ template_filter ] --START--
INFO: Run Behavior\ContentReplaceBehavior [ RunTime:0.000391s ]
INFO: [ template_filter ] --END-- [ RunTime:0.000640s ]
INFO: Run Behavior\ParseTemplateBehavior [ RunTime:0.170799s ]
INFO: [ view_parse ] --END-- [ RunTime:0.171069s ]
INFO: [ view_filter ] --START--
INFO: Run Behavior\WriteHtmlCacheBehavior [ RunTime:0.001460s ]
INFO: [ view_filter ] --END-- [ RunTime:0.001654s ]
INFO: [ app_end ] --START--
INFO: Run Behavior\ShowPageTraceBehavior [ RunTime:0.002852s ]
INFO: [ app_end ] --END-- [ RunTime:0.003090s ]

[ 2017-12-08T21:45:35+08:00 ] ::1 /stell/index.php/home/stock/index.html
INFO: [ app_init ] --START--
INFO: Run Behavior\BuildLiteBehavior [ RunTime:0.000091s ]
INFO: [ app_init ] --END-- [ RunTime:0.000876s ]
INFO: [ app_begin ] --START--
INFO: Run Behavior\ReadHtmlCacheBehavior [ RunTime:0.001915s ]
INFO: [ app_begin ] --END-- [ RunTime:0.002115s ]
SQL: SHOW COLUMNS FROM `goods` [ RunTime:0.0676s ]
SQL: SHOW COLUMNS FROM `goods` [ RunTime:0.0211s ]
SQL: SELECT `material` FROM `goods`  [ RunTime:0.0019s ]
SQL: SELECT * FROM `goods`  [ RunTime:0.0021s ]
NOTIC: [8] Undefined index: p C:\phpStudy\WWW\stell\application\Home\Controller\StockController.class.php 第 18 行.
NOTIC: [8] Undefined index: limit C:\phpStudy\WWW\stell\thinkphp\Library\Think\Db\Driver.class.php 第 961 行.
SQL: SELECT * FROM `goods` ORDER BY id LIMIT 0,20   [ RunTime:0.0019s ]
SQL: SELECT COUNT(*) AS tp_count FROM `goods` LIMIT 1   [ RunTime:0.0005s ]
INFO: [ view_parse ] --START--
INFO: [ template_filter ] --START--
INFO: Run Behavior\ContentReplaceBehavior [ RunTime:0.000211s ]
INFO: [ template_filter ] --END-- [ RunTime:0.000382s ]
INFO: Run Behavior\ParseTemplateBehavior [ RunTime:0.036799s ]
INFO: [ view_parse ] --END-- [ RunTime:0.036994s ]
INFO: [ view_filter ] --START--
INFO: Run Behavior\WriteHtmlCacheBehavior [ RunTime:0.001062s ]
INFO: [ view_filter ] --END-- [ RunTime:0.001223s ]
INFO: [ app_end ] --START--
INFO: Run Behavior\ShowPageTraceBehavior [ RunTime:0.004235s ]
INFO: [ app_end ] --END-- [ RunTime:0.004940s ]

[ 2017-12-08T21:45:42+08:00 ] ::1 /stell/index.php/home/stock/index.html
INFO: [ app_init ] --START--
INFO: Run Behavior\BuildLiteBehavior [ RunTime:0.000051s ]
INFO: [ app_init ] --END-- [ RunTime:0.000253s ]
INFO: [ app_begin ] --START--
INFO: Run Behavior\ReadHtmlCacheBehavior [ RunTime:0.001885s ]
INFO: [ app_begin ] --END-- [ RunTime:0.002079s ]
SQL: SHOW COLUMNS FROM `goods` [ RunTime:0.0535s ]
SQL: SHOW COLUMNS FROM `goods` [ RunTime:0.0212s ]
SQL: SELECT `material` FROM `goods`  [ RunTime:0.0007s ]
SQL: SELECT * FROM `goods`  [ RunTime:0.0009s ]
NOTIC: [8] Undefined index: p C:\phpStudy\WWW\stell\application\Home\Controller\StockController.class.php 第 18 行.
NOTIC: [8] Undefined index: limit C:\phpStudy\WWW\stell\thinkphp\Library\Think\Db\Driver.class.php 第 961 行.
SQL: SELECT * FROM `goods` ORDER BY id LIMIT 0,20   [ RunTime:0.0023s ]
SQL: SELECT COUNT(*) AS tp_count FROM `goods` LIMIT 1   [ RunTime:0.0006s ]
INFO: [ view_parse ] --START--
INFO: [ template_filter ] --START--
INFO: Run Behavior\ContentReplaceBehavior [ RunTime:0.000219s ]
INFO: [ template_filter ] --END-- [ RunTime:0.000407s ]
INFO: Run Behavior\ParseTemplateBehavior [ RunTime:0.037489s ]
INFO: [ view_parse ] --END-- [ RunTime:0.037683s ]
INFO: [ view_filter ] --START--
INFO: Run Behavior\WriteHtmlCacheBehavior [ RunTime:0.001045s ]
INFO: [ view_filter ] --END-- [ RunTime:0.001192s ]
INFO: [ app_end ] --START--
INFO: Run Behavior\ShowPageTraceBehavior [ RunTime:0.002094s ]
INFO: [ app_end ] --END-- [ RunTime:0.002283s ]

[ 2017-12-08T21:45:49+08:00 ] ::1 /stell/index.php/Home/Stock/index/p/2.html
INFO: [ app_init ] --START--
INFO: Run Behavior\BuildLiteBehavior [ RunTime:0.000048s ]
INFO: [ app_init ] --END-- [ RunTime:0.000228s ]
INFO: [ app_begin ] --START--
INFO: Run Behavior\ReadHtmlCacheBehavior [ RunTime:0.002479s ]
INFO: [ app_begin ] --END-- [ RunTime:0.003003s ]
SQL: SHOW COLUMNS FROM `goods` [ RunTime:0.0481s ]
SQL: SHOW COLUMNS FROM `goods` [ RunTime:0.0290s ]
SQL: SELECT `material` FROM `goods`  [ RunTime:0.0009s ]
SQL: SELECT * FROM `goods`  [ RunTime:0.0011s ]
SQL: SELECT * FROM `goods` ORDER BY id LIMIT 10,10   [ RunTime:0.0016s ]
SQL: SELECT COUNT(*) AS tp_count FROM `goods` LIMIT 1   [ RunTime:0.0004s ]
INFO: [ view_parse ] --START--
INFO: [ template_filter ] --START--
INFO: Run Behavior\ContentReplaceBehavior [ RunTime:0.000215s ]
INFO: [ template_filter ] --END-- [ RunTime:0.000380s ]
INFO: Run Behavior\ParseTemplateBehavior [ RunTime:0.038807s ]
INFO: [ view_parse ] --END-- [ RunTime:0.039155s ]
INFO: [ view_filter ] --START--
INFO: Run Behavior\WriteHtmlCacheBehavior [ RunTime:0.001166s ]
INFO: [ view_filter ] --END-- [ RunTime:0.001324s ]
INFO: [ app_end ] --START--
INFO: Run Behavior\ShowPageTraceBehavior [ RunTime:0.002203s ]
INFO: [ app_end ] --END-- [ RunTime:0.002389s ]

[ 2017-12-08T21:45:55+08:00 ] ::1 /stell/index.php/Home/Stock/index/p/1.html
INFO: [ app_init ] --START--
INFO: Run Behavior\BuildLiteBehavior [ RunTime:0.000071s ]
INFO: [ app_init ] --END-- [ RunTime:0.000339s ]
INFO: [ app_begin ] --START--
INFO: Run Behavior\ReadHtmlCacheBehavior [ RunTime:0.001982s ]
INFO: [ app_begin ] --END-- [ RunTime:0.002184s ]
SQL: SHOW COLUMNS FROM `goods` [ RunTime:0.0568s ]
SQL: SHOW COLUMNS FROM `goods` [ RunTime:0.0309s ]
SQL: SELECT `material` FROM `goods`  [ RunTime:0.0022s ]
SQL: SELECT * FROM `goods`  [ RunTime:0.0020s ]
SQL: SELECT * FROM `goods` ORDER BY id LIMIT 0,10   [ RunTime:0.0019s ]
SQL: SELECT COUNT(*) AS tp_count FROM `goods` LIMIT 1   [ RunTime:0.0008s ]
INFO: [ view_parse ] --START--
INFO: [ template_filter ] --START--
INFO: Run Behavior\ContentReplaceBehavior [ RunTime:0.000245s ]
INFO: [ template_filter ] --END-- [ RunTime:0.001101s ]
INFO: Run Behavior\ParseTemplateBehavior [ RunTime:0.055650s ]
INFO: [ view_parse ] --END-- [ RunTime:0.055860s ]
INFO: [ view_filter ] --START--
INFO: Run Behavior\WriteHtmlCacheBehavior [ RunTime:0.001668s ]
INFO: [ view_filter ] --END-- [ RunTime:0.002259s ]
INFO: [ app_end ] --START--
INFO: Run Behavior\ShowPageTraceBehavior [ RunTime:0.004772s ]
INFO: [ app_end ] --END-- [ RunTime:0.005222s ]

[ 2017-12-08T21:48:31+08:00 ] ::1 /stell/index.php/Home/Stock/index/p/2.html
INFO: [ app_init ] --START--
INFO: Run Behavior\BuildLiteBehavior [ RunTime:0.000049s ]
INFO: [ app_init ] --END-- [ RunTime:0.000226s ]
INFO: [ app_begin ] --START--
INFO: Run Behavior\ReadHtmlCacheBehavior [ RunTime:0.002703s ]
INFO: [ app_begin ] --END-- [ RunTime:0.002923s ]
SQL: SHOW COLUMNS FROM `goods` [ RunTime:0.0873s ]
SQL: SHOW COLUMNS FROM `goods` [ RunTime:0.0239s ]
SQL: SELECT `material` FROM `goods`  [ RunTime:0.0009s ]
SQL: SELECT * FROM `goods`  [ RunTime:0.0015s ]
SQL: SELECT * FROM `goods` ORDER BY id LIMIT 10,10   [ RunTime:0.0023s ]
SQL: SELECT COUNT(*) AS tp_count FROM `goods` LIMIT 1   [ RunTime:0.0004s ]
INFO: [ view_parse ] --START--
INFO: [ template_filter ] --START--
INFO: Run Behavior\ContentReplaceBehavior [ RunTime:0.000207s ]
INFO: [ template_filter ] --END-- [ RunTime:0.000370s ]
INFO: Run Behavior\ParseTemplateBehavior [ RunTime:0.044771s ]
INFO: [ view_parse ] --END-- [ RunTime:0.044980s ]
INFO: [ view_filter ] --START--
INFO: Run Behavior\WriteHtmlCacheBehavior [ RunTime:0.001493s ]
INFO: [ view_filter ] --END-- [ RunTime:0.001649s ]
INFO: [ app_end ] --START--
INFO: Run Behavior\ShowPageTraceBehavior [ RunTime:0.002683s ]
INFO: [ app_end ] --END-- [ RunTime:0.002891s ]

[ 2017-12-08T21:50:20+08:00 ] ::1 /stell/index.php/Home/Stock/index/p/2.html
INFO: [ app_init ] --START--
INFO: Run Behavior\BuildLiteBehavior [ RunTime:0.000052s ]
INFO: [ app_init ] --END-- [ RunTime:0.000376s ]
INFO: [ app_begin ] --START--
INFO: Run Behavior\ReadHtmlCacheBehavior [ RunTime:0.002633s ]
INFO: [ app_begin ] --END-- [ RunTime:0.002860s ]
SQL: SHOW COLUMNS FROM `goods` [ RunTime:0.0688s ]
SQL: SHOW COLUMNS FROM `goods` [ RunTime:0.0265s ]
SQL: SELECT `material` FROM `goods`  [ RunTime:0.0008s ]
SQL: SELECT * FROM `goods`  [ RunTime:0.0019s ]
SQL: SELECT * FROM `goods` ORDER BY id LIMIT 10,10   [ RunTime:0.0026s ]
SQL: SELECT COUNT(*) AS tp_count FROM `goods` LIMIT 1   [ RunTime:0.0007s ]
INFO: [ view_parse ] --START--
INFO: [ template_filter ] --START--
INFO: Run Behavior\ContentReplaceBehavior [ RunTime:0.000226s ]
INFO: [ template_filter ] --END-- [ RunTime:0.000405s ]
INFO: Run Behavior\ParseTemplateBehavior [ RunTime:0.040199s ]
INFO: [ view_parse ] --END-- [ RunTime:0.040411s ]
INFO: [ view_filter ] --START--
INFO: Run Behavior\WriteHtmlCacheBehavior [ RunTime:0.001452s ]
INFO: [ view_filter ] --END-- [ RunTime:0.002151s ]
INFO: [ app_end ] --START--
INFO: Run Behavior\ShowPageTraceBehavior [ RunTime:0.004922s ]
INFO: [ app_end ] --END-- [ RunTime:0.005307s ]

[ 2017-12-08T21:54:37+08:00 ] ::1 /stell/index.php/Home/Stock/index/p/2.html
INFO: [ app_init ] --START--
INFO: Run Behavior\BuildLiteBehavior [ RunTime:0.000116s ]
INFO: [ app_init ] --END-- [ RunTime:0.000363s ]
INFO: [ app_begin ] --START--
INFO: Run Behavior\ReadHtmlCacheBehavior [ RunTime:0.002448s ]
INFO: [ app_begin ] --END-- [ RunTime:0.002659s ]
SQL: SHOW COLUMNS FROM `goods` [ RunTime:0.0670s ]
SQL: SHOW COLUMNS FROM `goods` [ RunTime:0.0232s ]
SQL: SELECT `material` FROM `goods`  [ RunTime:0.0008s ]
SQL: SELECT * FROM `goods`  [ RunTime:0.0011s ]
SQL: SELECT * FROM `goods` ORDER BY id LIMIT 10,10   [ RunTime:0.0019s ]
SQL: SELECT COUNT(*) AS tp_count FROM `goods` LIMIT 1   [ RunTime:0.0006s ]
INFO: [ view_parse ] --START--
INFO: [ template_filter ] --START--
INFO: Run Behavior\ContentReplaceBehavior [ RunTime:0.000350s ]
INFO: [ template_filter ] --END-- [ RunTime:0.000560s ]
INFO: Run Behavior\ParseTemplateBehavior [ RunTime:0.041710s ]
INFO: [ view_parse ] --END-- [ RunTime:0.041919s ]
INFO: [ view_filter ] --START--
INFO: Run Behavior\WriteHtmlCacheBehavior [ RunTime:0.001654s ]
INFO: [ view_filter ] --END-- [ RunTime:0.001830s ]
INFO: [ app_end ] --START--
INFO: Run Behavior\ShowPageTraceBehavior [ RunTime:0.006096s ]
INFO: [ app_end ] --END-- [ RunTime:0.006413s ]

[ 2017-12-08T21:56:17+08:00 ] ::1 /stell/index.php/Home/Stock/index/p/2.html
INFO: [ app_init ] --START--
INFO: Run Behavior\BuildLiteBehavior [ RunTime:0.000213s ]
INFO: [ app_init ] --END-- [ RunTime:0.000775s ]
INFO: [ app_begin ] --START--
INFO: Run Behavior\ReadHtmlCacheBehavior [ RunTime:0.004029s ]
INFO: [ app_begin ] --END-- [ RunTime:0.004478s ]
SQL: SHOW COLUMNS FROM `goods` [ RunTime:0.0632s ]
SQL: SHOW COLUMNS FROM `goods` [ RunTime:0.0250s ]
SQL: SELECT `material` FROM `goods`  [ RunTime:0.0011s ]
SQL: SELECT * FROM `goods`  [ RunTime:0.0012s ]
SQL: SELECT * FROM `goods` ORDER BY id LIMIT 10,10   [ RunTime:0.0015s ]
SQL: SELECT COUNT(*) AS tp_count FROM `goods` LIMIT 1   [ RunTime:0.0009s ]
INFO: [ view_parse ] --START--
INFO: [ template_filter ] --START--
INFO: Run Behavior\ContentReplaceBehavior [ RunTime:0.000334s ]
INFO: [ template_filter ] --END-- [ RunTime:0.000537s ]
INFO: Run Behavior\ParseTemplateBehavior [ RunTime:0.039375s ]
INFO: [ view_parse ] --END-- [ RunTime:0.039582s ]
INFO: [ view_filter ] --START--
INFO: Run Behavior\WriteHtmlCacheBehavior [ RunTime:0.001703s ]
INFO: [ view_filter ] --END-- [ RunTime:0.001864s ]
INFO: [ app_end ] --START--
INFO: Run Behavior\ShowPageTraceBehavior [ RunTime:0.003137s ]
INFO: [ app_end ] --END-- [ RunTime:0.003358s ]

[ 2017-12-08T21:57:17+08:00 ] ::1 /stell/index.php/Home/Stock/index/p/2.html
INFO: [ app_init ] --START--
INFO: Run Behavior\BuildLiteBehavior [ RunTime:0.000059s ]
INFO: [ app_init ] --END-- [ RunTime:0.000282s ]
INFO: [ app_begin ] --START--
INFO: Run Behavior\ReadHtmlCacheBehavior [ RunTime:0.002429s ]
INFO: [ app_begin ] --END-- [ RunTime:0.002635s ]
SQL: SHOW COLUMNS FROM `goods` [ RunTime:0.0705s ]
SQL: SHOW COLUMNS FROM `goods` [ RunTime:0.0218s ]
SQL: SELECT `material` FROM `goods`  [ RunTime:0.0007s ]
SQL: SELECT * FROM `goods`  [ RunTime:0.0009s ]
SQL: SELECT * FROM `goods` ORDER BY id LIMIT 10,10   [ RunTime:0.0012s ]
SQL: SELECT COUNT(*) AS tp_count FROM `goods` LIMIT 1   [ RunTime:0.0003s ]
INFO: [ view_parse ] --START--
INFO: [ template_filter ] --START--
INFO: Run Behavior\ContentReplaceBehavior [ RunTime:0.000223s ]
INFO: [ template_filter ] --END-- [ RunTime:0.000395s ]
INFO: Run Behavior\ParseTemplateBehavior [ RunTime:0.040022s ]
INFO: [ view_parse ] --END-- [ RunTime:0.040240s ]
INFO: [ view_filter ] --START--
INFO: Run Behavior\WriteHtmlCacheBehavior [ RunTime:0.001433s ]
INFO: [ view_filter ] --END-- [ RunTime:0.001587s ]
INFO: [ app_end ] --START--
INFO: Run Behavior\ShowPageTraceBehavior [ RunTime:0.003915s ]
INFO: [ app_end ] --END-- [ RunTime:0.004145s ]

[ 2017-12-08T22:05:30+08:00 ] ::1 /stell/index.php/Home/Stock/index/p/2.html
INFO: [ app_init ] --START--
INFO: Run Behavior\BuildLiteBehavior [ RunTime:0.000052s ]
INFO: [ app_init ] --END-- [ RunTime:0.000276s ]
INFO: [ app_begin ] --START--
INFO: Run Behavior\ReadHtmlCacheBehavior [ RunTime:0.003462s ]
INFO: [ app_begin ] --END-- [ RunTime:0.003693s ]
SQL: SHOW COLUMNS FROM `goods` [ RunTime:0.0612s ]
SQL: SHOW COLUMNS FROM `goods` [ RunTime:0.0264s ]
SQL: SELECT `material` FROM `goods`  [ RunTime:0.0010s ]
SQL: SELECT * FROM `goods`  [ RunTime:0.0016s ]
SQL: SELECT * FROM `goods` ORDER BY id LIMIT 10,10   [ RunTime:0.0024s ]
SQL: SELECT COUNT(*) AS tp_count FROM `goods` LIMIT 1   [ RunTime:0.0008s ]
INFO: [ view_parse ] --START--
INFO: [ template_filter ] --START--
INFO: Run Behavior\ContentReplaceBehavior [ RunTime:0.000217s ]
INFO: [ template_filter ] --END-- [ RunTime:0.000389s ]
INFO: Run Behavior\ParseTemplateBehavior [ RunTime:0.041970s ]
INFO: [ view_parse ] --END-- [ RunTime:0.042190s ]
INFO: [ view_filter ] --START--
INFO: Run Behavior\WriteHtmlCacheBehavior [ RunTime:0.002050s ]
INFO: [ view_filter ] --END-- [ RunTime:0.002236s ]
INFO: [ app_end ] --START--
INFO: Run Behavior\ShowPageTraceBehavior [ RunTime:0.003513s ]
INFO: [ app_end ] --END-- [ RunTime:0.003823s ]

[ 2017-12-08T22:06:07+08:00 ] ::1 /stell/index.php/Home/Stock/index/p/2.html
INFO: [ app_init ] --START--
INFO: Run Behavior\BuildLiteBehavior [ RunTime:0.000053s ]
INFO: [ app_init ] --END-- [ RunTime:0.000295s ]
INFO: [ app_begin ] --START--
INFO: Run Behavior\ReadHtmlCacheBehavior [ RunTime:0.003068s ]
INFO: [ app_begin ] --END-- [ RunTime:0.003300s ]
SQL: SHOW COLUMNS FROM `goods` [ RunTime:0.0874s ]
SQL: SHOW COLUMNS FROM `goods` [ RunTime:0.0406s ]
SQL: SELECT `material` FROM `goods`  [ RunTime:0.0031s ]
SQL: SELECT * FROM `goods`  [ RunTime:0.0015s ]
SQL: SELECT * FROM `goods` ORDER BY id LIMIT 10,10   [ RunTime:0.0018s ]
SQL: SELECT COUNT(*) AS tp_count FROM `goods` LIMIT 1   [ RunTime:0.0006s ]
INFO: [ view_parse ] --START--
INFO: [ template_filter ] --START--
INFO: Run Behavior\ContentReplaceBehavior [ RunTime:0.000225s ]
INFO: [ template_filter ] --END-- [ RunTime:0.000399s ]
INFO: Run Behavior\ParseTemplateBehavior [ RunTime:0.048320s ]
INFO: [ view_parse ] --END-- [ RunTime:0.048616s ]
INFO: [ view_filter ] --START--
INFO: Run Behavior\WriteHtmlCacheBehavior [ RunTime:0.001061s ]
INFO: [ view_filter ] --END-- [ RunTime:0.001229s ]
INFO: [ app_end ] --START--
INFO: Run Behavior\ShowPageTraceBehavior [ RunTime:0.011945s ]
INFO: [ app_end ] --END-- [ RunTime:0.012175s ]

[ 2017-12-08T22:06:09+08:00 ] ::1 /stell/index.php
INFO: [ app_init ] --START--
INFO: Run Behavior\BuildLiteBehavior [ RunTime:0.000054s ]
INFO: [ app_init ] --END-- [ RunTime:0.000259s ]
INFO: [ app_begin ] --START--
INFO: Run Behavior\ReadHtmlCacheBehavior [ RunTime:0.011406s ]
INFO: [ app_begin ] --END-- [ RunTime:0.012346s ]
SQL: SHOW COLUMNS FROM `goods` [ RunTime:0.2113s ]
SQL: SHOW COLUMNS FROM `goods` [ RunTime:0.0712s ]
SQL: SELECT * FROM `goods`  [ RunTime:0.0014s ]
SQL: SHOW COLUMNS FROM `contact` [ RunTime:0.0698s ]
SQL: SELECT * FROM `contact` WHERE ( Id ) LIMIT 1   [ RunTime:0.0010s ]
SQL: SELECT `material` FROM `goods`  [ RunTime:0.0010s ]
SQL: SELECT `material` FROM `goods`  [ RunTime:0.0012s ]
INFO: [ view_parse ] --START--
INFO: [ template_filter ] --START--
INFO: Run Behavior\ContentReplaceBehavior [ RunTime:0.000313s ]
INFO: [ template_filter ] --END-- [ RunTime:0.000508s ]
INFO: Run Behavior\ParseTemplateBehavior [ RunTime:0.114809s ]
INFO: [ view_parse ] --END-- [ RunTime:0.115082s ]
INFO: [ view_filter ] --START--
INFO: Run Behavior\WriteHtmlCacheBehavior [ RunTime:0.006504s ]
INFO: [ view_filter ] --END-- [ RunTime:0.006702s ]
INFO: [ app_end ] --START--
INFO: Run Behavior\ShowPageTraceBehavior [ RunTime:0.003298s ]
INFO: [ app_end ] --END-- [ RunTime:0.003576s ]

[ 2017-12-08T22:07:01+08:00 ] ::1 /stell/index.php/Home/Stock/index/p/2.html
INFO: [ app_init ] --START--
INFO: Run Behavior\BuildLiteBehavior [ RunTime:0.000052s ]
INFO: [ app_init ] --END-- [ RunTime:0.000274s ]
INFO: [ app_begin ] --START--
INFO: Run Behavior\ReadHtmlCacheBehavior [ RunTime:0.002596s ]
INFO: [ app_begin ] --END-- [ RunTime:0.002832s ]
SQL: SHOW COLUMNS FROM `goods` [ RunTime:0.0506s ]
SQL: SHOW COLUMNS FROM `goods` [ RunTime:0.0225s ]
SQL: SELECT `material` FROM `goods`  [ RunTime:0.0027s ]
SQL: SELECT * FROM `goods`  [ RunTime:0.0020s ]
SQL: SELECT * FROM `goods` ORDER BY id LIMIT 10,10   [ RunTime:0.0015s ]
SQL: SELECT COUNT(*) AS tp_count FROM `goods` LIMIT 1   [ RunTime:0.0003s ]
INFO: [ view_parse ] --START--
INFO: [ template_filter ] --START--
INFO: Run Behavior\ContentReplaceBehavior [ RunTime:0.000219s ]
INFO: [ template_filter ] --END-- [ RunTime:0.000391s ]
INFO: Run Behavior\ParseTemplateBehavior [ RunTime:0.039992s ]
INFO: [ view_parse ] --END-- [ RunTime:0.040222s ]
INFO: [ view_filter ] --START--
INFO: Run Behavior\WriteHtmlCacheBehavior [ RunTime:0.001224s ]
INFO: [ view_filter ] --END-- [ RunTime:0.001411s ]
INFO: [ app_end ] --START--
INFO: Run Behavior\ShowPageTraceBehavior [ RunTime:0.003254s ]
INFO: [ app_end ] --END-- [ RunTime:0.003507s ]

[ 2017-12-08T22:08:52+08:00 ] ::1 /stell/index.php/Home/Stock/index/p/2.html
INFO: [ app_init ] --START--
INFO: Run Behavior\BuildLiteBehavior [ RunTime:0.000047s ]
INFO: [ app_init ] --END-- [ RunTime:0.000228s ]
INFO: [ app_begin ] --START--
INFO: Run Behavior\ReadHtmlCacheBehavior [ RunTime:0.002636s ]
INFO: [ app_begin ] --END-- [ RunTime:0.002870s ]
SQL: SHOW COLUMNS FROM `goods` [ RunTime:0.0641s ]
SQL: SHOW COLUMNS FROM `goods` [ RunTime:0.0228s ]
SQL: SELECT `material` FROM `goods`  [ RunTime:0.0017s ]
SQL: SELECT * FROM `goods`  [ RunTime:0.0015s ]
SQL: SELECT * FROM `goods` ORDER BY id LIMIT 10,10   [ RunTime:0.0019s ]
SQL: SELECT COUNT(*) AS tp_count FROM `goods` LIMIT 1   [ RunTime:0.0004s ]
INFO: [ view_parse ] --START--
INFO: [ template_filter ] --START--
INFO: Run Behavior\ContentReplaceBehavior [ RunTime:0.000218s ]
INFO: [ template_filter ] --END-- [ RunTime:0.000392s ]
INFO: Run Behavior\ParseTemplateBehavior [ RunTime:0.040309s ]
INFO: [ view_parse ] --END-- [ RunTime:0.040521s ]
INFO: [ view_filter ] --START--
INFO: Run Behavior\WriteHtmlCacheBehavior [ RunTime:0.001936s ]
INFO: [ view_filter ] --END-- [ RunTime:0.002116s ]
INFO: [ app_end ] --START--
INFO: Run Behavior\ShowPageTraceBehavior [ RunTime:0.003280s ]
INFO: [ app_end ] --END-- [ RunTime:0.003698s ]

[ 2017-12-08T22:21:15+08:00 ] ::1 /stell/index.php/Home/Stock/index/p/3.html
INFO: [ app_init ] --START--
INFO: Run Behavior\BuildLiteBehavior [ RunTime:0.000055s ]
INFO: [ app_init ] --END-- [ RunTime:0.000298s ]
INFO: [ app_begin ] --START--
INFO: Run Behavior\ReadHtmlCacheBehavior [ RunTime:0.004742s ]
INFO: [ app_begin ] --END-- [ RunTime:0.005012s ]
SQL: SHOW COLUMNS FROM `goods` [ RunTime:0.0816s ]
SQL: SHOW COLUMNS FROM `goods` [ RunTime:0.0258s ]
SQL: SELECT `material` FROM `goods`  [ RunTime:0.0010s ]
SQL: SELECT * FROM `goods`  [ RunTime:0.0013s ]
SQL: SELECT * FROM `goods` ORDER BY id LIMIT 20,10   [ RunTime:0.0020s ]
SQL: SELECT COUNT(*) AS tp_count FROM `goods` LIMIT 1   [ RunTime:0.0008s ]
INFO: [ view_parse ] --START--
INFO: [ template_filter ] --START--
INFO: Run Behavior\ContentReplaceBehavior [ RunTime:0.000227s ]
INFO: [ template_filter ] --END-- [ RunTime:0.000401s ]
INFO: Run Behavior\ParseTemplateBehavior [ RunTime:0.042487s ]
INFO: [ view_parse ] --END-- [ RunTime:0.042714s ]
INFO: [ view_filter ] --START--
INFO: Run Behavior\WriteHtmlCacheBehavior [ RunTime:0.003918s ]
INFO: [ view_filter ] --END-- [ RunTime:0.004106s ]
INFO: [ app_end ] --START--
INFO: Run Behavior\ShowPageTraceBehavior [ RunTime:0.004386s ]
INFO: [ app_end ] --END-- [ RunTime:0.004785s ]

[ 2017-12-08T22:21:19+08:00 ] ::1 /stell/index.php/Home/Stock/index/p/2.html
INFO: [ app_init ] --START--
INFO: Run Behavior\BuildLiteBehavior [ RunTime:0.000071s ]
INFO: [ app_init ] --END-- [ RunTime:0.000480s ]
INFO: [ app_begin ] --START--
INFO: Run Behavior\ReadHtmlCacheBehavior [ RunTime:0.002681s ]
INFO: [ app_begin ] --END-- [ RunTime:0.003007s ]
SQL: SHOW COLUMNS FROM `goods` [ RunTime:0.1297s ]
SQL: SHOW COLUMNS FROM `goods` [ RunTime:0.0396s ]
SQL: SELECT `material` FROM `goods`  [ RunTime:0.0010s ]
SQL: SELECT * FROM `goods`  [ RunTime:0.0014s ]
SQL: SELECT * FROM `goods` ORDER BY id LIMIT 10,10   [ RunTime:0.0027s ]
SQL: SELECT COUNT(*) AS tp_count FROM `goods` LIMIT 1   [ RunTime:0.0010s ]
INFO: [ view_parse ] --START--
INFO: [ template_filter ] --START--
INFO: Run Behavior\ContentReplaceBehavior [ RunTime:0.000264s ]
INFO: [ template_filter ] --END-- [ RunTime:0.000458s ]
INFO: Run Behavior\ParseTemplateBehavior [ RunTime:0.041401s ]
INFO: [ view_parse ] --END-- [ RunTime:0.041643s ]
INFO: [ view_filter ] --START--
INFO: Run Behavior\WriteHtmlCacheBehavior [ RunTime:0.001873s ]
INFO: [ view_filter ] --END-- [ RunTime:0.002158s ]
INFO: [ app_end ] --START--
INFO: Run Behavior\ShowPageTraceBehavior [ RunTime:0.003001s ]
INFO: [ app_end ] --END-- [ RunTime:0.004761s ]

[ 2017-12-08T22:21:20+08:00 ] ::1 /stell/index.php/Home/Stock/index/p/2.html
INFO: [ app_init ] --START--
INFO: Run Behavior\BuildLiteBehavior [ RunTime:0.000053s ]
INFO: [ app_init ] --END-- [ RunTime:0.000241s ]
INFO: [ app_begin ] --START--
INFO: Run Behavior\ReadHtmlCacheBehavior [ RunTime:0.007312s ]
INFO: [ app_begin ] --END-- [ RunTime:0.007553s ]
SQL: SHOW COLUMNS FROM `goods` [ RunTime:0.0542s ]
SQL: SHOW COLUMNS FROM `goods` [ RunTime:0.0268s ]
SQL: SELECT `material` FROM `goods`  [ RunTime:0.0008s ]
SQL: SELECT * FROM `goods`  [ RunTime:0.0018s ]
SQL: SELECT * FROM `goods` ORDER BY id LIMIT 10,10   [ RunTime:0.0031s ]
SQL: SELECT COUNT(*) AS tp_count FROM `goods` LIMIT 1   [ RunTime:0.0009s ]
INFO: [ view_parse ] --START--
INFO: [ template_filter ] --START--
INFO: Run Behavior\ContentReplaceBehavior [ RunTime:0.000218s ]
INFO: [ template_filter ] --END-- [ RunTime:0.000388s ]
INFO: Run Behavior\ParseTemplateBehavior [ RunTime:0.047909s ]
INFO: [ view_parse ] --END-- [ RunTime:0.048179s ]
INFO: [ view_filter ] --START--
INFO: Run Behavior\WriteHtmlCacheBehavior [ RunTime:0.001691s ]
INFO: [ view_filter ] --END-- [ RunTime:0.001870s ]
INFO: [ app_end ] --START--
INFO: Run Behavior\ShowPageTraceBehavior [ RunTime:0.002779s ]
INFO: [ app_end ] --END-- [ RunTime:0.003000s ]

