[ 2017-12-07T13:50:58+08:00 ] ::1 /stell/index.php/home/stock/index.html
INFO: [ app_init ] --START--
INFO: Run Behavior\BuildLiteBehavior [ RunTime:0.000070s ]
INFO: [ app_init ] --END-- [ RunTime:0.004249s ]
INFO: [ app_begin ] --START--
INFO: Run Behavior\ReadHtmlCacheBehavior [ RunTime:0.173038s ]
INFO: [ app_begin ] --END-- [ RunTime:0.173293s ]
INFO: [ view_parse ] --START--
INFO: [ template_filter ] --START--
INFO: Run Behavior\ContentReplaceBehavior [ RunTime:0.002036s ]
INFO: [ template_filter ] --END-- [ RunTime:0.002234s ]
INFO: Run Behavior\ParseTemplateBehavior [ RunTime:0.635702s ]
INFO: [ view_parse ] --END-- [ RunTime:0.635944s ]
INFO: [ view_filter ] --START--
INFO: Run Behavior\WriteHtmlCacheBehavior [ RunTime:0.067660s ]
INFO: [ view_filter ] --END-- [ RunTime:0.067863s ]
INFO: [ app_end ] --START--
INFO: Run Behavior\ShowPageTraceBehavior [ RunTime:0.062743s ]
INFO: [ app_end ] --END-- [ RunTime:0.066741s ]

[ 2017-12-07T18:45:57+08:00 ] ::1 /stell/index.php/home/stock/index.html
INFO: [ app_init ] --START--
INFO: Run Behavior\BuildLiteBehavior [ RunTime:0.000053s ]
INFO: [ app_init ] --END-- [ RunTime:0.000319s ]
INFO: [ app_begin ] --START--
INFO: Run Behavior\ReadHtmlCacheBehavior [ RunTime:0.091502s ]
INFO: [ app_begin ] --END-- [ RunTime:0.091780s ]
INFO: [ view_parse ] --START--
INFO: [ template_filter ] --START--
INFO: Run Behavior\ContentReplaceBehavior [ RunTime:0.000566s ]
INFO: [ template_filter ] --END-- [ RunTime:0.001146s ]
INFO: Run Behavior\ParseTemplateBehavior [ RunTime:0.732926s ]
INFO: [ view_parse ] --END-- [ RunTime:0.733352s ]
INFO: [ view_filter ] --START--
INFO: Run Behavior\WriteHtmlCacheBehavior [ RunTime:0.065719s ]
INFO: [ view_filter ] --END-- [ RunTime:0.065900s ]
INFO: [ app_end ] --START--
INFO: Run Behavior\ShowPageTraceBehavior [ RunTime:0.091367s ]
INFO: [ app_end ] --END-- [ RunTime:0.091597s ]

[ 2017-12-07T18:46:02+08:00 ] ::1 /stell/
INFO: [ app_init ] --START--
INFO: Run Behavior\BuildLiteBehavior [ RunTime:0.000053s ]
INFO: [ app_init ] --END-- [ RunTime:0.000310s ]
INFO: [ app_begin ] --START--
INFO: Run Behavior\ReadHtmlCacheBehavior [ RunTime:0.014861s ]
INFO: [ app_begin ] --END-- [ RunTime:0.015237s ]
SQL: SHOW COLUMNS FROM `goods` [ RunTime:0.1578s ]
SQL: SHOW COLUMNS FROM `goods` [ RunTime:0.0676s ]
SQL: SELECT * FROM `goods`  [ RunTime:0.0023s ]
SQL: SHOW COLUMNS FROM `contact` [ RunTime:0.1320s ]
SQL: SELECT * FROM `contact` WHERE ( Id ) LIMIT 1   [ RunTime:0.0022s ]
SQL: SELECT `material` FROM `goods`  [ RunTime:0.0028s ]
SQL: SELECT `material` FROM `goods`  [ RunTime:0.0014s ]
INFO: [ view_parse ] --START--
INFO: [ template_filter ] --START--
INFO: Run Behavior\ContentReplaceBehavior [ RunTime:0.000314s ]
INFO: [ template_filter ] --END-- [ RunTime:0.000559s ]
INFO: Run Behavior\ParseTemplateBehavior [ RunTime:0.256574s ]
INFO: [ view_parse ] --END-- [ RunTime:0.256837s ]
INFO: [ view_filter ] --START--
INFO: Run Behavior\WriteHtmlCacheBehavior [ RunTime:0.001222s ]
INFO: [ view_filter ] --END-- [ RunTime:0.001392s ]
INFO: [ app_end ] --START--
INFO: Run Behavior\ShowPageTraceBehavior [ RunTime:0.009502s ]
INFO: [ app_end ] --END-- [ RunTime:0.009730s ]

[ 2017-12-07T19:15:25+08:00 ] ::1 /stell/index.php/home/stock/index.html
INFO: [ app_init ] --START--
INFO: Run Behavior\BuildLiteBehavior [ RunTime:0.000054s ]
INFO: [ app_init ] --END-- [ RunTime:0.000276s ]
INFO: [ app_begin ] --START--
INFO: Run Behavior\ReadHtmlCacheBehavior [ RunTime:0.003880s ]
INFO: [ app_begin ] --END-- [ RunTime:0.004296s ]
SQL: SHOW COLUMNS FROM `goods` [ RunTime:0.0942s ]
ERR: Think\Model:materData方法不存在！

[ 2017-12-07T19:15:58+08:00 ] ::1 /stell/index.php/home/stock/index.html
INFO: [ app_init ] --START--
INFO: Run Behavior\BuildLiteBehavior [ RunTime:0.000081s ]
INFO: [ app_init ] --END-- [ RunTime:0.000517s ]
INFO: [ app_begin ] --START--
INFO: Run Behavior\ReadHtmlCacheBehavior [ RunTime:0.002396s ]
INFO: [ app_begin ] --END-- [ RunTime:0.002637s ]
SQL: SHOW COLUMNS FROM `goods` [ RunTime:0.0806s ]
SQL: SHOW COLUMNS FROM `goods` [ RunTime:0.0286s ]
SQL: SELECT `material` FROM `goods`  [ RunTime:0.0016s ]
INFO: [ view_parse ] --START--
INFO: [ template_filter ] --START--
INFO: Run Behavior\ContentReplaceBehavior [ RunTime:0.000227s ]
INFO: [ template_filter ] --END-- [ RunTime:0.000434s ]
INFO: Run Behavior\ParseTemplateBehavior [ RunTime:0.095192s ]
INFO: [ view_parse ] --END-- [ RunTime:0.095515s ]
INFO: [ view_filter ] --START--
INFO: Run Behavior\WriteHtmlCacheBehavior [ RunTime:0.001787s ]
INFO: [ view_filter ] --END-- [ RunTime:0.001988s ]
INFO: [ app_end ] --START--
INFO: Run Behavior\ShowPageTraceBehavior [ RunTime:0.003434s ]
INFO: [ app_end ] --END-- [ RunTime:0.004528s ]

[ 2017-12-07T19:17:08+08:00 ] ::1 /stell/index.php/home/stock/index.html
INFO: [ app_init ] --START--
INFO: Run Behavior\BuildLiteBehavior [ RunTime:0.000050s ]
INFO: [ app_init ] --END-- [ RunTime:0.000278s ]
INFO: [ app_begin ] --START--
INFO: Run Behavior\ReadHtmlCacheBehavior [ RunTime:0.005588s ]
INFO: [ app_begin ] --END-- [ RunTime:0.005917s ]
SQL: SHOW COLUMNS FROM `goods` [ RunTime:0.1389s ]
SQL: SHOW COLUMNS FROM `goods` [ RunTime:0.0364s ]
SQL: SELECT `material` FROM `goods`  [ RunTime:0.0012s ]
INFO: [ view_parse ] --START--
INFO: [ template_filter ] --START--
INFO: Run Behavior\ContentReplaceBehavior [ RunTime:0.000223s ]
INFO: [ template_filter ] --END-- [ RunTime:0.000416s ]
INFO: Run Behavior\ParseTemplateBehavior [ RunTime:0.100688s ]
INFO: [ view_parse ] --END-- [ RunTime:0.100929s ]
INFO: [ view_filter ] --START--
INFO: Run Behavior\WriteHtmlCacheBehavior [ RunTime:0.003746s ]
INFO: [ view_filter ] --END-- [ RunTime:0.004102s ]
INFO: [ app_end ] --START--
INFO: Run Behavior\ShowPageTraceBehavior [ RunTime:0.004884s ]
INFO: [ app_end ] --END-- [ RunTime:0.005178s ]

[ 2017-12-07T19:21:16+08:00 ] ::1 /stell/index.php/home/stock/index.html
INFO: [ app_init ] --START--
INFO: Run Behavior\BuildLiteBehavior [ RunTime:0.000060s ]
INFO: [ app_init ] --END-- [ RunTime:0.000448s ]
INFO: [ app_begin ] --START--
INFO: Run Behavior\ReadHtmlCacheBehavior [ RunTime:0.002916s ]
INFO: [ app_begin ] --END-- [ RunTime:0.003186s ]
SQL: SHOW COLUMNS FROM `goods` [ RunTime:0.0618s ]
SQL: SHOW COLUMNS FROM `goods` [ RunTime:0.0322s ]
SQL: SELECT `material` FROM `goods`  [ RunTime:0.0012s ]
INFO: [ view_parse ] --START--
INFO: [ template_filter ] --START--
INFO: Run Behavior\ContentReplaceBehavior [ RunTime:0.000379s ]
INFO: [ template_filter ] --END-- [ RunTime:0.000718s ]
INFO: Run Behavior\ParseTemplateBehavior [ RunTime:0.166676s ]
INFO: [ view_parse ] --END-- [ RunTime:0.167028s ]
INFO: [ view_filter ] --START--
INFO: Run Behavior\WriteHtmlCacheBehavior [ RunTime:0.002217s ]
INFO: [ view_filter ] --END-- [ RunTime:0.002425s ]
INFO: [ app_end ] --START--
INFO: Run Behavior\ShowPageTraceBehavior [ RunTime:0.002481s ]
INFO: [ app_end ] --END-- [ RunTime:0.002661s ]

[ 2017-12-07T19:21:21+08:00 ] ::1 /stell/index.php/home/stock/index.html
INFO: [ app_init ] --START--
INFO: Run Behavior\BuildLiteBehavior [ RunTime:0.000058s ]
INFO: [ app_init ] --END-- [ RunTime:0.000320s ]
INFO: [ app_begin ] --START--
INFO: Run Behavior\ReadHtmlCacheBehavior [ RunTime:0.005185s ]
INFO: [ app_begin ] --END-- [ RunTime:0.005702s ]
SQL: SHOW COLUMNS FROM `goods` [ RunTime:0.1098s ]
SQL: SHOW COLUMNS FROM `goods` [ RunTime:0.0429s ]
SQL: SELECT `material` FROM `goods`  [ RunTime:0.0011s ]
INFO: [ view_parse ] --START--
INFO: [ template_filter ] --START--
INFO: Run Behavior\ContentReplaceBehavior [ RunTime:0.000260s ]
INFO: [ template_filter ] --END-- [ RunTime:0.000498s ]
INFO: Run Behavior\ParseTemplateBehavior [ RunTime:0.043854s ]
INFO: [ view_parse ] --END-- [ RunTime:0.044108s ]
INFO: [ view_filter ] --START--
INFO: Run Behavior\WriteHtmlCacheBehavior [ RunTime:0.001377s ]
INFO: [ view_filter ] --END-- [ RunTime:0.001908s ]
INFO: [ app_end ] --START--
INFO: Run Behavior\ShowPageTraceBehavior [ RunTime:0.005724s ]
INFO: [ app_end ] --END-- [ RunTime:0.006115s ]

[ 2017-12-07T19:21:25+08:00 ] ::1 /stell/index.php/home/stock/index.html
INFO: [ app_init ] --START--
INFO: Run Behavior\BuildLiteBehavior [ RunTime:0.000104s ]
INFO: [ app_init ] --END-- [ RunTime:0.000365s ]
INFO: [ app_begin ] --START--
INFO: Run Behavior\ReadHtmlCacheBehavior [ RunTime:0.004767s ]
INFO: [ app_begin ] --END-- [ RunTime:0.006007s ]
SQL: SHOW COLUMNS FROM `goods` [ RunTime:0.0709s ]
SQL: SHOW COLUMNS FROM `goods` [ RunTime:0.0338s ]
SQL: SELECT `material` FROM `goods`  [ RunTime:0.0014s ]
INFO: [ view_parse ] --START--
INFO: [ template_filter ] --START--
INFO: Run Behavior\ContentReplaceBehavior [ RunTime:0.000241s ]
INFO: [ template_filter ] --END-- [ RunTime:0.000471s ]
INFO: Run Behavior\ParseTemplateBehavior [ RunTime:0.040933s ]
INFO: [ view_parse ] --END-- [ RunTime:0.041201s ]
INFO: [ view_filter ] --START--
INFO: Run Behavior\WriteHtmlCacheBehavior [ RunTime:0.001242s ]
INFO: [ view_filter ] --END-- [ RunTime:0.001407s ]
INFO: [ app_end ] --START--
INFO: Run Behavior\ShowPageTraceBehavior [ RunTime:0.003906s ]
INFO: [ app_end ] --END-- [ RunTime:0.004118s ]

[ 2017-12-07T19:22:02+08:00 ] ::1 /stell/index.php/home/stock/index.html
INFO: [ app_init ] --START--
INFO: Run Behavior\BuildLiteBehavior [ RunTime:0.000070s ]
INFO: [ app_init ] --END-- [ RunTime:0.000943s ]
INFO: [ app_begin ] --START--
INFO: Run Behavior\ReadHtmlCacheBehavior [ RunTime:0.014074s ]
INFO: [ app_begin ] --END-- [ RunTime:0.017535s ]
SQL: SHOW COLUMNS FROM `goods` [ RunTime:0.0655s ]
SQL: SHOW COLUMNS FROM `goods` [ RunTime:0.0319s ]
SQL: SELECT `material` FROM `goods`  [ RunTime:0.0010s ]
INFO: [ view_parse ] --START--
INFO: [ template_filter ] --START--
INFO: Run Behavior\ContentReplaceBehavior [ RunTime:0.000219s ]
INFO: [ template_filter ] --END-- [ RunTime:0.000415s ]
INFO: Run Behavior\ParseTemplateBehavior [ RunTime:0.161947s ]
INFO: [ view_parse ] --END-- [ RunTime:0.162228s ]
INFO: [ view_filter ] --START--
INFO: Run Behavior\WriteHtmlCacheBehavior [ RunTime:0.002349s ]
INFO: [ view_filter ] --END-- [ RunTime:0.002837s ]
INFO: [ app_end ] --START--
INFO: Run Behavior\ShowPageTraceBehavior [ RunTime:0.002373s ]
INFO: [ app_end ] --END-- [ RunTime:0.002554s ]

[ 2017-12-07T19:23:07+08:00 ] ::1 /stell/index.php/home/stock/index.html
INFO: [ app_init ] --START--
INFO: Run Behavior\BuildLiteBehavior [ RunTime:0.000150s ]
INFO: [ app_init ] --END-- [ RunTime:0.001265s ]
INFO: [ app_begin ] --START--
INFO: Run Behavior\ReadHtmlCacheBehavior [ RunTime:0.005259s ]
INFO: [ app_begin ] --END-- [ RunTime:0.005643s ]
SQL: SHOW COLUMNS FROM `goods` [ RunTime:0.0768s ]
SQL: SHOW COLUMNS FROM `goods` [ RunTime:0.0311s ]
SQL: SELECT `material` FROM `goods`  [ RunTime:0.0013s ]
INFO: [ view_parse ] --START--
INFO: [ template_filter ] --START--
INFO: Run Behavior\ContentReplaceBehavior [ RunTime:0.000243s ]
INFO: [ template_filter ] --END-- [ RunTime:0.000465s ]
INFO: Run Behavior\ParseTemplateBehavior [ RunTime:0.155669s ]
INFO: [ view_parse ] --END-- [ RunTime:0.155926s ]
INFO: [ view_filter ] --START--
INFO: Run Behavior\WriteHtmlCacheBehavior [ RunTime:0.001475s ]
INFO: [ view_filter ] --END-- [ RunTime:0.001656s ]
INFO: [ app_end ] --START--
INFO: Run Behavior\ShowPageTraceBehavior [ RunTime:0.002185s ]
INFO: [ app_end ] --END-- [ RunTime:0.002369s ]

[ 2017-12-07T19:23:09+08:00 ] ::1 /stell/index.php/home/stock/www.layui.com/demo/table/user/?page=1&limit=10
INFO: [ app_init ] --START--
INFO: Run Behavior\BuildLiteBehavior [ RunTime:0.000055s ]
INFO: [ app_init ] --END-- [ RunTime:0.000274s ]
INFO: [ app_begin ] --START--
INFO: Run Behavior\ReadHtmlCacheBehavior [ RunTime:0.002614s ]
INFO: [ app_begin ] --END-- [ RunTime:0.002906s ]
ERR: 非法操作:www.layui.com

[ 2017-12-07T19:23:12+08:00 ] ::1 /stell/index.php/home/stock/index.html
INFO: [ app_init ] --START--
INFO: Run Behavior\BuildLiteBehavior [ RunTime:0.000054s ]
INFO: [ app_init ] --END-- [ RunTime:0.000273s ]
INFO: [ app_begin ] --START--
INFO: Run Behavior\ReadHtmlCacheBehavior [ RunTime:0.007063s ]
INFO: [ app_begin ] --END-- [ RunTime:0.007581s ]
SQL: SHOW COLUMNS FROM `goods` [ RunTime:0.0699s ]
SQL: SHOW COLUMNS FROM `goods` [ RunTime:0.0268s ]
SQL: SELECT `material` FROM `goods`  [ RunTime:0.0011s ]
INFO: [ view_parse ] --START--
INFO: [ template_filter ] --START--
INFO: Run Behavior\ContentReplaceBehavior [ RunTime:0.000217s ]
INFO: [ template_filter ] --END-- [ RunTime:0.000421s ]
INFO: Run Behavior\ParseTemplateBehavior [ RunTime:0.037333s ]
INFO: [ view_parse ] --END-- [ RunTime:0.037538s ]
INFO: [ view_filter ] --START--
INFO: Run Behavior\WriteHtmlCacheBehavior [ RunTime:0.001777s ]
INFO: [ view_filter ] --END-- [ RunTime:0.001973s ]
INFO: [ app_end ] --START--
INFO: Run Behavior\ShowPageTraceBehavior [ RunTime:0.003089s ]
INFO: [ app_end ] --END-- [ RunTime:0.003274s ]

[ 2017-12-07T19:23:13+08:00 ] ::1 /stell/index.php/home/stock/www.layui.com/demo/table/user/?page=1&limit=10
INFO: [ app_init ] --START--
INFO: Run Behavior\BuildLiteBehavior [ RunTime:0.000052s ]
INFO: [ app_init ] --END-- [ RunTime:0.000256s ]
INFO: [ app_begin ] --START--
INFO: Run Behavior\ReadHtmlCacheBehavior [ RunTime:0.004952s ]
INFO: [ app_begin ] --END-- [ RunTime:0.005661s ]
ERR: 非法操作:www.layui.com

[ 2017-12-07T19:23:17+08:00 ] ::1 /stell/index.php/home/stock/index.html
INFO: [ app_init ] --START--
INFO: Run Behavior\BuildLiteBehavior [ RunTime:0.000077s ]
INFO: [ app_init ] --END-- [ RunTime:0.000652s ]
INFO: [ app_begin ] --START--
INFO: Run Behavior\ReadHtmlCacheBehavior [ RunTime:0.002775s ]
INFO: [ app_begin ] --END-- [ RunTime:0.003092s ]
SQL: SHOW COLUMNS FROM `goods` [ RunTime:0.0767s ]
SQL: SHOW COLUMNS FROM `goods` [ RunTime:0.0333s ]
SQL: SELECT `material` FROM `goods`  [ RunTime:0.0010s ]
INFO: [ view_parse ] --START--
INFO: [ template_filter ] --START--
INFO: Run Behavior\ContentReplaceBehavior [ RunTime:0.000213s ]
INFO: [ template_filter ] --END-- [ RunTime:0.000412s ]
INFO: Run Behavior\ParseTemplateBehavior [ RunTime:0.034705s ]
INFO: [ view_parse ] --END-- [ RunTime:0.034950s ]
INFO: [ view_filter ] --START--
INFO: Run Behavior\WriteHtmlCacheBehavior [ RunTime:0.002023s ]
INFO: [ view_filter ] --END-- [ RunTime:0.002225s ]
INFO: [ app_end ] --START--
INFO: Run Behavior\ShowPageTraceBehavior [ RunTime:0.002746s ]
INFO: [ app_end ] --END-- [ RunTime:0.002940s ]

[ 2017-12-07T19:23:18+08:00 ] ::1 /stell/index.php/home/stock/www.layui.com/demo/table/user/?page=1&limit=10
INFO: [ app_init ] --START--
INFO: Run Behavior\BuildLiteBehavior [ RunTime:0.000054s ]
INFO: [ app_init ] --END-- [ RunTime:0.000275s ]
INFO: [ app_begin ] --START--
INFO: Run Behavior\ReadHtmlCacheBehavior [ RunTime:0.009542s ]
INFO: [ app_begin ] --END-- [ RunTime:0.009758s ]
ERR: 非法操作:www.layui.com

[ 2017-12-07T19:23:33+08:00 ] ::1 /stell/index.php/home/stock/index.html
INFO: [ app_init ] --START--
INFO: Run Behavior\BuildLiteBehavior [ RunTime:0.000079s ]
INFO: [ app_init ] --END-- [ RunTime:0.000380s ]
INFO: [ app_begin ] --START--
INFO: Run Behavior\ReadHtmlCacheBehavior [ RunTime:0.003143s ]
INFO: [ app_begin ] --END-- [ RunTime:0.003815s ]
SQL: SHOW COLUMNS FROM `goods` [ RunTime:0.0703s ]
SQL: SHOW COLUMNS FROM `goods` [ RunTime:0.0269s ]
SQL: SELECT `material` FROM `goods`  [ RunTime:0.0014s ]
INFO: [ view_parse ] --START--
INFO: [ template_filter ] --START--
INFO: Run Behavior\ContentReplaceBehavior [ RunTime:0.000210s ]
INFO: [ template_filter ] --END-- [ RunTime:0.000402s ]
INFO: Run Behavior\ParseTemplateBehavior [ RunTime:0.164430s ]
INFO: [ view_parse ] --END-- [ RunTime:0.164759s ]
INFO: [ view_filter ] --START--
INFO: Run Behavior\WriteHtmlCacheBehavior [ RunTime:0.001355s ]
INFO: [ view_filter ] --END-- [ RunTime:0.001529s ]
INFO: [ app_end ] --START--
INFO: Run Behavior\ShowPageTraceBehavior [ RunTime:0.003718s ]
INFO: [ app_end ] --END-- [ RunTime:0.003930s ]

[ 2017-12-07T19:23:38+08:00 ] ::1 /stell/index.php/home/stock/index.html
INFO: [ app_init ] --START--
INFO: Run Behavior\BuildLiteBehavior [ RunTime:0.000182s ]
INFO: [ app_init ] --END-- [ RunTime:0.000495s ]
INFO: [ app_begin ] --START--
INFO: Run Behavior\ReadHtmlCacheBehavior [ RunTime:0.003217s ]
INFO: [ app_begin ] --END-- [ RunTime:0.003451s ]
SQL: SHOW COLUMNS FROM `goods` [ RunTime:0.0680s ]
SQL: SHOW COLUMNS FROM `goods` [ RunTime:0.0286s ]
SQL: SELECT `material` FROM `goods`  [ RunTime:0.0011s ]
INFO: [ view_parse ] --START--
INFO: [ template_filter ] --START--
INFO: Run Behavior\ContentReplaceBehavior [ RunTime:0.000213s ]
INFO: [ template_filter ] --END-- [ RunTime:0.000411s ]
INFO: Run Behavior\ParseTemplateBehavior [ RunTime:0.037969s ]
INFO: [ view_parse ] --END-- [ RunTime:0.038209s ]
INFO: [ view_filter ] --START--
INFO: Run Behavior\WriteHtmlCacheBehavior [ RunTime:0.001542s ]
INFO: [ view_filter ] --END-- [ RunTime:0.001771s ]
INFO: [ app_end ] --START--
INFO: Run Behavior\ShowPageTraceBehavior [ RunTime:0.002627s ]
INFO: [ app_end ] --END-- [ RunTime:0.002962s ]

[ 2017-12-07T19:23:43+08:00 ] ::1 /stell/index.php/home/stock/index.html
INFO: [ app_init ] --START--
INFO: Run Behavior\BuildLiteBehavior [ RunTime:0.000057s ]
INFO: [ app_init ] --END-- [ RunTime:0.000302s ]
INFO: [ app_begin ] --START--
INFO: Run Behavior\ReadHtmlCacheBehavior [ RunTime:0.004459s ]
INFO: [ app_begin ] --END-- [ RunTime:0.004836s ]
SQL: SHOW COLUMNS FROM `goods` [ RunTime:0.0756s ]
SQL: SHOW COLUMNS FROM `goods` [ RunTime:0.0285s ]
SQL: SELECT `material` FROM `goods`  [ RunTime:0.0010s ]
INFO: [ view_parse ] --START--
INFO: [ template_filter ] --START--
INFO: Run Behavior\ContentReplaceBehavior [ RunTime:0.000208s ]
INFO: [ template_filter ] --END-- [ RunTime:0.000397s ]
INFO: Run Behavior\ParseTemplateBehavior [ RunTime:0.034068s ]
INFO: [ view_parse ] --END-- [ RunTime:0.034484s ]
INFO: [ view_filter ] --START--
INFO: Run Behavior\WriteHtmlCacheBehavior [ RunTime:0.002379s ]
INFO: [ view_filter ] --END-- [ RunTime:0.003050s ]
INFO: [ app_end ] --START--
INFO: Run Behavior\ShowPageTraceBehavior [ RunTime:0.003732s ]
INFO: [ app_end ] --END-- [ RunTime:0.003926s ]

[ 2017-12-07T19:23:52+08:00 ] ::1 /stell/index.php/home/stock/index.html
INFO: [ app_init ] --START--
INFO: Run Behavior\BuildLiteBehavior [ RunTime:0.000049s ]
INFO: [ app_init ] --END-- [ RunTime:0.000223s ]
INFO: [ app_begin ] --START--
INFO: Run Behavior\ReadHtmlCacheBehavior [ RunTime:0.004407s ]
INFO: [ app_begin ] --END-- [ RunTime:0.004787s ]
SQL: SHOW COLUMNS FROM `goods` [ RunTime:0.1689s ]
SQL: SHOW COLUMNS FROM `goods` [ RunTime:0.0909s ]
SQL: SELECT `material` FROM `goods`  [ RunTime:0.0021s ]
INFO: [ view_parse ] --START--
INFO: [ template_filter ] --START--
INFO: Run Behavior\ContentReplaceBehavior [ RunTime:0.000218s ]
INFO: [ template_filter ] --END-- [ RunTime:0.000406s ]
INFO: Run Behavior\ParseTemplateBehavior [ RunTime:0.041237s ]
INFO: [ view_parse ] --END-- [ RunTime:0.041534s ]
INFO: [ view_filter ] --START--
INFO: Run Behavior\WriteHtmlCacheBehavior [ RunTime:0.002027s ]
INFO: [ view_filter ] --END-- [ RunTime:0.002363s ]
INFO: [ app_end ] --START--
INFO: Run Behavior\ShowPageTraceBehavior [ RunTime:0.003184s ]
INFO: [ app_end ] --END-- [ RunTime:0.003503s ]

[ 2017-12-07T19:24:09+08:00 ] ::1 /stell/index.php/home/stock/index.html
INFO: [ app_init ] --START--
INFO: Run Behavior\BuildLiteBehavior [ RunTime:0.000240s ]
INFO: [ app_init ] --END-- [ RunTime:0.000702s ]
INFO: [ app_begin ] --START--
INFO: Run Behavior\ReadHtmlCacheBehavior [ RunTime:0.010816s ]
INFO: [ app_begin ] --END-- [ RunTime:0.013704s ]
SQL: SHOW COLUMNS FROM `goods` [ RunTime:0.0758s ]
SQL: SHOW COLUMNS FROM `goods` [ RunTime:0.0332s ]
SQL: SELECT `material` FROM `goods`  [ RunTime:0.0009s ]
INFO: [ view_parse ] --START--
INFO: [ template_filter ] --START--
INFO: Run Behavior\ContentReplaceBehavior [ RunTime:0.000246s ]
INFO: [ template_filter ] --END-- [ RunTime:0.000471s ]
INFO: Run Behavior\ParseTemplateBehavior [ RunTime:0.058912s ]
INFO: [ view_parse ] --END-- [ RunTime:0.059670s ]
INFO: [ view_filter ] --START--
INFO: Run Behavior\WriteHtmlCacheBehavior [ RunTime:0.003738s ]
INFO: [ view_filter ] --END-- [ RunTime:0.004000s ]
INFO: [ app_end ] --START--
INFO: Run Behavior\ShowPageTraceBehavior [ RunTime:0.005000s ]
INFO: [ app_end ] --END-- [ RunTime:0.005195s ]

[ 2017-12-07T19:24:35+08:00 ] ::1 /stell/index.php/home/stock/index.html
INFO: [ app_init ] --START--
INFO: Run Behavior\BuildLiteBehavior [ RunTime:0.000064s ]
INFO: [ app_init ] --END-- [ RunTime:0.000300s ]
INFO: [ app_begin ] --START--
INFO: Run Behavior\ReadHtmlCacheBehavior [ RunTime:0.002837s ]
INFO: [ app_begin ] --END-- [ RunTime:0.003358s ]
SQL: SHOW COLUMNS FROM `goods` [ RunTime:0.0971s ]
SQL: SHOW COLUMNS FROM `goods` [ RunTime:0.0382s ]
SQL: SELECT `material` FROM `goods`  [ RunTime:0.0011s ]
INFO: [ view_parse ] --START--
INFO: [ template_filter ] --START--
INFO: Run Behavior\ContentReplaceBehavior [ RunTime:0.000245s ]
INFO: [ template_filter ] --END-- [ RunTime:0.000471s ]
INFO: Run Behavior\ParseTemplateBehavior [ RunTime:0.038147s ]
INFO: [ view_parse ] --END-- [ RunTime:0.038378s ]
INFO: [ view_filter ] --START--
INFO: Run Behavior\WriteHtmlCacheBehavior [ RunTime:0.001268s ]
INFO: [ view_filter ] --END-- [ RunTime:0.001448s ]
INFO: [ app_end ] --START--
INFO: Run Behavior\ShowPageTraceBehavior [ RunTime:0.002426s ]
INFO: [ app_end ] --END-- [ RunTime:0.002635s ]

[ 2017-12-07T19:25:19+08:00 ] ::1 /stell/index.php/home/stock/index.html
INFO: [ app_init ] --START--
INFO: Run Behavior\BuildLiteBehavior [ RunTime:0.000081s ]
INFO: [ app_init ] --END-- [ RunTime:0.000433s ]
INFO: [ app_begin ] --START--
INFO: Run Behavior\ReadHtmlCacheBehavior [ RunTime:0.007393s ]
INFO: [ app_begin ] --END-- [ RunTime:0.007765s ]
SQL: SHOW COLUMNS FROM `goods` [ RunTime:0.1508s ]
SQL: SHOW COLUMNS FROM `goods` [ RunTime:0.0471s ]
SQL: SELECT `material` FROM `goods`  [ RunTime:0.0023s ]
INFO: [ view_parse ] --START--
INFO: [ template_filter ] --START--
INFO: Run Behavior\ContentReplaceBehavior [ RunTime:0.000618s ]
INFO: [ template_filter ] --END-- [ RunTime:0.001556s ]
INFO: Run Behavior\ParseTemplateBehavior [ RunTime:0.048310s ]
INFO: [ view_parse ] --END-- [ RunTime:0.048617s ]
INFO: [ view_filter ] --START--
INFO: Run Behavior\WriteHtmlCacheBehavior [ RunTime:0.007703s ]
INFO: [ view_filter ] --END-- [ RunTime:0.008621s ]
INFO: [ app_end ] --START--
INFO: Run Behavior\ShowPageTraceBehavior [ RunTime:0.002941s ]
INFO: [ app_end ] --END-- [ RunTime:0.003195s ]

[ 2017-12-07T19:25:49+08:00 ] ::1 /stell/index.php/home/stock/index.html
INFO: [ app_init ] --START--
INFO: Run Behavior\BuildLiteBehavior [ RunTime:0.000053s ]
INFO: [ app_init ] --END-- [ RunTime:0.000594s ]
INFO: [ app_begin ] --START--
INFO: Run Behavior\ReadHtmlCacheBehavior [ RunTime:0.009151s ]
INFO: [ app_begin ] --END-- [ RunTime:0.009401s ]
SQL: SHOW COLUMNS FROM `goods` [ RunTime:0.0586s ]
SQL: SHOW COLUMNS FROM `goods` [ RunTime:0.0557s ]
SQL: SELECT `material` FROM `goods`  [ RunTime:0.0009s ]
INFO: [ view_parse ] --START--
INFO: [ template_filter ] --START--
INFO: Run Behavior\ContentReplaceBehavior [ RunTime:0.000214s ]
INFO: [ template_filter ] --END-- [ RunTime:0.000394s ]
INFO: Run Behavior\ParseTemplateBehavior [ RunTime:0.042255s ]
INFO: [ view_parse ] --END-- [ RunTime:0.042494s ]
INFO: [ view_filter ] --START--
INFO: Run Behavior\WriteHtmlCacheBehavior [ RunTime:0.001566s ]
INFO: [ view_filter ] --END-- [ RunTime:0.001731s ]
INFO: [ app_end ] --START--
INFO: Run Behavior\ShowPageTraceBehavior [ RunTime:0.010604s ]
INFO: [ app_end ] --END-- [ RunTime:0.010858s ]

[ 2017-12-07T19:26:07+08:00 ] ::1 /stell/index.php/home/stock/index.html
INFO: [ app_init ] --START--
INFO: Run Behavior\BuildLiteBehavior [ RunTime:0.000066s ]
INFO: [ app_init ] --END-- [ RunTime:0.000527s ]
INFO: [ app_begin ] --START--
INFO: Run Behavior\ReadHtmlCacheBehavior [ RunTime:0.002566s ]
INFO: [ app_begin ] --END-- [ RunTime:0.002865s ]
SQL: SHOW COLUMNS FROM `goods` [ RunTime:0.0821s ]
SQL: SHOW COLUMNS FROM `goods` [ RunTime:0.0344s ]
SQL: SELECT `material` FROM `goods`  [ RunTime:0.0012s ]
INFO: [ view_parse ] --START--
INFO: [ template_filter ] --START--
INFO: Run Behavior\ContentReplaceBehavior [ RunTime:0.000222s ]
INFO: [ template_filter ] --END-- [ RunTime:0.000407s ]
INFO: Run Behavior\ParseTemplateBehavior [ RunTime:0.143483s ]
INFO: [ view_parse ] --END-- [ RunTime:0.143734s ]
INFO: [ view_filter ] --START--
INFO: Run Behavior\WriteHtmlCacheBehavior [ RunTime:0.001345s ]
INFO: [ view_filter ] --END-- [ RunTime:0.001529s ]
INFO: [ app_end ] --START--
INFO: Run Behavior\ShowPageTraceBehavior [ RunTime:0.003163s ]
INFO: [ app_end ] --END-- [ RunTime:0.003555s ]

[ 2017-12-07T19:36:42+08:00 ] ::1 /stell/index.php/home/stock/index.html
INFO: [ app_init ] --START--
INFO: Run Behavior\BuildLiteBehavior [ RunTime:0.000051s ]
INFO: [ app_init ] --END-- [ RunTime:0.000263s ]
INFO: [ app_begin ] --START--
INFO: Run Behavior\ReadHtmlCacheBehavior [ RunTime:0.003626s ]
INFO: [ app_begin ] --END-- [ RunTime:0.003880s ]

[ 2017-12-07T19:37:01+08:00 ] ::1 /stell/index.php/home/stock/index.html
INFO: [ app_init ] --START--
INFO: Run Behavior\BuildLiteBehavior [ RunTime:0.000055s ]
INFO: [ app_init ] --END-- [ RunTime:0.000284s ]
INFO: [ app_begin ] --START--
INFO: Run Behavior\ReadHtmlCacheBehavior [ RunTime:0.002987s ]
INFO: [ app_begin ] --END-- [ RunTime:0.003250s ]
SQL: SHOW COLUMNS FROM `goods` [ RunTime:0.0820s ]
SQL: SHOW COLUMNS FROM `goods` [ RunTime:0.0311s ]
SQL: SELECT `material` FROM `goods`  [ RunTime:0.0016s ]
SQL: SELECT * FROM `goods`  [ RunTime:0.0024s ]
INFO: [ view_parse ] --START--
INFO: [ template_filter ] --START--
INFO: Run Behavior\ContentReplaceBehavior [ RunTime:0.000249s ]
INFO: [ template_filter ] --END-- [ RunTime:0.000438s ]
INFO: Run Behavior\ParseTemplateBehavior [ RunTime:0.176435s ]
INFO: [ view_parse ] --END-- [ RunTime:0.176793s ]
INFO: [ view_filter ] --START--
INFO: Run Behavior\WriteHtmlCacheBehavior [ RunTime:0.007882s ]
INFO: [ view_filter ] --END-- [ RunTime:0.008511s ]
INFO: [ app_end ] --START--
INFO: Run Behavior\ShowPageTraceBehavior [ RunTime:0.004328s ]
INFO: [ app_end ] --END-- [ RunTime:0.005010s ]

[ 2017-12-07T19:46:21+08:00 ] ::1 /stell/index.php/home/stock/index.html
INFO: [ app_init ] --START--
INFO: Run Behavior\BuildLiteBehavior [ RunTime:0.000388s ]
INFO: [ app_init ] --END-- [ RunTime:0.005876s ]
INFO: [ app_begin ] --START--
INFO: Run Behavior\ReadHtmlCacheBehavior [ RunTime:0.007777s ]
INFO: [ app_begin ] --END-- [ RunTime:0.008498s ]
SQL: SHOW COLUMNS FROM `goods` [ RunTime:0.1177s ]
SQL: SHOW COLUMNS FROM `goods` [ RunTime:0.0359s ]
SQL: SELECT `material` FROM `goods`  [ RunTime:0.0013s ]
SQL: SELECT * FROM `goods`  [ RunTime:0.0014s ]
INFO: [ view_parse ] --START--
INFO: [ template_filter ] --START--
INFO: Run Behavior\ContentReplaceBehavior [ RunTime:0.000230s ]
INFO: [ template_filter ] --END-- [ RunTime:0.000429s ]
INFO: Run Behavior\ParseTemplateBehavior [ RunTime:0.185046s ]
INFO: [ view_parse ] --END-- [ RunTime:0.185302s ]
INFO: [ view_filter ] --START--
INFO: Run Behavior\WriteHtmlCacheBehavior [ RunTime:0.001772s ]
INFO: [ view_filter ] --END-- [ RunTime:0.001949s ]
INFO: [ app_end ] --START--
INFO: Run Behavior\ShowPageTraceBehavior [ RunTime:0.005696s ]
INFO: [ app_end ] --END-- [ RunTime:0.007972s ]

[ 2017-12-07T19:46:58+08:00 ] ::1 /stell/index.php/home/stock/index.html
INFO: [ app_init ] --START--
INFO: Run Behavior\BuildLiteBehavior [ RunTime:0.000056s ]
INFO: [ app_init ] --END-- [ RunTime:0.000283s ]
INFO: [ app_begin ] --START--
INFO: Run Behavior\ReadHtmlCacheBehavior [ RunTime:0.008325s ]
INFO: [ app_begin ] --END-- [ RunTime:0.008654s ]
SQL: SHOW COLUMNS FROM `goods` [ RunTime:0.1327s ]
SQL: SHOW COLUMNS FROM `goods` [ RunTime:0.0486s ]
SQL: SELECT `material` FROM `goods`  [ RunTime:0.0018s ]
SQL: SELECT * FROM `goods`  [ RunTime:0.0015s ]
INFO: [ view_parse ] --START--
INFO: [ template_filter ] --START--
INFO: Run Behavior\ContentReplaceBehavior [ RunTime:0.000211s ]
INFO: [ template_filter ] --END-- [ RunTime:0.000394s ]
INFO: Run Behavior\ParseTemplateBehavior [ RunTime:0.177335s ]
INFO: [ view_parse ] --END-- [ RunTime:0.178508s ]
INFO: [ view_filter ] --START--
INFO: Run Behavior\WriteHtmlCacheBehavior [ RunTime:0.002134s ]
INFO: [ view_filter ] --END-- [ RunTime:0.002341s ]
INFO: [ app_end ] --START--
INFO: Run Behavior\ShowPageTraceBehavior [ RunTime:0.010665s ]
INFO: [ app_end ] --END-- [ RunTime:0.011171s ]

[ 2017-12-07T19:50:18+08:00 ] ::1 /stell/index.php/home/stock/index.html
INFO: [ app_init ] --START--
INFO: Run Behavior\BuildLiteBehavior [ RunTime:0.000059s ]
INFO: [ app_init ] --END-- [ RunTime:0.000295s ]
INFO: [ app_begin ] --START--
INFO: Run Behavior\ReadHtmlCacheBehavior [ RunTime:0.013790s ]
INFO: [ app_begin ] --END-- [ RunTime:0.014241s ]

[ 2017-12-07T19:50:32+08:00 ] ::1 /stell/index.php/home/stock/index.html
INFO: [ app_init ] --START--
INFO: Run Behavior\BuildLiteBehavior [ RunTime:0.000055s ]
INFO: [ app_init ] --END-- [ RunTime:0.000267s ]
INFO: [ app_begin ] --START--
INFO: Run Behavior\ReadHtmlCacheBehavior [ RunTime:0.003699s ]
INFO: [ app_begin ] --END-- [ RunTime:0.004076s ]
SQL: SHOW COLUMNS FROM `goods` [ RunTime:0.0732s ]
SQL: SHOW COLUMNS FROM `goods` [ RunTime:0.0291s ]
SQL: SELECT `material` FROM `goods`  [ RunTime:0.0014s ]
SQL: SELECT * FROM `goods`  [ RunTime:0.0016s ]

[ 2017-12-07T19:51:33+08:00 ] ::1 /stell/index.php/home/stock/index.html
INFO: [ app_init ] --START--
INFO: Run Behavior\BuildLiteBehavior [ RunTime:0.000250s ]
INFO: [ app_init ] --END-- [ RunTime:0.000892s ]
INFO: [ app_begin ] --START--
INFO: Run Behavior\ReadHtmlCacheBehavior [ RunTime:0.004608s ]
INFO: [ app_begin ] --END-- [ RunTime:0.012919s ]
SQL: SHOW COLUMNS FROM `goods` [ RunTime:0.1017s ]
SQL: SHOW COLUMNS FROM `goods` [ RunTime:0.0342s ]
SQL: SELECT `material` FROM `goods`  [ RunTime:0.0013s ]
SQL: SELECT * FROM `goods`  [ RunTime:0.0015s ]

[ 2017-12-07T19:56:34+08:00 ] ::1 /stell/index.php/home/stock/index.html
INFO: [ app_init ] --START--
INFO: Run Behavior\BuildLiteBehavior [ RunTime:0.000049s ]
INFO: [ app_init ] --END-- [ RunTime:0.000240s ]
INFO: [ app_begin ] --START--
INFO: Run Behavior\ReadHtmlCacheBehavior [ RunTime:0.010056s ]
INFO: [ app_begin ] --END-- [ RunTime:0.010666s ]
SQL: SHOW COLUMNS FROM `goods` [ RunTime:0.1093s ]
SQL: SHOW COLUMNS FROM `goods` [ RunTime:0.0350s ]
SQL: SELECT `material` FROM `goods`  [ RunTime:0.0010s ]
SQL: SELECT * FROM `goods`  [ RunTime:0.0013s ]

[ 2017-12-07T19:56:39+08:00 ] ::1 /stell/index.php/home/stock/index.html
INFO: [ app_init ] --START--
INFO: Run Behavior\BuildLiteBehavior [ RunTime:0.000077s ]
INFO: [ app_init ] --END-- [ RunTime:0.000622s ]
INFO: [ app_begin ] --START--
INFO: Run Behavior\ReadHtmlCacheBehavior [ RunTime:0.004090s ]
INFO: [ app_begin ] --END-- [ RunTime:0.005248s ]
SQL: SHOW COLUMNS FROM `goods` [ RunTime:0.0746s ]
SQL: SHOW COLUMNS FROM `goods` [ RunTime:0.0372s ]
SQL: SELECT `material` FROM `goods`  [ RunTime:0.0009s ]
SQL: SELECT * FROM `goods`  [ RunTime:0.0012s ]

[ 2017-12-07T19:56:42+08:00 ] ::1 /stell/index.php/home/stock/index.html
INFO: [ app_init ] --START--
INFO: Run Behavior\BuildLiteBehavior [ RunTime:0.000054s ]
INFO: [ app_init ] --END-- [ RunTime:0.000266s ]
INFO: [ app_begin ] --START--
INFO: Run Behavior\ReadHtmlCacheBehavior [ RunTime:0.002961s ]
INFO: [ app_begin ] --END-- [ RunTime:0.003217s ]
SQL: SHOW COLUMNS FROM `goods` [ RunTime:0.2095s ]
SQL: SHOW COLUMNS FROM `goods` [ RunTime:0.0628s ]
SQL: SELECT `material` FROM `goods`  [ RunTime:0.0017s ]
SQL: SELECT * FROM `goods`  [ RunTime:0.0031s ]

[ 2017-12-07T19:56:52+08:00 ] ::1 /stell/index.php/home/stock/index.html
INFO: [ app_init ] --START--
INFO: Run Behavior\BuildLiteBehavior [ RunTime:0.000112s ]
INFO: [ app_init ] --END-- [ RunTime:0.001219s ]
INFO: [ app_begin ] --START--
INFO: Run Behavior\ReadHtmlCacheBehavior [ RunTime:0.002299s ]
INFO: [ app_begin ] --END-- [ RunTime:0.002532s ]
SQL: SHOW COLUMNS FROM `goods` [ RunTime:0.1085s ]
SQL: SHOW COLUMNS FROM `goods` [ RunTime:0.0347s ]
SQL: SELECT `material` FROM `goods`  [ RunTime:0.0014s ]
SQL: SELECT * FROM `goods`  [ RunTime:0.0020s ]

[ 2017-12-07T20:01:20+08:00 ] ::1 /stell/index.php/home/stock/index.html
INFO: [ app_init ] --START--
INFO: Run Behavior\BuildLiteBehavior [ RunTime:0.000557s ]
INFO: [ app_init ] --END-- [ RunTime:0.001305s ]
INFO: [ app_begin ] --START--
INFO: Run Behavior\ReadHtmlCacheBehavior [ RunTime:0.015423s ]
INFO: [ app_begin ] --END-- [ RunTime:0.018677s ]
SQL: SHOW COLUMNS FROM `goods` [ RunTime:0.1108s ]
SQL: SHOW COLUMNS FROM `goods` [ RunTime:0.0341s ]
SQL: SELECT `material` FROM `goods`  [ RunTime:0.0026s ]
SQL: SELECT * FROM `goods`  [ RunTime:0.0023s ]

[ 2017-12-07T20:03:08+08:00 ] ::1 /stell/index.php/home/stock/index.html
INFO: [ app_init ] --START--
INFO: Run Behavior\BuildLiteBehavior [ RunTime:0.000054s ]
INFO: [ app_init ] --END-- [ RunTime:0.000264s ]
INFO: [ app_begin ] --START--
INFO: Run Behavior\ReadHtmlCacheBehavior [ RunTime:0.007753s ]
INFO: [ app_begin ] --END-- [ RunTime:0.008378s ]
SQL: SHOW COLUMNS FROM `goods` [ RunTime:0.0816s ]
SQL: SHOW COLUMNS FROM `goods` [ RunTime:0.0292s ]
SQL: SELECT `material` FROM `goods`  [ RunTime:0.0012s ]
SQL: SELECT * FROM `goods`  [ RunTime:0.0013s ]

[ 2017-12-07T20:03:14+08:00 ] ::1 /stell/index.php/home/stock/index.html
INFO: [ app_init ] --START--
INFO: Run Behavior\BuildLiteBehavior [ RunTime:0.000083s ]
INFO: [ app_init ] --END-- [ RunTime:0.000422s ]
INFO: [ app_begin ] --START--
INFO: Run Behavior\ReadHtmlCacheBehavior [ RunTime:0.003268s ]
INFO: [ app_begin ] --END-- [ RunTime:0.004290s ]
SQL: SHOW COLUMNS FROM `goods` [ RunTime:0.1179s ]
SQL: SHOW COLUMNS FROM `goods` [ RunTime:0.0338s ]
SQL: SELECT `material` FROM `goods`  [ RunTime:0.0010s ]
SQL: SELECT * FROM `goods`  [ RunTime:0.0012s ]

[ 2017-12-07T20:03:42+08:00 ] ::1 /stell/index.php/home/stock/index.html
INFO: [ app_init ] --START--
INFO: Run Behavior\BuildLiteBehavior [ RunTime:0.000056s ]
INFO: [ app_init ] --END-- [ RunTime:0.000277s ]
INFO: [ app_begin ] --START--
INFO: Run Behavior\ReadHtmlCacheBehavior [ RunTime:0.010929s ]
INFO: [ app_begin ] --END-- [ RunTime:0.011199s ]
SQL: SHOW COLUMNS FROM `goods` [ RunTime:0.0714s ]
SQL: SHOW COLUMNS FROM `goods` [ RunTime:0.0317s ]
SQL: SELECT `material` FROM `goods`  [ RunTime:0.0011s ]
SQL: SELECT * FROM `goods`  [ RunTime:0.0033s ]

[ 2017-12-07T20:04:24+08:00 ] ::1 /stell/index.php/home/stock/index.html
INFO: [ app_init ] --START--
INFO: Run Behavior\BuildLiteBehavior [ RunTime:0.000058s ]
INFO: [ app_init ] --END-- [ RunTime:0.000388s ]
INFO: [ app_begin ] --START--
INFO: Run Behavior\ReadHtmlCacheBehavior [ RunTime:0.002790s ]
INFO: [ app_begin ] --END-- [ RunTime:0.003051s ]
SQL: SHOW COLUMNS FROM `goods` [ RunTime:0.0665s ]
SQL: SHOW COLUMNS FROM `goods` [ RunTime:0.0310s ]
SQL: SELECT `material` FROM `goods`  [ RunTime:0.0011s ]
SQL: SELECT * FROM `goods`  [ RunTime:0.0018s ]

[ 2017-12-07T20:08:40+08:00 ] ::1 /stell/index.php/home/stock/index.html
INFO: [ app_init ] --START--
INFO: Run Behavior\BuildLiteBehavior [ RunTime:0.000065s ]
INFO: [ app_init ] --END-- [ RunTime:0.002003s ]
INFO: [ app_begin ] --START--
INFO: Run Behavior\ReadHtmlCacheBehavior [ RunTime:0.080474s ]
INFO: [ app_begin ] --END-- [ RunTime:0.080732s ]
SQL: SHOW COLUMNS FROM `goods` [ RunTime:0.1391s ]
SQL: SHOW COLUMNS FROM `goods` [ RunTime:0.0268s ]
SQL: SELECT `material` FROM `goods`  [ RunTime:0.0020s ]
SQL: SELECT * FROM `goods`  [ RunTime:0.0015s ]

[ 2017-12-07T20:12:32+08:00 ] ::1 /stell/index.php/home/stock/index.html
INFO: [ app_init ] --START--
INFO: Run Behavior\BuildLiteBehavior [ RunTime:0.000056s ]
INFO: [ app_init ] --END-- [ RunTime:0.000291s ]
INFO: [ app_begin ] --START--
INFO: Run Behavior\ReadHtmlCacheBehavior [ RunTime:0.002795s ]
INFO: [ app_begin ] --END-- [ RunTime:0.003134s ]
SQL: SHOW COLUMNS FROM `goods` [ RunTime:0.1754s ]
SQL: SHOW COLUMNS FROM `goods` [ RunTime:0.0439s ]
SQL: SELECT `material` FROM `goods`  [ RunTime:0.0012s ]
SQL: SELECT * FROM `goods`  [ RunTime:0.0016s ]

[ 2017-12-07T20:21:00+08:00 ] ::1 /stell/index.php/home/stock/index.html
INFO: [ app_init ] --START--
INFO: Run Behavior\BuildLiteBehavior [ RunTime:0.000062s ]
INFO: [ app_init ] --END-- [ RunTime:0.000463s ]
INFO: [ app_begin ] --START--
INFO: Run Behavior\ReadHtmlCacheBehavior [ RunTime:0.004540s ]
INFO: [ app_begin ] --END-- [ RunTime:0.004803s ]
SQL: SHOW COLUMNS FROM `goods` [ RunTime:0.0778s ]
SQL: SHOW COLUMNS FROM `goods` [ RunTime:0.0306s ]
SQL: SELECT `material` FROM `goods`  [ RunTime:0.0010s ]
SQL: SELECT * FROM `goods`  [ RunTime:0.0016s ]

[ 2017-12-07T20:25:31+08:00 ] ::1 /stell/index.php/home/stock/index.html
INFO: [ app_init ] --START--
INFO: Run Behavior\BuildLiteBehavior [ RunTime:0.000051s ]
INFO: [ app_init ] --END-- [ RunTime:0.000248s ]
INFO: [ app_begin ] --START--
INFO: Run Behavior\ReadHtmlCacheBehavior [ RunTime:0.003500s ]
INFO: [ app_begin ] --END-- [ RunTime:0.003857s ]
SQL: SHOW COLUMNS FROM `goods` [ RunTime:0.0621s ]
SQL: SHOW COLUMNS FROM `goods` [ RunTime:0.0298s ]
SQL: SELECT `material` FROM `goods`  [ RunTime:0.0009s ]
SQL: SELECT * FROM `goods`  [ RunTime:0.0025s ]
INFO: [ view_parse ] --START--
INFO: [ template_filter ] --START--
INFO: Run Behavior\ContentReplaceBehavior [ RunTime:0.003198s ]
INFO: [ template_filter ] --END-- [ RunTime:0.003415s ]
NOTIC: [8] Undefined variable: page C:\phpStudy\WWW\stell\application\Runtime\Cache\Home\41c991b64167ab4f15d3c50a73fd2e47.php 第 114 行.
INFO: Run Behavior\ParseTemplateBehavior [ RunTime:0.586532s ]
INFO: [ view_parse ] --END-- [ RunTime:0.586751s ]
INFO: [ view_filter ] --START--
INFO: Run Behavior\WriteHtmlCacheBehavior [ RunTime:0.059495s ]
INFO: [ view_filter ] --END-- [ RunTime:0.059678s ]
INFO: [ app_end ] --START--
INFO: Run Behavior\ShowPageTraceBehavior [ RunTime:0.109612s ]
INFO: [ app_end ] --END-- [ RunTime:0.118732s ]

[ 2017-12-07T20:52:33+08:00 ] ::1 /stell/index.php/home/stock/index.html
INFO: [ app_init ] --START--
INFO: Run Behavior\BuildLiteBehavior [ RunTime:0.000052s ]
INFO: [ app_init ] --END-- [ RunTime:0.000271s ]
INFO: [ app_begin ] --START--
INFO: Run Behavior\ReadHtmlCacheBehavior [ RunTime:0.002915s ]
INFO: [ app_begin ] --END-- [ RunTime:0.003130s ]
SQL: SHOW COLUMNS FROM `goods` [ RunTime:0.0749s ]
SQL: SHOW COLUMNS FROM `goods` [ RunTime:0.0326s ]
SQL: SELECT `material` FROM `goods`  [ RunTime:0.0010s ]
SQL: SELECT * FROM `goods`  [ RunTime:0.0014s ]
INFO: [ view_parse ] --START--
INFO: [ template_filter ] --START--
INFO: Run Behavior\ContentReplaceBehavior [ RunTime:0.000219s ]
INFO: [ template_filter ] --END-- [ RunTime:0.000403s ]
NOTIC: [8] Undefined variable: page C:\phpStudy\WWW\stell\application\Runtime\Cache\Home\41c991b64167ab4f15d3c50a73fd2e47.php 第 114 行.
INFO: Run Behavior\ParseTemplateBehavior [ RunTime:0.177530s ]
INFO: [ view_parse ] --END-- [ RunTime:0.178265s ]
INFO: [ view_filter ] --START--
INFO: Run Behavior\WriteHtmlCacheBehavior [ RunTime:0.001972s ]
INFO: [ view_filter ] --END-- [ RunTime:0.002352s ]
INFO: [ app_end ] --START--
INFO: Run Behavior\ShowPageTraceBehavior [ RunTime:0.007954s ]
INFO: [ app_end ] --END-- [ RunTime:0.008197s ]

