[ 2017-12-18T14:09:28+08:00 ] ::1 /stell/Public/static/jquery.js
INFO: [ app_init ] --START--
INFO: Run Behavior\BuildLiteBehavior [ RunTime:0.000056s ]
INFO: [ app_init ] --END-- [ RunTime:0.000280s ]
INFO: [ app_begin ] --START--
INFO: Run Behavior\ReadHtmlCacheBehavior [ RunTime:0.003990s ]
INFO: [ app_begin ] --END-- [ RunTime:0.004628s ]
ERR: 无法加载控制器:Static

[ 2017-12-18T18:47:46+08:00 ] ::1 /stell/Public/product/images/favicon.ico
INFO: [ app_init ] --START--
INFO: Run Behavior\BuildLiteBehavior [ RunTime:0.000010s ]
INFO: [ app_init ] --END-- [ RunTime:0.000054s ]

[ 2017-12-18T18:48:19+08:00 ] ::1 /stell/Public/page/images/favicon.ico
INFO: [ app_init ] --START--
INFO: Run Behavior\BuildLiteBehavior [ RunTime:0.000015s ]
INFO: [ app_init ] --END-- [ RunTime:0.000079s ]

[ 2017-12-18T19:30:15+08:00 ] ::1 /stell/Public/page/images/favicon.ico
INFO: [ app_init ] --START--
INFO: Run Behavior\BuildLiteBehavior [ RunTime:0.000009s ]
INFO: [ app_init ] --END-- [ RunTime:0.000047s ]

