[ 2017-12-24T10:49:55+08:00 ] ::1 /stell/Public/qq/js/jquery-1.8.3.min
INFO: [ app_init ] --START--
INFO: Run Behavior\BuildLiteBehavior [ RunTime:0.000027s ]
INFO: [ app_init ] --END-- [ RunTime:0.000155s ]
INFO: [ app_begin ] --START--
INFO: Run Behavior\ReadHtmlCacheBehavior [ RunTime:0.000874s ]
INFO: [ app_begin ] --END-- [ RunTime:0.000956s ]
ERR: 无法加载控制器:Qq

[ 2017-12-24T10:49:55+08:00 ] ::1 /stell/Public/index/img/cpzh/5a3880517d0a7.png
INFO: [ app_init ] --START--
INFO: Run Behavior\BuildLiteBehavior [ RunTime:0.000026s ]
INFO: [ app_init ] --END-- [ RunTime:0.000139s ]

[ 2017-12-24T10:54:00+08:00 ] ::1 /stell/Public/qq/js/jquery-1.8.3.min
INFO: [ app_init ] --START--
INFO: Run Behavior\BuildLiteBehavior [ RunTime:0.000024s ]
INFO: [ app_init ] --END-- [ RunTime:0.000192s ]
INFO: [ app_begin ] --START--
INFO: Run Behavior\ReadHtmlCacheBehavior [ RunTime:0.000890s ]
INFO: [ app_begin ] --END-- [ RunTime:0.001001s ]
ERR: 无法加载控制器:Qq

[ 2017-12-24T10:54:00+08:00 ] ::1 /stell/Public/index/img/cpzh/5a3880517d0a7.png
INFO: [ app_init ] --START--
INFO: Run Behavior\BuildLiteBehavior [ RunTime:0.000028s ]
INFO: [ app_init ] --END-- [ RunTime:0.000154s ]

[ 2017-12-24T10:54:04+08:00 ] ::1 /stell/Public/qq/js/jquery-1.8.3.min
INFO: [ app_init ] --START--
INFO: Run Behavior\BuildLiteBehavior [ RunTime:0.000012s ]
INFO: [ app_init ] --END-- [ RunTime:0.000059s ]
INFO: [ app_begin ] --START--
INFO: Run Behavior\ReadHtmlCacheBehavior [ RunTime:0.000487s ]
INFO: [ app_begin ] --END-- [ RunTime:0.000537s ]
ERR: 无法加载控制器:Qq

[ 2017-12-24T10:55:04+08:00 ] ::1 /stell/Public/qq/js/jquery-1.8.3.min
INFO: [ app_init ] --START--
INFO: Run Behavior\BuildLiteBehavior [ RunTime:0.000013s ]
INFO: [ app_init ] --END-- [ RunTime:0.000062s ]
INFO: [ app_begin ] --START--
INFO: Run Behavior\ReadHtmlCacheBehavior [ RunTime:0.000750s ]
INFO: [ app_begin ] --END-- [ RunTime:0.000800s ]
ERR: 无法加载控制器:Qq

[ 2017-12-24T10:55:04+08:00 ] ::1 /stell/Public/index/img/cpzh/5a3880517d0a7.png
INFO: [ app_init ] --START--
INFO: Run Behavior\BuildLiteBehavior [ RunTime:0.000023s ]
INFO: [ app_init ] --END-- [ RunTime:0.000118s ]

[ 2017-12-24T11:45:07+08:00 ] ::1 /stell/Public/qq/js/jquery-1.8.3.min
INFO: [ app_init ] --START--
INFO: Run Behavior\BuildLiteBehavior [ RunTime:0.000023s ]
INFO: [ app_init ] --END-- [ RunTime:0.000118s ]
INFO: [ app_begin ] --START--
INFO: Run Behavior\ReadHtmlCacheBehavior [ RunTime:0.000928s ]
INFO: [ app_begin ] --END-- [ RunTime:0.001085s ]
ERR: 无法加载控制器:Qq

[ 2017-12-24T11:45:07+08:00 ] ::1 /stell/Public/index/img/cpzh/5a3880517d0a7.png
INFO: [ app_init ] --START--
INFO: Run Behavior\BuildLiteBehavior [ RunTime:0.000024s ]
INFO: [ app_init ] --END-- [ RunTime:0.000126s ]

