[ 2017-12-13T15:59:26+08:00 ] ::1 /stell/Public/product/images/favicon.ico
INFO: [ app_init ] --START--
INFO: Run Behavior\BuildLiteBehavior [ RunTime:0.000054s ]
INFO: [ app_init ] --END-- [ RunTime:0.000261s ]

[ 2017-12-13T15:59:26+08:00 ] ::1 /stell/Public/product/images/icon.png
INFO: [ app_init ] --START--
INFO: Run Behavior\BuildLiteBehavior [ RunTime:0.000072s ]
INFO: [ app_init ] --END-- [ RunTime:0.000312s ]

[ 2017-12-13T15:59:27+08:00 ] ::1 /stell/Public/product/images/backtop.png
INFO: [ app_init ] --START--
INFO: Run Behavior\BuildLiteBehavior [ RunTime:0.000061s ]
INFO: [ app_init ] --END-- [ RunTime:0.000282s ]

[ 2017-12-13T17:18:51+08:00 ] ::1 /stell/Public/product/images/backtop.png
INFO: [ app_init ] --START--
INFO: Run Behavior\BuildLiteBehavior [ RunTime:0.000081s ]
INFO: [ app_init ] --END-- [ RunTime:0.003012s ]

[ 2017-12-13T17:21:46+08:00 ] ::1 /stell/Public/product/images/backtop.png
INFO: [ app_init ] --START--
INFO: Run Behavior\BuildLiteBehavior [ RunTime:0.000066s ]
INFO: [ app_init ] --END-- [ RunTime:0.025737s ]

[ 2017-12-13T17:22:56+08:00 ] ::1 /stell/Public/product/images/backtop.png
INFO: [ app_init ] --START--
INFO: Run Behavior\BuildLiteBehavior [ RunTime:0.000053s ]
INFO: [ app_init ] --END-- [ RunTime:0.000255s ]

[ 2017-12-13T17:23:56+08:00 ] ::1 /stell/Public/product/images/backtop.png
INFO: [ app_init ] --START--
INFO: Run Behavior\BuildLiteBehavior [ RunTime:0.000072s ]
INFO: [ app_init ] --END-- [ RunTime:0.000382s ]

[ 2017-12-13T17:24:35+08:00 ] ::1 /stell/Public/product/images/backtop.png
INFO: [ app_init ] --START--
INFO: Run Behavior\BuildLiteBehavior [ RunTime:0.000055s ]
INFO: [ app_init ] --END-- [ RunTime:0.000304s ]

[ 2017-12-13T17:25:48+08:00 ] ::1 /stell/Public/product/images/backtop.png
INFO: [ app_init ] --START--
INFO: Run Behavior\BuildLiteBehavior [ RunTime:0.000054s ]
INFO: [ app_init ] --END-- [ RunTime:0.003380s ]

[ 2017-12-13T17:26:04+08:00 ] ::1 /stell/Public/product/images/backtop.png
INFO: [ app_init ] --START--
INFO: Run Behavior\BuildLiteBehavior [ RunTime:0.000071s ]
INFO: [ app_init ] --END-- [ RunTime:0.000409s ]

[ 2017-12-13T17:26:14+08:00 ] ::1 /stell/Public/product/images/backtop.png
INFO: [ app_init ] --START--
INFO: Run Behavior\BuildLiteBehavior [ RunTime:0.000050s ]
INFO: [ app_init ] --END-- [ RunTime:0.000259s ]

[ 2017-12-13T17:26:39+08:00 ] ::1 /stell/Public/product/images/backtop.png
INFO: [ app_init ] --START--
INFO: Run Behavior\BuildLiteBehavior [ RunTime:0.000060s ]
INFO: [ app_init ] --END-- [ RunTime:0.000399s ]

[ 2017-12-13T17:26:54+08:00 ] ::1 /stell/Public/product/images/backtop.png
INFO: [ app_init ] --START--
INFO: Run Behavior\BuildLiteBehavior [ RunTime:0.000079s ]
INFO: [ app_init ] --END-- [ RunTime:0.000364s ]

[ 2017-12-13T17:27:53+08:00 ] ::1 /stell/Public/product/images/backtop.png
INFO: [ app_init ] --START--
INFO: Run Behavior\BuildLiteBehavior [ RunTime:0.000272s ]
INFO: [ app_init ] --END-- [ RunTime:0.000888s ]

[ 2017-12-13T17:28:46+08:00 ] ::1 /stell/Public/product/images/backtop.png
INFO: [ app_init ] --START--
INFO: Run Behavior\BuildLiteBehavior [ RunTime:0.000053s ]
INFO: [ app_init ] --END-- [ RunTime:0.000272s ]

[ 2017-12-13T17:29:15+08:00 ] ::1 /stell/Public/product/images/backtop.png
INFO: [ app_init ] --START--
INFO: Run Behavior\BuildLiteBehavior [ RunTime:0.000057s ]
INFO: [ app_init ] --END-- [ RunTime:0.002647s ]

[ 2017-12-13T17:29:51+08:00 ] ::1 /stell/Public/product/images/backtop.png
INFO: [ app_init ] --START--
INFO: Run Behavior\BuildLiteBehavior [ RunTime:0.000054s ]
INFO: [ app_init ] --END-- [ RunTime:0.000280s ]

[ 2017-12-13T18:46:23+08:00 ] ::1 /stell/Public/product/images/backtop.png
INFO: [ app_init ] --START--
INFO: Run Behavior\BuildLiteBehavior [ RunTime:0.000053s ]
INFO: [ app_init ] --END-- [ RunTime:0.000244s ]

[ 2017-12-13T18:47:00+08:00 ] ::1 /stell/Public/product/images/backtop.png
INFO: [ app_init ] --START--
INFO: Run Behavior\BuildLiteBehavior [ RunTime:0.000316s ]
INFO: [ app_init ] --END-- [ RunTime:0.000576s ]

[ 2017-12-13T18:55:20+08:00 ] ::1 /stell/Public/product/images/icon.png
INFO: [ app_init ] --START--
INFO: Run Behavior\BuildLiteBehavior [ RunTime:0.000050s ]
INFO: [ app_init ] --END-- [ RunTime:0.000230s ]

[ 2017-12-13T19:48:29+08:00 ] ::1 /stell/Public/product/images/icon.png
INFO: [ app_init ] --START--
INFO: Run Behavior\BuildLiteBehavior [ RunTime:0.000059s ]
INFO: [ app_init ] --END-- [ RunTime:0.000664s ]

[ 2017-12-13T19:48:30+08:00 ] ::1 /stell/Public/product/images/favicon.ico
INFO: [ app_init ] --START--
INFO: Run Behavior\BuildLiteBehavior [ RunTime:0.000057s ]
INFO: [ app_init ] --END-- [ RunTime:0.000285s ]

[ 2017-12-13T19:50:46+08:00 ] ::1 /stell/Public/product/images/favicon.ico
INFO: [ app_init ] --START--
INFO: Run Behavior\BuildLiteBehavior [ RunTime:0.000051s ]
INFO: [ app_init ] --END-- [ RunTime:0.000234s ]

[ 2017-12-13T20:24:38+08:00 ] ::1 /stell/Public/product/img/cpzs/1.jpg
INFO: [ app_init ] --START--
INFO: Run Behavior\BuildLiteBehavior [ RunTime:0.000054s ]
INFO: [ app_init ] --END-- [ RunTime:0.000280s ]

[ 2017-12-13T20:24:53+08:00 ] ::1 /stell/Public/product/img/cpzs/2.jpg
INFO: [ app_init ] --START--
INFO: Run Behavior\BuildLiteBehavior [ RunTime:0.000053s ]
INFO: [ app_init ] --END-- [ RunTime:0.000263s ]

[ 2017-12-13T20:24:53+08:00 ] ::1 /stell/Public/product/img/cpzs/1.jpg
INFO: [ app_init ] --START--
INFO: Run Behavior\BuildLiteBehavior [ RunTime:0.000058s ]
INFO: [ app_init ] --END-- [ RunTime:0.000311s ]

[ 2017-12-13T20:25:31+08:00 ] ::1 /stell/Public/product/img/cpzs/1.jpg
INFO: [ app_init ] --START--
INFO: Run Behavior\BuildLiteBehavior [ RunTime:0.000058s ]
INFO: [ app_init ] --END-- [ RunTime:0.000920s ]

[ 2017-12-13T20:25:31+08:00 ] ::1 /stell/Public/product/img/cpzs/2.jpg
INFO: [ app_init ] --START--
INFO: Run Behavior\BuildLiteBehavior [ RunTime:0.000054s ]
INFO: [ app_init ] --END-- [ RunTime:0.000291s ]

[ 2017-12-13T20:25:45+08:00 ] ::1 /stell/Public/product/img/cpzs/1.jpg
INFO: [ app_init ] --START--
INFO: Run Behavior\BuildLiteBehavior [ RunTime:0.000055s ]
INFO: [ app_init ] --END-- [ RunTime:0.000290s ]

[ 2017-12-13T20:25:45+08:00 ] ::1 /stell/Public/product/img/cpzs/2.jpg
INFO: [ app_init ] --START--
INFO: Run Behavior\BuildLiteBehavior [ RunTime:0.000054s ]
INFO: [ app_init ] --END-- [ RunTime:0.000276s ]

[ 2017-12-13T20:26:49+08:00 ] ::1 /stell/Public/product/img/cpzs/1.jpg
INFO: [ app_init ] --START--
INFO: Run Behavior\BuildLiteBehavior [ RunTime:0.000171s ]
INFO: [ app_init ] --END-- [ RunTime:0.001606s ]

[ 2017-12-13T20:26:50+08:00 ] ::1 /stell/Public/product/img/cpzs/2.jpg
INFO: [ app_init ] --START--
INFO: Run Behavior\BuildLiteBehavior [ RunTime:0.000056s ]
INFO: [ app_init ] --END-- [ RunTime:0.000495s ]

[ 2017-12-13T20:27:03+08:00 ] ::1 /stell/Public/product/img/cpzs/1.jpg
INFO: [ app_init ] --START--
INFO: Run Behavior\BuildLiteBehavior [ RunTime:0.000065s ]
INFO: [ app_init ] --END-- [ RunTime:0.000512s ]

[ 2017-12-13T20:27:04+08:00 ] ::1 /stell/Public/product/img/cpzs/2.jpg
INFO: [ app_init ] --START--
INFO: Run Behavior\BuildLiteBehavior [ RunTime:0.000048s ]
INFO: [ app_init ] --END-- [ RunTime:0.000231s ]

[ 2017-12-13T20:27:07+08:00 ] ::1 /stell/Public/product/img/cpzs/2.jpg
INFO: [ app_init ] --START--
INFO: Run Behavior\BuildLiteBehavior [ RunTime:0.000053s ]
INFO: [ app_init ] --END-- [ RunTime:0.000252s ]

[ 2017-12-13T20:27:07+08:00 ] ::1 /stell/Public/product/img/cpzs/1.jpg
INFO: [ app_init ] --START--
INFO: Run Behavior\BuildLiteBehavior [ RunTime:0.000057s ]
INFO: [ app_init ] --END-- [ RunTime:0.021727s ]

[ 2017-12-13T20:27:22+08:00 ] ::1 /stell/Public/product/img/cpzs/1.jpg
INFO: [ app_init ] --START--
INFO: Run Behavior\BuildLiteBehavior [ RunTime:0.000053s ]
INFO: [ app_init ] --END-- [ RunTime:0.000249s ]

[ 2017-12-13T20:27:22+08:00 ] ::1 /stell/Public/product/img/cpzs/2.jpg
INFO: [ app_init ] --START--
INFO: Run Behavior\BuildLiteBehavior [ RunTime:0.000055s ]
INFO: [ app_init ] --END-- [ RunTime:0.000273s ]

[ 2017-12-13T20:27:37+08:00 ] ::1 /stell/Public/product/img/cpzs/1.jpg
INFO: [ app_init ] --START--
INFO: Run Behavior\BuildLiteBehavior [ RunTime:0.000051s ]
INFO: [ app_init ] --END-- [ RunTime:0.000253s ]

[ 2017-12-13T20:27:37+08:00 ] ::1 /stell/Public/product/img/cpzs/2.jpg
INFO: [ app_init ] --START--
INFO: Run Behavior\BuildLiteBehavior [ RunTime:0.000055s ]
INFO: [ app_init ] --END-- [ RunTime:0.000432s ]

[ 2017-12-13T20:27:38+08:00 ] ::1 /stell/Public/product/img/cpzs/1.jpg
INFO: [ app_init ] --START--
INFO: Run Behavior\BuildLiteBehavior [ RunTime:0.001045s ]
INFO: [ app_init ] --END-- [ RunTime:0.001366s ]

[ 2017-12-13T20:28:10+08:00 ] ::1 /stell/Public/product/img/cpzs/1.jpg
INFO: [ app_init ] --START--
INFO: Run Behavior\BuildLiteBehavior [ RunTime:0.000053s ]
INFO: [ app_init ] --END-- [ RunTime:0.000268s ]

[ 2017-12-13T20:28:11+08:00 ] ::1 /stell/Public/product/img/cpzs/2.jpg
INFO: [ app_init ] --START--
INFO: Run Behavior\BuildLiteBehavior [ RunTime:0.000130s ]
INFO: [ app_init ] --END-- [ RunTime:0.001121s ]

[ 2017-12-13T20:29:15+08:00 ] ::1 /stell/Public/product/img/cpzs/1.jpg
INFO: [ app_init ] --START--
INFO: Run Behavior\BuildLiteBehavior [ RunTime:0.000074s ]
INFO: [ app_init ] --END-- [ RunTime:0.000538s ]

