[ 2018-01-03T11:10:22+08:00 ] 112.253.25.52 /index.php/Admin/Index/index.html
INFO: [ app_init ] --START--
INFO: Run Behavior\BuildLiteBehavior [ RunTime:0.000015s ]
INFO: [ app_init ] --END-- [ RunTime:0.000065s ]
INFO: [ app_begin ] --START--
INFO: Run Behavior\ReadHtmlCacheBehavior [ RunTime:0.000399s ]
INFO: [ app_begin ] --END-- [ RunTime:0.000455s ]
INFO: [ view_parse ] --START--
INFO: [ template_filter ] --START--
INFO: Run Behavior\ContentReplaceBehavior [ RunTime:0.000039s ]
INFO: [ template_filter ] --END-- [ RunTime:0.000088s ]
INFO: Run Behavior\ParseTemplateBehavior [ RunTime:0.004140s ]
INFO: [ view_parse ] --END-- [ RunTime:0.004193s ]
INFO: [ view_filter ] --START--
INFO: Run Behavior\WriteHtmlCacheBehavior [ RunTime:0.000170s ]
INFO: [ view_filter ] --END-- [ RunTime:0.000208s ]

[ 2018-01-03T11:10:22+08:00 ] 112.253.25.52 /index.php/Admin/Index/js/canvas-particle.js
INFO: [ app_init ] --START--
INFO: Run Behavior\BuildLiteBehavior [ RunTime:0.000015s ]
INFO: [ app_init ] --END-- [ RunTime:0.000064s ]
INFO: [ app_begin ] --START--
INFO: Run Behavior\ReadHtmlCacheBehavior [ RunTime:0.000457s ]
INFO: [ app_begin ] --END-- [ RunTime:0.000513s ]
ERR: 非法操作:js

[ 2018-01-03T11:10:29+08:00 ] 112.253.25.52 /index.php/Admin/index/jump.html
INFO: [ app_init ] --START--
INFO: Run Behavior\BuildLiteBehavior [ RunTime:0.000017s ]
INFO: [ app_init ] --END-- [ RunTime:0.000066s ]
INFO: [ app_begin ] --START--
INFO: Run Behavior\ReadHtmlCacheBehavior [ RunTime:0.000431s ]
INFO: [ app_begin ] --END-- [ RunTime:0.000508s ]
SQL: SHOW COLUMNS FROM `user` [ RunTime:0.0016s ]
SQL: SHOW COLUMNS FROM `user` [ RunTime:0.0010s ]
SQL: SELECT * FROM `user` WHERE ( id=1 ) LIMIT 1   [ RunTime:0.0002s ]
INFO: [ view_parse ] --START--
INFO: [ template_filter ] --START--
INFO: Run Behavior\ContentReplaceBehavior [ RunTime:0.000041s ]
INFO: [ template_filter ] --END-- [ RunTime:0.000094s ]
INFO: Run Behavior\ParseTemplateBehavior [ RunTime:0.004400s ]
INFO: [ view_parse ] --END-- [ RunTime:0.004454s ]
INFO: [ view_filter ] --START--
INFO: Run Behavior\WriteHtmlCacheBehavior [ RunTime:0.000180s ]
INFO: [ view_filter ] --END-- [ RunTime:0.000220s ]
INFO: [ app_end ] --START--
INFO: Run Behavior\ShowPageTraceBehavior [ RunTime:0.000442s ]
INFO: [ app_end ] --END-- [ RunTime:0.000489s ]

[ 2018-01-03T11:10:31+08:00 ] 112.253.25.52 /index.php/Admin/main/index.html
INFO: [ app_init ] --START--
INFO: Run Behavior\BuildLiteBehavior [ RunTime:0.000020s ]
INFO: [ app_init ] --END-- [ RunTime:0.000099s ]
INFO: [ app_begin ] --START--
INFO: Run Behavior\ReadHtmlCacheBehavior [ RunTime:0.000576s ]
INFO: [ app_begin ] --END-- [ RunTime:0.000654s ]
INFO: [ view_parse ] --START--
INFO: [ template_filter ] --START--
INFO: Run Behavior\ContentReplaceBehavior [ RunTime:0.000054s ]
INFO: [ template_filter ] --END-- [ RunTime:0.000105s ]
INFO: Run Behavior\ParseTemplateBehavior [ RunTime:0.005272s ]
INFO: [ view_parse ] --END-- [ RunTime:0.005324s ]
INFO: [ view_filter ] --START--
INFO: Run Behavior\WriteHtmlCacheBehavior [ RunTime:0.000171s ]
INFO: [ view_filter ] --END-- [ RunTime:0.000210s ]
INFO: [ app_end ] --START--
INFO: Run Behavior\ShowPageTraceBehavior [ RunTime:0.000546s ]
INFO: [ app_end ] --END-- [ RunTime:0.000599s ]

[ 2018-01-03T11:10:31+08:00 ] 112.253.25.52 /index.php/Admin/main/build/css/nprogress.css
INFO: [ app_init ] --START--
INFO: Run Behavior\BuildLiteBehavior [ RunTime:0.000015s ]
INFO: [ app_init ] --END-- [ RunTime:0.000067s ]
INFO: [ app_begin ] --START--
INFO: Run Behavior\ReadHtmlCacheBehavior [ RunTime:0.000413s ]
INFO: [ app_begin ] --END-- [ RunTime:0.000469s ]
ERR: 非法操作:build

[ 2018-01-03T11:10:31+08:00 ] 112.253.25.52 /index.php/Admin/main/build/css/message.css
INFO: [ app_init ] --START--
INFO: Run Behavior\BuildLiteBehavior [ RunTime:0.000016s ]
INFO: [ app_init ] --END-- [ RunTime:0.000065s ]
INFO: [ app_begin ] --START--
INFO: Run Behavior\ReadHtmlCacheBehavior [ RunTime:0.000421s ]
INFO: [ app_begin ] --END-- [ RunTime:0.000480s ]
ERR: 非法操作:build

[ 2018-01-03T11:10:31+08:00 ] 112.253.25.52 /index.php/Admin/main/main.html
INFO: [ app_init ] --START--
INFO: Run Behavior\BuildLiteBehavior [ RunTime:0.000019s ]
INFO: [ app_init ] --END-- [ RunTime:0.000079s ]
INFO: [ app_begin ] --START--
INFO: Run Behavior\ReadHtmlCacheBehavior [ RunTime:0.000410s ]
INFO: [ app_begin ] --END-- [ RunTime:0.000478s ]
INFO: [ view_parse ] --START--
INFO: [ template_filter ] --START--
INFO: Run Behavior\ContentReplaceBehavior [ RunTime:0.000037s ]
INFO: [ template_filter ] --END-- [ RunTime:0.000089s ]
INFO: Run Behavior\ParseTemplateBehavior [ RunTime:0.004331s ]
INFO: [ view_parse ] --END-- [ RunTime:0.004383s ]
INFO: [ view_filter ] --START--
INFO: Run Behavior\WriteHtmlCacheBehavior [ RunTime:0.000176s ]
INFO: [ view_filter ] --END-- [ RunTime:0.000218s ]
INFO: [ app_end ] --START--
INFO: Run Behavior\ShowPageTraceBehavior [ RunTime:0.000434s ]
INFO: [ app_end ] --END-- [ RunTime:0.000478s ]

[ 2018-01-03T11:10:43+08:00 ] 112.253.25.52 /index.php/Admin/main/artide.html
INFO: [ app_init ] --START--
INFO: Run Behavior\BuildLiteBehavior [ RunTime:0.000015s ]
INFO: [ app_init ] --END-- [ RunTime:0.000064s ]
INFO: [ app_begin ] --START--
INFO: Run Behavior\ReadHtmlCacheBehavior [ RunTime:0.000401s ]
INFO: [ app_begin ] --END-- [ RunTime:0.000458s ]
SQL: SHOW COLUMNS FROM `artide` [ RunTime:0.0015s ]
NOTIC: [8] Undefined index: p C:\phpStudy4IIS\WWW\stell\application\Admin\Controller\MainController.class.php 第 257 行.
SQL: SELECT * FROM `artide` ORDER BY id DESC LIMIT 0,10   [ RunTime:0.0006s ]
SQL: SELECT COUNT(*) AS tp_count FROM `artide` LIMIT 1   [ RunTime:0.0002s ]
INFO: [ view_parse ] --START--
INFO: [ template_filter ] --START--
INFO: Run Behavior\ContentReplaceBehavior [ RunTime:0.000043s ]
INFO: [ template_filter ] --END-- [ RunTime:0.000097s ]
NOTIC: [8] Use of undefined constant kind - assumed 'kind' C:\phpStudy4IIS\WWW\stell\application\Runtime\Cache\Admin\b45e477c30575b836ab72a748c2c9516.php 第 31 行.
NOTIC: [8] Use of undefined constant kind - assumed 'kind' C:\phpStudy4IIS\WWW\stell\application\Runtime\Cache\Admin\b45e477c30575b836ab72a748c2c9516.php 第 31 行.
NOTIC: [8] Use of undefined constant kind - assumed 'kind' C:\phpStudy4IIS\WWW\stell\application\Runtime\Cache\Admin\b45e477c30575b836ab72a748c2c9516.php 第 31 行.
NOTIC: [8] Use of undefined constant kind - assumed 'kind' C:\phpStudy4IIS\WWW\stell\application\Runtime\Cache\Admin\b45e477c30575b836ab72a748c2c9516.php 第 31 行.
NOTIC: [8] Use of undefined constant kind - assumed 'kind' C:\phpStudy4IIS\WWW\stell\application\Runtime\Cache\Admin\b45e477c30575b836ab72a748c2c9516.php 第 31 行.
NOTIC: [8] Use of undefined constant kind - assumed 'kind' C:\phpStudy4IIS\WWW\stell\application\Runtime\Cache\Admin\b45e477c30575b836ab72a748c2c9516.php 第 31 行.
NOTIC: [8] Use of undefined constant kind - assumed 'kind' C:\phpStudy4IIS\WWW\stell\application\Runtime\Cache\Admin\b45e477c30575b836ab72a748c2c9516.php 第 31 行.
NOTIC: [8] Use of undefined constant kind - assumed 'kind' C:\phpStudy4IIS\WWW\stell\application\Runtime\Cache\Admin\b45e477c30575b836ab72a748c2c9516.php 第 31 行.
NOTIC: [8] Use of undefined constant kind - assumed 'kind' C:\phpStudy4IIS\WWW\stell\application\Runtime\Cache\Admin\b45e477c30575b836ab72a748c2c9516.php 第 31 行.
NOTIC: [8] Use of undefined constant kind - assumed 'kind' C:\phpStudy4IIS\WWW\stell\application\Runtime\Cache\Admin\b45e477c30575b836ab72a748c2c9516.php 第 31 行.
INFO: Run Behavior\ParseTemplateBehavior [ RunTime:0.005617s ]
INFO: [ view_parse ] --END-- [ RunTime:0.005671s ]
INFO: [ view_filter ] --START--
INFO: Run Behavior\WriteHtmlCacheBehavior [ RunTime:0.000193s ]
INFO: [ view_filter ] --END-- [ RunTime:0.000236s ]
INFO: [ app_end ] --START--
INFO: Run Behavior\ShowPageTraceBehavior [ RunTime:0.000407s ]
INFO: [ app_end ] --END-- [ RunTime:0.000454s ]

[ 2018-01-03T11:10:47+08:00 ] 112.253.25.52 /index.php/Admin/main/exitartidecon/id/34.html
INFO: [ app_init ] --START--
INFO: Run Behavior\BuildLiteBehavior [ RunTime:0.000015s ]
INFO: [ app_init ] --END-- [ RunTime:0.000065s ]
INFO: [ app_begin ] --START--
INFO: Run Behavior\ReadHtmlCacheBehavior [ RunTime:0.000410s ]
INFO: [ app_begin ] --END-- [ RunTime:0.000468s ]
SQL: SHOW COLUMNS FROM `artide` [ RunTime:0.0013s ]
NOTIC: [8] Use of undefined constant id - assumed 'id' C:\phpStudy4IIS\WWW\stell\application\Admin\Controller\MainController.class.php 第 308 行.
SQL: SHOW COLUMNS FROM `artide` [ RunTime:0.0010s ]
SQL: SELECT * FROM `artide` WHERE ( Id=34 ) LIMIT 1   [ RunTime:0.0002s ]
INFO: [ view_parse ] --START--
INFO: [ template_filter ] --START--
INFO: Run Behavior\ContentReplaceBehavior [ RunTime:0.000050s ]
INFO: [ template_filter ] --END-- [ RunTime:0.000101s ]
INFO: Run Behavior\ParseTemplateBehavior [ RunTime:0.005038s ]
INFO: [ view_parse ] --END-- [ RunTime:0.005094s ]
INFO: [ view_filter ] --START--
INFO: Run Behavior\WriteHtmlCacheBehavior [ RunTime:0.000178s ]
INFO: [ view_filter ] --END-- [ RunTime:0.000220s ]
INFO: [ app_end ] --START--
INFO: Run Behavior\ShowPageTraceBehavior [ RunTime:0.000421s ]
INFO: [ app_end ] --END-- [ RunTime:0.000468s ]

[ 2018-01-03T11:10:48+08:00 ] 112.253.25.52 /index.php/Admin/Main/save_info.html?action=config&&noCache=1514949051217
INFO: [ app_init ] --START--
INFO: Run Behavior\BuildLiteBehavior [ RunTime:0.000016s ]
INFO: [ app_init ] --END-- [ RunTime:0.000065s ]
INFO: [ app_begin ] --START--
INFO: Run Behavior\ReadHtmlCacheBehavior [ RunTime:0.000399s ]
INFO: [ app_begin ] --END-- [ RunTime:0.000456s ]
INFO: [ app_end ] --START--
INFO: Run Behavior\ShowPageTraceBehavior [ RunTime:0.000412s ]
INFO: [ app_end ] --END-- [ RunTime:0.000466s ]

[ 2018-01-03T11:10:56+08:00 ] 112.253.25.52 /index.php/Admin/main/exitartidecons.html
INFO: [ app_init ] --START--
INFO: Run Behavior\BuildLiteBehavior [ RunTime:0.000015s ]
INFO: [ app_init ] --END-- [ RunTime:0.000065s ]
INFO: [ app_begin ] --START--
INFO: Run Behavior\ReadHtmlCacheBehavior [ RunTime:0.000403s ]
INFO: [ app_begin ] --END-- [ RunTime:0.000461s ]
SQL: SHOW COLUMNS FROM `artide` [ RunTime:0.0013s ]
NOTIC: [2] call_user_func() expects parameter 1 to be a valid callback, no array or string given C:\phpStudy4IIS\WWW\stell\ThinkPHP\Library\Think\Upload.class.php 第 170 行.
NOTIC: [8] Use of undefined constant photo - assumed 'photo' C:\phpStudy4IIS\WWW\stell\application\Admin\Controller\MainController.class.php 第 582 行.
NOTIC: [8] Use of undefined constant savename - assumed 'savename' C:\phpStudy4IIS\WWW\stell\application\Admin\Controller\MainController.class.php 第 582 行.
NOTIC: [8] Use of undefined constant id - assumed 'id' C:\phpStudy4IIS\WWW\stell\application\Admin\Controller\MainController.class.php 第 326 行.
NOTIC: [8] Use of undefined constant title - assumed 'title' C:\phpStudy4IIS\WWW\stell\application\Admin\Controller\MainController.class.php 第 327 行.
NOTIC: [8] Use of undefined constant time - assumed 'time' C:\phpStudy4IIS\WWW\stell\application\Admin\Controller\MainController.class.php 第 328 行.
NOTIC: [8] Use of undefined constant caizhi - assumed 'caizhi' C:\phpStudy4IIS\WWW\stell\application\Admin\Controller\MainController.class.php 第 329 行.
NOTIC: [8] Undefined index: caizhi C:\phpStudy4IIS\WWW\stell\application\Admin\Controller\MainController.class.php 第 329 行.
NOTIC: [8] Use of undefined constant zuozhe - assumed 'zuozhe' C:\phpStudy4IIS\WWW\stell\application\Admin\Controller\MainController.class.php 第 330 行.
NOTIC: [8] Use of undefined constant info - assumed 'info' C:\phpStudy4IIS\WWW\stell\application\Admin\Controller\MainController.class.php 第 331 行.
NOTIC: [8] Use of undefined constant kind - assumed 'kind' C:\phpStudy4IIS\WWW\stell\application\Admin\Controller\MainController.class.php 第 332 行.
SQL: SHOW COLUMNS FROM `artide` [ RunTime:0.0011s ]
SQL: UPDATE `artide` SET `title`='',`time`='',`zuozhe`='',`content`='',`image`='5a4c49c0b63ea.png',`kind`='2' WHERE ( Id=34 ) [ RunTime:0.0003s ]
INFO: [ view_parse ] --START--
INFO: [ template_filter ] --START--
INFO: Run Behavior\ContentReplaceBehavior [ RunTime:0.000041s ]
INFO: [ template_filter ] --END-- [ RunTime:0.000095s ]
INFO: Run Behavior\ParseTemplateBehavior [ RunTime:0.005282s ]
INFO: [ view_parse ] --END-- [ RunTime:0.005337s ]
INFO: [ view_filter ] --START--
INFO: Run Behavior\WriteHtmlCacheBehavior [ RunTime:0.000426s ]
INFO: [ view_filter ] --END-- [ RunTime:0.000469s ]
NOTIC: [8] Undefined variable: data C:\phpStudy4IIS\WWW\stell\application\Admin\Controller\MainController.class.php 第 341 行.
INFO: [ app_end ] --START--
INFO: Run Behavior\ShowPageTraceBehavior [ RunTime:0.000672s ]
INFO: [ app_end ] --END-- [ RunTime:0.000721s ]

[ 2018-01-03T11:10:58+08:00 ] 112.253.25.52 /index.php/Admin/main/artide.html
INFO: [ app_init ] --START--
INFO: Run Behavior\BuildLiteBehavior [ RunTime:0.000015s ]
INFO: [ app_init ] --END-- [ RunTime:0.000067s ]
INFO: [ app_begin ] --START--
INFO: Run Behavior\ReadHtmlCacheBehavior [ RunTime:0.000630s ]
INFO: [ app_begin ] --END-- [ RunTime:0.000689s ]
SQL: SHOW COLUMNS FROM `artide` [ RunTime:0.0013s ]
NOTIC: [8] Undefined index: p C:\phpStudy4IIS\WWW\stell\application\Admin\Controller\MainController.class.php 第 257 行.
SQL: SELECT * FROM `artide` ORDER BY id DESC LIMIT 0,10   [ RunTime:0.0006s ]
SQL: SELECT COUNT(*) AS tp_count FROM `artide` LIMIT 1   [ RunTime:0.0002s ]
INFO: [ view_parse ] --START--
INFO: [ template_filter ] --START--
INFO: Run Behavior\ContentReplaceBehavior [ RunTime:0.000041s ]
INFO: [ template_filter ] --END-- [ RunTime:0.000092s ]
NOTIC: [8] Use of undefined constant kind - assumed 'kind' C:\phpStudy4IIS\WWW\stell\application\Runtime\Cache\Admin\b45e477c30575b836ab72a748c2c9516.php 第 31 行.
NOTIC: [8] Use of undefined constant kind - assumed 'kind' C:\phpStudy4IIS\WWW\stell\application\Runtime\Cache\Admin\b45e477c30575b836ab72a748c2c9516.php 第 31 行.
NOTIC: [8] Use of undefined constant kind - assumed 'kind' C:\phpStudy4IIS\WWW\stell\application\Runtime\Cache\Admin\b45e477c30575b836ab72a748c2c9516.php 第 31 行.
NOTIC: [8] Use of undefined constant kind - assumed 'kind' C:\phpStudy4IIS\WWW\stell\application\Runtime\Cache\Admin\b45e477c30575b836ab72a748c2c9516.php 第 31 行.
NOTIC: [8] Use of undefined constant kind - assumed 'kind' C:\phpStudy4IIS\WWW\stell\application\Runtime\Cache\Admin\b45e477c30575b836ab72a748c2c9516.php 第 31 行.
NOTIC: [8] Use of undefined constant kind - assumed 'kind' C:\phpStudy4IIS\WWW\stell\application\Runtime\Cache\Admin\b45e477c30575b836ab72a748c2c9516.php 第 31 行.
NOTIC: [8] Use of undefined constant kind - assumed 'kind' C:\phpStudy4IIS\WWW\stell\application\Runtime\Cache\Admin\b45e477c30575b836ab72a748c2c9516.php 第 31 行.
NOTIC: [8] Use of undefined constant kind - assumed 'kind' C:\phpStudy4IIS\WWW\stell\application\Runtime\Cache\Admin\b45e477c30575b836ab72a748c2c9516.php 第 31 行.
NOTIC: [8] Use of undefined constant kind - assumed 'kind' C:\phpStudy4IIS\WWW\stell\application\Runtime\Cache\Admin\b45e477c30575b836ab72a748c2c9516.php 第 31 行.
NOTIC: [8] Use of undefined constant kind - assumed 'kind' C:\phpStudy4IIS\WWW\stell\application\Runtime\Cache\Admin\b45e477c30575b836ab72a748c2c9516.php 第 31 行.
INFO: Run Behavior\ParseTemplateBehavior [ RunTime:0.006627s ]
INFO: [ view_parse ] --END-- [ RunTime:0.006678s ]
INFO: [ view_filter ] --START--
INFO: Run Behavior\WriteHtmlCacheBehavior [ RunTime:0.000441s ]
INFO: [ view_filter ] --END-- [ RunTime:0.000484s ]
INFO: [ app_end ] --START--
INFO: Run Behavior\ShowPageTraceBehavior [ RunTime:0.000650s ]
INFO: [ app_end ] --END-- [ RunTime:0.000697s ]

